[0.031s] Invoking command in '/home/terry/robot_ws/src/build/serial_motor_demo_msgs': CMAKE_PREFIX_PATH=${CMAKE_PREFIX_PATH}:/home/terry/robot_ws/install/serial_motor_demo:/opt/ros/jazzy DEBUGINFOD_URLS=https://debuginfod.ubuntu.com /usr/bin/cmake --build /home/terry/robot_ws/src/build/serial_motor_demo_msgs -- -j4 -l4
[0.153s] [  1%] Built target serial_motor_demo_msgs__rosidl_generator_type_description
[0.194s] [  1%] Built target ament_cmake_python_symlink_serial_motor_demo_msgs
[0.252s] [  3%] Built target serial_motor_demo_msgs__cpp
[0.260s] [ 24%] Built target serial_motor_demo_msgs__rosidl_generator_c
[0.349s] [ 33%] Built target serial_motor_demo_msgs__rosidl_typesupport_c
[0.355s] [ 42%] Built target serial_motor_demo_msgs__rosidl_typesupport_fastrtps_c
[0.391s] [ 51%] Built target serial_motor_demo_msgs__rosidl_typesupport_introspection_c
[0.455s] [ 61%] Built target serial_motor_demo_msgs__rosidl_typesupport_fastrtps_cpp
[0.456s] [ 70%] Built target serial_motor_demo_msgs__rosidl_typesupport_introspection_cpp
[0.480s] [ 79%] Built target serial_motor_demo_msgs__rosidl_typesupport_cpp
[0.523s] [ 79%] Built target serial_motor_demo_msgs
[0.568s] [ 81%] Built target serial_motor_demo_msgs__py
[0.665s] [ 88%] Built target serial_motor_demo_msgs__rosidl_generator_py
[0.781s] [ 92%] Built target serial_motor_demo_msgs_s__rosidl_typesupport_introspection_c
[0.782s] [ 96%] Built target serial_motor_demo_msgs_s__rosidl_typesupport_fastrtps_c
[0.798s] [100%] Built target serial_motor_demo_msgs_s__rosidl_typesupport_c
[0.858s] running egg_info
[0.922s] writing serial_motor_demo_msgs.egg-info/PKG-INFO
[0.925s] writing dependency_links to serial_motor_demo_msgs.egg-info/dependency_links.txt
[0.930s] writing top-level names to serial_motor_demo_msgs.egg-info/top_level.txt
[1.085s] reading manifest file 'serial_motor_demo_msgs.egg-info/SOURCES.txt'
[1.085s] writing manifest file 'serial_motor_demo_msgs.egg-info/SOURCES.txt'
[1.154s] [100%] Built target ament_cmake_python_build_serial_motor_demo_msgs_egg
[1.179s] Invoked command in '/home/terry/robot_ws/src/build/serial_motor_demo_msgs' returned '0': CMAKE_PREFIX_PATH=${CMAKE_PREFIX_PATH}:/home/terry/robot_ws/install/serial_motor_demo:/opt/ros/jazzy DEBUGINFOD_URLS=https://debuginfod.ubuntu.com /usr/bin/cmake --build /home/terry/robot_ws/src/build/serial_motor_demo_msgs -- -j4 -l4
[1.182s] Invoking command in '/home/terry/robot_ws/src/build/serial_motor_demo_msgs': CMAKE_PREFIX_PATH=${CMAKE_PREFIX_PATH}:/home/terry/robot_ws/install/serial_motor_demo:/opt/ros/jazzy DEBUGINFOD_URLS=https://debuginfod.ubuntu.com /usr/bin/cmake --install /home/terry/robot_ws/src/build/serial_motor_demo_msgs
[1.196s] -- Install configuration: ""
[1.197s] -- Execute custom install script
[1.198s] -- Up-to-date symlink: /home/terry/robot_ws/src/install/serial_motor_demo_msgs/share/ament_index/resource_index/rosidl_interfaces/serial_motor_demo_msgs
[1.198s] -- Up-to-date symlink: /home/terry/robot_ws/src/install/serial_motor_demo_msgs/share/serial_motor_demo_msgs/msg/MotorCommand.json
[1.198s] -- Up-to-date symlink: /home/terry/robot_ws/src/install/serial_motor_demo_msgs/share/serial_motor_demo_msgs/msg/MotorVels.json
[1.198s] -- Up-to-date symlink: /home/terry/robot_ws/src/install/serial_motor_demo_msgs/share/serial_motor_demo_msgs/msg/EncoderVals.json
[1.199s] -- Up-to-date symlink: /home/terry/robot_ws/src/install/serial_motor_demo_msgs/include/serial_motor_demo_msgs/serial_motor_demo_msgs/msg/detail/encoder_vals__functions.h
[1.199s] -- Up-to-date symlink: /home/terry/robot_ws/src/install/serial_motor_demo_msgs/include/serial_motor_demo_msgs/serial_motor_demo_msgs/msg/detail/encoder_vals__struct.h
[1.200s] -- Up-to-date symlink: /home/terry/robot_ws/src/install/serial_motor_demo_msgs/include/serial_motor_demo_msgs/serial_motor_demo_msgs/msg/detail/encoder_vals__type_support.h
[1.200s] -- Up-to-date symlink: /home/terry/robot_ws/src/install/serial_motor_demo_msgs/include/serial_motor_demo_msgs/serial_motor_demo_msgs/msg/detail/motor_command__functions.h
[1.200s] -- Up-to-date symlink: /home/terry/robot_ws/src/install/serial_motor_demo_msgs/include/serial_motor_demo_msgs/serial_motor_demo_msgs/msg/detail/motor_command__struct.h
[1.200s] -- Up-to-date symlink: /home/terry/robot_ws/src/install/serial_motor_demo_msgs/include/serial_motor_demo_msgs/serial_motor_demo_msgs/msg/detail/motor_command__type_support.h
[1.200s] -- Up-to-date symlink: /home/terry/robot_ws/src/install/serial_motor_demo_msgs/include/serial_motor_demo_msgs/serial_motor_demo_msgs/msg/detail/motor_vels__functions.h
[1.200s] -- Up-to-date symlink: /home/terry/robot_ws/src/install/serial_motor_demo_msgs/include/serial_motor_demo_msgs/serial_motor_demo_msgs/msg/detail/motor_vels__struct.h
[1.201s] -- Up-to-date symlink: /home/terry/robot_ws/src/install/serial_motor_demo_msgs/include/serial_motor_demo_msgs/serial_motor_demo_msgs/msg/detail/motor_vels__type_support.h
[1.201s] -- Up-to-date symlink: /home/terry/robot_ws/src/install/serial_motor_demo_msgs/include/serial_motor_demo_msgs/serial_motor_demo_msgs/msg/encoder_vals.h
[1.201s] -- Up-to-date symlink: /home/terry/robot_ws/src/install/serial_motor_demo_msgs/include/serial_motor_demo_msgs/serial_motor_demo_msgs/msg/motor_command.h
[1.201s] -- Up-to-date symlink: /home/terry/robot_ws/src/install/serial_motor_demo_msgs/include/serial_motor_demo_msgs/serial_motor_demo_msgs/msg/motor_vels.h
[1.201s] -- Up-to-date symlink: /home/terry/robot_ws/src/install/serial_motor_demo_msgs/include/serial_motor_demo_msgs/serial_motor_demo_msgs/msg/rosidl_generator_c__visibility_control.h
[1.202s] -- Up-to-date symlink: /home/terry/robot_ws/src/install/serial_motor_demo_msgs/share/serial_motor_demo_msgs/environment/library_path.sh
[1.202s] -- Up-to-date symlink: /home/terry/robot_ws/src/install/serial_motor_demo_msgs/share/serial_motor_demo_msgs/environment/library_path.dsv
[1.203s] -- Up-to-date symlink: /home/terry/robot_ws/src/install/serial_motor_demo_msgs/include/serial_motor_demo_msgs/serial_motor_demo_msgs/msg/detail/encoder_vals__rosidl_typesupport_fastrtps_c.h
[1.203s] -- Up-to-date symlink: /home/terry/robot_ws/src/install/serial_motor_demo_msgs/include/serial_motor_demo_msgs/serial_motor_demo_msgs/msg/detail/motor_command__rosidl_typesupport_fastrtps_c.h
[1.203s] -- Up-to-date symlink: /home/terry/robot_ws/src/install/serial_motor_demo_msgs/include/serial_motor_demo_msgs/serial_motor_demo_msgs/msg/detail/motor_vels__rosidl_typesupport_fastrtps_c.h
[1.203s] -- Up-to-date symlink: /home/terry/robot_ws/src/install/serial_motor_demo_msgs/include/serial_motor_demo_msgs/serial_motor_demo_msgs/msg/rosidl_typesupport_fastrtps_c__visibility_control.h
[1.204s] -- Up-to-date symlink: /home/terry/robot_ws/src/install/serial_motor_demo_msgs/include/serial_motor_demo_msgs/serial_motor_demo_msgs/msg/detail/encoder_vals__rosidl_typesupport_introspection_c.h
[1.204s] -- Up-to-date symlink: /home/terry/robot_ws/src/install/serial_motor_demo_msgs/include/serial_motor_demo_msgs/serial_motor_demo_msgs/msg/detail/motor_command__rosidl_typesupport_introspection_c.h
[1.204s] -- Up-to-date symlink: /home/terry/robot_ws/src/install/serial_motor_demo_msgs/include/serial_motor_demo_msgs/serial_motor_demo_msgs/msg/detail/motor_vels__rosidl_typesupport_introspection_c.h
[1.204s] -- Up-to-date symlink: /home/terry/robot_ws/src/install/serial_motor_demo_msgs/include/serial_motor_demo_msgs/serial_motor_demo_msgs/msg/rosidl_typesupport_introspection_c__visibility_control.h
[1.205s] -- Up-to-date symlink: /home/terry/robot_ws/src/install/serial_motor_demo_msgs/include/serial_motor_demo_msgs/serial_motor_demo_msgs/msg/detail/encoder_vals__builder.hpp
[1.205s] -- Up-to-date symlink: /home/terry/robot_ws/src/install/serial_motor_demo_msgs/include/serial_motor_demo_msgs/serial_motor_demo_msgs/msg/detail/encoder_vals__struct.hpp
[1.205s] -- Up-to-date symlink: /home/terry/robot_ws/src/install/serial_motor_demo_msgs/include/serial_motor_demo_msgs/serial_motor_demo_msgs/msg/detail/encoder_vals__traits.hpp
[1.206s] -- Up-to-date symlink: /home/terry/robot_ws/src/install/serial_motor_demo_msgs/include/serial_motor_demo_msgs/serial_motor_demo_msgs/msg/detail/encoder_vals__type_support.hpp
[1.206s] -- Up-to-date symlink: /home/terry/robot_ws/src/install/serial_motor_demo_msgs/include/serial_motor_demo_msgs/serial_motor_demo_msgs/msg/detail/motor_command__builder.hpp
[1.206s] -- Up-to-date symlink: /home/terry/robot_ws/src/install/serial_motor_demo_msgs/include/serial_motor_demo_msgs/serial_motor_demo_msgs/msg/detail/motor_command__struct.hpp
[1.206s] -- Up-to-date symlink: /home/terry/robot_ws/src/install/serial_motor_demo_msgs/include/serial_motor_demo_msgs/serial_motor_demo_msgs/msg/detail/motor_command__traits.hpp
[1.206s] -- Up-to-date symlink: /home/terry/robot_ws/src/install/serial_motor_demo_msgs/include/serial_motor_demo_msgs/serial_motor_demo_msgs/msg/detail/motor_command__type_support.hpp
[1.207s] -- Up-to-date symlink: /home/terry/robot_ws/src/install/serial_motor_demo_msgs/include/serial_motor_demo_msgs/serial_motor_demo_msgs/msg/detail/motor_vels__builder.hpp
[1.207s] -- Up-to-date symlink: /home/terry/robot_ws/src/install/serial_motor_demo_msgs/include/serial_motor_demo_msgs/serial_motor_demo_msgs/msg/detail/motor_vels__struct.hpp
[1.207s] -- Up-to-date symlink: /home/terry/robot_ws/src/install/serial_motor_demo_msgs/include/serial_motor_demo_msgs/serial_motor_demo_msgs/msg/detail/motor_vels__traits.hpp
[1.208s] -- Up-to-date symlink: /home/terry/robot_ws/src/install/serial_motor_demo_msgs/include/serial_motor_demo_msgs/serial_motor_demo_msgs/msg/detail/motor_vels__type_support.hpp
[1.208s] -- Up-to-date symlink: /home/terry/robot_ws/src/install/serial_motor_demo_msgs/include/serial_motor_demo_msgs/serial_motor_demo_msgs/msg/encoder_vals.hpp
[1.208s] -- Up-to-date symlink: /home/terry/robot_ws/src/install/serial_motor_demo_msgs/include/serial_motor_demo_msgs/serial_motor_demo_msgs/msg/motor_command.hpp
[1.208s] -- Up-to-date symlink: /home/terry/robot_ws/src/install/serial_motor_demo_msgs/include/serial_motor_demo_msgs/serial_motor_demo_msgs/msg/motor_vels.hpp
[1.208s] -- Up-to-date symlink: /home/terry/robot_ws/src/install/serial_motor_demo_msgs/include/serial_motor_demo_msgs/serial_motor_demo_msgs/msg/rosidl_generator_cpp__visibility_control.hpp
[1.209s] -- Up-to-date symlink: /home/terry/robot_ws/src/install/serial_motor_demo_msgs/include/serial_motor_demo_msgs/serial_motor_demo_msgs/msg/detail/encoder_vals__rosidl_typesupport_fastrtps_cpp.hpp
[1.209s] -- Up-to-date symlink: /home/terry/robot_ws/src/install/serial_motor_demo_msgs/include/serial_motor_demo_msgs/serial_motor_demo_msgs/msg/detail/motor_command__rosidl_typesupport_fastrtps_cpp.hpp
[1.209s] -- Up-to-date symlink: /home/terry/robot_ws/src/install/serial_motor_demo_msgs/include/serial_motor_demo_msgs/serial_motor_demo_msgs/msg/detail/motor_vels__rosidl_typesupport_fastrtps_cpp.hpp
[1.209s] -- Up-to-date symlink: /home/terry/robot_ws/src/install/serial_motor_demo_msgs/include/serial_motor_demo_msgs/serial_motor_demo_msgs/msg/rosidl_typesupport_fastrtps_cpp__visibility_control.h
[1.210s] -- Up-to-date symlink: /home/terry/robot_ws/src/install/serial_motor_demo_msgs/include/serial_motor_demo_msgs/serial_motor_demo_msgs/msg/detail/encoder_vals__rosidl_typesupport_introspection_cpp.hpp
[1.210s] -- Up-to-date symlink: /home/terry/robot_ws/src/install/serial_motor_demo_msgs/include/serial_motor_demo_msgs/serial_motor_demo_msgs/msg/detail/motor_command__rosidl_typesupport_introspection_cpp.hpp
[1.210s] -- Up-to-date symlink: /home/terry/robot_ws/src/install/serial_motor_demo_msgs/include/serial_motor_demo_msgs/serial_motor_demo_msgs/msg/detail/motor_vels__rosidl_typesupport_introspection_cpp.hpp
[1.210s] -- Up-to-date symlink: /home/terry/robot_ws/src/install/serial_motor_demo_msgs/share/serial_motor_demo_msgs/environment/pythonpath.sh
[1.211s] -- Up-to-date symlink: /home/terry/robot_ws/src/install/serial_motor_demo_msgs/share/serial_motor_demo_msgs/environment/pythonpath.dsv
[1.211s] -- Up-to-date symlink: /home/terry/robot_ws/src/install/serial_motor_demo_msgs/lib/python3.12/site-packages/serial_motor_demo_msgs-0.0.0-py3.12.egg-info/PKG-INFO
[1.211s] -- Up-to-date symlink: /home/terry/robot_ws/src/install/serial_motor_demo_msgs/lib/python3.12/site-packages/serial_motor_demo_msgs-0.0.0-py3.12.egg-info/SOURCES.txt
[1.212s] -- Up-to-date symlink: /home/terry/robot_ws/src/install/serial_motor_demo_msgs/lib/python3.12/site-packages/serial_motor_demo_msgs-0.0.0-py3.12.egg-info/dependency_links.txt
[1.212s] -- Up-to-date symlink: /home/terry/robot_ws/src/install/serial_motor_demo_msgs/lib/python3.12/site-packages/serial_motor_demo_msgs-0.0.0-py3.12.egg-info/top_level.txt
[1.213s] -- Up-to-date symlink: /home/terry/robot_ws/src/install/serial_motor_demo_msgs/lib/python3.12/site-packages/serial_motor_demo_msgs/__init__.py
[1.213s] -- Up-to-date symlink: /home/terry/robot_ws/src/install/serial_motor_demo_msgs/lib/python3.12/site-packages/serial_motor_demo_msgs/_serial_motor_demo_msgs_s.ep.rosidl_typesupport_c.c
[1.213s] -- Up-to-date symlink: /home/terry/robot_ws/src/install/serial_motor_demo_msgs/lib/python3.12/site-packages/serial_motor_demo_msgs/_serial_motor_demo_msgs_s.ep.rosidl_typesupport_fastrtps_c.c
[1.213s] -- Up-to-date symlink: /home/terry/robot_ws/src/install/serial_motor_demo_msgs/lib/python3.12/site-packages/serial_motor_demo_msgs/_serial_motor_demo_msgs_s.ep.rosidl_typesupport_introspection_c.c
[1.214s] -- Up-to-date symlink: /home/terry/robot_ws/src/install/serial_motor_demo_msgs/lib/python3.12/site-packages/serial_motor_demo_msgs/msg/__init__.py
[1.214s] -- Up-to-date symlink: /home/terry/robot_ws/src/install/serial_motor_demo_msgs/lib/python3.12/site-packages/serial_motor_demo_msgs/msg/_encoder_vals.py
[1.214s] -- Up-to-date symlink: /home/terry/robot_ws/src/install/serial_motor_demo_msgs/lib/python3.12/site-packages/serial_motor_demo_msgs/msg/_encoder_vals_s.c
[1.214s] -- Up-to-date symlink: /home/terry/robot_ws/src/install/serial_motor_demo_msgs/lib/python3.12/site-packages/serial_motor_demo_msgs/msg/_motor_command.py
[1.214s] -- Up-to-date symlink: /home/terry/robot_ws/src/install/serial_motor_demo_msgs/lib/python3.12/site-packages/serial_motor_demo_msgs/msg/_motor_command_s.c
[1.215s] -- Up-to-date symlink: /home/terry/robot_ws/src/install/serial_motor_demo_msgs/lib/python3.12/site-packages/serial_motor_demo_msgs/msg/_motor_vels.py
[1.215s] -- Up-to-date symlink: /home/terry/robot_ws/src/install/serial_motor_demo_msgs/lib/python3.12/site-packages/serial_motor_demo_msgs/msg/_motor_vels_s.c
[1.215s] -- Up-to-date symlink: /home/terry/robot_ws/src/install/serial_motor_demo_msgs/lib/python3.12/site-packages/serial_motor_demo_msgs/serial_motor_demo_msgs_s__rosidl_typesupport_c.so
[1.215s] -- Up-to-date symlink: /home/terry/robot_ws/src/install/serial_motor_demo_msgs/lib/python3.12/site-packages/serial_motor_demo_msgs/serial_motor_demo_msgs_s__rosidl_typesupport_fastrtps_c.so
[1.215s] -- Up-to-date symlink: /home/terry/robot_ws/src/install/serial_motor_demo_msgs/lib/python3.12/site-packages/serial_motor_demo_msgs/serial_motor_demo_msgs_s__rosidl_typesupport_introspection_c.so
[1.216s] -- Up-to-date symlink: /home/terry/robot_ws/src/install/serial_motor_demo_msgs/lib/python3.12/site-packages/serial_motor_demo_msgs/serial_motor_demo_msgs_s__rosidl_typesupport_fastrtps_c.so
[1.216s] -- Up-to-date symlink: /home/terry/robot_ws/src/install/serial_motor_demo_msgs/lib/python3.12/site-packages/serial_motor_demo_msgs/serial_motor_demo_msgs_s__rosidl_typesupport_introspection_c.so
[1.217s] -- Up-to-date symlink: /home/terry/robot_ws/src/install/serial_motor_demo_msgs/lib/python3.12/site-packages/serial_motor_demo_msgs/serial_motor_demo_msgs_s__rosidl_typesupport_c.so
[1.217s] -- Up-to-date symlink: /home/terry/robot_ws/src/install/serial_motor_demo_msgs/share/serial_motor_demo_msgs/msg/MotorCommand.idl
[1.217s] -- Up-to-date symlink: /home/terry/robot_ws/src/install/serial_motor_demo_msgs/share/serial_motor_demo_msgs/msg/MotorVels.idl
[1.217s] -- Up-to-date symlink: /home/terry/robot_ws/src/install/serial_motor_demo_msgs/share/serial_motor_demo_msgs/msg/EncoderVals.idl
[1.218s] -- Up-to-date symlink: /home/terry/robot_ws/src/install/serial_motor_demo_msgs/share/serial_motor_demo_msgs/msg/MotorCommand.msg
[1.218s] -- Up-to-date symlink: /home/terry/robot_ws/src/install/serial_motor_demo_msgs/share/serial_motor_demo_msgs/msg/MotorVels.msg
[1.218s] -- Up-to-date symlink: /home/terry/robot_ws/src/install/serial_motor_demo_msgs/share/serial_motor_demo_msgs/msg/EncoderVals.msg
[1.219s] -- Up-to-date symlink: /home/terry/robot_ws/src/install/serial_motor_demo_msgs/share/ament_index/resource_index/package_run_dependencies/serial_motor_demo_msgs
[1.219s] -- Up-to-date symlink: /home/terry/robot_ws/src/install/serial_motor_demo_msgs/share/ament_index/resource_index/parent_prefix_path/serial_motor_demo_msgs
[1.219s] -- Up-to-date symlink: /home/terry/robot_ws/src/install/serial_motor_demo_msgs/share/serial_motor_demo_msgs/environment/ament_prefix_path.sh
[1.219s] -- Up-to-date symlink: /home/terry/robot_ws/src/install/serial_motor_demo_msgs/share/serial_motor_demo_msgs/environment/ament_prefix_path.dsv
[1.220s] -- Up-to-date symlink: /home/terry/robot_ws/src/install/serial_motor_demo_msgs/share/serial_motor_demo_msgs/environment/path.sh
[1.220s] -- Up-to-date symlink: /home/terry/robot_ws/src/install/serial_motor_demo_msgs/share/serial_motor_demo_msgs/environment/path.dsv
[1.220s] -- Up-to-date symlink: /home/terry/robot_ws/src/install/serial_motor_demo_msgs/share/serial_motor_demo_msgs/local_setup.bash
[1.221s] -- Up-to-date symlink: /home/terry/robot_ws/src/install/serial_motor_demo_msgs/share/serial_motor_demo_msgs/local_setup.sh
[1.221s] -- Up-to-date symlink: /home/terry/robot_ws/src/install/serial_motor_demo_msgs/share/serial_motor_demo_msgs/local_setup.zsh
[1.221s] -- Up-to-date symlink: /home/terry/robot_ws/src/install/serial_motor_demo_msgs/share/serial_motor_demo_msgs/local_setup.dsv
[1.221s] -- Symlinking: /home/terry/robot_ws/src/install/serial_motor_demo_msgs/share/serial_motor_demo_msgs/package.dsv
[1.240s] -- Up-to-date symlink: /home/terry/robot_ws/src/install/serial_motor_demo_msgs/share/ament_index/resource_index/packages/serial_motor_demo_msgs
[1.240s] -- Up-to-date symlink: /home/terry/robot_ws/src/install/serial_motor_demo_msgs/share/serial_motor_demo_msgs/cmake/rosidl_cmake-extras.cmake
[1.240s] -- Up-to-date symlink: /home/terry/robot_ws/src/install/serial_motor_demo_msgs/share/serial_motor_demo_msgs/cmake/ament_cmake_export_include_directories-extras.cmake
[1.240s] -- Up-to-date symlink: /home/terry/robot_ws/src/install/serial_motor_demo_msgs/share/serial_motor_demo_msgs/cmake/ament_cmake_export_libraries-extras.cmake
[1.240s] -- Up-to-date symlink: /home/terry/robot_ws/src/install/serial_motor_demo_msgs/share/serial_motor_demo_msgs/cmake/ament_cmake_export_targets-extras.cmake
[1.241s] -- Up-to-date symlink: /home/terry/robot_ws/src/install/serial_motor_demo_msgs/share/serial_motor_demo_msgs/cmake/rosidl_cmake_export_typesupport_targets-extras.cmake
[1.241s] -- Up-to-date symlink: /home/terry/robot_ws/src/install/serial_motor_demo_msgs/share/serial_motor_demo_msgs/cmake/ament_cmake_export_dependencies-extras.cmake
[1.241s] -- Up-to-date symlink: /home/terry/robot_ws/src/install/serial_motor_demo_msgs/share/serial_motor_demo_msgs/cmake/rosidl_cmake_export_typesupport_libraries-extras.cmake
[1.241s] -- Up-to-date symlink: /home/terry/robot_ws/src/install/serial_motor_demo_msgs/share/serial_motor_demo_msgs/cmake/serial_motor_demo_msgsConfig.cmake
[1.241s] -- Up-to-date symlink: /home/terry/robot_ws/src/install/serial_motor_demo_msgs/share/serial_motor_demo_msgs/cmake/serial_motor_demo_msgsConfig-version.cmake
[1.242s] -- Up-to-date symlink: /home/terry/robot_ws/src/install/serial_motor_demo_msgs/share/serial_motor_demo_msgs/package.xml
[1.242s] -- Up-to-date: /home/terry/robot_ws/src/install/serial_motor_demo_msgs/lib/libserial_motor_demo_msgs__rosidl_generator_c.so
[1.243s] -- Up-to-date: /home/terry/robot_ws/src/install/serial_motor_demo_msgs/lib/libserial_motor_demo_msgs__rosidl_typesupport_fastrtps_c.so
[1.243s] -- Up-to-date: /home/terry/robot_ws/src/install/serial_motor_demo_msgs/lib/libserial_motor_demo_msgs__rosidl_typesupport_introspection_c.so
[1.244s] -- Up-to-date: /home/terry/robot_ws/src/install/serial_motor_demo_msgs/lib/libserial_motor_demo_msgs__rosidl_typesupport_c.so
[1.244s] -- Up-to-date: /home/terry/robot_ws/src/install/serial_motor_demo_msgs/lib/libserial_motor_demo_msgs__rosidl_typesupport_fastrtps_cpp.so
[1.244s] -- Up-to-date: /home/terry/robot_ws/src/install/serial_motor_demo_msgs/lib/libserial_motor_demo_msgs__rosidl_typesupport_introspection_cpp.so
[1.245s] -- Up-to-date: /home/terry/robot_ws/src/install/serial_motor_demo_msgs/lib/libserial_motor_demo_msgs__rosidl_typesupport_cpp.so
[1.304s] Listing '/home/terry/robot_ws/src/install/serial_motor_demo_msgs/lib/python3.12/site-packages/serial_motor_demo_msgs'...
[1.304s] Listing '/home/terry/robot_ws/src/install/serial_motor_demo_msgs/lib/python3.12/site-packages/serial_motor_demo_msgs/msg'...
[1.318s] -- Up-to-date: /home/terry/robot_ws/src/install/serial_motor_demo_msgs/lib/libserial_motor_demo_msgs__rosidl_generator_py.so
[1.319s] -- Up-to-date: /home/terry/robot_ws/src/install/serial_motor_demo_msgs/share/serial_motor_demo_msgs/cmake/export_serial_motor_demo_msgs__rosidl_generator_cExport.cmake
[1.319s] -- Up-to-date: /home/terry/robot_ws/src/install/serial_motor_demo_msgs/share/serial_motor_demo_msgs/cmake/export_serial_motor_demo_msgs__rosidl_generator_cExport-noconfig.cmake
[1.319s] -- Up-to-date: /home/terry/robot_ws/src/install/serial_motor_demo_msgs/share/serial_motor_demo_msgs/cmake/export_serial_motor_demo_msgs__rosidl_typesupport_fastrtps_cExport.cmake
[1.320s] -- Up-to-date: /home/terry/robot_ws/src/install/serial_motor_demo_msgs/share/serial_motor_demo_msgs/cmake/export_serial_motor_demo_msgs__rosidl_typesupport_fastrtps_cExport-noconfig.cmake
[1.320s] -- Up-to-date: /home/terry/robot_ws/src/install/serial_motor_demo_msgs/share/serial_motor_demo_msgs/cmake/serial_motor_demo_msgs__rosidl_typesupport_introspection_cExport.cmake
[1.320s] -- Up-to-date: /home/terry/robot_ws/src/install/serial_motor_demo_msgs/share/serial_motor_demo_msgs/cmake/serial_motor_demo_msgs__rosidl_typesupport_introspection_cExport-noconfig.cmake
[1.320s] -- Up-to-date: /home/terry/robot_ws/src/install/serial_motor_demo_msgs/share/serial_motor_demo_msgs/cmake/serial_motor_demo_msgs__rosidl_typesupport_cExport.cmake
[1.320s] -- Up-to-date: /home/terry/robot_ws/src/install/serial_motor_demo_msgs/share/serial_motor_demo_msgs/cmake/serial_motor_demo_msgs__rosidl_typesupport_cExport-noconfig.cmake
[1.321s] -- Up-to-date: /home/terry/robot_ws/src/install/serial_motor_demo_msgs/share/serial_motor_demo_msgs/cmake/export_serial_motor_demo_msgs__rosidl_generator_cppExport.cmake
[1.321s] -- Up-to-date: /home/terry/robot_ws/src/install/serial_motor_demo_msgs/share/serial_motor_demo_msgs/cmake/export_serial_motor_demo_msgs__rosidl_typesupport_fastrtps_cppExport.cmake
[1.321s] -- Up-to-date: /home/terry/robot_ws/src/install/serial_motor_demo_msgs/share/serial_motor_demo_msgs/cmake/export_serial_motor_demo_msgs__rosidl_typesupport_fastrtps_cppExport-noconfig.cmake
[1.321s] -- Up-to-date: /home/terry/robot_ws/src/install/serial_motor_demo_msgs/share/serial_motor_demo_msgs/cmake/serial_motor_demo_msgs__rosidl_typesupport_introspection_cppExport.cmake
[1.321s] -- Up-to-date: /home/terry/robot_ws/src/install/serial_motor_demo_msgs/share/serial_motor_demo_msgs/cmake/serial_motor_demo_msgs__rosidl_typesupport_introspection_cppExport-noconfig.cmake
[1.321s] -- Up-to-date: /home/terry/robot_ws/src/install/serial_motor_demo_msgs/share/serial_motor_demo_msgs/cmake/serial_motor_demo_msgs__rosidl_typesupport_cppExport.cmake
[1.321s] -- Up-to-date: /home/terry/robot_ws/src/install/serial_motor_demo_msgs/share/serial_motor_demo_msgs/cmake/serial_motor_demo_msgs__rosidl_typesupport_cppExport-noconfig.cmake
[1.321s] -- Up-to-date: /home/terry/robot_ws/src/install/serial_motor_demo_msgs/share/serial_motor_demo_msgs/cmake/export_serial_motor_demo_msgs__rosidl_generator_pyExport.cmake
[1.322s] -- Up-to-date: /home/terry/robot_ws/src/install/serial_motor_demo_msgs/share/serial_motor_demo_msgs/cmake/export_serial_motor_demo_msgs__rosidl_generator_pyExport-noconfig.cmake
[1.326s] Invoked command in '/home/terry/robot_ws/src/build/serial_motor_demo_msgs' returned '0': CMAKE_PREFIX_PATH=${CMAKE_PREFIX_PATH}:/home/terry/robot_ws/install/serial_motor_demo:/opt/ros/jazzy DEBUGINFOD_URLS=https://debuginfod.ubuntu.com /usr/bin/cmake --install /home/terry/robot_ws/src/build/serial_motor_demo_msgs
