[0.028s] Invoking command in '/home/terry/robot_ws/src/build/my_bot': CMAKE_PREFIX_PATH=${CMAKE_PREFIX_PATH}:/home/terry/robot_ws/install/serial_motor_demo:/opt/ros/jazzy DEBUGINFOD_URLS=https://debuginfod.ubuntu.com /usr/bin/cmake --build /home/terry/robot_ws/src/build/my_bot -- -j4 -l4
[0.117s] Invoked command in '/home/terry/robot_ws/src/build/my_bot' returned '0': CMAKE_PREFIX_PATH=${CMAKE_PREFIX_PATH}:/home/terry/robot_ws/install/serial_motor_demo:/opt/ros/jazzy DEBUGINFOD_URLS=https://debuginfod.ubuntu.com /usr/bin/cmake --build /home/terry/robot_ws/src/build/my_bot -- -j4 -l4
[0.143s] Invoking command in '/home/terry/robot_ws/src/build/my_bot': CMAKE_PREFIX_PATH=${CMAKE_PREFIX_PATH}:/home/terry/robot_ws/install/serial_motor_demo:/opt/ros/jazzy DEBUGINFOD_URLS=https://debuginfod.ubuntu.com /usr/bin/cmake --install /home/terry/robot_ws/src/build/my_bot
[0.168s] -- Install configuration: ""
[0.174s] -- Execute custom install script
[0.176s] -- Up-to-date symlink: /home/terry/robot_ws/src/install/my_bot/share/my_bot/config/empty.yaml
[0.176s] -- Up-to-date symlink: /home/terry/robot_ws/src/install/my_bot/share/my_bot/description/inertial_macros.xacro
[0.177s] -- Up-to-date symlink: /home/terry/robot_ws/src/install/my_bot/share/my_bot/description/robot.urdf.xacro
[0.179s] -- Up-to-date symlink: /home/terry/robot_ws/src/install/my_bot/share/my_bot/description/robot_core.xacro
[0.183s] -- Up-to-date symlink: /home/terry/robot_ws/src/install/my_bot/share/my_bot/launch/rsp.launch.py
[0.185s] -- Up-to-date symlink: /home/terry/robot_ws/src/install/my_bot/share/my_bot/worlds/empty.world
[0.186s] -- Up-to-date symlink: /home/terry/robot_ws/src/install/my_bot/share/ament_index/resource_index/package_run_dependencies/my_bot
[0.188s] -- Up-to-date symlink: /home/terry/robot_ws/src/install/my_bot/share/ament_index/resource_index/parent_prefix_path/my_bot
[0.192s] -- Up-to-date symlink: /home/terry/robot_ws/src/install/my_bot/share/my_bot/environment/ament_prefix_path.sh
[0.193s] -- Up-to-date symlink: /home/terry/robot_ws/src/install/my_bot/share/my_bot/environment/ament_prefix_path.dsv
[0.194s] -- Up-to-date symlink: /home/terry/robot_ws/src/install/my_bot/share/my_bot/environment/path.sh
[0.194s] -- Up-to-date symlink: /home/terry/robot_ws/src/install/my_bot/share/my_bot/environment/path.dsv
[0.199s] -- Up-to-date symlink: /home/terry/robot_ws/src/install/my_bot/share/my_bot/local_setup.bash
[0.200s] -- Up-to-date symlink: /home/terry/robot_ws/src/install/my_bot/share/my_bot/local_setup.sh
[0.200s] -- Up-to-date symlink: /home/terry/robot_ws/src/install/my_bot/share/my_bot/local_setup.zsh
[0.206s] -- Up-to-date symlink: /home/terry/robot_ws/src/install/my_bot/share/my_bot/local_setup.dsv
[0.207s] -- Symlinking: /home/terry/robot_ws/src/install/my_bot/share/my_bot/package.dsv
[0.210s] -- Up-to-date symlink: /home/terry/robot_ws/src/install/my_bot/share/ament_index/resource_index/packages/my_bot
[0.210s] -- Up-to-date symlink: /home/terry/robot_ws/src/install/my_bot/share/my_bot/cmake/my_botConfig.cmake
[0.211s] -- Up-to-date symlink: /home/terry/robot_ws/src/install/my_bot/share/my_bot/cmake/my_botConfig-version.cmake
[0.211s] -- Up-to-date symlink: /home/terry/robot_ws/src/install/my_bot/share/my_bot/package.xml
[0.212s] Invoked command in '/home/terry/robot_ws/src/build/my_bot' returned '0': CMAKE_PREFIX_PATH=${CMAKE_PREFIX_PATH}:/home/terry/robot_ws/install/serial_motor_demo:/opt/ros/jazzy DEBUGINFOD_URLS=https://debuginfod.ubuntu.com /usr/bin/cmake --install /home/terry/robot_ws/src/build/my_bot
