[0.026s] Invoking command in '/home/terry/robot_ws/build/ydlidar_sdk': DEBUGINFOD_URLS=https://debuginfod.ubuntu.com /usr/bin/cmake /home/terry/robot_ws/src/ydlidar_sdk -DCMAKE_INSTALL_PREFIX=/home/terry/robot_ws/install/ydlidar_sdk
[0.069s] [0mCMake Deprecation Warning at CMakeLists.txt:1 (cmake_minimum_required):
[0.070s]   Compatibility with CMake < 3.5 will be removed from a future version of
[0.070s]   CMake.
[0.070s] 
[0.070s]   Update the VERSION argument <min> value or use a ...<max> suffix to tell
[0.070s]   CMake that the project does not need compatibility with older versions.
[0.070s] 
[0.073s] [0m
[0.268s] -- The C compiler identification is GNU 13.3.0
[0.486s] -- The CXX compiler identification is GNU 13.3.0
[0.525s] -- Detecting C compiler ABI info
[0.733s] -- Detecting C compiler ABI info - done
[0.764s] -- Check for working C compiler: /usr/bin/cc - skipped
[0.764s] -- Detecting C compile features
[0.764s] -- Detecting C compile features - done
[0.777s] -- Detecting CXX compiler ABI info
[0.987s] -- Detecting CXX compiler ABI info - done
[1.005s] -- Check for working CXX compiler: /usr/bin/c++ - skipped
[1.006s] -- Detecting CXX compile features
[1.008s] -- Detecting CXX compile features - done
[1.009s] -- Current platform: Linux
[1.016s] [0mCMake Deprecation Warning at CMakeLists.txt:58 (cmake_policy):
[1.016s]   The OLD behavior for policy CMP0053 will be removed from a future version
[1.016s]   of CMake.
[1.016s] 
[1.016s]   The cmake-policies(7) manual explains that the OLD behaviors of all
[1.017s]   policies are deprecated and that a policy should be set to OLD only under
[1.019s]   specific short-term circumstances.  Projects should be ported to the NEW
[1.019s]   behavior and not rely on setting a policy to OLD.
[1.019s] 
[1.019s] [0m
[1.020s] [0mCMake Deprecation Warning at CMakeLists.txt:61 (cmake_policy):
[1.020s]   The OLD behavior for policy CMP0037 will be removed from a future version
[1.020s]   of CMake.
[1.020s] 
[1.020s]   The cmake-policies(7) manual explains that the OLD behaviors of all
[1.020s]   policies are deprecated and that a policy should be set to OLD only under
[1.020s]   specific short-term circumstances.  Projects should be ported to the NEW
[1.020s]   behavior and not rely on setting a policy to OLD.
[1.020s] 
[1.021s] [0m
[1.021s] [0mCMake Deprecation Warning at CMakeLists.txt:64 (cmake_policy):
[1.021s]   The OLD behavior for policy CMP0043 will be removed from a future version
[1.021s]   of CMake.
[1.021s] 
[1.021s]   The cmake-policies(7) manual explains that the OLD behaviors of all
[1.021s]   policies are deprecated and that a policy should be set to OLD only under
[1.021s]   specific short-term circumstances.  Projects should be ported to the NEW
[1.021s]   behavior and not rely on setting a policy to OLD.
[1.021s] 
[1.022s] [0m
[1.025s] -- Could NOT find SWIG (missing: SWIG_EXECUTABLE SWIG_DIR) 
[1.025s] [33mCMake Warning (dev) at CMakeLists.txt:78 (find_package):
[1.025s]   Policy CMP0148 is not set: The FindPythonInterp and FindPythonLibs modules
[1.025s]   are removed.  Run "cmake --help-policy CMP0148" for policy details.  Use
[1.025s]   the cmake_policy command to set the policy and suppress this warning.
[1.025s] 
[1.026s] This warning is for project developers.  Use -Wno-dev to suppress it.
[1.026s] [0m
[1.067s] -- Found PythonInterp: /usr/bin/python3 (found version "3.12.3") 
[1.068s] [33mCMake Warning (dev) at CMakeLists.txt:79 (find_package):
[1.068s]   Policy CMP0148 is not set: The FindPythonInterp and FindPythonLibs modules
[1.068s]   are removed.  Run "cmake --help-policy CMP0148" for policy details.  Use
[1.068s]   the cmake_policy command to set the policy and suppress this warning.
[1.068s] 
[1.068s] This warning is for project developers.  Use -Wno-dev to suppress it.
[1.068s] [0m
[1.084s] -- Found PythonLibs: /usr/lib/aarch64-linux-gnu/libpython3.12.so (found version "3.12.3") 
[1.269s] -- Found GTest: /usr/lib/aarch64-linux-gnu/cmake/GTest/GTestConfig.cmake (found version "1.14.0")  
[1.271s] [0mCMake Deprecation Warning at core/CMakeLists.txt:1 (cmake_minimum_required):
[1.271s]   Compatibility with CMake < 3.5 will be removed from a future version of
[1.271s]   CMake.
[1.271s] 
[1.272s]   Update the VERSION argument <min> value or use a ...<max> suffix to tell
[1.272s]   CMake that the project does not need compatibility with older versions.
[1.272s] 
[1.272s] [0m
[1.282s] [0mCMake Deprecation Warning at examples/CMakeLists.txt:2 (cmake_minimum_required):
[1.283s]   Compatibility with CMake < 3.5 will be removed from a future version of
[1.283s]   CMake.
[1.283s] 
[1.283s]   Update the VERSION argument <min> value or use a ...<max> suffix to tell
[1.283s]   CMake that the project does not need compatibility with older versions.
[1.283s] 
[1.283s] [0m
[1.288s] [0mCMake Deprecation Warning at cmake/install_package.cmake:101 (cmake_policy):
[1.288s]   The OLD behavior for policy CMP0026 will be removed from a future version
[1.288s]   of CMake.
[1.288s] 
[1.289s]   The cmake-policies(7) manual explains that the OLD behaviors of all
[1.289s]   policies are deprecated and that a policy should be set to OLD only under
[1.289s]   specific short-term circumstances.  Projects should be ported to the NEW
[1.289s]   behavior and not rely on setting a policy to OLD.
[1.289s] Call Stack (most recent call first):
[1.289s]   CMakeLists.txt:176 (install_package)
[1.289s] 
[1.289s] [0m
[1.301s] [33mCMake Warning (dev) at cmake/install_package.cmake:191 (install):
[1.301s]   Policy CMP0062 is not set: Disallow install() of export() result.  Run
[1.301s]   "cmake --help-policy CMP0062" for policy details.  Use the cmake_policy
[1.301s]   command to set the policy and suppress this warning.
[1.301s] 
[1.301s]   The file
[1.301s] 
[1.301s]     /home/terry/robot_ws/build/ydlidar_sdk/ydlidar_sdkTargets.cmake
[1.302s] 
[1.302s]   was generated by the export() command.  It should not be installed with the
[1.302s]   install() command.  Use the install(EXPORT) mechanism instead.  See the
[1.302s]   cmake-packages(7) manual for more.
[1.302s] 
[1.302s] Call Stack (most recent call first):
[1.302s]   CMakeLists.txt:176 (install_package)
[1.302s] This warning is for project developers.  Use -Wno-dev to suppress it.
[1.302s] [0m
[1.319s] -- 
[1.319s] -- +===========================================================================+
[1.320s] -- |         Resulting configuration for                             |
[1.320s] -- +===========================================================================+
[1.320s] --  _________________________ PLATFORM _____________________________
[1.320s] --  Host                        : Linux6.8.0-1028-raspiaarch64
[1.320s] --  Is the system big endian?   :  No 
[1.320s] --  Word size (32/64 bit)       : 64
[1.320s] --  CMake version               : 3.28.3
[1.320s] --  CMake generator             : Unix Makefiles
[1.321s] --  CMake build tool            : /usr/bin/gmake
[1.321s] --  Compiler                    : GNU
[1.321s] --  Configuration               : 
[1.321s] -- 
[1.321s] --  __________________________ OPTIONS _____________________________
[1.321s] --  Build YDLidar-SDK as a shared library?　　 :  No 
[1.321s] --  Build Examples?　　　　　　　　　　　　　　 : Yes 
[1.321s] --  Build C Sharp API?　　　　　　　　　　　　 :  No 
[1.321s] --  Build TEST?  			　　　 :  No 
[1.321s] -- 
[1.322s] --  _________________________ INSTALL _____________________
[1.322s] --  Install prefix                    : /home/terry/robot_ws/install/ydlidar_sdk
[1.322s] -- 
[1.322s] --  _______________________ WRAPPERS/BINDINGS ______________________
[1.323s] --  Python bindings (pyydlidar)   :  No 
[1.324s] --   - dep: Swig found?       :  No [Version: ]
[1.324s] --   - dep: PythonLibs found?  : Yes [Version: 3.12.3]
[1.324s] -- 
[1.324s] -- Configuring done (1.3s)
[1.396s] -- Generating done (0.1s)
[1.412s] -- Build files have been written to: /home/terry/robot_ws/build/ydlidar_sdk
