[0.024s] Invoking command in '/home/terry/robot_ws/src/build/my_bot': CMAKE_PREFIX_PATH=${CMAKE_PREFIX_PATH}:/home/terry/robot_ws/install/serial_motor_demo:/opt/ros/jazzy DEBUGINFOD_URLS=https://debuginfod.ubuntu.com /usr/bin/cmake /home/terry/robot_ws/src/my_bot -DAMENT_CMAKE_SYMLINK_INSTALL=1 -DCMAKE_INSTALL_PREFIX=/home/terry/robot_ws/src/install/my_bot
[0.176s] -- The C compiler identification is GNU 13.3.0
[0.333s] -- The CXX compiler identification is GNU 13.3.0
[0.371s] -- Detecting C compiler ABI info
[0.621s] -- Detecting C compiler ABI info - done
[0.642s] -- Check for working C compiler: /usr/bin/cc - skipped
[0.643s] -- Detecting C compile features
[0.643s] -- Detecting C compile features - done
[0.659s] -- Detecting CXX compiler ABI info
[0.912s] -- Detecting CXX compiler ABI info - done
[0.931s] -- Check for working CXX compiler: /usr/bin/c++ - skipped
[0.931s] -- Detecting CXX compile features
[0.933s] -- Detecting CXX compile features - done
[0.937s] -- Found ament_cmake: 2.5.4 (/opt/ros/jazzy/share/ament_cmake/cmake)
[1.283s] -- Found Python3: /usr/bin/python3 (found version "3.12.3") found components: Interpreter 
[1.474s] -- Override CMake install command with custom implementation using symlinks instead of copying resources
[1.553s] -- Found ament_lint_auto: 0.17.2 (/opt/ros/jazzy/share/ament_lint_auto/cmake)
[1.812s] -- Added test 'copyright' to check source files copyright and LICENSE
[1.824s] -- Added test 'flake8' to check Python code syntax and style conventions
[1.826s] -- Configured 'flake8' exclude dirs and/or files: 
[1.832s] -- Added test 'lint_cmake' to check CMake code style
[1.837s] -- Added test 'pep257' to check Python code against some of the docstring style conventions in PEP 257
[1.840s] -- Added test 'xmllint' to check XML markup files
[1.847s] -- Configuring done (1.8s)
[1.864s] -- Generating done (0.0s)
[1.869s] -- Build files have been written to: /home/terry/robot_ws/src/build/my_bot
[1.880s] Invoked command in '/home/terry/robot_ws/src/build/my_bot' returned '0': CMAKE_PREFIX_PATH=${CMAKE_PREFIX_PATH}:/home/terry/robot_ws/install/serial_motor_demo:/opt/ros/jazzy DEBUGINFOD_URLS=https://debuginfod.ubuntu.com /usr/bin/cmake /home/terry/robot_ws/src/my_bot -DAMENT_CMAKE_SYMLINK_INSTALL=1 -DCMAKE_INSTALL_PREFIX=/home/terry/robot_ws/src/install/my_bot
[1.881s] Invoking command in '/home/terry/robot_ws/src/build/my_bot': CMAKE_PREFIX_PATH=${CMAKE_PREFIX_PATH}:/home/terry/robot_ws/install/serial_motor_demo:/opt/ros/jazzy DEBUGINFOD_URLS=https://debuginfod.ubuntu.com /usr/bin/cmake --build /home/terry/robot_ws/src/build/my_bot -- -j4 -l4
[1.982s] Invoked command in '/home/terry/robot_ws/src/build/my_bot' returned '0': CMAKE_PREFIX_PATH=${CMAKE_PREFIX_PATH}:/home/terry/robot_ws/install/serial_motor_demo:/opt/ros/jazzy DEBUGINFOD_URLS=https://debuginfod.ubuntu.com /usr/bin/cmake --build /home/terry/robot_ws/src/build/my_bot -- -j4 -l4
[1.983s] Invoking command in '/home/terry/robot_ws/src/build/my_bot': CMAKE_PREFIX_PATH=${CMAKE_PREFIX_PATH}:/home/terry/robot_ws/install/serial_motor_demo:/opt/ros/jazzy DEBUGINFOD_URLS=https://debuginfod.ubuntu.com /usr/bin/cmake --install /home/terry/robot_ws/src/build/my_bot
[2.007s] -- Install configuration: ""
[2.007s] -- Execute custom install script
[2.008s] -- Symlinking: /home/terry/robot_ws/src/install/my_bot/share/my_bot/config/empty.yaml
[2.032s] -- Symlinking: /home/terry/robot_ws/src/install/my_bot/share/my_bot/description/inertial_macros.xacro
[2.053s] -- Symlinking: /home/terry/robot_ws/src/install/my_bot/share/my_bot/description/robot.urdf.xacro
[2.077s] -- Symlinking: /home/terry/robot_ws/src/install/my_bot/share/my_bot/description/robot_core.xacro
[2.100s] -- Symlinking: /home/terry/robot_ws/src/install/my_bot/share/my_bot/launch/rsp.launch.py
[2.122s] -- Symlinking: /home/terry/robot_ws/src/install/my_bot/share/my_bot/worlds/empty.world
[2.145s] -- Symlinking: /home/terry/robot_ws/src/install/my_bot/share/ament_index/resource_index/package_run_dependencies/my_bot
[2.167s] -- Symlinking: /home/terry/robot_ws/src/install/my_bot/share/ament_index/resource_index/parent_prefix_path/my_bot
[2.191s] -- Symlinking: /home/terry/robot_ws/src/install/my_bot/share/my_bot/environment/ament_prefix_path.sh
[2.213s] -- Symlinking: /home/terry/robot_ws/src/install/my_bot/share/my_bot/environment/ament_prefix_path.dsv
[2.236s] -- Symlinking: /home/terry/robot_ws/src/install/my_bot/share/my_bot/environment/path.sh
[2.257s] -- Symlinking: /home/terry/robot_ws/src/install/my_bot/share/my_bot/environment/path.dsv
[2.279s] -- Symlinking: /home/terry/robot_ws/src/install/my_bot/share/my_bot/local_setup.bash
[2.302s] -- Symlinking: /home/terry/robot_ws/src/install/my_bot/share/my_bot/local_setup.sh
[2.321s] -- Symlinking: /home/terry/robot_ws/src/install/my_bot/share/my_bot/local_setup.zsh
[2.346s] -- Symlinking: /home/terry/robot_ws/src/install/my_bot/share/my_bot/local_setup.dsv
[2.365s] -- Symlinking: /home/terry/robot_ws/src/install/my_bot/share/my_bot/package.dsv
[2.388s] -- Symlinking: /home/terry/robot_ws/src/install/my_bot/share/ament_index/resource_index/packages/my_bot
[2.442s] -- Symlinking: /home/terry/robot_ws/src/install/my_bot/share/my_bot/cmake/my_botConfig.cmake
[2.458s] -- Symlinking: /home/terry/robot_ws/src/install/my_bot/share/my_bot/cmake/my_botConfig-version.cmake
[2.478s] -- Symlinking: /home/terry/robot_ws/src/install/my_bot/share/my_bot/package.xml
[2.505s] Invoked command in '/home/terry/robot_ws/src/build/my_bot' returned '0': CMAKE_PREFIX_PATH=${CMAKE_PREFIX_PATH}:/home/terry/robot_ws/install/serial_motor_demo:/opt/ros/jazzy DEBUGINFOD_URLS=https://debuginfod.ubuntu.com /usr/bin/cmake --install /home/terry/robot_ws/src/build/my_bot
