[1.390s] Invoking command in '/home/terry/robot_ws/src/build/serial_motor_demo': AMENT_PREFIX_PATH=/home/terry/robot_ws/src/install/serial_motor_demo_msgs:${AMENT_PREFIX_PATH} CMAKE_PREFIX_PATH=/home/terry/robot_ws/src/install/serial_motor_demo_msgs:${CMAKE_PREFIX_PATH} DEBUGINFOD_URLS=https://debuginfod.ubuntu.com LD_LIBRARY_PATH=/home/terry/robot_ws/src/install/serial_motor_demo_msgs/lib:${LD_LIBRARY_PATH} PYTHONPATH=/home/terry/robot_ws/src/build/serial_motor_demo/prefix_override:/usr/lib/python3/dist-packages/colcon_core/task/python/colcon_distutils_commands:/home/terry/robot_ws/src/install/serial_motor_demo/lib/python3.12/site-packages:/home/terry/robot_ws/src/install/serial_motor_demo_msgs/lib/python3.12/site-packages:${PYTHONPATH} /usr/bin/python3 -W ignore:setup.py install is deprecated -W ignore:easy_install command is deprecated setup.py develop --editable --build-directory /home/terry/robot_ws/src/build/serial_motor_demo/build --no-deps symlink_data
[1.632s] /usr/lib/python3/dist-packages/setuptools/dist.py:744: SetuptoolsDeprecationWarning: Invalid dash-separated options
[1.633s] !!
[1.633s] 
[1.633s]         ********************************************************************************
[1.633s]         Usage of dash-separated 'script-dir' will not be supported in future
[1.633s]         versions. Please use the underscore name 'script_dir' instead.
[1.633s] 
[1.634s]         This deprecation is overdue, please update your project and remove deprecated
[1.634s]         calls to avoid build errors in the future.
[1.634s] 
[1.634s]         See https://setuptools.pypa.io/en/latest/userguide/declarative_config.html for details.
[1.634s]         ********************************************************************************
[1.640s] 
[1.641s] !!
[1.642s]   opt = self.warn_dash_deprecation(opt, section)
[1.984s] running develop
[2.330s] running egg_info
[2.360s] writing serial_motor_demo.egg-info/PKG-INFO
[2.361s] writing dependency_links to serial_motor_demo.egg-info/dependency_links.txt
[2.368s] writing entry points to serial_motor_demo.egg-info/entry_points.txt
[2.368s] writing requirements to serial_motor_demo.egg-info/requires.txt
[2.369s] writing top-level names to serial_motor_demo.egg-info/top_level.txt
[2.437s] reading manifest file 'serial_motor_demo.egg-info/SOURCES.txt'
[2.438s] writing manifest file 'serial_motor_demo.egg-info/SOURCES.txt'
[2.471s] running build_ext
[2.472s] Creating /home/terry/robot_ws/src/install/serial_motor_demo/lib/python3.12/site-packages/serial-motor-demo.egg-link (link to .)
[2.475s] Installing driver script to /home/terry/robot_ws/src/install/serial_motor_demo/lib/serial_motor_demo
[2.477s] Installing gui script to /home/terry/robot_ws/src/install/serial_motor_demo/lib/serial_motor_demo
[2.478s] 
[2.479s] Installed /home/terry/robot_ws/src/build/serial_motor_demo
[2.481s] running symlink_data
[2.590s] Invoked command in '/home/terry/robot_ws/src/build/serial_motor_demo' returned '0': AMENT_PREFIX_PATH=/home/terry/robot_ws/src/install/serial_motor_demo_msgs:${AMENT_PREFIX_PATH} CMAKE_PREFIX_PATH=/home/terry/robot_ws/src/install/serial_motor_demo_msgs:${CMAKE_PREFIX_PATH} DEBUGINFOD_URLS=https://debuginfod.ubuntu.com LD_LIBRARY_PATH=/home/terry/robot_ws/src/install/serial_motor_demo_msgs/lib:${LD_LIBRARY_PATH} PYTHONPATH=/home/terry/robot_ws/src/build/serial_motor_demo/prefix_override:/usr/lib/python3/dist-packages/colcon_core/task/python/colcon_distutils_commands:/home/terry/robot_ws/src/install/serial_motor_demo/lib/python3.12/site-packages:/home/terry/robot_ws/src/install/serial_motor_demo_msgs/lib/python3.12/site-packages:${PYTHONPATH} /usr/bin/python3 -W ignore:setup.py install is deprecated -W ignore:easy_install command is deprecated setup.py develop --editable --build-directory /home/terry/robot_ws/src/build/serial_motor_demo/build --no-deps symlink_data
