[0.020s] Invoking command in '/home/terry/robot_ws/build/my_package': CMAKE_PREFIX_PATH=${CMAKE_PREFIX_PATH}:/opt/ros/jazzy DEBUGINFOD_URLS=https://debuginfod.ubuntu.com /usr/bin/cmake --build /home/terry/robot_ws/build/my_package -- -j4 -l4
[0.258s] Invoked command in '/home/terry/robot_ws/build/my_package' returned '0': CMAKE_PREFIX_PATH=${CMAKE_PREFIX_PATH}:/opt/ros/jazzy DEBUGINFOD_URLS=https://debuginfod.ubuntu.com /usr/bin/cmake --build /home/terry/robot_ws/build/my_package -- -j4 -l4
[0.290s] Invoking command in '/home/terry/robot_ws/build/my_package': CMAKE_PREFIX_PATH=${CMAKE_PREFIX_PATH}:/opt/ros/jazzy DEBUGINFOD_URLS=https://debuginfod.ubuntu.com /usr/bin/cmake --install /home/terry/robot_ws/build/my_package
[0.305s] -- Install configuration: ""
[0.307s] -- Execute custom install script
[0.318s] -- Up-to-date symlink: /home/terry/robot_ws/install/my_package/share/ament_index/resource_index/package_run_dependencies/my_package
[0.321s] -- Up-to-date symlink: /home/terry/robot_ws/install/my_package/share/ament_index/resource_index/parent_prefix_path/my_package
[0.325s] -- Up-to-date symlink: /home/terry/robot_ws/install/my_package/share/my_package/environment/ament_prefix_path.sh
[0.327s] -- Up-to-date symlink: /home/terry/robot_ws/install/my_package/share/my_package/environment/ament_prefix_path.dsv
[0.327s] -- Up-to-date symlink: /home/terry/robot_ws/install/my_package/share/my_package/environment/path.sh
[0.328s] -- Up-to-date symlink: /home/terry/robot_ws/install/my_package/share/my_package/environment/path.dsv
[0.329s] -- Up-to-date symlink: /home/terry/robot_ws/install/my_package/share/my_package/local_setup.bash
[0.329s] -- Up-to-date symlink: /home/terry/robot_ws/install/my_package/share/my_package/local_setup.sh
[0.331s] -- Up-to-date symlink: /home/terry/robot_ws/install/my_package/share/my_package/local_setup.zsh
[0.332s] -- Up-to-date symlink: /home/terry/robot_ws/install/my_package/share/my_package/local_setup.dsv
[0.332s] -- Symlinking: /home/terry/robot_ws/install/my_package/share/my_package/package.dsv
[0.355s] -- Up-to-date symlink: /home/terry/robot_ws/install/my_package/share/ament_index/resource_index/packages/my_package
[0.357s] -- Up-to-date symlink: /home/terry/robot_ws/install/my_package/share/my_package/cmake/my_packageConfig.cmake
[0.360s] -- Up-to-date symlink: /home/terry/robot_ws/install/my_package/share/my_package/cmake/my_packageConfig-version.cmake
[0.360s] -- Up-to-date symlink: /home/terry/robot_ws/install/my_package/share/my_package/package.xml
[0.364s] Invoked command in '/home/terry/robot_ws/build/my_package' returned '0': CMAKE_PREFIX_PATH=${CMAKE_PREFIX_PATH}:/opt/ros/jazzy DEBUGINFOD_URLS=https://debuginfod.ubuntu.com /usr/bin/cmake --install /home/terry/robot_ws/build/my_package
