[0.147s] DEBUG:colcon:Command line arguments: ['/usr/bin/colcon', 'build', '--symlink-install']
[0.147s] DEBUG:colcon:Parsed command line arguments: Namespace(log_base=None, log_level=None, verb_name='build', build_base='build', install_base='install', merge_install=False, symlink_install=True, test_result_base=None, continue_on_error=False, executor='parallel', parallel_workers=4, event_handlers=None, ignore_user_meta=False, metas=['./colcon.meta'], base_paths=['.'], packages_ignore=None, packages_ignore_regex=None, paths=None, packages_up_to=None, packages_up_to_regex=None, packages_above=None, packages_above_and_dependencies=None, packages_above_depth=None, packages_select_by_dep=None, packages_skip_by_dep=None, packages_skip_up_to=None, packages_select_build_failed=False, packages_skip_build_finished=False, packages_select_test_failures=False, packages_skip_test_passed=False, packages_select=None, packages_skip=None, packages_select_regex=None, packages_skip_regex=None, packages_start=None, packages_end=None, allow_overriding=[], cmake_args=None, cmake_target=None, cmake_target_skip_unavailable=False, cmake_clean_cache=False, cmake_clean_first=False, cmake_force_configure=False, ament_cmake_args=None, catkin_cmake_args=None, catkin_skip_building_tests=False, mixin_files=None, mixin=None, verb_parser=<colcon_mixin.mixin.mixin_argument.MixinArgumentDecorator object at 0xffffaee04c50>, verb_extension=<colcon_core.verb.build.BuildVerb object at 0xffffaefc10a0>, main=<bound method BuildVerb.main of <colcon_core.verb.build.BuildVerb object at 0xffffaefc10a0>>, mixin_verb=('build',))
[0.203s] Level 1:colcon.colcon_core.package_discovery:discover_packages(colcon_meta) check parameters
[0.203s] Level 1:colcon.colcon_core.package_discovery:discover_packages(recursive) check parameters
[0.203s] Level 1:colcon.colcon_core.package_discovery:discover_packages(ignore) check parameters
[0.203s] Level 1:colcon.colcon_core.package_discovery:discover_packages(path) check parameters
[0.203s] Level 1:colcon.colcon_core.package_discovery:discover_packages(colcon_meta) discover
[0.204s] Level 1:colcon.colcon_core.package_discovery:discover_packages(recursive) discover
[0.204s] INFO:colcon.colcon_core.package_discovery:Crawling recursively for packages in '/home/terry/robot_ws/src/ydlidar_sdk'
[0.204s] Level 1:colcon.colcon_core.package_identification:_identify(.) by extensions ['ignore', 'ignore_ament_install']
[0.204s] Level 1:colcon.colcon_core.package_identification:_identify(.) by extension 'ignore'
[0.204s] Level 1:colcon.colcon_core.package_identification:_identify(.) by extension 'ignore_ament_install'
[0.204s] Level 1:colcon.colcon_core.package_identification:_identify(.) by extensions ['colcon_pkg']
[0.204s] Level 1:colcon.colcon_core.package_identification:_identify(.) by extension 'colcon_pkg'
[0.204s] Level 1:colcon.colcon_core.package_identification:_identify(.) by extensions ['colcon_meta']
[0.204s] Level 1:colcon.colcon_core.package_identification:_identify(.) by extension 'colcon_meta'
[0.204s] Level 1:colcon.colcon_core.package_identification:_identify(.) by extensions ['ros']
[0.204s] Level 1:colcon.colcon_core.package_identification:_identify(.) by extension 'ros'
[0.242s] Level 1:colcon.colcon_core.package_identification:_identify(.) by extensions ['cmake', 'python']
[0.242s] Level 1:colcon.colcon_core.package_identification:_identify(.) by extension 'cmake'
[0.251s] Level 1:colcon.colcon_core.package_identification:_identify(.) by extension 'python'
[0.251s] DEBUG:colcon.colcon_core.package_identification:Package '.' with type 'cmake' and name 'ydlidar_sdk'
[0.251s] Level 1:colcon.colcon_core.package_discovery:discover_packages(recursive) using defaults
[0.251s] Level 1:colcon.colcon_core.package_discovery:discover_packages(ignore) discover
[0.251s] Level 1:colcon.colcon_core.package_discovery:discover_packages(ignore) using defaults
[0.251s] Level 1:colcon.colcon_core.package_discovery:discover_packages(path) discover
[0.251s] Level 1:colcon.colcon_core.package_discovery:discover_packages(path) using defaults
[0.274s] Level 1:colcon.colcon_core.package_discovery:discover_packages(prefix_path) check parameters
[0.274s] Level 1:colcon.colcon_core.package_discovery:discover_packages(prefix_path) discover
[0.276s] DEBUG:colcon.colcon_installed_package_information.package_discovery:Found 6 installed packages in /home/terry/robot_ws/install
[0.278s] DEBUG:colcon.colcon_installed_package_information.package_discovery:Found 289 installed packages in /opt/ros/jazzy
[0.279s] Level 1:colcon.colcon_core.package_discovery:discover_packages(prefix_path) using defaults
[0.340s] Level 5:colcon.colcon_core.verb:set package 'ydlidar_sdk' build argument 'cmake_args' from command line to 'None'
[0.340s] Level 5:colcon.colcon_core.verb:set package 'ydlidar_sdk' build argument 'cmake_target' from command line to 'None'
[0.340s] Level 5:colcon.colcon_core.verb:set package 'ydlidar_sdk' build argument 'cmake_target_skip_unavailable' from command line to 'False'
[0.340s] Level 5:colcon.colcon_core.verb:set package 'ydlidar_sdk' build argument 'cmake_clean_cache' from command line to 'False'
[0.340s] Level 5:colcon.colcon_core.verb:set package 'ydlidar_sdk' build argument 'cmake_clean_first' from command line to 'False'
[0.340s] Level 5:colcon.colcon_core.verb:set package 'ydlidar_sdk' build argument 'cmake_force_configure' from command line to 'False'
[0.341s] Level 5:colcon.colcon_core.verb:set package 'ydlidar_sdk' build argument 'ament_cmake_args' from command line to 'None'
[0.341s] Level 5:colcon.colcon_core.verb:set package 'ydlidar_sdk' build argument 'catkin_cmake_args' from command line to 'None'
[0.341s] Level 5:colcon.colcon_core.verb:set package 'ydlidar_sdk' build argument 'catkin_skip_building_tests' from command line to 'False'
[0.341s] DEBUG:colcon.colcon_core.verb:Building package 'ydlidar_sdk' with the following arguments: {'ament_cmake_args': None, 'build_base': '/home/terry/robot_ws/src/ydlidar_sdk/build/ydlidar_sdk', 'catkin_cmake_args': None, 'catkin_skip_building_tests': False, 'cmake_args': None, 'cmake_clean_cache': False, 'cmake_clean_first': False, 'cmake_force_configure': False, 'cmake_target': None, 'cmake_target_skip_unavailable': False, 'install_base': '/home/terry/robot_ws/src/ydlidar_sdk/install/ydlidar_sdk', 'merge_install': False, 'path': '/home/terry/robot_ws/src/ydlidar_sdk', 'symlink_install': True, 'test_result_base': None}
[0.341s] INFO:colcon.colcon_core.executor:Executing jobs using 'parallel' executor
[0.342s] DEBUG:colcon.colcon_parallel_executor.executor.parallel:run_until_complete
[0.342s] INFO:colcon.colcon_cmake.task.cmake.build:Building CMake package in '/home/terry/robot_ws/src/ydlidar_sdk'
[0.345s] INFO:colcon.colcon_core.plugin_system:Skipping extension 'colcon_core.shell.bat': Not used on non-Windows systems
[0.345s] INFO:colcon.colcon_core.shell:Skip shell extension 'powershell' for command environment: Not usable outside of PowerShell
[0.345s] DEBUG:colcon.colcon_core.shell:Skip shell extension 'dsv' for command environment
[0.356s] DEBUG:colcon.colcon_core.event_handler.log_command:Invoking command in '/home/terry/robot_ws/src/ydlidar_sdk/build/ydlidar_sdk': DEBUGINFOD_URLS=https://debuginfod.ubuntu.com /usr/bin/cmake /home/terry/robot_ws/src/ydlidar_sdk -DCMAKE_INSTALL_PREFIX=/home/terry/robot_ws/src/ydlidar_sdk/install/ydlidar_sdk
[1.326s] DEBUG:colcon.colcon_core.event_handler.log_command:Invoked command in '/home/terry/robot_ws/src/ydlidar_sdk/build/ydlidar_sdk' returned '0': DEBUGINFOD_URLS=https://debuginfod.ubuntu.com /usr/bin/cmake /home/terry/robot_ws/src/ydlidar_sdk -DCMAKE_INSTALL_PREFIX=/home/terry/robot_ws/src/ydlidar_sdk/install/ydlidar_sdk
[1.328s] DEBUG:colcon.colcon_core.event_handler.log_command:Invoking command in '/home/terry/robot_ws/src/ydlidar_sdk/build/ydlidar_sdk': DEBUGINFOD_URLS=https://debuginfod.ubuntu.com /usr/bin/cmake --build /home/terry/robot_ws/src/ydlidar_sdk/build/ydlidar_sdk -- -j4 -l4
[12.915s] DEBUG:colcon.colcon_core.event_handler.log_command:Invoked command in '/home/terry/robot_ws/src/ydlidar_sdk/build/ydlidar_sdk' returned '0': DEBUGINFOD_URLS=https://debuginfod.ubuntu.com /usr/bin/cmake --build /home/terry/robot_ws/src/ydlidar_sdk/build/ydlidar_sdk -- -j4 -l4
[12.934s] DEBUG:colcon.colcon_core.event_handler.log_command:Invoking command in '/home/terry/robot_ws/src/ydlidar_sdk/build/ydlidar_sdk': DEBUGINFOD_URLS=https://debuginfod.ubuntu.com /usr/bin/cmake --install /home/terry/robot_ws/src/ydlidar_sdk/build/ydlidar_sdk
[13.034s] Level 1:colcon.colcon_core.environment:create_environment_scripts_only(ydlidar_sdk)
[13.034s] DEBUG:colcon.colcon_core.event_handler.log_command:Invoked command in '/home/terry/robot_ws/src/ydlidar_sdk/build/ydlidar_sdk' returned '0': DEBUGINFOD_URLS=https://debuginfod.ubuntu.com /usr/bin/cmake --install /home/terry/robot_ws/src/ydlidar_sdk/build/ydlidar_sdk
[13.037s] Level 1:colcon.colcon_core.environment:checking '/home/terry/robot_ws/src/ydlidar_sdk/install/ydlidar_sdk' for CMake module files
[13.038s] Level 1:colcon.colcon_core.environment:checking '/home/terry/robot_ws/src/ydlidar_sdk/install/ydlidar_sdk' for CMake config files
[13.038s] Level 1:colcon.colcon_core.shell:create_environment_hook('ydlidar_sdk', 'cmake_prefix_path')
[13.039s] INFO:colcon.colcon_core.shell:Creating environment hook '/home/terry/robot_ws/src/ydlidar_sdk/install/ydlidar_sdk/share/ydlidar_sdk/hook/cmake_prefix_path.ps1'
[13.040s] INFO:colcon.colcon_core.shell:Creating environment descriptor '/home/terry/robot_ws/src/ydlidar_sdk/install/ydlidar_sdk/share/ydlidar_sdk/hook/cmake_prefix_path.dsv'
[13.040s] INFO:colcon.colcon_core.shell:Creating environment hook '/home/terry/robot_ws/src/ydlidar_sdk/install/ydlidar_sdk/share/ydlidar_sdk/hook/cmake_prefix_path.sh'
[13.041s] Level 1:colcon.colcon_core.environment:checking '/home/terry/robot_ws/src/ydlidar_sdk/install/ydlidar_sdk/lib'
[13.041s] Level 1:colcon.colcon_core.environment:checking '/home/terry/robot_ws/src/ydlidar_sdk/install/ydlidar_sdk/bin'
[13.041s] Level 1:colcon.colcon_core.shell:create_environment_hook('ydlidar_sdk', 'path')
[13.042s] INFO:colcon.colcon_core.shell:Creating environment hook '/home/terry/robot_ws/src/ydlidar_sdk/install/ydlidar_sdk/share/ydlidar_sdk/hook/path.ps1'
[13.042s] INFO:colcon.colcon_core.shell:Creating environment descriptor '/home/terry/robot_ws/src/ydlidar_sdk/install/ydlidar_sdk/share/ydlidar_sdk/hook/path.dsv'
[13.042s] INFO:colcon.colcon_core.shell:Creating environment hook '/home/terry/robot_ws/src/ydlidar_sdk/install/ydlidar_sdk/share/ydlidar_sdk/hook/path.sh'
[13.043s] Level 1:colcon.colcon_core.environment:checking '/home/terry/robot_ws/src/ydlidar_sdk/install/ydlidar_sdk/lib/pkgconfig/ydlidar_sdk.pc'
[13.043s] Level 1:colcon.colcon_core.environment:checking '/home/terry/robot_ws/src/ydlidar_sdk/install/ydlidar_sdk/lib/python3.12/site-packages'
[13.043s] Level 1:colcon.colcon_core.environment:checking '/home/terry/robot_ws/src/ydlidar_sdk/install/ydlidar_sdk/bin'
[13.044s] Level 1:colcon.colcon_core.shell:create_environment_hook('ydlidar_sdk', 'pythonscriptspath')
[13.044s] INFO:colcon.colcon_core.shell:Creating environment hook '/home/terry/robot_ws/src/ydlidar_sdk/install/ydlidar_sdk/share/ydlidar_sdk/hook/pythonscriptspath.ps1'
[13.044s] INFO:colcon.colcon_core.shell:Creating environment descriptor '/home/terry/robot_ws/src/ydlidar_sdk/install/ydlidar_sdk/share/ydlidar_sdk/hook/pythonscriptspath.dsv'
[13.045s] INFO:colcon.colcon_core.shell:Creating environment hook '/home/terry/robot_ws/src/ydlidar_sdk/install/ydlidar_sdk/share/ydlidar_sdk/hook/pythonscriptspath.sh'
[13.045s] INFO:colcon.colcon_core.shell:Creating package script '/home/terry/robot_ws/src/ydlidar_sdk/install/ydlidar_sdk/share/ydlidar_sdk/package.ps1'
[13.046s] INFO:colcon.colcon_core.shell:Creating package descriptor '/home/terry/robot_ws/src/ydlidar_sdk/install/ydlidar_sdk/share/ydlidar_sdk/package.dsv'
[13.047s] INFO:colcon.colcon_core.shell:Creating package script '/home/terry/robot_ws/src/ydlidar_sdk/install/ydlidar_sdk/share/ydlidar_sdk/package.sh'
[13.048s] INFO:colcon.colcon_core.shell:Creating package script '/home/terry/robot_ws/src/ydlidar_sdk/install/ydlidar_sdk/share/ydlidar_sdk/package.bash'
[13.048s] INFO:colcon.colcon_core.shell:Creating package script '/home/terry/robot_ws/src/ydlidar_sdk/install/ydlidar_sdk/share/ydlidar_sdk/package.zsh'
[13.049s] Level 1:colcon.colcon_core.environment:create_file_with_runtime_dependencies(/home/terry/robot_ws/src/ydlidar_sdk/install/ydlidar_sdk/share/colcon-core/packages/ydlidar_sdk)
[13.049s] DEBUG:colcon.colcon_parallel_executor.executor.parallel:closing loop
[13.052s] DEBUG:colcon.colcon_parallel_executor.executor.parallel:loop closed
[13.052s] DEBUG:colcon.colcon_parallel_executor.executor.parallel:run_until_complete finished with '0'
[13.052s] DEBUG:colcon.colcon_core.event_reactor:joining thread
[13.066s] INFO:colcon.colcon_core.plugin_system:Skipping extension 'colcon_notification.desktop_notification.terminal_notifier': Not used on non-Darwin systems
[13.066s] INFO:colcon.colcon_core.plugin_system:Skipping extension 'colcon_notification.desktop_notification.win32': Not used on non-Windows systems
[13.066s] INFO:colcon.colcon_notification.desktop_notification:Sending desktop notification using 'notify2'
[13.087s] DEBUG:colcon.colcon_core.event_reactor:joined thread
[13.087s] INFO:colcon.colcon_core.shell:Creating prefix script '/home/terry/robot_ws/src/ydlidar_sdk/install/local_setup.ps1'
[13.089s] INFO:colcon.colcon_core.shell:Creating prefix util module '/home/terry/robot_ws/src/ydlidar_sdk/install/_local_setup_util_ps1.py'
[13.091s] INFO:colcon.colcon_core.shell:Creating prefix chain script '/home/terry/robot_ws/src/ydlidar_sdk/install/setup.ps1'
[13.092s] INFO:colcon.colcon_core.shell:Creating prefix script '/home/terry/robot_ws/src/ydlidar_sdk/install/local_setup.sh'
[13.093s] INFO:colcon.colcon_core.shell:Creating prefix util module '/home/terry/robot_ws/src/ydlidar_sdk/install/_local_setup_util_sh.py'
[13.094s] INFO:colcon.colcon_core.shell:Creating prefix chain script '/home/terry/robot_ws/src/ydlidar_sdk/install/setup.sh'
[13.095s] INFO:colcon.colcon_core.shell:Creating prefix script '/home/terry/robot_ws/src/ydlidar_sdk/install/local_setup.bash'
[13.096s] INFO:colcon.colcon_core.shell:Creating prefix chain script '/home/terry/robot_ws/src/ydlidar_sdk/install/setup.bash'
[13.097s] INFO:colcon.colcon_core.shell:Creating prefix script '/home/terry/robot_ws/src/ydlidar_sdk/install/local_setup.zsh'
[13.098s] INFO:colcon.colcon_core.shell:Creating prefix chain script '/home/terry/robot_ws/src/ydlidar_sdk/install/setup.zsh'
