[0.030s] Invoking command in '/home/terry/robot_ws/src/build/serial_motor_demo_msgs': CMAKE_PREFIX_PATH=${CMAKE_PREFIX_PATH}:/home/terry/robot_ws/install/serial_motor_demo:/opt/ros/jazzy DEBUGINFOD_URLS=https://debuginfod.ubuntu.com /usr/bin/cmake --build /home/terry/robot_ws/src/build/serial_motor_demo_msgs -- -j4 -l4
[0.152s] [  1%] Built target serial_motor_demo_msgs__rosidl_generator_type_description
[0.200s] [  1%] Built target ament_cmake_python_symlink_serial_motor_demo_msgs
[0.240s] [  3%] Built target serial_motor_demo_msgs__cpp
[0.260s] [ 24%] Built target serial_motor_demo_msgs__rosidl_generator_c
[0.359s] [ 33%] Built target serial_motor_demo_msgs__rosidl_typesupport_c
[0.359s] [ 42%] Built target serial_motor_demo_msgs__rosidl_typesupport_fastrtps_c
[0.381s] [ 51%] Built target serial_motor_demo_msgs__rosidl_typesupport_introspection_c
[0.467s] [ 61%] Built target serial_motor_demo_msgs__rosidl_typesupport_fastrtps_cpp
[0.475s] [ 70%] Built target serial_motor_demo_msgs__rosidl_typesupport_introspection_cpp
[0.537s] [ 79%] Built target serial_motor_demo_msgs__rosidl_typesupport_cpp
[0.583s] [ 79%] Built target serial_motor_demo_msgs
[0.628s] [ 81%] Built target serial_motor_demo_msgs__py
[0.730s] running egg_info
[0.781s] [ 88%] Built target serial_motor_demo_msgs__rosidl_generator_py
[0.822s] writing serial_motor_demo_msgs.egg-info/PKG-INFO
[0.822s] writing dependency_links to serial_motor_demo_msgs.egg-info/dependency_links.txt
[0.829s] writing top-level names to serial_motor_demo_msgs.egg-info/top_level.txt
[0.915s] [ 92%] Built target serial_motor_demo_msgs_s__rosidl_typesupport_introspection_c
[0.923s] [ 96%] Built target serial_motor_demo_msgs_s__rosidl_typesupport_c
[0.979s] reading manifest file 'serial_motor_demo_msgs.egg-info/SOURCES.txt'
[0.979s] writing manifest file 'serial_motor_demo_msgs.egg-info/SOURCES.txt'
[0.993s] [100%] Built target serial_motor_demo_msgs_s__rosidl_typesupport_fastrtps_c
[1.084s] [100%] Built target ament_cmake_python_build_serial_motor_demo_msgs_egg
[1.126s] Invoked command in '/home/terry/robot_ws/src/build/serial_motor_demo_msgs' returned '0': CMAKE_PREFIX_PATH=${CMAKE_PREFIX_PATH}:/home/terry/robot_ws/install/serial_motor_demo:/opt/ros/jazzy DEBUGINFOD_URLS=https://debuginfod.ubuntu.com /usr/bin/cmake --build /home/terry/robot_ws/src/build/serial_motor_demo_msgs -- -j4 -l4
[1.129s] Invoking command in '/home/terry/robot_ws/src/build/serial_motor_demo_msgs': CMAKE_PREFIX_PATH=${CMAKE_PREFIX_PATH}:/home/terry/robot_ws/install/serial_motor_demo:/opt/ros/jazzy DEBUGINFOD_URLS=https://debuginfod.ubuntu.com /usr/bin/cmake --install /home/terry/robot_ws/src/build/serial_motor_demo_msgs
[1.144s] -- Install configuration: ""
[1.145s] -- Execute custom install script
[1.145s] -- Symlinking: /home/terry/robot_ws/src/install/serial_motor_demo_msgs/share/ament_index/resource_index/rosidl_interfaces/serial_motor_demo_msgs
[1.168s] -- Symlinking: /home/terry/robot_ws/src/install/serial_motor_demo_msgs/share/serial_motor_demo_msgs/msg/MotorCommand.json
[1.186s] -- Symlinking: /home/terry/robot_ws/src/install/serial_motor_demo_msgs/share/serial_motor_demo_msgs/msg/MotorVels.json
[1.205s] -- Symlinking: /home/terry/robot_ws/src/install/serial_motor_demo_msgs/share/serial_motor_demo_msgs/msg/EncoderVals.json
[1.224s] -- Symlinking: /home/terry/robot_ws/src/install/serial_motor_demo_msgs/include/serial_motor_demo_msgs/serial_motor_demo_msgs/msg/detail/encoder_vals__functions.h
[1.245s] -- Symlinking: /home/terry/robot_ws/src/install/serial_motor_demo_msgs/include/serial_motor_demo_msgs/serial_motor_demo_msgs/msg/detail/encoder_vals__struct.h
[1.264s] -- Symlinking: /home/terry/robot_ws/src/install/serial_motor_demo_msgs/include/serial_motor_demo_msgs/serial_motor_demo_msgs/msg/detail/encoder_vals__type_support.h
[1.284s] -- Symlinking: /home/terry/robot_ws/src/install/serial_motor_demo_msgs/include/serial_motor_demo_msgs/serial_motor_demo_msgs/msg/detail/motor_command__functions.h
[1.308s] -- Symlinking: /home/terry/robot_ws/src/install/serial_motor_demo_msgs/include/serial_motor_demo_msgs/serial_motor_demo_msgs/msg/detail/motor_command__struct.h
[1.324s] -- Symlinking: /home/terry/robot_ws/src/install/serial_motor_demo_msgs/include/serial_motor_demo_msgs/serial_motor_demo_msgs/msg/detail/motor_command__type_support.h
[1.341s] -- Symlinking: /home/terry/robot_ws/src/install/serial_motor_demo_msgs/include/serial_motor_demo_msgs/serial_motor_demo_msgs/msg/detail/motor_vels__functions.h
[1.358s] -- Symlinking: /home/terry/robot_ws/src/install/serial_motor_demo_msgs/include/serial_motor_demo_msgs/serial_motor_demo_msgs/msg/detail/motor_vels__struct.h
[1.375s] -- Symlinking: /home/terry/robot_ws/src/install/serial_motor_demo_msgs/include/serial_motor_demo_msgs/serial_motor_demo_msgs/msg/detail/motor_vels__type_support.h
[1.392s] -- Symlinking: /home/terry/robot_ws/src/install/serial_motor_demo_msgs/include/serial_motor_demo_msgs/serial_motor_demo_msgs/msg/encoder_vals.h
[1.409s] -- Symlinking: /home/terry/robot_ws/src/install/serial_motor_demo_msgs/include/serial_motor_demo_msgs/serial_motor_demo_msgs/msg/motor_command.h
[1.428s] -- Symlinking: /home/terry/robot_ws/src/install/serial_motor_demo_msgs/include/serial_motor_demo_msgs/serial_motor_demo_msgs/msg/motor_vels.h
[1.444s] -- Symlinking: /home/terry/robot_ws/src/install/serial_motor_demo_msgs/include/serial_motor_demo_msgs/serial_motor_demo_msgs/msg/rosidl_generator_c__visibility_control.h
[1.461s] -- Symlinking: /home/terry/robot_ws/src/install/serial_motor_demo_msgs/share/serial_motor_demo_msgs/environment/library_path.sh
[1.478s] -- Symlinking: /home/terry/robot_ws/src/install/serial_motor_demo_msgs/share/serial_motor_demo_msgs/environment/library_path.dsv
[1.532s] -- Symlinking: /home/terry/robot_ws/src/install/serial_motor_demo_msgs/include/serial_motor_demo_msgs/serial_motor_demo_msgs/msg/detail/encoder_vals__rosidl_typesupport_fastrtps_c.h
[1.550s] -- Symlinking: /home/terry/robot_ws/src/install/serial_motor_demo_msgs/include/serial_motor_demo_msgs/serial_motor_demo_msgs/msg/detail/motor_command__rosidl_typesupport_fastrtps_c.h
[1.567s] -- Symlinking: /home/terry/robot_ws/src/install/serial_motor_demo_msgs/include/serial_motor_demo_msgs/serial_motor_demo_msgs/msg/detail/motor_vels__rosidl_typesupport_fastrtps_c.h
[1.587s] -- Symlinking: /home/terry/robot_ws/src/install/serial_motor_demo_msgs/include/serial_motor_demo_msgs/serial_motor_demo_msgs/msg/rosidl_typesupport_fastrtps_c__visibility_control.h
[1.608s] -- Symlinking: /home/terry/robot_ws/src/install/serial_motor_demo_msgs/include/serial_motor_demo_msgs/serial_motor_demo_msgs/msg/detail/encoder_vals__rosidl_typesupport_introspection_c.h
[1.626s] -- Symlinking: /home/terry/robot_ws/src/install/serial_motor_demo_msgs/include/serial_motor_demo_msgs/serial_motor_demo_msgs/msg/detail/motor_command__rosidl_typesupport_introspection_c.h
[1.646s] -- Symlinking: /home/terry/robot_ws/src/install/serial_motor_demo_msgs/include/serial_motor_demo_msgs/serial_motor_demo_msgs/msg/detail/motor_vels__rosidl_typesupport_introspection_c.h
[1.665s] -- Symlinking: /home/terry/robot_ws/src/install/serial_motor_demo_msgs/include/serial_motor_demo_msgs/serial_motor_demo_msgs/msg/rosidl_typesupport_introspection_c__visibility_control.h
[1.687s] -- Symlinking: /home/terry/robot_ws/src/install/serial_motor_demo_msgs/include/serial_motor_demo_msgs/serial_motor_demo_msgs/msg/detail/encoder_vals__builder.hpp
[1.704s] -- Symlinking: /home/terry/robot_ws/src/install/serial_motor_demo_msgs/include/serial_motor_demo_msgs/serial_motor_demo_msgs/msg/detail/encoder_vals__struct.hpp
[1.743s] -- Symlinking: /home/terry/robot_ws/src/install/serial_motor_demo_msgs/include/serial_motor_demo_msgs/serial_motor_demo_msgs/msg/detail/encoder_vals__traits.hpp
[1.762s] -- Symlinking: /home/terry/robot_ws/src/install/serial_motor_demo_msgs/include/serial_motor_demo_msgs/serial_motor_demo_msgs/msg/detail/encoder_vals__type_support.hpp
[1.778s] -- Symlinking: /home/terry/robot_ws/src/install/serial_motor_demo_msgs/include/serial_motor_demo_msgs/serial_motor_demo_msgs/msg/detail/motor_command__builder.hpp
[1.795s] -- Symlinking: /home/terry/robot_ws/src/install/serial_motor_demo_msgs/include/serial_motor_demo_msgs/serial_motor_demo_msgs/msg/detail/motor_command__struct.hpp
[1.814s] -- Symlinking: /home/terry/robot_ws/src/install/serial_motor_demo_msgs/include/serial_motor_demo_msgs/serial_motor_demo_msgs/msg/detail/motor_command__traits.hpp
[1.830s] -- Symlinking: /home/terry/robot_ws/src/install/serial_motor_demo_msgs/include/serial_motor_demo_msgs/serial_motor_demo_msgs/msg/detail/motor_command__type_support.hpp
[1.849s] -- Symlinking: /home/terry/robot_ws/src/install/serial_motor_demo_msgs/include/serial_motor_demo_msgs/serial_motor_demo_msgs/msg/detail/motor_vels__builder.hpp
[1.865s] -- Symlinking: /home/terry/robot_ws/src/install/serial_motor_demo_msgs/include/serial_motor_demo_msgs/serial_motor_demo_msgs/msg/detail/motor_vels__struct.hpp
[1.883s] -- Symlinking: /home/terry/robot_ws/src/install/serial_motor_demo_msgs/include/serial_motor_demo_msgs/serial_motor_demo_msgs/msg/detail/motor_vels__traits.hpp
[1.901s] -- Symlinking: /home/terry/robot_ws/src/install/serial_motor_demo_msgs/include/serial_motor_demo_msgs/serial_motor_demo_msgs/msg/detail/motor_vels__type_support.hpp
[1.920s] -- Symlinking: /home/terry/robot_ws/src/install/serial_motor_demo_msgs/include/serial_motor_demo_msgs/serial_motor_demo_msgs/msg/encoder_vals.hpp
[1.938s] -- Symlinking: /home/terry/robot_ws/src/install/serial_motor_demo_msgs/include/serial_motor_demo_msgs/serial_motor_demo_msgs/msg/motor_command.hpp
[1.957s] -- Symlinking: /home/terry/robot_ws/src/install/serial_motor_demo_msgs/include/serial_motor_demo_msgs/serial_motor_demo_msgs/msg/motor_vels.hpp
[1.975s] -- Symlinking: /home/terry/robot_ws/src/install/serial_motor_demo_msgs/include/serial_motor_demo_msgs/serial_motor_demo_msgs/msg/rosidl_generator_cpp__visibility_control.hpp
[1.993s] -- Symlinking: /home/terry/robot_ws/src/install/serial_motor_demo_msgs/include/serial_motor_demo_msgs/serial_motor_demo_msgs/msg/detail/encoder_vals__rosidl_typesupport_fastrtps_cpp.hpp
[2.012s] -- Symlinking: /home/terry/robot_ws/src/install/serial_motor_demo_msgs/include/serial_motor_demo_msgs/serial_motor_demo_msgs/msg/detail/motor_command__rosidl_typesupport_fastrtps_cpp.hpp
[2.030s] -- Symlinking: /home/terry/robot_ws/src/install/serial_motor_demo_msgs/include/serial_motor_demo_msgs/serial_motor_demo_msgs/msg/detail/motor_vels__rosidl_typesupport_fastrtps_cpp.hpp
[2.047s] -- Symlinking: /home/terry/robot_ws/src/install/serial_motor_demo_msgs/include/serial_motor_demo_msgs/serial_motor_demo_msgs/msg/rosidl_typesupport_fastrtps_cpp__visibility_control.h
[2.065s] -- Symlinking: /home/terry/robot_ws/src/install/serial_motor_demo_msgs/include/serial_motor_demo_msgs/serial_motor_demo_msgs/msg/detail/encoder_vals__rosidl_typesupport_introspection_cpp.hpp
[2.083s] -- Symlinking: /home/terry/robot_ws/src/install/serial_motor_demo_msgs/include/serial_motor_demo_msgs/serial_motor_demo_msgs/msg/detail/motor_command__rosidl_typesupport_introspection_cpp.hpp
[2.101s] -- Symlinking: /home/terry/robot_ws/src/install/serial_motor_demo_msgs/include/serial_motor_demo_msgs/serial_motor_demo_msgs/msg/detail/motor_vels__rosidl_typesupport_introspection_cpp.hpp
[2.121s] -- Symlinking: /home/terry/robot_ws/src/install/serial_motor_demo_msgs/share/serial_motor_demo_msgs/environment/pythonpath.sh
[2.137s] -- Symlinking: /home/terry/robot_ws/src/install/serial_motor_demo_msgs/share/serial_motor_demo_msgs/environment/pythonpath.dsv
[2.156s] -- Symlinking: /home/terry/robot_ws/src/install/serial_motor_demo_msgs/lib/python3.12/site-packages/serial_motor_demo_msgs-0.0.0-py3.12.egg-info/PKG-INFO
[2.173s] -- Symlinking: /home/terry/robot_ws/src/install/serial_motor_demo_msgs/lib/python3.12/site-packages/serial_motor_demo_msgs-0.0.0-py3.12.egg-info/SOURCES.txt
[2.190s] -- Symlinking: /home/terry/robot_ws/src/install/serial_motor_demo_msgs/lib/python3.12/site-packages/serial_motor_demo_msgs-0.0.0-py3.12.egg-info/dependency_links.txt
[2.210s] -- Symlinking: /home/terry/robot_ws/src/install/serial_motor_demo_msgs/lib/python3.12/site-packages/serial_motor_demo_msgs-0.0.0-py3.12.egg-info/top_level.txt
[2.230s] -- Symlinking: /home/terry/robot_ws/src/install/serial_motor_demo_msgs/lib/python3.12/site-packages/serial_motor_demo_msgs/__init__.py
[2.249s] -- Symlinking: /home/terry/robot_ws/src/install/serial_motor_demo_msgs/lib/python3.12/site-packages/serial_motor_demo_msgs/_serial_motor_demo_msgs_s.ep.rosidl_typesupport_c.c
[2.266s] -- Symlinking: /home/terry/robot_ws/src/install/serial_motor_demo_msgs/lib/python3.12/site-packages/serial_motor_demo_msgs/_serial_motor_demo_msgs_s.ep.rosidl_typesupport_fastrtps_c.c
[2.284s] -- Symlinking: /home/terry/robot_ws/src/install/serial_motor_demo_msgs/lib/python3.12/site-packages/serial_motor_demo_msgs/_serial_motor_demo_msgs_s.ep.rosidl_typesupport_introspection_c.c
[2.301s] -- Symlinking: /home/terry/robot_ws/src/install/serial_motor_demo_msgs/lib/python3.12/site-packages/serial_motor_demo_msgs/msg/__init__.py
[2.319s] -- Symlinking: /home/terry/robot_ws/src/install/serial_motor_demo_msgs/lib/python3.12/site-packages/serial_motor_demo_msgs/msg/_encoder_vals.py
[2.336s] -- Symlinking: /home/terry/robot_ws/src/install/serial_motor_demo_msgs/lib/python3.12/site-packages/serial_motor_demo_msgs/msg/_encoder_vals_s.c
[2.355s] -- Symlinking: /home/terry/robot_ws/src/install/serial_motor_demo_msgs/lib/python3.12/site-packages/serial_motor_demo_msgs/msg/_motor_command.py
[2.371s] -- Symlinking: /home/terry/robot_ws/src/install/serial_motor_demo_msgs/lib/python3.12/site-packages/serial_motor_demo_msgs/msg/_motor_command_s.c
[2.389s] -- Symlinking: /home/terry/robot_ws/src/install/serial_motor_demo_msgs/lib/python3.12/site-packages/serial_motor_demo_msgs/msg/_motor_vels.py
[2.406s] -- Symlinking: /home/terry/robot_ws/src/install/serial_motor_demo_msgs/lib/python3.12/site-packages/serial_motor_demo_msgs/msg/_motor_vels_s.c
[2.429s] -- Symlinking: /home/terry/robot_ws/src/install/serial_motor_demo_msgs/lib/python3.12/site-packages/serial_motor_demo_msgs/serial_motor_demo_msgs_s__rosidl_typesupport_c.so
[2.447s] -- Symlinking: /home/terry/robot_ws/src/install/serial_motor_demo_msgs/lib/python3.12/site-packages/serial_motor_demo_msgs/serial_motor_demo_msgs_s__rosidl_typesupport_fastrtps_c.so
[2.465s] -- Symlinking: /home/terry/robot_ws/src/install/serial_motor_demo_msgs/lib/python3.12/site-packages/serial_motor_demo_msgs/serial_motor_demo_msgs_s__rosidl_typesupport_introspection_c.so
[2.486s] -- Up-to-date symlink: /home/terry/robot_ws/src/install/serial_motor_demo_msgs/lib/python3.12/site-packages/serial_motor_demo_msgs/serial_motor_demo_msgs_s__rosidl_typesupport_fastrtps_c.so
[2.486s] -- Up-to-date symlink: /home/terry/robot_ws/src/install/serial_motor_demo_msgs/lib/python3.12/site-packages/serial_motor_demo_msgs/serial_motor_demo_msgs_s__rosidl_typesupport_introspection_c.so
[2.487s] -- Up-to-date symlink: /home/terry/robot_ws/src/install/serial_motor_demo_msgs/lib/python3.12/site-packages/serial_motor_demo_msgs/serial_motor_demo_msgs_s__rosidl_typesupport_c.so
[2.488s] -- Symlinking: /home/terry/robot_ws/src/install/serial_motor_demo_msgs/share/serial_motor_demo_msgs/msg/MotorCommand.idl
[2.505s] -- Symlinking: /home/terry/robot_ws/src/install/serial_motor_demo_msgs/share/serial_motor_demo_msgs/msg/MotorVels.idl
[2.524s] -- Symlinking: /home/terry/robot_ws/src/install/serial_motor_demo_msgs/share/serial_motor_demo_msgs/msg/EncoderVals.idl
[2.541s] -- Symlinking: /home/terry/robot_ws/src/install/serial_motor_demo_msgs/share/serial_motor_demo_msgs/msg/MotorCommand.msg
[2.558s] -- Symlinking: /home/terry/robot_ws/src/install/serial_motor_demo_msgs/share/serial_motor_demo_msgs/msg/MotorVels.msg
[2.576s] -- Symlinking: /home/terry/robot_ws/src/install/serial_motor_demo_msgs/share/serial_motor_demo_msgs/msg/EncoderVals.msg
[2.594s] -- Symlinking: /home/terry/robot_ws/src/install/serial_motor_demo_msgs/share/ament_index/resource_index/package_run_dependencies/serial_motor_demo_msgs
[2.611s] -- Symlinking: /home/terry/robot_ws/src/install/serial_motor_demo_msgs/share/ament_index/resource_index/parent_prefix_path/serial_motor_demo_msgs
[2.631s] -- Symlinking: /home/terry/robot_ws/src/install/serial_motor_demo_msgs/share/serial_motor_demo_msgs/environment/ament_prefix_path.sh
[2.649s] -- Symlinking: /home/terry/robot_ws/src/install/serial_motor_demo_msgs/share/serial_motor_demo_msgs/environment/ament_prefix_path.dsv
[2.669s] -- Symlinking: /home/terry/robot_ws/src/install/serial_motor_demo_msgs/share/serial_motor_demo_msgs/environment/path.sh
[2.688s] -- Symlinking: /home/terry/robot_ws/src/install/serial_motor_demo_msgs/share/serial_motor_demo_msgs/environment/path.dsv
[2.707s] -- Symlinking: /home/terry/robot_ws/src/install/serial_motor_demo_msgs/share/serial_motor_demo_msgs/local_setup.bash
[2.728s] -- Symlinking: /home/terry/robot_ws/src/install/serial_motor_demo_msgs/share/serial_motor_demo_msgs/local_setup.sh
[2.747s] -- Symlinking: /home/terry/robot_ws/src/install/serial_motor_demo_msgs/share/serial_motor_demo_msgs/local_setup.zsh
[2.767s] -- Symlinking: /home/terry/robot_ws/src/install/serial_motor_demo_msgs/share/serial_motor_demo_msgs/local_setup.dsv
[2.789s] -- Symlinking: /home/terry/robot_ws/src/install/serial_motor_demo_msgs/share/serial_motor_demo_msgs/package.dsv
[2.807s] -- Symlinking: /home/terry/robot_ws/src/install/serial_motor_demo_msgs/share/ament_index/resource_index/packages/serial_motor_demo_msgs
[2.829s] -- Symlinking: /home/terry/robot_ws/src/install/serial_motor_demo_msgs/share/serial_motor_demo_msgs/cmake/rosidl_cmake-extras.cmake
[2.847s] -- Symlinking: /home/terry/robot_ws/src/install/serial_motor_demo_msgs/share/serial_motor_demo_msgs/cmake/ament_cmake_export_include_directories-extras.cmake
[2.869s] -- Symlinking: /home/terry/robot_ws/src/install/serial_motor_demo_msgs/share/serial_motor_demo_msgs/cmake/ament_cmake_export_libraries-extras.cmake
[2.889s] -- Symlinking: /home/terry/robot_ws/src/install/serial_motor_demo_msgs/share/serial_motor_demo_msgs/cmake/ament_cmake_export_targets-extras.cmake
[2.907s] -- Symlinking: /home/terry/robot_ws/src/install/serial_motor_demo_msgs/share/serial_motor_demo_msgs/cmake/rosidl_cmake_export_typesupport_targets-extras.cmake
[2.928s] -- Symlinking: /home/terry/robot_ws/src/install/serial_motor_demo_msgs/share/serial_motor_demo_msgs/cmake/ament_cmake_export_dependencies-extras.cmake
[2.948s] -- Symlinking: /home/terry/robot_ws/src/install/serial_motor_demo_msgs/share/serial_motor_demo_msgs/cmake/rosidl_cmake_export_typesupport_libraries-extras.cmake
[2.968s] -- Symlinking: /home/terry/robot_ws/src/install/serial_motor_demo_msgs/share/serial_motor_demo_msgs/cmake/serial_motor_demo_msgsConfig.cmake
[2.988s] -- Symlinking: /home/terry/robot_ws/src/install/serial_motor_demo_msgs/share/serial_motor_demo_msgs/cmake/serial_motor_demo_msgsConfig-version.cmake
[3.010s] -- Symlinking: /home/terry/robot_ws/src/install/serial_motor_demo_msgs/share/serial_motor_demo_msgs/package.xml
[3.029s] -- Installing: /home/terry/robot_ws/src/install/serial_motor_demo_msgs/lib/libserial_motor_demo_msgs__rosidl_generator_c.so
[3.034s] -- Set non-toolchain portion of runtime path of "/home/terry/robot_ws/src/install/serial_motor_demo_msgs/lib/libserial_motor_demo_msgs__rosidl_generator_c.so" to ""
[3.034s] -- Installing: /home/terry/robot_ws/src/install/serial_motor_demo_msgs/lib/libserial_motor_demo_msgs__rosidl_typesupport_fastrtps_c.so
[3.034s] -- Set non-toolchain portion of runtime path of "/home/terry/robot_ws/src/install/serial_motor_demo_msgs/lib/libserial_motor_demo_msgs__rosidl_typesupport_fastrtps_c.so" to ""
[3.034s] -- Installing: /home/terry/robot_ws/src/install/serial_motor_demo_msgs/lib/libserial_motor_demo_msgs__rosidl_typesupport_introspection_c.so
[3.034s] -- Set non-toolchain portion of runtime path of "/home/terry/robot_ws/src/install/serial_motor_demo_msgs/lib/libserial_motor_demo_msgs__rosidl_typesupport_introspection_c.so" to ""
[3.034s] -- Installing: /home/terry/robot_ws/src/install/serial_motor_demo_msgs/lib/libserial_motor_demo_msgs__rosidl_typesupport_c.so
[3.037s] -- Set non-toolchain portion of runtime path of "/home/terry/robot_ws/src/install/serial_motor_demo_msgs/lib/libserial_motor_demo_msgs__rosidl_typesupport_c.so" to ""
[3.037s] -- Installing: /home/terry/robot_ws/src/install/serial_motor_demo_msgs/lib/libserial_motor_demo_msgs__rosidl_typesupport_fastrtps_cpp.so
[3.037s] -- Set non-toolchain portion of runtime path of "/home/terry/robot_ws/src/install/serial_motor_demo_msgs/lib/libserial_motor_demo_msgs__rosidl_typesupport_fastrtps_cpp.so" to ""
[3.037s] -- Installing: /home/terry/robot_ws/src/install/serial_motor_demo_msgs/lib/libserial_motor_demo_msgs__rosidl_typesupport_introspection_cpp.so
[3.038s] -- Set non-toolchain portion of runtime path of "/home/terry/robot_ws/src/install/serial_motor_demo_msgs/lib/libserial_motor_demo_msgs__rosidl_typesupport_introspection_cpp.so" to ""
[3.039s] -- Installing: /home/terry/robot_ws/src/install/serial_motor_demo_msgs/lib/libserial_motor_demo_msgs__rosidl_typesupport_cpp.so
[3.040s] -- Set non-toolchain portion of runtime path of "/home/terry/robot_ws/src/install/serial_motor_demo_msgs/lib/libserial_motor_demo_msgs__rosidl_typesupport_cpp.so" to ""
[3.121s] Listing '/home/terry/robot_ws/src/install/serial_motor_demo_msgs/lib/python3.12/site-packages/serial_motor_demo_msgs'...
[3.121s] Compiling '/home/terry/robot_ws/src/install/serial_motor_demo_msgs/lib/python3.12/site-packages/serial_motor_demo_msgs/__init__.py'...
[3.123s] Listing '/home/terry/robot_ws/src/install/serial_motor_demo_msgs/lib/python3.12/site-packages/serial_motor_demo_msgs/msg'...
[3.124s] Compiling '/home/terry/robot_ws/src/install/serial_motor_demo_msgs/lib/python3.12/site-packages/serial_motor_demo_msgs/msg/__init__.py'...
[3.126s] Compiling '/home/terry/robot_ws/src/install/serial_motor_demo_msgs/lib/python3.12/site-packages/serial_motor_demo_msgs/msg/_encoder_vals.py'...
[3.127s] Compiling '/home/terry/robot_ws/src/install/serial_motor_demo_msgs/lib/python3.12/site-packages/serial_motor_demo_msgs/msg/_motor_command.py'...
[3.129s] Compiling '/home/terry/robot_ws/src/install/serial_motor_demo_msgs/lib/python3.12/site-packages/serial_motor_demo_msgs/msg/_motor_vels.py'...
[3.141s] -- Installing: /home/terry/robot_ws/src/install/serial_motor_demo_msgs/lib/libserial_motor_demo_msgs__rosidl_generator_py.so
[3.142s] -- Set non-toolchain portion of runtime path of "/home/terry/robot_ws/src/install/serial_motor_demo_msgs/lib/libserial_motor_demo_msgs__rosidl_generator_py.so" to ""
[3.143s] -- Installing: /home/terry/robot_ws/src/install/serial_motor_demo_msgs/share/serial_motor_demo_msgs/cmake/export_serial_motor_demo_msgs__rosidl_generator_cExport.cmake
[3.144s] -- Installing: /home/terry/robot_ws/src/install/serial_motor_demo_msgs/share/serial_motor_demo_msgs/cmake/export_serial_motor_demo_msgs__rosidl_generator_cExport-noconfig.cmake
[3.145s] -- Installing: /home/terry/robot_ws/src/install/serial_motor_demo_msgs/share/serial_motor_demo_msgs/cmake/export_serial_motor_demo_msgs__rosidl_typesupport_fastrtps_cExport.cmake
[3.146s] -- Installing: /home/terry/robot_ws/src/install/serial_motor_demo_msgs/share/serial_motor_demo_msgs/cmake/export_serial_motor_demo_msgs__rosidl_typesupport_fastrtps_cExport-noconfig.cmake
[3.146s] -- Installing: /home/terry/robot_ws/src/install/serial_motor_demo_msgs/share/serial_motor_demo_msgs/cmake/serial_motor_demo_msgs__rosidl_typesupport_introspection_cExport.cmake
[3.146s] -- Installing: /home/terry/robot_ws/src/install/serial_motor_demo_msgs/share/serial_motor_demo_msgs/cmake/serial_motor_demo_msgs__rosidl_typesupport_introspection_cExport-noconfig.cmake
[3.147s] -- Installing: /home/terry/robot_ws/src/install/serial_motor_demo_msgs/share/serial_motor_demo_msgs/cmake/serial_motor_demo_msgs__rosidl_typesupport_cExport.cmake
[3.147s] -- Installing: /home/terry/robot_ws/src/install/serial_motor_demo_msgs/share/serial_motor_demo_msgs/cmake/serial_motor_demo_msgs__rosidl_typesupport_cExport-noconfig.cmake
[3.147s] -- Installing: /home/terry/robot_ws/src/install/serial_motor_demo_msgs/share/serial_motor_demo_msgs/cmake/export_serial_motor_demo_msgs__rosidl_generator_cppExport.cmake
[3.147s] -- Installing: /home/terry/robot_ws/src/install/serial_motor_demo_msgs/share/serial_motor_demo_msgs/cmake/export_serial_motor_demo_msgs__rosidl_typesupport_fastrtps_cppExport.cmake
[3.147s] -- Installing: /home/terry/robot_ws/src/install/serial_motor_demo_msgs/share/serial_motor_demo_msgs/cmake/export_serial_motor_demo_msgs__rosidl_typesupport_fastrtps_cppExport-noconfig.cmake
[3.147s] -- Installing: /home/terry/robot_ws/src/install/serial_motor_demo_msgs/share/serial_motor_demo_msgs/cmake/serial_motor_demo_msgs__rosidl_typesupport_introspection_cppExport.cmake
[3.147s] -- Installing: /home/terry/robot_ws/src/install/serial_motor_demo_msgs/share/serial_motor_demo_msgs/cmake/serial_motor_demo_msgs__rosidl_typesupport_introspection_cppExport-noconfig.cmake
[3.147s] -- Installing: /home/terry/robot_ws/src/install/serial_motor_demo_msgs/share/serial_motor_demo_msgs/cmake/serial_motor_demo_msgs__rosidl_typesupport_cppExport.cmake
[3.147s] -- Installing: /home/terry/robot_ws/src/install/serial_motor_demo_msgs/share/serial_motor_demo_msgs/cmake/serial_motor_demo_msgs__rosidl_typesupport_cppExport-noconfig.cmake
[3.147s] -- Installing: /home/terry/robot_ws/src/install/serial_motor_demo_msgs/share/serial_motor_demo_msgs/cmake/export_serial_motor_demo_msgs__rosidl_generator_pyExport.cmake
[3.148s] -- Installing: /home/terry/robot_ws/src/install/serial_motor_demo_msgs/share/serial_motor_demo_msgs/cmake/export_serial_motor_demo_msgs__rosidl_generator_pyExport-noconfig.cmake
[3.159s] Invoked command in '/home/terry/robot_ws/src/build/serial_motor_demo_msgs' returned '0': CMAKE_PREFIX_PATH=${CMAKE_PREFIX_PATH}:/home/terry/robot_ws/install/serial_motor_demo:/opt/ros/jazzy DEBUGINFOD_URLS=https://debuginfod.ubuntu.com /usr/bin/cmake --install /home/terry/robot_ws/src/build/serial_motor_demo_msgs
