[0.029s] Invoking command in '/home/terry/robot_ws/src/build/my_bot': CMAKE_PREFIX_PATH=${CMAKE_PREFIX_PATH}:/home/terry/robot_ws/install/serial_motor_demo:/opt/ros/jazzy DEBUGINFOD_URLS=https://debuginfod.ubuntu.com /usr/bin/cmake --build /home/terry/robot_ws/src/build/my_bot -- -j4 -l4
[0.157s] Invoked command in '/home/terry/robot_ws/src/build/my_bot' returned '0': CMAKE_PREFIX_PATH=${CMAKE_PREFIX_PATH}:/home/terry/robot_ws/install/serial_motor_demo:/opt/ros/jazzy DEBUGINFOD_URLS=https://debuginfod.ubuntu.com /usr/bin/cmake --build /home/terry/robot_ws/src/build/my_bot -- -j4 -l4
[0.164s] Invoking command in '/home/terry/robot_ws/src/build/my_bot': CMAKE_PREFIX_PATH=${CMAKE_PREFIX_PATH}:/home/terry/robot_ws/install/serial_motor_demo:/opt/ros/jazzy DEBUGINFOD_URLS=https://debuginfod.ubuntu.com /usr/bin/cmake --install /home/terry/robot_ws/src/build/my_bot
[0.200s] -- Install configuration: ""
[0.204s] -- Execute custom install script
[0.206s] -- Up-to-date symlink: /home/terry/robot_ws/src/install/my_bot/share/my_bot/config/empty.yaml
[0.206s] -- Up-to-date symlink: /home/terry/robot_ws/src/install/my_bot/share/my_bot/description/inertial_macros.xacro
[0.206s] -- Up-to-date symlink: /home/terry/robot_ws/src/install/my_bot/share/my_bot/description/robot.urdf.xacro
[0.206s] -- Up-to-date symlink: /home/terry/robot_ws/src/install/my_bot/share/my_bot/description/robot_core.xacro
[0.207s] -- Up-to-date symlink: /home/terry/robot_ws/src/install/my_bot/share/my_bot/launch/rsp.launch.py
[0.207s] -- Up-to-date symlink: /home/terry/robot_ws/src/install/my_bot/share/my_bot/worlds/empty.world
[0.207s] -- Up-to-date symlink: /home/terry/robot_ws/src/install/my_bot/share/ament_index/resource_index/package_run_dependencies/my_bot
[0.207s] -- Up-to-date symlink: /home/terry/robot_ws/src/install/my_bot/share/ament_index/resource_index/parent_prefix_path/my_bot
[0.207s] -- Up-to-date symlink: /home/terry/robot_ws/src/install/my_bot/share/my_bot/environment/ament_prefix_path.sh
[0.207s] -- Up-to-date symlink: /home/terry/robot_ws/src/install/my_bot/share/my_bot/environment/ament_prefix_path.dsv
[0.207s] -- Up-to-date symlink: /home/terry/robot_ws/src/install/my_bot/share/my_bot/environment/path.sh
[0.207s] -- Up-to-date symlink: /home/terry/robot_ws/src/install/my_bot/share/my_bot/environment/path.dsv
[0.208s] -- Up-to-date symlink: /home/terry/robot_ws/src/install/my_bot/share/my_bot/local_setup.bash
[0.208s] -- Up-to-date symlink: /home/terry/robot_ws/src/install/my_bot/share/my_bot/local_setup.sh
[0.208s] -- Up-to-date symlink: /home/terry/robot_ws/src/install/my_bot/share/my_bot/local_setup.zsh
[0.208s] -- Up-to-date symlink: /home/terry/robot_ws/src/install/my_bot/share/my_bot/local_setup.dsv
[0.215s] -- Symlinking: /home/terry/robot_ws/src/install/my_bot/share/my_bot/package.dsv
[0.233s] -- Up-to-date symlink: /home/terry/robot_ws/src/install/my_bot/share/ament_index/resource_index/packages/my_bot
[0.237s] -- Up-to-date symlink: /home/terry/robot_ws/src/install/my_bot/share/my_bot/cmake/my_botConfig.cmake
[0.244s] -- Up-to-date symlink: /home/terry/robot_ws/src/install/my_bot/share/my_bot/cmake/my_botConfig-version.cmake
[0.244s] -- Up-to-date symlink: /home/terry/robot_ws/src/install/my_bot/share/my_bot/package.xml
[0.245s] Invoked command in '/home/terry/robot_ws/src/build/my_bot' returned '0': CMAKE_PREFIX_PATH=${CMAKE_PREFIX_PATH}:/home/terry/robot_ws/install/serial_motor_demo:/opt/ros/jazzy DEBUGINFOD_URLS=https://debuginfod.ubuntu.com /usr/bin/cmake --install /home/terry/robot_ws/src/build/my_bot
