[1.308s] Invoking command in '/home/terry/robot_ws/src/build/serial_motor_demo': AMENT_PREFIX_PATH=/home/terry/robot_ws/src/install/serial_motor_demo_msgs:${AMENT_PREFIX_PATH} CMAKE_PREFIX_PATH=/home/terry/robot_ws/src/install/serial_motor_demo_msgs:${CMAKE_PREFIX_PATH} DEBUGINFOD_URLS=https://debuginfod.ubuntu.com LD_LIBRARY_PATH=/home/terry/robot_ws/src/install/serial_motor_demo_msgs/lib:${LD_LIBRARY_PATH} PYTHONPATH=/home/terry/robot_ws/src/build/serial_motor_demo/prefix_override:/usr/lib/python3/dist-packages/colcon_core/task/python/colcon_distutils_commands:/home/terry/robot_ws/src/install/serial_motor_demo/lib/python3.12/site-packages:/home/terry/robot_ws/src/install/serial_motor_demo_msgs/lib/python3.12/site-packages:${PYTHONPATH} /usr/bin/python3 -W ignore:setup.py install is deprecated -W ignore:easy_install command is deprecated setup.py develop --editable --build-directory /home/terry/robot_ws/src/build/serial_motor_demo/build --no-deps symlink_data
[1.501s] /usr/lib/python3/dist-packages/setuptools/dist.py:744: SetuptoolsDeprecationWarning: Invalid dash-separated options
[1.501s] !!
[1.501s] 
[1.501s]         ********************************************************************************
[1.501s]         Usage of dash-separated 'script-dir' will not be supported in future
[1.502s]         versions. Please use the underscore name 'script_dir' instead.
[1.502s] 
[1.502s]         This deprecation is overdue, please update your project and remove deprecated
[1.502s]         calls to avoid build errors in the future.
[1.502s] 
[1.502s]         See https://setuptools.pypa.io/en/latest/userguide/declarative_config.html for details.
[1.502s]         ********************************************************************************
[1.502s] 
[1.502s] !!
[1.502s]   opt = self.warn_dash_deprecation(opt, section)
[1.777s] running develop
[2.049s] running egg_info
[2.075s] writing serial_motor_demo.egg-info/PKG-INFO
[2.076s] writing dependency_links to serial_motor_demo.egg-info/dependency_links.txt
[2.082s] writing entry points to serial_motor_demo.egg-info/entry_points.txt
[2.083s] writing requirements to serial_motor_demo.egg-info/requires.txt
[2.084s] writing top-level names to serial_motor_demo.egg-info/top_level.txt
[2.137s] reading manifest file 'serial_motor_demo.egg-info/SOURCES.txt'
[2.138s] writing manifest file 'serial_motor_demo.egg-info/SOURCES.txt'
[2.167s] running build_ext
[2.167s] Creating /home/terry/robot_ws/src/install/serial_motor_demo/lib/python3.12/site-packages/serial-motor-demo.egg-link (link to .)
[2.168s] Installing driver script to /home/terry/robot_ws/src/install/serial_motor_demo/lib/serial_motor_demo
[2.169s] Installing gui script to /home/terry/robot_ws/src/install/serial_motor_demo/lib/serial_motor_demo
[2.169s] 
[2.170s] Installed /home/terry/robot_ws/src/build/serial_motor_demo
[2.170s] running symlink_data
[2.272s] Invoked command in '/home/terry/robot_ws/src/build/serial_motor_demo' returned '0': AMENT_PREFIX_PATH=/home/terry/robot_ws/src/install/serial_motor_demo_msgs:${AMENT_PREFIX_PATH} CMAKE_PREFIX_PATH=/home/terry/robot_ws/src/install/serial_motor_demo_msgs:${CMAKE_PREFIX_PATH} DEBUGINFOD_URLS=https://debuginfod.ubuntu.com LD_LIBRARY_PATH=/home/terry/robot_ws/src/install/serial_motor_demo_msgs/lib:${LD_LIBRARY_PATH} PYTHONPATH=/home/terry/robot_ws/src/build/serial_motor_demo/prefix_override:/usr/lib/python3/dist-packages/colcon_core/task/python/colcon_distutils_commands:/home/terry/robot_ws/src/install/serial_motor_demo/lib/python3.12/site-packages:/home/terry/robot_ws/src/install/serial_motor_demo_msgs/lib/python3.12/site-packages:${PYTHONPATH} /usr/bin/python3 -W ignore:setup.py install is deprecated -W ignore:easy_install command is deprecated setup.py develop --editable --build-directory /home/terry/robot_ws/src/build/serial_motor_demo/build --no-deps symlink_data
