[0.148s] DEBUG:colcon:Command line arguments: ['/usr/bin/colcon', 'build', '--symlink-install']
[0.148s] DEBUG:colcon:Parsed command line arguments: Namespace(log_base=None, log_level=None, verb_name='build', build_base='build', install_base='install', merge_install=False, symlink_install=True, test_result_base=None, continue_on_error=False, executor='parallel', parallel_workers=4, event_handlers=None, ignore_user_meta=False, metas=['./colcon.meta'], base_paths=['.'], packages_ignore=None, packages_ignore_regex=None, paths=None, packages_up_to=None, packages_up_to_regex=None, packages_above=None, packages_above_and_dependencies=None, packages_above_depth=None, packages_select_by_dep=None, packages_skip_by_dep=None, packages_skip_up_to=None, packages_select_build_failed=False, packages_skip_build_finished=False, packages_select_test_failures=False, packages_skip_test_passed=False, packages_select=None, packages_skip=None, packages_select_regex=None, packages_skip_regex=None, packages_start=None, packages_end=None, allow_overriding=[], cmake_args=None, cmake_target=None, cmake_target_skip_unavailable=False, cmake_clean_cache=False, cmake_clean_first=False, cmake_force_configure=False, ament_cmake_args=None, catkin_cmake_args=None, catkin_skip_building_tests=False, mixin_files=None, mixin=None, verb_parser=<colcon_mixin.mixin.mixin_argument.MixinArgumentDecorator object at 0xffff9679c710>, verb_extension=<colcon_core.verb.build.BuildVerb object at 0xffff96958d10>, main=<bound method BuildVerb.main of <colcon_core.verb.build.BuildVerb object at 0xffff96958d10>>, mixin_verb=('build',))
[0.205s] Level 1:colcon.colcon_core.package_discovery:discover_packages(colcon_meta) check parameters
[0.206s] Level 1:colcon.colcon_core.package_discovery:discover_packages(recursive) check parameters
[0.206s] Level 1:colcon.colcon_core.package_discovery:discover_packages(ignore) check parameters
[0.206s] Level 1:colcon.colcon_core.package_discovery:discover_packages(path) check parameters
[0.206s] Level 1:colcon.colcon_core.package_discovery:discover_packages(colcon_meta) discover
[0.206s] Level 1:colcon.colcon_core.package_discovery:discover_packages(recursive) discover
[0.206s] INFO:colcon.colcon_core.package_discovery:Crawling recursively for packages in '/home/terry/robot_ws'
[0.206s] Level 1:colcon.colcon_core.package_identification:_identify(.) by extensions ['ignore', 'ignore_ament_install']
[0.206s] Level 1:colcon.colcon_core.package_identification:_identify(.) by extension 'ignore'
[0.206s] Level 1:colcon.colcon_core.package_identification:_identify(.) by extension 'ignore_ament_install'
[0.206s] Level 1:colcon.colcon_core.package_identification:_identify(.) by extensions ['colcon_pkg']
[0.206s] Level 1:colcon.colcon_core.package_identification:_identify(.) by extension 'colcon_pkg'
[0.206s] Level 1:colcon.colcon_core.package_identification:_identify(.) by extensions ['colcon_meta']
[0.206s] Level 1:colcon.colcon_core.package_identification:_identify(.) by extension 'colcon_meta'
[0.206s] Level 1:colcon.colcon_core.package_identification:_identify(.) by extensions ['ros']
[0.206s] Level 1:colcon.colcon_core.package_identification:_identify(.) by extension 'ros'
[0.252s] Level 1:colcon.colcon_core.package_identification:_identify(.) by extensions ['cmake', 'python']
[0.252s] Level 1:colcon.colcon_core.package_identification:_identify(.) by extension 'cmake'
[0.252s] Level 1:colcon.colcon_core.package_identification:_identify(.) by extension 'python'
[0.252s] Level 1:colcon.colcon_core.package_identification:_identify(.) by extensions ['python_setup_py']
[0.252s] Level 1:colcon.colcon_core.package_identification:_identify(.) by extension 'python_setup_py'
[0.253s] Level 1:colcon.colcon_core.package_identification:_identify(build) by extensions ['ignore', 'ignore_ament_install']
[0.253s] Level 1:colcon.colcon_core.package_identification:_identify(build) by extension 'ignore'
[0.253s] Level 1:colcon.colcon_core.package_identification:_identify(build) ignored
[0.253s] Level 1:colcon.colcon_core.package_identification:_identify(install) by extensions ['ignore', 'ignore_ament_install']
[0.253s] Level 1:colcon.colcon_core.package_identification:_identify(install) by extension 'ignore'
[0.253s] Level 1:colcon.colcon_core.package_identification:_identify(install) ignored
[0.253s] Level 1:colcon.colcon_core.package_identification:_identify(log) by extensions ['ignore', 'ignore_ament_install']
[0.253s] Level 1:colcon.colcon_core.package_identification:_identify(log) by extension 'ignore'
[0.254s] Level 1:colcon.colcon_core.package_identification:_identify(log) ignored
[0.254s] Level 1:colcon.colcon_core.package_identification:_identify(src) by extensions ['ignore', 'ignore_ament_install']
[0.254s] Level 1:colcon.colcon_core.package_identification:_identify(src) by extension 'ignore'
[0.254s] Level 1:colcon.colcon_core.package_identification:_identify(src) by extension 'ignore_ament_install'
[0.254s] Level 1:colcon.colcon_core.package_identification:_identify(src) by extensions ['colcon_pkg']
[0.254s] Level 1:colcon.colcon_core.package_identification:_identify(src) by extension 'colcon_pkg'
[0.254s] Level 1:colcon.colcon_core.package_identification:_identify(src) by extensions ['colcon_meta']
[0.254s] Level 1:colcon.colcon_core.package_identification:_identify(src) by extension 'colcon_meta'
[0.254s] Level 1:colcon.colcon_core.package_identification:_identify(src) by extensions ['ros']
[0.254s] Level 1:colcon.colcon_core.package_identification:_identify(src) by extension 'ros'
[0.254s] Level 1:colcon.colcon_core.package_identification:_identify(src) by extensions ['cmake', 'python']
[0.254s] Level 1:colcon.colcon_core.package_identification:_identify(src) by extension 'cmake'
[0.254s] Level 1:colcon.colcon_core.package_identification:_identify(src) by extension 'python'
[0.254s] Level 1:colcon.colcon_core.package_identification:_identify(src) by extensions ['python_setup_py']
[0.254s] Level 1:colcon.colcon_core.package_identification:_identify(src) by extension 'python_setup_py'
[0.255s] Level 1:colcon.colcon_core.package_identification:_identify(src/build) by extensions ['ignore', 'ignore_ament_install']
[0.255s] Level 1:colcon.colcon_core.package_identification:_identify(src/build) by extension 'ignore'
[0.255s] Level 1:colcon.colcon_core.package_identification:_identify(src/build) ignored
[0.255s] Level 1:colcon.colcon_core.package_identification:_identify(src/install) by extensions ['ignore', 'ignore_ament_install']
[0.255s] Level 1:colcon.colcon_core.package_identification:_identify(src/install) by extension 'ignore'
[0.255s] Level 1:colcon.colcon_core.package_identification:_identify(src/install) ignored
[0.255s] Level 1:colcon.colcon_core.package_identification:_identify(src/log) by extensions ['ignore', 'ignore_ament_install']
[0.255s] Level 1:colcon.colcon_core.package_identification:_identify(src/log) by extension 'ignore'
[0.255s] Level 1:colcon.colcon_core.package_identification:_identify(src/log) ignored
[0.255s] Level 1:colcon.colcon_core.package_identification:_identify(src/my_bot) by extensions ['ignore', 'ignore_ament_install']
[0.255s] Level 1:colcon.colcon_core.package_identification:_identify(src/my_bot) by extension 'ignore'
[0.255s] Level 1:colcon.colcon_core.package_identification:_identify(src/my_bot) by extension 'ignore_ament_install'
[0.256s] Level 1:colcon.colcon_core.package_identification:_identify(src/my_bot) by extensions ['colcon_pkg']
[0.256s] Level 1:colcon.colcon_core.package_identification:_identify(src/my_bot) by extension 'colcon_pkg'
[0.256s] Level 1:colcon.colcon_core.package_identification:_identify(src/my_bot) by extensions ['colcon_meta']
[0.256s] Level 1:colcon.colcon_core.package_identification:_identify(src/my_bot) by extension 'colcon_meta'
[0.256s] Level 1:colcon.colcon_core.package_identification:_identify(src/my_bot) by extensions ['ros']
[0.256s] Level 1:colcon.colcon_core.package_identification:_identify(src/my_bot) by extension 'ros'
[0.259s] DEBUG:colcon.colcon_core.package_identification:Package 'src/my_bot' with type 'ros.ament_cmake' and name 'my_bot'
[0.259s] Level 1:colcon.colcon_core.package_identification:_identify(src/my_package) by extensions ['ignore', 'ignore_ament_install']
[0.260s] Level 1:colcon.colcon_core.package_identification:_identify(src/my_package) by extension 'ignore'
[0.260s] Level 1:colcon.colcon_core.package_identification:_identify(src/my_package) by extension 'ignore_ament_install'
[0.260s] Level 1:colcon.colcon_core.package_identification:_identify(src/my_package) by extensions ['colcon_pkg']
[0.260s] Level 1:colcon.colcon_core.package_identification:_identify(src/my_package) by extension 'colcon_pkg'
[0.260s] Level 1:colcon.colcon_core.package_identification:_identify(src/my_package) by extensions ['colcon_meta']
[0.260s] Level 1:colcon.colcon_core.package_identification:_identify(src/my_package) by extension 'colcon_meta'
[0.260s] Level 1:colcon.colcon_core.package_identification:_identify(src/my_package) by extensions ['ros']
[0.260s] Level 1:colcon.colcon_core.package_identification:_identify(src/my_package) by extension 'ros'
[0.261s] DEBUG:colcon.colcon_core.package_identification:Package 'src/my_package' with type 'ros.ament_cmake' and name 'my_package'
[0.261s] Level 1:colcon.colcon_core.package_identification:_identify(src/serial_motor_demo) by extensions ['ignore', 'ignore_ament_install']
[0.261s] Level 1:colcon.colcon_core.package_identification:_identify(src/serial_motor_demo) by extension 'ignore'
[0.261s] Level 1:colcon.colcon_core.package_identification:_identify(src/serial_motor_demo) by extension 'ignore_ament_install'
[0.261s] Level 1:colcon.colcon_core.package_identification:_identify(src/serial_motor_demo) by extensions ['colcon_pkg']
[0.261s] Level 1:colcon.colcon_core.package_identification:_identify(src/serial_motor_demo) by extension 'colcon_pkg'
[0.261s] Level 1:colcon.colcon_core.package_identification:_identify(src/serial_motor_demo) by extensions ['colcon_meta']
[0.261s] Level 1:colcon.colcon_core.package_identification:_identify(src/serial_motor_demo) by extension 'colcon_meta'
[0.261s] Level 1:colcon.colcon_core.package_identification:_identify(src/serial_motor_demo) by extensions ['ros']
[0.261s] Level 1:colcon.colcon_core.package_identification:_identify(src/serial_motor_demo) by extension 'ros'
[0.261s] Level 1:colcon.colcon_core.package_identification:_identify(src/serial_motor_demo) by extensions ['cmake', 'python']
[0.261s] Level 1:colcon.colcon_core.package_identification:_identify(src/serial_motor_demo) by extension 'cmake'
[0.261s] Level 1:colcon.colcon_core.package_identification:_identify(src/serial_motor_demo) by extension 'python'
[0.261s] Level 1:colcon.colcon_core.package_identification:_identify(src/serial_motor_demo) by extensions ['python_setup_py']
[0.261s] Level 1:colcon.colcon_core.package_identification:_identify(src/serial_motor_demo) by extension 'python_setup_py'
[0.261s] Level 1:colcon.colcon_core.package_identification:_identify(src/serial_motor_demo/serial_motor_demo) by extensions ['ignore', 'ignore_ament_install']
[0.262s] Level 1:colcon.colcon_core.package_identification:_identify(src/serial_motor_demo/serial_motor_demo) by extension 'ignore'
[0.262s] Level 1:colcon.colcon_core.package_identification:_identify(src/serial_motor_demo/serial_motor_demo) by extension 'ignore_ament_install'
[0.262s] Level 1:colcon.colcon_core.package_identification:_identify(src/serial_motor_demo/serial_motor_demo) by extensions ['colcon_pkg']
[0.262s] Level 1:colcon.colcon_core.package_identification:_identify(src/serial_motor_demo/serial_motor_demo) by extension 'colcon_pkg'
[0.262s] Level 1:colcon.colcon_core.package_identification:_identify(src/serial_motor_demo/serial_motor_demo) by extensions ['colcon_meta']
[0.262s] Level 1:colcon.colcon_core.package_identification:_identify(src/serial_motor_demo/serial_motor_demo) by extension 'colcon_meta'
[0.262s] Level 1:colcon.colcon_core.package_identification:_identify(src/serial_motor_demo/serial_motor_demo) by extensions ['ros']
[0.262s] Level 1:colcon.colcon_core.package_identification:_identify(src/serial_motor_demo/serial_motor_demo) by extension 'ros'
[0.263s] DEBUG:colcon.colcon_core.package_identification:Package 'src/serial_motor_demo/serial_motor_demo' with type 'ros.ament_python' and name 'serial_motor_demo'
[0.263s] Level 1:colcon.colcon_core.package_identification:_identify(src/serial_motor_demo/serial_motor_demo_msgs) by extensions ['ignore', 'ignore_ament_install']
[0.263s] Level 1:colcon.colcon_core.package_identification:_identify(src/serial_motor_demo/serial_motor_demo_msgs) by extension 'ignore'
[0.263s] Level 1:colcon.colcon_core.package_identification:_identify(src/serial_motor_demo/serial_motor_demo_msgs) by extension 'ignore_ament_install'
[0.263s] Level 1:colcon.colcon_core.package_identification:_identify(src/serial_motor_demo/serial_motor_demo_msgs) by extensions ['colcon_pkg']
[0.263s] Level 1:colcon.colcon_core.package_identification:_identify(src/serial_motor_demo/serial_motor_demo_msgs) by extension 'colcon_pkg'
[0.263s] Level 1:colcon.colcon_core.package_identification:_identify(src/serial_motor_demo/serial_motor_demo_msgs) by extensions ['colcon_meta']
[0.263s] Level 1:colcon.colcon_core.package_identification:_identify(src/serial_motor_demo/serial_motor_demo_msgs) by extension 'colcon_meta'
[0.263s] Level 1:colcon.colcon_core.package_identification:_identify(src/serial_motor_demo/serial_motor_demo_msgs) by extensions ['ros']
[0.263s] Level 1:colcon.colcon_core.package_identification:_identify(src/serial_motor_demo/serial_motor_demo_msgs) by extension 'ros'
[0.264s] DEBUG:colcon.colcon_core.package_identification:Package 'src/serial_motor_demo/serial_motor_demo_msgs' with type 'ros.ament_cmake' and name 'serial_motor_demo_msgs'
[0.264s] Level 1:colcon.colcon_core.package_identification:_identify(src/ydlidar_ros2_driver) by extensions ['ignore', 'ignore_ament_install']
[0.264s] Level 1:colcon.colcon_core.package_identification:_identify(src/ydlidar_ros2_driver) by extension 'ignore'
[0.264s] Level 1:colcon.colcon_core.package_identification:_identify(src/ydlidar_ros2_driver) by extension 'ignore_ament_install'
[0.264s] Level 1:colcon.colcon_core.package_identification:_identify(src/ydlidar_ros2_driver) by extensions ['colcon_pkg']
[0.264s] Level 1:colcon.colcon_core.package_identification:_identify(src/ydlidar_ros2_driver) by extension 'colcon_pkg'
[0.264s] Level 1:colcon.colcon_core.package_identification:_identify(src/ydlidar_ros2_driver) by extensions ['colcon_meta']
[0.264s] Level 1:colcon.colcon_core.package_identification:_identify(src/ydlidar_ros2_driver) by extension 'colcon_meta'
[0.264s] Level 1:colcon.colcon_core.package_identification:_identify(src/ydlidar_ros2_driver) by extensions ['ros']
[0.264s] Level 1:colcon.colcon_core.package_identification:_identify(src/ydlidar_ros2_driver) by extension 'ros'
[0.265s] DEBUG:colcon.colcon_core.package_identification:Package 'src/ydlidar_ros2_driver' with type 'ros.ament_cmake' and name 'ydlidar_ros2_driver'
[0.265s] Level 1:colcon.colcon_core.package_identification:_identify(src/ydlidar_sdk) by extensions ['ignore', 'ignore_ament_install']
[0.265s] Level 1:colcon.colcon_core.package_identification:_identify(src/ydlidar_sdk) by extension 'ignore'
[0.265s] Level 1:colcon.colcon_core.package_identification:_identify(src/ydlidar_sdk) by extension 'ignore_ament_install'
[0.265s] Level 1:colcon.colcon_core.package_identification:_identify(src/ydlidar_sdk) by extensions ['colcon_pkg']
[0.265s] Level 1:colcon.colcon_core.package_identification:_identify(src/ydlidar_sdk) by extension 'colcon_pkg'
[0.265s] Level 1:colcon.colcon_core.package_identification:_identify(src/ydlidar_sdk) by extensions ['colcon_meta']
[0.265s] Level 1:colcon.colcon_core.package_identification:_identify(src/ydlidar_sdk) by extension 'colcon_meta'
[0.265s] Level 1:colcon.colcon_core.package_identification:_identify(src/ydlidar_sdk) by extensions ['ros']
[0.265s] Level 1:colcon.colcon_core.package_identification:_identify(src/ydlidar_sdk) by extension 'ros'
[0.265s] Level 1:colcon.colcon_core.package_identification:_identify(src/ydlidar_sdk) by extensions ['cmake', 'python']
[0.265s] Level 1:colcon.colcon_core.package_identification:_identify(src/ydlidar_sdk) by extension 'cmake'
[0.315s] Level 1:colcon.colcon_core.package_identification:_identify(src/ydlidar_sdk) by extension 'python'
[0.316s] DEBUG:colcon.colcon_core.package_identification:Package 'src/ydlidar_sdk' with type 'cmake' and name 'ydlidar_sdk'
[0.316s] Level 1:colcon.colcon_core.package_discovery:discover_packages(recursive) using defaults
[0.316s] Level 1:colcon.colcon_core.package_discovery:discover_packages(ignore) discover
[0.316s] Level 1:colcon.colcon_core.package_discovery:discover_packages(ignore) using defaults
[0.316s] Level 1:colcon.colcon_core.package_discovery:discover_packages(path) discover
[0.316s] Level 1:colcon.colcon_core.package_discovery:discover_packages(path) using defaults
[0.340s] Level 1:colcon.colcon_core.package_discovery:discover_packages(prefix_path) check parameters
[0.340s] Level 1:colcon.colcon_core.package_discovery:discover_packages(prefix_path) discover
[0.342s] DEBUG:colcon.colcon_installed_package_information.package_discovery:Found 6 installed packages in /home/terry/robot_ws/install
[0.344s] DEBUG:colcon.colcon_installed_package_information.package_discovery:Found 289 installed packages in /opt/ros/jazzy
[0.347s] Level 1:colcon.colcon_core.package_discovery:discover_packages(prefix_path) using defaults
[0.412s] Level 5:colcon.colcon_core.verb:set package 'my_bot' build argument 'cmake_args' from command line to 'None'
[0.412s] Level 5:colcon.colcon_core.verb:set package 'my_bot' build argument 'cmake_target' from command line to 'None'
[0.412s] Level 5:colcon.colcon_core.verb:set package 'my_bot' build argument 'cmake_target_skip_unavailable' from command line to 'False'
[0.412s] Level 5:colcon.colcon_core.verb:set package 'my_bot' build argument 'cmake_clean_cache' from command line to 'False'
[0.412s] Level 5:colcon.colcon_core.verb:set package 'my_bot' build argument 'cmake_clean_first' from command line to 'False'
[0.413s] Level 5:colcon.colcon_core.verb:set package 'my_bot' build argument 'cmake_force_configure' from command line to 'False'
[0.413s] Level 5:colcon.colcon_core.verb:set package 'my_bot' build argument 'ament_cmake_args' from command line to 'None'
[0.413s] Level 5:colcon.colcon_core.verb:set package 'my_bot' build argument 'catkin_cmake_args' from command line to 'None'
[0.413s] Level 5:colcon.colcon_core.verb:set package 'my_bot' build argument 'catkin_skip_building_tests' from command line to 'False'
[0.413s] DEBUG:colcon.colcon_core.verb:Building package 'my_bot' with the following arguments: {'ament_cmake_args': None, 'build_base': '/home/terry/robot_ws/build/my_bot', 'catkin_cmake_args': None, 'catkin_skip_building_tests': False, 'cmake_args': None, 'cmake_clean_cache': False, 'cmake_clean_first': False, 'cmake_force_configure': False, 'cmake_target': None, 'cmake_target_skip_unavailable': False, 'install_base': '/home/terry/robot_ws/install/my_bot', 'merge_install': False, 'path': '/home/terry/robot_ws/src/my_bot', 'symlink_install': True, 'test_result_base': None}
[0.413s] Level 5:colcon.colcon_core.verb:set package 'my_package' build argument 'cmake_args' from command line to 'None'
[0.413s] Level 5:colcon.colcon_core.verb:set package 'my_package' build argument 'cmake_target' from command line to 'None'
[0.413s] Level 5:colcon.colcon_core.verb:set package 'my_package' build argument 'cmake_target_skip_unavailable' from command line to 'False'
[0.413s] Level 5:colcon.colcon_core.verb:set package 'my_package' build argument 'cmake_clean_cache' from command line to 'False'
[0.413s] Level 5:colcon.colcon_core.verb:set package 'my_package' build argument 'cmake_clean_first' from command line to 'False'
[0.413s] Level 5:colcon.colcon_core.verb:set package 'my_package' build argument 'cmake_force_configure' from command line to 'False'
[0.413s] Level 5:colcon.colcon_core.verb:set package 'my_package' build argument 'ament_cmake_args' from command line to 'None'
[0.413s] Level 5:colcon.colcon_core.verb:set package 'my_package' build argument 'catkin_cmake_args' from command line to 'None'
[0.413s] Level 5:colcon.colcon_core.verb:set package 'my_package' build argument 'catkin_skip_building_tests' from command line to 'False'
[0.414s] DEBUG:colcon.colcon_core.verb:Building package 'my_package' with the following arguments: {'ament_cmake_args': None, 'build_base': '/home/terry/robot_ws/build/my_package', 'catkin_cmake_args': None, 'catkin_skip_building_tests': False, 'cmake_args': None, 'cmake_clean_cache': False, 'cmake_clean_first': False, 'cmake_force_configure': False, 'cmake_target': None, 'cmake_target_skip_unavailable': False, 'install_base': '/home/terry/robot_ws/install/my_package', 'merge_install': False, 'path': '/home/terry/robot_ws/src/my_package', 'symlink_install': True, 'test_result_base': None}
[0.414s] Level 5:colcon.colcon_core.verb:set package 'serial_motor_demo_msgs' build argument 'cmake_args' from command line to 'None'
[0.414s] Level 5:colcon.colcon_core.verb:set package 'serial_motor_demo_msgs' build argument 'cmake_target' from command line to 'None'
[0.414s] Level 5:colcon.colcon_core.verb:set package 'serial_motor_demo_msgs' build argument 'cmake_target_skip_unavailable' from command line to 'False'
[0.414s] Level 5:colcon.colcon_core.verb:set package 'serial_motor_demo_msgs' build argument 'cmake_clean_cache' from command line to 'False'
[0.414s] Level 5:colcon.colcon_core.verb:set package 'serial_motor_demo_msgs' build argument 'cmake_clean_first' from command line to 'False'
[0.414s] Level 5:colcon.colcon_core.verb:set package 'serial_motor_demo_msgs' build argument 'cmake_force_configure' from command line to 'False'
[0.414s] Level 5:colcon.colcon_core.verb:set package 'serial_motor_demo_msgs' build argument 'ament_cmake_args' from command line to 'None'
[0.414s] Level 5:colcon.colcon_core.verb:set package 'serial_motor_demo_msgs' build argument 'catkin_cmake_args' from command line to 'None'
[0.414s] Level 5:colcon.colcon_core.verb:set package 'serial_motor_demo_msgs' build argument 'catkin_skip_building_tests' from command line to 'False'
[0.414s] DEBUG:colcon.colcon_core.verb:Building package 'serial_motor_demo_msgs' with the following arguments: {'ament_cmake_args': None, 'build_base': '/home/terry/robot_ws/build/serial_motor_demo_msgs', 'catkin_cmake_args': None, 'catkin_skip_building_tests': False, 'cmake_args': None, 'cmake_clean_cache': False, 'cmake_clean_first': False, 'cmake_force_configure': False, 'cmake_target': None, 'cmake_target_skip_unavailable': False, 'install_base': '/home/terry/robot_ws/install/serial_motor_demo_msgs', 'merge_install': False, 'path': '/home/terry/robot_ws/src/serial_motor_demo/serial_motor_demo_msgs', 'symlink_install': True, 'test_result_base': None}
[0.415s] Level 5:colcon.colcon_core.verb:set package 'ydlidar_ros2_driver' build argument 'cmake_args' from command line to 'None'
[0.415s] Level 5:colcon.colcon_core.verb:set package 'ydlidar_ros2_driver' build argument 'cmake_target' from command line to 'None'
[0.415s] Level 5:colcon.colcon_core.verb:set package 'ydlidar_ros2_driver' build argument 'cmake_target_skip_unavailable' from command line to 'False'
[0.415s] Level 5:colcon.colcon_core.verb:set package 'ydlidar_ros2_driver' build argument 'cmake_clean_cache' from command line to 'False'
[0.415s] Level 5:colcon.colcon_core.verb:set package 'ydlidar_ros2_driver' build argument 'cmake_clean_first' from command line to 'False'
[0.415s] Level 5:colcon.colcon_core.verb:set package 'ydlidar_ros2_driver' build argument 'cmake_force_configure' from command line to 'False'
[0.415s] Level 5:colcon.colcon_core.verb:set package 'ydlidar_ros2_driver' build argument 'ament_cmake_args' from command line to 'None'
[0.415s] Level 5:colcon.colcon_core.verb:set package 'ydlidar_ros2_driver' build argument 'catkin_cmake_args' from command line to 'None'
[0.415s] Level 5:colcon.colcon_core.verb:set package 'ydlidar_ros2_driver' build argument 'catkin_skip_building_tests' from command line to 'False'
[0.415s] DEBUG:colcon.colcon_core.verb:Building package 'ydlidar_ros2_driver' with the following arguments: {'ament_cmake_args': None, 'build_base': '/home/terry/robot_ws/build/ydlidar_ros2_driver', 'catkin_cmake_args': None, 'catkin_skip_building_tests': False, 'cmake_args': None, 'cmake_clean_cache': False, 'cmake_clean_first': False, 'cmake_force_configure': False, 'cmake_target': None, 'cmake_target_skip_unavailable': False, 'install_base': '/home/terry/robot_ws/install/ydlidar_ros2_driver', 'merge_install': False, 'path': '/home/terry/robot_ws/src/ydlidar_ros2_driver', 'symlink_install': True, 'test_result_base': None}
[0.415s] Level 5:colcon.colcon_core.verb:set package 'ydlidar_sdk' build argument 'cmake_args' from command line to 'None'
[0.415s] Level 5:colcon.colcon_core.verb:set package 'ydlidar_sdk' build argument 'cmake_target' from command line to 'None'
[0.415s] Level 5:colcon.colcon_core.verb:set package 'ydlidar_sdk' build argument 'cmake_target_skip_unavailable' from command line to 'False'
[0.415s] Level 5:colcon.colcon_core.verb:set package 'ydlidar_sdk' build argument 'cmake_clean_cache' from command line to 'False'
[0.415s] Level 5:colcon.colcon_core.verb:set package 'ydlidar_sdk' build argument 'cmake_clean_first' from command line to 'False'
[0.415s] Level 5:colcon.colcon_core.verb:set package 'ydlidar_sdk' build argument 'cmake_force_configure' from command line to 'False'
[0.415s] Level 5:colcon.colcon_core.verb:set package 'ydlidar_sdk' build argument 'ament_cmake_args' from command line to 'None'
[0.415s] Level 5:colcon.colcon_core.verb:set package 'ydlidar_sdk' build argument 'catkin_cmake_args' from command line to 'None'
[0.415s] Level 5:colcon.colcon_core.verb:set package 'ydlidar_sdk' build argument 'catkin_skip_building_tests' from command line to 'False'
[0.416s] DEBUG:colcon.colcon_core.verb:Building package 'ydlidar_sdk' with the following arguments: {'ament_cmake_args': None, 'build_base': '/home/terry/robot_ws/build/ydlidar_sdk', 'catkin_cmake_args': None, 'catkin_skip_building_tests': False, 'cmake_args': None, 'cmake_clean_cache': False, 'cmake_clean_first': False, 'cmake_force_configure': False, 'cmake_target': None, 'cmake_target_skip_unavailable': False, 'install_base': '/home/terry/robot_ws/install/ydlidar_sdk', 'merge_install': False, 'path': '/home/terry/robot_ws/src/ydlidar_sdk', 'symlink_install': True, 'test_result_base': None}
[0.416s] Level 5:colcon.colcon_core.verb:set package 'serial_motor_demo' build argument 'cmake_args' from command line to 'None'
[0.416s] Level 5:colcon.colcon_core.verb:set package 'serial_motor_demo' build argument 'cmake_target' from command line to 'None'
[0.416s] Level 5:colcon.colcon_core.verb:set package 'serial_motor_demo' build argument 'cmake_target_skip_unavailable' from command line to 'False'
[0.416s] Level 5:colcon.colcon_core.verb:set package 'serial_motor_demo' build argument 'cmake_clean_cache' from command line to 'False'
[0.416s] Level 5:colcon.colcon_core.verb:set package 'serial_motor_demo' build argument 'cmake_clean_first' from command line to 'False'
[0.416s] Level 5:colcon.colcon_core.verb:set package 'serial_motor_demo' build argument 'cmake_force_configure' from command line to 'False'
[0.416s] Level 5:colcon.colcon_core.verb:set package 'serial_motor_demo' build argument 'ament_cmake_args' from command line to 'None'
[0.416s] Level 5:colcon.colcon_core.verb:set package 'serial_motor_demo' build argument 'catkin_cmake_args' from command line to 'None'
[0.416s] Level 5:colcon.colcon_core.verb:set package 'serial_motor_demo' build argument 'catkin_skip_building_tests' from command line to 'False'
[0.416s] DEBUG:colcon.colcon_core.verb:Building package 'serial_motor_demo' with the following arguments: {'ament_cmake_args': None, 'build_base': '/home/terry/robot_ws/build/serial_motor_demo', 'catkin_cmake_args': None, 'catkin_skip_building_tests': False, 'cmake_args': None, 'cmake_clean_cache': False, 'cmake_clean_first': False, 'cmake_force_configure': False, 'cmake_target': None, 'cmake_target_skip_unavailable': False, 'install_base': '/home/terry/robot_ws/install/serial_motor_demo', 'merge_install': False, 'path': '/home/terry/robot_ws/src/serial_motor_demo/serial_motor_demo', 'symlink_install': True, 'test_result_base': None}
[0.416s] INFO:colcon.colcon_core.executor:Executing jobs using 'parallel' executor
[0.418s] DEBUG:colcon.colcon_parallel_executor.executor.parallel:run_until_complete
[0.418s] INFO:colcon.colcon_ros.task.ament_cmake.build:Building ROS package in '/home/terry/robot_ws/src/serial_motor_demo/serial_motor_demo_msgs' with build type 'ament_cmake'
[0.418s] INFO:colcon.colcon_cmake.task.cmake.build:Building CMake package in '/home/terry/robot_ws/src/serial_motor_demo/serial_motor_demo_msgs'
[0.422s] INFO:colcon.colcon_core.plugin_system:Skipping extension 'colcon_core.shell.bat': Not used on non-Windows systems
[0.422s] INFO:colcon.colcon_core.shell:Skip shell extension 'powershell' for command environment: Not usable outside of PowerShell
[0.422s] DEBUG:colcon.colcon_core.shell:Skip shell extension 'dsv' for command environment
[0.429s] INFO:colcon.colcon_ros.task.ament_cmake.build:Building ROS package in '/home/terry/robot_ws/src/my_bot' with build type 'ament_cmake'
[0.429s] INFO:colcon.colcon_cmake.task.cmake.build:Building CMake package in '/home/terry/robot_ws/src/my_bot'
[0.430s] INFO:colcon.colcon_core.shell:Skip shell extension 'powershell' for command environment: Not usable outside of PowerShell
[0.430s] DEBUG:colcon.colcon_core.shell:Skip shell extension 'dsv' for command environment
[0.437s] INFO:colcon.colcon_ros.task.ament_cmake.build:Building ROS package in '/home/terry/robot_ws/src/my_package' with build type 'ament_cmake'
[0.438s] INFO:colcon.colcon_cmake.task.cmake.build:Building CMake package in '/home/terry/robot_ws/src/my_package'
[0.438s] INFO:colcon.colcon_core.shell:Skip shell extension 'powershell' for command environment: Not usable outside of PowerShell
[0.439s] DEBUG:colcon.colcon_core.shell:Skip shell extension 'dsv' for command environment
[0.444s] INFO:colcon.colcon_ros.task.ament_cmake.build:Building ROS package in '/home/terry/robot_ws/src/ydlidar_ros2_driver' with build type 'ament_cmake'
[0.445s] INFO:colcon.colcon_cmake.task.cmake.build:Building CMake package in '/home/terry/robot_ws/src/ydlidar_ros2_driver'
[0.446s] INFO:colcon.colcon_core.shell:Skip shell extension 'powershell' for command environment: Not usable outside of PowerShell
[0.446s] DEBUG:colcon.colcon_core.shell:Skip shell extension 'dsv' for command environment
[0.462s] DEBUG:colcon.colcon_core.event_handler.log_command:Invoking command in '/home/terry/robot_ws/build/serial_motor_demo_msgs': CMAKE_PREFIX_PATH=${CMAKE_PREFIX_PATH}:/home/terry/robot_ws/install/serial_motor_demo:/opt/ros/jazzy DEBUGINFOD_URLS=https://debuginfod.ubuntu.com /usr/bin/cmake --build /home/terry/robot_ws/build/serial_motor_demo_msgs -- -j4 -l4
[0.468s] DEBUG:colcon.colcon_core.event_handler.log_command:Invoking command in '/home/terry/robot_ws/build/my_bot': CMAKE_PREFIX_PATH=${CMAKE_PREFIX_PATH}:/home/terry/robot_ws/install/serial_motor_demo:/opt/ros/jazzy DEBUGINFOD_URLS=https://debuginfod.ubuntu.com /usr/bin/cmake --build /home/terry/robot_ws/build/my_bot -- -j4 -l4
[0.473s] DEBUG:colcon.colcon_core.event_handler.log_command:Invoking command in '/home/terry/robot_ws/build/my_package': CMAKE_PREFIX_PATH=${CMAKE_PREFIX_PATH}:/home/terry/robot_ws/install/serial_motor_demo:/opt/ros/jazzy DEBUGINFOD_URLS=https://debuginfod.ubuntu.com /usr/bin/cmake --build /home/terry/robot_ws/build/my_package -- -j4 -l4
[0.498s] DEBUG:colcon.colcon_core.event_handler.log_command:Invoking command in '/home/terry/robot_ws/build/ydlidar_ros2_driver': CMAKE_PREFIX_PATH=${CMAKE_PREFIX_PATH}:/home/terry/robot_ws/install/serial_motor_demo:/opt/ros/jazzy DEBUGINFOD_URLS=https://debuginfod.ubuntu.com /usr/bin/cmake /home/terry/robot_ws/src/ydlidar_ros2_driver -DAMENT_CMAKE_SYMLINK_INSTALL=1 -DCMAKE_INSTALL_PREFIX=/home/terry/robot_ws/install/ydlidar_ros2_driver
[0.570s] DEBUG:colcon.colcon_core.event_handler.log_command:Invoked command in '/home/terry/robot_ws/build/my_bot' returned '0': CMAKE_PREFIX_PATH=${CMAKE_PREFIX_PATH}:/home/terry/robot_ws/install/serial_motor_demo:/opt/ros/jazzy DEBUGINFOD_URLS=https://debuginfod.ubuntu.com /usr/bin/cmake --build /home/terry/robot_ws/build/my_bot -- -j4 -l4
[0.597s] DEBUG:colcon.colcon_core.event_handler.log_command:Invoking command in '/home/terry/robot_ws/build/my_bot': CMAKE_PREFIX_PATH=${CMAKE_PREFIX_PATH}:/home/terry/robot_ws/install/serial_motor_demo:/opt/ros/jazzy DEBUGINFOD_URLS=https://debuginfod.ubuntu.com /usr/bin/cmake --install /home/terry/robot_ws/build/my_bot
[0.604s] DEBUG:colcon.colcon_core.event_handler.log_command:Invoked command in '/home/terry/robot_ws/build/my_package' returned '0': CMAKE_PREFIX_PATH=${CMAKE_PREFIX_PATH}:/home/terry/robot_ws/install/serial_motor_demo:/opt/ros/jazzy DEBUGINFOD_URLS=https://debuginfod.ubuntu.com /usr/bin/cmake --build /home/terry/robot_ws/build/my_package -- -j4 -l4
[0.607s] DEBUG:colcon.colcon_core.event_handler.log_command:Invoking command in '/home/terry/robot_ws/build/my_package': CMAKE_PREFIX_PATH=${CMAKE_PREFIX_PATH}:/home/terry/robot_ws/install/serial_motor_demo:/opt/ros/jazzy DEBUGINFOD_URLS=https://debuginfod.ubuntu.com /usr/bin/cmake --install /home/terry/robot_ws/build/my_package
[0.680s] Level 1:colcon.colcon_core.environment:create_environment_scripts_only(my_bot)
[0.686s] DEBUG:colcon.colcon_core.event_handler.log_command:Invoked command in '/home/terry/robot_ws/build/my_bot' returned '0': CMAKE_PREFIX_PATH=${CMAKE_PREFIX_PATH}:/home/terry/robot_ws/install/serial_motor_demo:/opt/ros/jazzy DEBUGINFOD_URLS=https://debuginfod.ubuntu.com /usr/bin/cmake --install /home/terry/robot_ws/build/my_bot
[0.688s] Level 1:colcon.colcon_core.environment:checking '/home/terry/robot_ws/install/my_bot' for CMake module files
[0.692s] Level 1:colcon.colcon_core.environment:checking '/home/terry/robot_ws/install/my_bot' for CMake config files
[0.696s] Level 1:colcon.colcon_core.shell:create_environment_hook('my_bot', 'cmake_prefix_path')
[0.699s] INFO:colcon.colcon_core.shell:Creating environment hook '/home/terry/robot_ws/install/my_bot/share/my_bot/hook/cmake_prefix_path.ps1'
[0.702s] INFO:colcon.colcon_core.shell:Creating environment descriptor '/home/terry/robot_ws/install/my_bot/share/my_bot/hook/cmake_prefix_path.dsv'
[0.710s] INFO:colcon.colcon_core.shell:Creating environment hook '/home/terry/robot_ws/install/my_bot/share/my_bot/hook/cmake_prefix_path.sh'
[0.712s] Level 1:colcon.colcon_core.environment:checking '/home/terry/robot_ws/install/my_bot/bin'
[0.714s] Level 1:colcon.colcon_core.environment:checking '/home/terry/robot_ws/install/my_bot/lib/pkgconfig/my_bot.pc'
[0.715s] Level 1:colcon.colcon_core.environment:checking '/home/terry/robot_ws/install/my_bot/lib/python3.12/site-packages'
[0.718s] Level 1:colcon.colcon_core.environment:checking '/home/terry/robot_ws/install/my_bot/bin'
[0.719s] INFO:colcon.colcon_core.shell:Creating package script '/home/terry/robot_ws/install/my_bot/share/my_bot/package.ps1'
[0.722s] INFO:colcon.colcon_core.shell:Creating package descriptor '/home/terry/robot_ws/install/my_bot/share/my_bot/package.dsv'
[0.728s] INFO:colcon.colcon_core.shell:Creating package script '/home/terry/robot_ws/install/my_bot/share/my_bot/package.sh'
[0.730s] INFO:colcon.colcon_core.shell:Creating package script '/home/terry/robot_ws/install/my_bot/share/my_bot/package.bash'
[0.735s] INFO:colcon.colcon_core.shell:Creating package script '/home/terry/robot_ws/install/my_bot/share/my_bot/package.zsh'
[0.736s] Level 1:colcon.colcon_core.environment:create_file_with_runtime_dependencies(/home/terry/robot_ws/install/my_bot/share/colcon-core/packages/my_bot)
[0.741s] Level 1:colcon.colcon_core.environment:create_environment_scripts_only(my_bot)
[0.741s] Level 1:colcon.colcon_core.environment:checking '/home/terry/robot_ws/install/my_bot' for CMake module files
[0.743s] Level 1:colcon.colcon_core.environment:checking '/home/terry/robot_ws/install/my_bot' for CMake config files
[0.744s] Level 1:colcon.colcon_core.shell:create_environment_hook('my_bot', 'cmake_prefix_path')
[0.745s] INFO:colcon.colcon_core.shell:Creating environment hook '/home/terry/robot_ws/install/my_bot/share/my_bot/hook/cmake_prefix_path.ps1'
[0.746s] INFO:colcon.colcon_core.shell:Creating environment descriptor '/home/terry/robot_ws/install/my_bot/share/my_bot/hook/cmake_prefix_path.dsv'
[0.750s] INFO:colcon.colcon_core.shell:Creating environment hook '/home/terry/robot_ws/install/my_bot/share/my_bot/hook/cmake_prefix_path.sh'
[0.754s] Level 1:colcon.colcon_core.environment:checking '/home/terry/robot_ws/install/my_bot/bin'
[0.755s] Level 1:colcon.colcon_core.environment:checking '/home/terry/robot_ws/install/my_bot/lib/pkgconfig/my_bot.pc'
[0.756s] Level 1:colcon.colcon_core.environment:checking '/home/terry/robot_ws/install/my_bot/lib/python3.12/site-packages'
[0.756s] Level 1:colcon.colcon_core.environment:checking '/home/terry/robot_ws/install/my_bot/bin'
[0.757s] INFO:colcon.colcon_core.shell:Creating package script '/home/terry/robot_ws/install/my_bot/share/my_bot/package.ps1'
[0.760s] INFO:colcon.colcon_core.shell:Creating package descriptor '/home/terry/robot_ws/install/my_bot/share/my_bot/package.dsv'
[0.762s] INFO:colcon.colcon_core.shell:Creating package script '/home/terry/robot_ws/install/my_bot/share/my_bot/package.sh'
[0.765s] INFO:colcon.colcon_core.shell:Creating package script '/home/terry/robot_ws/install/my_bot/share/my_bot/package.bash'
[0.769s] INFO:colcon.colcon_core.shell:Creating package script '/home/terry/robot_ws/install/my_bot/share/my_bot/package.zsh'
[0.773s] Level 1:colcon.colcon_core.environment:create_file_with_runtime_dependencies(/home/terry/robot_ws/install/my_bot/share/colcon-core/packages/my_bot)
[0.776s] INFO:colcon.colcon_cmake.task.cmake.build:Building CMake package in '/home/terry/robot_ws/src/ydlidar_sdk'
[0.777s] INFO:colcon.colcon_core.shell:Skip shell extension 'powershell' for command environment: Not usable outside of PowerShell
[0.780s] DEBUG:colcon.colcon_core.shell:Skip shell extension 'dsv' for command environment
[0.800s] Level 1:colcon.colcon_core.environment:create_environment_scripts_only(my_package)
[0.801s] Level 1:colcon.colcon_core.environment:checking '/home/terry/robot_ws/install/my_package' for CMake module files
[0.804s] Level 1:colcon.colcon_core.environment:checking '/home/terry/robot_ws/install/my_package' for CMake config files
[0.805s] Level 1:colcon.colcon_core.shell:create_environment_hook('my_package', 'cmake_prefix_path')
[0.803s] DEBUG:colcon.colcon_core.event_handler.log_command:Invoked command in '/home/terry/robot_ws/build/my_package' returned '0': CMAKE_PREFIX_PATH=${CMAKE_PREFIX_PATH}:/home/terry/robot_ws/install/serial_motor_demo:/opt/ros/jazzy DEBUGINFOD_URLS=https://debuginfod.ubuntu.com /usr/bin/cmake --install /home/terry/robot_ws/build/my_package
[0.805s] INFO:colcon.colcon_core.shell:Creating environment hook '/home/terry/robot_ws/install/my_package/share/my_package/hook/cmake_prefix_path.ps1'
[0.807s] INFO:colcon.colcon_core.shell:Creating environment descriptor '/home/terry/robot_ws/install/my_package/share/my_package/hook/cmake_prefix_path.dsv'
[0.812s] INFO:colcon.colcon_core.shell:Creating environment hook '/home/terry/robot_ws/install/my_package/share/my_package/hook/cmake_prefix_path.sh'
[0.814s] Level 1:colcon.colcon_core.environment:checking '/home/terry/robot_ws/install/my_package/bin'
[0.814s] Level 1:colcon.colcon_core.environment:checking '/home/terry/robot_ws/install/my_package/lib/pkgconfig/my_package.pc'
[0.815s] Level 1:colcon.colcon_core.environment:checking '/home/terry/robot_ws/install/my_package/lib/python3.12/site-packages'
[0.815s] Level 1:colcon.colcon_core.environment:checking '/home/terry/robot_ws/install/my_package/bin'
[0.816s] INFO:colcon.colcon_core.shell:Creating package script '/home/terry/robot_ws/install/my_package/share/my_package/package.ps1'
[0.820s] INFO:colcon.colcon_core.shell:Creating package descriptor '/home/terry/robot_ws/install/my_package/share/my_package/package.dsv'
[0.823s] INFO:colcon.colcon_core.shell:Creating package script '/home/terry/robot_ws/install/my_package/share/my_package/package.sh'
[0.827s] INFO:colcon.colcon_core.shell:Creating package script '/home/terry/robot_ws/install/my_package/share/my_package/package.bash'
[0.828s] INFO:colcon.colcon_core.shell:Creating package script '/home/terry/robot_ws/install/my_package/share/my_package/package.zsh'
[0.830s] Level 1:colcon.colcon_core.environment:create_file_with_runtime_dependencies(/home/terry/robot_ws/install/my_package/share/colcon-core/packages/my_package)
[0.831s] Level 1:colcon.colcon_core.environment:create_environment_scripts_only(my_package)
[0.832s] Level 1:colcon.colcon_core.environment:checking '/home/terry/robot_ws/install/my_package' for CMake module files
[0.833s] Level 1:colcon.colcon_core.environment:checking '/home/terry/robot_ws/install/my_package' for CMake config files
[0.834s] Level 1:colcon.colcon_core.shell:create_environment_hook('my_package', 'cmake_prefix_path')
[0.834s] INFO:colcon.colcon_core.shell:Creating environment hook '/home/terry/robot_ws/install/my_package/share/my_package/hook/cmake_prefix_path.ps1'
[0.835s] INFO:colcon.colcon_core.shell:Creating environment descriptor '/home/terry/robot_ws/install/my_package/share/my_package/hook/cmake_prefix_path.dsv'
[0.840s] INFO:colcon.colcon_core.shell:Creating environment hook '/home/terry/robot_ws/install/my_package/share/my_package/hook/cmake_prefix_path.sh'
[0.842s] Level 1:colcon.colcon_core.environment:checking '/home/terry/robot_ws/install/my_package/bin'
[0.843s] Level 1:colcon.colcon_core.environment:checking '/home/terry/robot_ws/install/my_package/lib/pkgconfig/my_package.pc'
[0.846s] Level 1:colcon.colcon_core.environment:checking '/home/terry/robot_ws/install/my_package/lib/python3.12/site-packages'
[0.847s] Level 1:colcon.colcon_core.environment:checking '/home/terry/robot_ws/install/my_package/bin'
[0.848s] INFO:colcon.colcon_core.shell:Creating package script '/home/terry/robot_ws/install/my_package/share/my_package/package.ps1'
[0.852s] INFO:colcon.colcon_core.shell:Creating package descriptor '/home/terry/robot_ws/install/my_package/share/my_package/package.dsv'
[0.854s] INFO:colcon.colcon_core.shell:Creating package script '/home/terry/robot_ws/install/my_package/share/my_package/package.sh'
[0.856s] INFO:colcon.colcon_core.shell:Creating package script '/home/terry/robot_ws/install/my_package/share/my_package/package.bash'
[0.860s] INFO:colcon.colcon_core.shell:Creating package script '/home/terry/robot_ws/install/my_package/share/my_package/package.zsh'
[0.865s] Level 1:colcon.colcon_core.environment:create_file_with_runtime_dependencies(/home/terry/robot_ws/install/my_package/share/colcon-core/packages/my_package)
[0.878s] DEBUG:colcon.colcon_core.event_handler.log_command:Invoking command in '/home/terry/robot_ws/build/ydlidar_sdk': DEBUGINFOD_URLS=https://debuginfod.ubuntu.com /usr/bin/cmake --build /home/terry/robot_ws/build/ydlidar_sdk -- -j4 -l4
[1.644s] DEBUG:colcon.colcon_core.event_handler.log_command:Invoked command in '/home/terry/robot_ws/build/ydlidar_sdk' returned '0': DEBUGINFOD_URLS=https://debuginfod.ubuntu.com /usr/bin/cmake --build /home/terry/robot_ws/build/ydlidar_sdk -- -j4 -l4
[1.650s] DEBUG:colcon.colcon_core.event_handler.log_command:Invoking command in '/home/terry/robot_ws/build/ydlidar_sdk': DEBUGINFOD_URLS=https://debuginfod.ubuntu.com /usr/bin/cmake --install /home/terry/robot_ws/build/ydlidar_sdk
[1.677s] DEBUG:colcon.colcon_core.event_handler.log_command:Invoked command in '/home/terry/robot_ws/build/serial_motor_demo_msgs' returned '0': CMAKE_PREFIX_PATH=${CMAKE_PREFIX_PATH}:/home/terry/robot_ws/install/serial_motor_demo:/opt/ros/jazzy DEBUGINFOD_URLS=https://debuginfod.ubuntu.com /usr/bin/cmake --build /home/terry/robot_ws/build/serial_motor_demo_msgs -- -j4 -l4
[1.680s] DEBUG:colcon.colcon_core.event_handler.log_command:Invoking command in '/home/terry/robot_ws/build/serial_motor_demo_msgs': CMAKE_PREFIX_PATH=${CMAKE_PREFIX_PATH}:/home/terry/robot_ws/install/serial_motor_demo:/opt/ros/jazzy DEBUGINFOD_URLS=https://debuginfod.ubuntu.com /usr/bin/cmake --install /home/terry/robot_ws/build/serial_motor_demo_msgs
[1.785s] Level 1:colcon.colcon_core.environment:create_environment_scripts_only(ydlidar_sdk)
[1.786s] Level 1:colcon.colcon_core.environment:checking '/home/terry/robot_ws/install/ydlidar_sdk' for CMake module files
[1.786s] Level 1:colcon.colcon_core.environment:checking '/home/terry/robot_ws/install/ydlidar_sdk' for CMake config files
[1.787s] Level 1:colcon.colcon_core.shell:create_environment_hook('ydlidar_sdk', 'cmake_prefix_path')
[1.788s] INFO:colcon.colcon_core.shell:Creating environment hook '/home/terry/robot_ws/install/ydlidar_sdk/share/ydlidar_sdk/hook/cmake_prefix_path.ps1'
[1.790s] INFO:colcon.colcon_core.shell:Creating environment descriptor '/home/terry/robot_ws/install/ydlidar_sdk/share/ydlidar_sdk/hook/cmake_prefix_path.dsv'
[1.790s] INFO:colcon.colcon_core.shell:Creating environment hook '/home/terry/robot_ws/install/ydlidar_sdk/share/ydlidar_sdk/hook/cmake_prefix_path.sh'
[1.793s] Level 1:colcon.colcon_core.environment:checking '/home/terry/robot_ws/install/ydlidar_sdk/lib'
[1.793s] Level 1:colcon.colcon_core.environment:checking '/home/terry/robot_ws/install/ydlidar_sdk/bin'
[1.794s] Level 1:colcon.colcon_core.shell:create_environment_hook('ydlidar_sdk', 'path')
[1.794s] INFO:colcon.colcon_core.shell:Creating environment hook '/home/terry/robot_ws/install/ydlidar_sdk/share/ydlidar_sdk/hook/path.ps1'
[1.794s] INFO:colcon.colcon_core.shell:Creating environment descriptor '/home/terry/robot_ws/install/ydlidar_sdk/share/ydlidar_sdk/hook/path.dsv'
[1.795s] INFO:colcon.colcon_core.shell:Creating environment hook '/home/terry/robot_ws/install/ydlidar_sdk/share/ydlidar_sdk/hook/path.sh'
[1.795s] Level 1:colcon.colcon_core.environment:checking '/home/terry/robot_ws/install/ydlidar_sdk/lib/pkgconfig/ydlidar_sdk.pc'
[1.796s] Level 1:colcon.colcon_core.environment:checking '/home/terry/robot_ws/install/ydlidar_sdk/lib/python3.12/site-packages'
[1.800s] Level 1:colcon.colcon_core.environment:checking '/home/terry/robot_ws/install/ydlidar_sdk/bin'
[1.801s] Level 1:colcon.colcon_core.shell:create_environment_hook('ydlidar_sdk', 'pythonscriptspath')
[1.801s] INFO:colcon.colcon_core.shell:Creating environment hook '/home/terry/robot_ws/install/ydlidar_sdk/share/ydlidar_sdk/hook/pythonscriptspath.ps1'
[1.802s] INFO:colcon.colcon_core.shell:Creating environment descriptor '/home/terry/robot_ws/install/ydlidar_sdk/share/ydlidar_sdk/hook/pythonscriptspath.dsv'
[1.802s] INFO:colcon.colcon_core.shell:Creating environment hook '/home/terry/robot_ws/install/ydlidar_sdk/share/ydlidar_sdk/hook/pythonscriptspath.sh'
[1.800s] DEBUG:colcon.colcon_core.event_handler.log_command:Invoked command in '/home/terry/robot_ws/build/ydlidar_sdk' returned '0': DEBUGINFOD_URLS=https://debuginfod.ubuntu.com /usr/bin/cmake --install /home/terry/robot_ws/build/ydlidar_sdk
[1.803s] INFO:colcon.colcon_core.shell:Creating package script '/home/terry/robot_ws/install/ydlidar_sdk/share/ydlidar_sdk/package.ps1'
[1.804s] INFO:colcon.colcon_core.shell:Creating package descriptor '/home/terry/robot_ws/install/ydlidar_sdk/share/ydlidar_sdk/package.dsv'
[1.805s] INFO:colcon.colcon_core.shell:Creating package script '/home/terry/robot_ws/install/ydlidar_sdk/share/ydlidar_sdk/package.sh'
[1.805s] INFO:colcon.colcon_core.shell:Creating package script '/home/terry/robot_ws/install/ydlidar_sdk/share/ydlidar_sdk/package.bash'
[1.806s] INFO:colcon.colcon_core.shell:Creating package script '/home/terry/robot_ws/install/ydlidar_sdk/share/ydlidar_sdk/package.zsh'
[1.806s] Level 1:colcon.colcon_core.environment:create_file_with_runtime_dependencies(/home/terry/robot_ws/install/ydlidar_sdk/share/colcon-core/packages/ydlidar_sdk)
[1.866s] Level 1:colcon.colcon_core.environment:create_environment_scripts_only(serial_motor_demo_msgs)
[1.867s] Level 1:colcon.colcon_core.environment:checking '/home/terry/robot_ws/install/serial_motor_demo_msgs' for CMake module files
[1.868s] DEBUG:colcon.colcon_core.event_handler.log_command:Invoked command in '/home/terry/robot_ws/build/serial_motor_demo_msgs' returned '0': CMAKE_PREFIX_PATH=${CMAKE_PREFIX_PATH}:/home/terry/robot_ws/install/serial_motor_demo:/opt/ros/jazzy DEBUGINFOD_URLS=https://debuginfod.ubuntu.com /usr/bin/cmake --install /home/terry/robot_ws/build/serial_motor_demo_msgs
[1.873s] Level 1:colcon.colcon_core.environment:checking '/home/terry/robot_ws/install/serial_motor_demo_msgs' for CMake config files
[1.875s] Level 1:colcon.colcon_core.shell:create_environment_hook('serial_motor_demo_msgs', 'cmake_prefix_path')
[1.875s] INFO:colcon.colcon_core.shell:Creating environment hook '/home/terry/robot_ws/install/serial_motor_demo_msgs/share/serial_motor_demo_msgs/hook/cmake_prefix_path.ps1'
[1.876s] INFO:colcon.colcon_core.shell:Creating environment descriptor '/home/terry/robot_ws/install/serial_motor_demo_msgs/share/serial_motor_demo_msgs/hook/cmake_prefix_path.dsv'
[1.877s] INFO:colcon.colcon_core.shell:Creating environment hook '/home/terry/robot_ws/install/serial_motor_demo_msgs/share/serial_motor_demo_msgs/hook/cmake_prefix_path.sh'
[1.879s] Level 1:colcon.colcon_core.environment:checking '/home/terry/robot_ws/install/serial_motor_demo_msgs/lib'
[1.879s] Level 1:colcon.colcon_core.shell:create_environment_hook('serial_motor_demo_msgs', 'ld_library_path_lib')
[1.879s] INFO:colcon.colcon_core.shell:Creating environment hook '/home/terry/robot_ws/install/serial_motor_demo_msgs/share/serial_motor_demo_msgs/hook/ld_library_path_lib.ps1'
[1.880s] INFO:colcon.colcon_core.shell:Creating environment descriptor '/home/terry/robot_ws/install/serial_motor_demo_msgs/share/serial_motor_demo_msgs/hook/ld_library_path_lib.dsv'
[1.881s] INFO:colcon.colcon_core.shell:Creating environment hook '/home/terry/robot_ws/install/serial_motor_demo_msgs/share/serial_motor_demo_msgs/hook/ld_library_path_lib.sh'
[1.882s] Level 1:colcon.colcon_core.environment:checking '/home/terry/robot_ws/install/serial_motor_demo_msgs/bin'
[1.883s] Level 1:colcon.colcon_core.environment:checking '/home/terry/robot_ws/install/serial_motor_demo_msgs/lib/pkgconfig/serial_motor_demo_msgs.pc'
[1.883s] Level 1:colcon.colcon_core.environment:checking '/home/terry/robot_ws/install/serial_motor_demo_msgs/lib/python3.12/site-packages'
[1.883s] Level 1:colcon.colcon_core.shell:create_environment_hook('serial_motor_demo_msgs', 'pythonpath')
[1.884s] INFO:colcon.colcon_core.shell:Creating environment hook '/home/terry/robot_ws/install/serial_motor_demo_msgs/share/serial_motor_demo_msgs/hook/pythonpath.ps1'
[1.885s] INFO:colcon.colcon_core.shell:Creating environment descriptor '/home/terry/robot_ws/install/serial_motor_demo_msgs/share/serial_motor_demo_msgs/hook/pythonpath.dsv'
[1.886s] INFO:colcon.colcon_core.shell:Creating environment hook '/home/terry/robot_ws/install/serial_motor_demo_msgs/share/serial_motor_demo_msgs/hook/pythonpath.sh'
[1.887s] Level 1:colcon.colcon_core.environment:checking '/home/terry/robot_ws/install/serial_motor_demo_msgs/bin'
[1.888s] INFO:colcon.colcon_core.shell:Creating package script '/home/terry/robot_ws/install/serial_motor_demo_msgs/share/serial_motor_demo_msgs/package.ps1'
[1.889s] INFO:colcon.colcon_core.shell:Creating package descriptor '/home/terry/robot_ws/install/serial_motor_demo_msgs/share/serial_motor_demo_msgs/package.dsv'
[1.890s] INFO:colcon.colcon_core.shell:Creating package script '/home/terry/robot_ws/install/serial_motor_demo_msgs/share/serial_motor_demo_msgs/package.sh'
[1.891s] INFO:colcon.colcon_core.shell:Creating package script '/home/terry/robot_ws/install/serial_motor_demo_msgs/share/serial_motor_demo_msgs/package.bash'
[1.892s] INFO:colcon.colcon_core.shell:Creating package script '/home/terry/robot_ws/install/serial_motor_demo_msgs/share/serial_motor_demo_msgs/package.zsh'
[1.894s] Level 1:colcon.colcon_core.environment:create_file_with_runtime_dependencies(/home/terry/robot_ws/install/serial_motor_demo_msgs/share/colcon-core/packages/serial_motor_demo_msgs)
[1.896s] Level 1:colcon.colcon_core.environment:create_environment_scripts_only(serial_motor_demo_msgs)
[1.896s] Level 1:colcon.colcon_core.environment:checking '/home/terry/robot_ws/install/serial_motor_demo_msgs' for CMake module files
[1.897s] Level 1:colcon.colcon_core.environment:checking '/home/terry/robot_ws/install/serial_motor_demo_msgs' for CMake config files
[1.899s] Level 1:colcon.colcon_core.shell:create_environment_hook('serial_motor_demo_msgs', 'cmake_prefix_path')
[1.900s] INFO:colcon.colcon_core.shell:Creating environment hook '/home/terry/robot_ws/install/serial_motor_demo_msgs/share/serial_motor_demo_msgs/hook/cmake_prefix_path.ps1'
[1.901s] INFO:colcon.colcon_core.shell:Creating environment descriptor '/home/terry/robot_ws/install/serial_motor_demo_msgs/share/serial_motor_demo_msgs/hook/cmake_prefix_path.dsv'
[1.902s] INFO:colcon.colcon_core.shell:Creating environment hook '/home/terry/robot_ws/install/serial_motor_demo_msgs/share/serial_motor_demo_msgs/hook/cmake_prefix_path.sh'
[1.904s] Level 1:colcon.colcon_core.environment:checking '/home/terry/robot_ws/install/serial_motor_demo_msgs/lib'
[1.904s] Level 1:colcon.colcon_core.shell:create_environment_hook('serial_motor_demo_msgs', 'ld_library_path_lib')
[1.905s] INFO:colcon.colcon_core.shell:Creating environment hook '/home/terry/robot_ws/install/serial_motor_demo_msgs/share/serial_motor_demo_msgs/hook/ld_library_path_lib.ps1'
[1.906s] INFO:colcon.colcon_core.shell:Creating environment descriptor '/home/terry/robot_ws/install/serial_motor_demo_msgs/share/serial_motor_demo_msgs/hook/ld_library_path_lib.dsv'
[1.908s] INFO:colcon.colcon_core.shell:Creating environment hook '/home/terry/robot_ws/install/serial_motor_demo_msgs/share/serial_motor_demo_msgs/hook/ld_library_path_lib.sh'
[1.909s] Level 1:colcon.colcon_core.environment:checking '/home/terry/robot_ws/install/serial_motor_demo_msgs/bin'
[1.909s] Level 1:colcon.colcon_core.environment:checking '/home/terry/robot_ws/install/serial_motor_demo_msgs/lib/pkgconfig/serial_motor_demo_msgs.pc'
[1.910s] Level 1:colcon.colcon_core.environment:checking '/home/terry/robot_ws/install/serial_motor_demo_msgs/lib/python3.12/site-packages'
[1.910s] Level 1:colcon.colcon_core.shell:create_environment_hook('serial_motor_demo_msgs', 'pythonpath')
[1.910s] INFO:colcon.colcon_core.shell:Creating environment hook '/home/terry/robot_ws/install/serial_motor_demo_msgs/share/serial_motor_demo_msgs/hook/pythonpath.ps1'
[1.913s] INFO:colcon.colcon_core.shell:Creating environment descriptor '/home/terry/robot_ws/install/serial_motor_demo_msgs/share/serial_motor_demo_msgs/hook/pythonpath.dsv'
[1.914s] INFO:colcon.colcon_core.shell:Creating environment hook '/home/terry/robot_ws/install/serial_motor_demo_msgs/share/serial_motor_demo_msgs/hook/pythonpath.sh'
[1.915s] Level 1:colcon.colcon_core.environment:checking '/home/terry/robot_ws/install/serial_motor_demo_msgs/bin'
[1.916s] INFO:colcon.colcon_core.shell:Creating package script '/home/terry/robot_ws/install/serial_motor_demo_msgs/share/serial_motor_demo_msgs/package.ps1'
[1.917s] INFO:colcon.colcon_core.shell:Creating package descriptor '/home/terry/robot_ws/install/serial_motor_demo_msgs/share/serial_motor_demo_msgs/package.dsv'
[1.920s] INFO:colcon.colcon_core.shell:Creating package script '/home/terry/robot_ws/install/serial_motor_demo_msgs/share/serial_motor_demo_msgs/package.sh'
[1.921s] INFO:colcon.colcon_core.shell:Creating package script '/home/terry/robot_ws/install/serial_motor_demo_msgs/share/serial_motor_demo_msgs/package.bash'
[1.923s] INFO:colcon.colcon_core.shell:Creating package script '/home/terry/robot_ws/install/serial_motor_demo_msgs/share/serial_motor_demo_msgs/package.zsh'
[1.924s] Level 1:colcon.colcon_core.environment:create_file_with_runtime_dependencies(/home/terry/robot_ws/install/serial_motor_demo_msgs/share/colcon-core/packages/serial_motor_demo_msgs)
[1.927s] INFO:colcon.colcon_ros.task.ament_python.build:Building ROS package in '/home/terry/robot_ws/src/serial_motor_demo/serial_motor_demo' with build type 'ament_python'
[1.928s] Level 1:colcon.colcon_core.shell:create_environment_hook('serial_motor_demo', 'ament_prefix_path')
[1.928s] INFO:colcon.colcon_core.shell:Creating environment hook '/home/terry/robot_ws/install/serial_motor_demo/share/serial_motor_demo/hook/ament_prefix_path.ps1'
[1.930s] INFO:colcon.colcon_core.shell:Creating environment descriptor '/home/terry/robot_ws/install/serial_motor_demo/share/serial_motor_demo/hook/ament_prefix_path.dsv'
[1.930s] INFO:colcon.colcon_core.shell:Creating environment hook '/home/terry/robot_ws/install/serial_motor_demo/share/serial_motor_demo/hook/ament_prefix_path.sh'
[1.931s] INFO:colcon.colcon_core.shell:Skip shell extension 'powershell' for command environment: Not usable outside of PowerShell
[1.931s] DEBUG:colcon.colcon_core.shell:Skip shell extension 'dsv' for command environment
[2.378s] INFO:colcon.colcon_core.task.python.build:Building Python package in '/home/terry/robot_ws/src/serial_motor_demo/serial_motor_demo'
[2.379s] INFO:colcon.colcon_core.shell:Skip shell extension 'powershell' for command environment: Not usable outside of PowerShell
[2.379s] DEBUG:colcon.colcon_core.shell:Skip shell extension 'dsv' for command environment
[2.484s] DEBUG:colcon.colcon_core.event_handler.log_command:Invoked command in '/home/terry/robot_ws/build/ydlidar_ros2_driver' returned '0': CMAKE_PREFIX_PATH=${CMAKE_PREFIX_PATH}:/home/terry/robot_ws/install/serial_motor_demo:/opt/ros/jazzy DEBUGINFOD_URLS=https://debuginfod.ubuntu.com /usr/bin/cmake /home/terry/robot_ws/src/ydlidar_ros2_driver -DAMENT_CMAKE_SYMLINK_INSTALL=1 -DCMAKE_INSTALL_PREFIX=/home/terry/robot_ws/install/ydlidar_ros2_driver
[2.486s] DEBUG:colcon.colcon_core.event_handler.log_command:Invoking command in '/home/terry/robot_ws/build/ydlidar_ros2_driver': CMAKE_PREFIX_PATH=${CMAKE_PREFIX_PATH}:/home/terry/robot_ws/install/serial_motor_demo:/opt/ros/jazzy DEBUGINFOD_URLS=https://debuginfod.ubuntu.com /usr/bin/cmake --build /home/terry/robot_ws/build/ydlidar_ros2_driver -- -j4 -l4
[3.590s] DEBUG:colcon.colcon_core.event_handler.log_command:Invoking command in '/home/terry/robot_ws/build/serial_motor_demo': DEBUGINFOD_URLS=https://debuginfod.ubuntu.com PYTHONPATH=/home/terry/robot_ws/build/serial_motor_demo/prefix_override:/usr/lib/python3/dist-packages/colcon_core/task/python/colcon_distutils_commands:/home/terry/robot_ws/install/serial_motor_demo/lib/python3.12/site-packages:/home/terry/robot_ws/install/serial_motor_demo_msgs/lib/python3.12/site-packages:/home/terry/robot_ws/build/serial_motor_demo:/home/terry/robot_ws/install/serial_motor_demo/lib/python3.12/site-packages:/opt/ros/jazzy/lib/python3.12/site-packages /usr/bin/python3 -W ignore:setup.py install is deprecated -W ignore:easy_install command is deprecated setup.py develop --editable --build-directory /home/terry/robot_ws/build/serial_motor_demo/build --no-deps symlink_data
[4.881s] Level 1:colcon.colcon_core.shell:create_environment_hook('serial_motor_demo', 'pythonpath_develop')
[4.882s] INFO:colcon.colcon_core.shell:Creating environment hook '/home/terry/robot_ws/build/serial_motor_demo/share/serial_motor_demo/hook/pythonpath_develop.ps1'
[4.883s] INFO:colcon.colcon_core.shell:Creating environment descriptor '/home/terry/robot_ws/build/serial_motor_demo/share/serial_motor_demo/hook/pythonpath_develop.dsv'
[4.884s] DEBUG:colcon.colcon_core.event_handler.log_command:Invoked command in '/home/terry/robot_ws/build/serial_motor_demo' returned '0': DEBUGINFOD_URLS=https://debuginfod.ubuntu.com PYTHONPATH=/home/terry/robot_ws/build/serial_motor_demo/prefix_override:/usr/lib/python3/dist-packages/colcon_core/task/python/colcon_distutils_commands:/home/terry/robot_ws/install/serial_motor_demo/lib/python3.12/site-packages:/home/terry/robot_ws/install/serial_motor_demo_msgs/lib/python3.12/site-packages:/home/terry/robot_ws/build/serial_motor_demo:/home/terry/robot_ws/install/serial_motor_demo/lib/python3.12/site-packages:/opt/ros/jazzy/lib/python3.12/site-packages /usr/bin/python3 -W ignore:setup.py install is deprecated -W ignore:easy_install command is deprecated setup.py develop --editable --build-directory /home/terry/robot_ws/build/serial_motor_demo/build --no-deps symlink_data
[4.890s] INFO:colcon.colcon_core.shell:Creating environment hook '/home/terry/robot_ws/build/serial_motor_demo/share/serial_motor_demo/hook/pythonpath_develop.sh'
[4.891s] Level 1:colcon.colcon_core.environment:checking '/home/terry/robot_ws/install/serial_motor_demo' for CMake module files
[4.892s] Level 1:colcon.colcon_core.environment:checking '/home/terry/robot_ws/install/serial_motor_demo' for CMake config files
[4.893s] Level 1:colcon.colcon_core.environment:checking '/home/terry/robot_ws/install/serial_motor_demo/lib'
[4.893s] Level 1:colcon.colcon_core.environment:checking '/home/terry/robot_ws/install/serial_motor_demo/bin'
[4.894s] Level 1:colcon.colcon_core.environment:checking '/home/terry/robot_ws/install/serial_motor_demo/lib/pkgconfig/serial_motor_demo.pc'
[4.894s] Level 1:colcon.colcon_core.environment:checking '/home/terry/robot_ws/install/serial_motor_demo/lib/python3.12/site-packages'
[4.894s] Level 1:colcon.colcon_core.shell:create_environment_hook('serial_motor_demo', 'pythonpath')
[4.895s] INFO:colcon.colcon_core.shell:Creating environment hook '/home/terry/robot_ws/install/serial_motor_demo/share/serial_motor_demo/hook/pythonpath.ps1'
[4.895s] INFO:colcon.colcon_core.shell:Creating environment descriptor '/home/terry/robot_ws/install/serial_motor_demo/share/serial_motor_demo/hook/pythonpath.dsv'
[4.897s] INFO:colcon.colcon_core.shell:Creating environment hook '/home/terry/robot_ws/install/serial_motor_demo/share/serial_motor_demo/hook/pythonpath.sh'
[4.898s] Level 1:colcon.colcon_core.environment:checking '/home/terry/robot_ws/install/serial_motor_demo/bin'
[4.898s] Level 1:colcon.colcon_core.environment:create_environment_scripts_only(serial_motor_demo)
[4.899s] INFO:colcon.colcon_core.shell:Creating package script '/home/terry/robot_ws/install/serial_motor_demo/share/serial_motor_demo/package.ps1'
[4.900s] INFO:colcon.colcon_core.shell:Creating package descriptor '/home/terry/robot_ws/install/serial_motor_demo/share/serial_motor_demo/package.dsv'
[4.901s] INFO:colcon.colcon_core.shell:Creating package script '/home/terry/robot_ws/install/serial_motor_demo/share/serial_motor_demo/package.sh'
[4.903s] INFO:colcon.colcon_core.shell:Creating package script '/home/terry/robot_ws/install/serial_motor_demo/share/serial_motor_demo/package.bash'
[4.904s] INFO:colcon.colcon_core.shell:Creating package script '/home/terry/robot_ws/install/serial_motor_demo/share/serial_motor_demo/package.zsh'
[4.905s] Level 1:colcon.colcon_core.environment:create_file_with_runtime_dependencies(/home/terry/robot_ws/install/serial_motor_demo/share/colcon-core/packages/serial_motor_demo)
[16.003s] DEBUG:colcon.colcon_core.event_handler.log_command:Invoked command in '/home/terry/robot_ws/build/ydlidar_ros2_driver' returned '2': CMAKE_PREFIX_PATH=${CMAKE_PREFIX_PATH}:/home/terry/robot_ws/install/serial_motor_demo:/opt/ros/jazzy DEBUGINFOD_URLS=https://debuginfod.ubuntu.com /usr/bin/cmake --build /home/terry/robot_ws/build/ydlidar_ros2_driver -- -j4 -l4
[16.004s] Level 1:colcon.colcon_core.environment:create_environment_scripts_only(ydlidar_ros2_driver)
[16.004s] Level 1:colcon.colcon_core.environment:checking '/home/terry/robot_ws/install/ydlidar_ros2_driver' for CMake module files
[16.005s] Level 1:colcon.colcon_core.environment:checking '/home/terry/robot_ws/install/ydlidar_ros2_driver' for CMake config files
[16.005s] Level 1:colcon.colcon_core.environment:checking '/home/terry/robot_ws/install/ydlidar_ros2_driver/bin'
[16.005s] Level 1:colcon.colcon_core.environment:checking '/home/terry/robot_ws/install/ydlidar_ros2_driver/lib/pkgconfig/ydlidar_ros2_driver.pc'
[16.006s] Level 1:colcon.colcon_core.environment:checking '/home/terry/robot_ws/install/ydlidar_ros2_driver/lib/python3.12/site-packages'
[16.006s] Level 1:colcon.colcon_core.environment:checking '/home/terry/robot_ws/install/ydlidar_ros2_driver/bin'
[16.006s] INFO:colcon.colcon_core.shell:Creating package script '/home/terry/robot_ws/install/ydlidar_ros2_driver/share/ydlidar_ros2_driver/package.ps1'
[16.007s] INFO:colcon.colcon_core.shell:Creating package descriptor '/home/terry/robot_ws/install/ydlidar_ros2_driver/share/ydlidar_ros2_driver/package.dsv'
[16.008s] INFO:colcon.colcon_core.shell:Creating package script '/home/terry/robot_ws/install/ydlidar_ros2_driver/share/ydlidar_ros2_driver/package.sh'
[16.008s] INFO:colcon.colcon_core.shell:Creating package script '/home/terry/robot_ws/install/ydlidar_ros2_driver/share/ydlidar_ros2_driver/package.bash'
[16.009s] INFO:colcon.colcon_core.shell:Creating package script '/home/terry/robot_ws/install/ydlidar_ros2_driver/share/ydlidar_ros2_driver/package.zsh'
[16.010s] Level 1:colcon.colcon_core.environment:create_file_with_runtime_dependencies(/home/terry/robot_ws/install/ydlidar_ros2_driver/share/colcon-core/packages/ydlidar_ros2_driver)
[16.021s] DEBUG:colcon.colcon_parallel_executor.executor.parallel:closing loop
[16.021s] DEBUG:colcon.colcon_parallel_executor.executor.parallel:loop closed
[16.022s] DEBUG:colcon.colcon_parallel_executor.executor.parallel:run_until_complete finished with '2'
[16.022s] DEBUG:colcon.colcon_core.event_reactor:joining thread
[16.031s] INFO:colcon.colcon_core.plugin_system:Skipping extension 'colcon_notification.desktop_notification.terminal_notifier': Not used on non-Darwin systems
[16.031s] INFO:colcon.colcon_core.plugin_system:Skipping extension 'colcon_notification.desktop_notification.win32': Not used on non-Windows systems
[16.032s] INFO:colcon.colcon_notification.desktop_notification:Sending desktop notification using 'notify2'
[16.070s] DEBUG:colcon.colcon_core.event_reactor:joined thread
[16.071s] INFO:colcon.colcon_core.shell:Creating prefix script '/home/terry/robot_ws/install/local_setup.ps1'
[16.072s] INFO:colcon.colcon_core.shell:Creating prefix util module '/home/terry/robot_ws/install/_local_setup_util_ps1.py'
[16.078s] INFO:colcon.colcon_core.shell:Creating prefix chain script '/home/terry/robot_ws/install/setup.ps1'
[16.080s] INFO:colcon.colcon_core.shell:Creating prefix script '/home/terry/robot_ws/install/local_setup.sh'
[16.081s] INFO:colcon.colcon_core.shell:Creating prefix util module '/home/terry/robot_ws/install/_local_setup_util_sh.py'
[16.083s] INFO:colcon.colcon_core.shell:Creating prefix chain script '/home/terry/robot_ws/install/setup.sh'
[16.084s] INFO:colcon.colcon_core.shell:Creating prefix script '/home/terry/robot_ws/install/local_setup.bash'
[16.085s] INFO:colcon.colcon_core.shell:Creating prefix chain script '/home/terry/robot_ws/install/setup.bash'
[16.087s] INFO:colcon.colcon_core.shell:Creating prefix script '/home/terry/robot_ws/install/local_setup.zsh'
[16.088s] INFO:colcon.colcon_core.shell:Creating prefix chain script '/home/terry/robot_ws/install/setup.zsh'
