[0.148s] DEBUG:colcon:Command line arguments: ['/usr/bin/colcon', 'build', '--symlink-install']
[0.148s] DEBUG:colcon:Parsed command line arguments: Namespace(log_base=None, log_level=None, verb_name='build', build_base='build', install_base='install', merge_install=False, symlink_install=True, test_result_base=None, continue_on_error=False, executor='parallel', parallel_workers=4, event_handlers=None, ignore_user_meta=False, metas=['./colcon.meta'], base_paths=['.'], packages_ignore=None, packages_ignore_regex=None, paths=None, packages_up_to=None, packages_up_to_regex=None, packages_above=None, packages_above_and_dependencies=None, packages_above_depth=None, packages_select_by_dep=None, packages_skip_by_dep=None, packages_skip_up_to=None, packages_select_build_failed=False, packages_skip_build_finished=False, packages_select_test_failures=False, packages_skip_test_passed=False, packages_select=None, packages_skip=None, packages_select_regex=None, packages_skip_regex=None, packages_start=None, packages_end=None, allow_overriding=[], cmake_args=None, cmake_target=None, cmake_target_skip_unavailable=False, cmake_clean_cache=False, cmake_clean_first=False, cmake_force_configure=False, ament_cmake_args=None, catkin_cmake_args=None, catkin_skip_building_tests=False, mixin_files=None, mixin=None, verb_parser=<colcon_mixin.mixin.mixin_argument.MixinArgumentDecorator object at 0xffffba004860>, verb_extension=<colcon_core.verb.build.BuildVerb object at 0xffffba1c0da0>, main=<bound method BuildVerb.main of <colcon_core.verb.build.BuildVerb object at 0xffffba1c0da0>>, mixin_verb=('build',))
[0.204s] Level 1:colcon.colcon_core.package_discovery:discover_packages(colcon_meta) check parameters
[0.205s] Level 1:colcon.colcon_core.package_discovery:discover_packages(recursive) check parameters
[0.205s] Level 1:colcon.colcon_core.package_discovery:discover_packages(ignore) check parameters
[0.205s] Level 1:colcon.colcon_core.package_discovery:discover_packages(path) check parameters
[0.205s] Level 1:colcon.colcon_core.package_discovery:discover_packages(colcon_meta) discover
[0.205s] Level 1:colcon.colcon_core.package_discovery:discover_packages(recursive) discover
[0.205s] INFO:colcon.colcon_core.package_discovery:Crawling recursively for packages in '/home/terry/robot_ws'
[0.205s] Level 1:colcon.colcon_core.package_identification:_identify(.) by extensions ['ignore', 'ignore_ament_install']
[0.205s] Level 1:colcon.colcon_core.package_identification:_identify(.) by extension 'ignore'
[0.205s] Level 1:colcon.colcon_core.package_identification:_identify(.) by extension 'ignore_ament_install'
[0.205s] Level 1:colcon.colcon_core.package_identification:_identify(.) by extensions ['colcon_pkg']
[0.205s] Level 1:colcon.colcon_core.package_identification:_identify(.) by extension 'colcon_pkg'
[0.205s] Level 1:colcon.colcon_core.package_identification:_identify(.) by extensions ['colcon_meta']
[0.205s] Level 1:colcon.colcon_core.package_identification:_identify(.) by extension 'colcon_meta'
[0.205s] Level 1:colcon.colcon_core.package_identification:_identify(.) by extensions ['ros']
[0.205s] Level 1:colcon.colcon_core.package_identification:_identify(.) by extension 'ros'
[0.243s] Level 1:colcon.colcon_core.package_identification:_identify(.) by extensions ['cmake', 'python']
[0.244s] Level 1:colcon.colcon_core.package_identification:_identify(.) by extension 'cmake'
[0.244s] Level 1:colcon.colcon_core.package_identification:_identify(.) by extension 'python'
[0.244s] Level 1:colcon.colcon_core.package_identification:_identify(.) by extensions ['python_setup_py']
[0.244s] Level 1:colcon.colcon_core.package_identification:_identify(.) by extension 'python_setup_py'
[0.244s] Level 1:colcon.colcon_core.package_identification:_identify(build) by extensions ['ignore', 'ignore_ament_install']
[0.244s] Level 1:colcon.colcon_core.package_identification:_identify(build) by extension 'ignore'
[0.244s] Level 1:colcon.colcon_core.package_identification:_identify(build) ignored
[0.244s] Level 1:colcon.colcon_core.package_identification:_identify(install) by extensions ['ignore', 'ignore_ament_install']
[0.244s] Level 1:colcon.colcon_core.package_identification:_identify(install) by extension 'ignore'
[0.245s] Level 1:colcon.colcon_core.package_identification:_identify(install) ignored
[0.245s] Level 1:colcon.colcon_core.package_identification:_identify(log) by extensions ['ignore', 'ignore_ament_install']
[0.245s] Level 1:colcon.colcon_core.package_identification:_identify(log) by extension 'ignore'
[0.245s] Level 1:colcon.colcon_core.package_identification:_identify(log) ignored
[0.245s] Level 1:colcon.colcon_core.package_identification:_identify(src) by extensions ['ignore', 'ignore_ament_install']
[0.245s] Level 1:colcon.colcon_core.package_identification:_identify(src) by extension 'ignore'
[0.245s] Level 1:colcon.colcon_core.package_identification:_identify(src) by extension 'ignore_ament_install'
[0.245s] Level 1:colcon.colcon_core.package_identification:_identify(src) by extensions ['colcon_pkg']
[0.245s] Level 1:colcon.colcon_core.package_identification:_identify(src) by extension 'colcon_pkg'
[0.245s] Level 1:colcon.colcon_core.package_identification:_identify(src) by extensions ['colcon_meta']
[0.245s] Level 1:colcon.colcon_core.package_identification:_identify(src) by extension 'colcon_meta'
[0.245s] Level 1:colcon.colcon_core.package_identification:_identify(src) by extensions ['ros']
[0.245s] Level 1:colcon.colcon_core.package_identification:_identify(src) by extension 'ros'
[0.245s] Level 1:colcon.colcon_core.package_identification:_identify(src) by extensions ['cmake', 'python']
[0.245s] Level 1:colcon.colcon_core.package_identification:_identify(src) by extension 'cmake'
[0.246s] Level 1:colcon.colcon_core.package_identification:_identify(src) by extension 'python'
[0.246s] Level 1:colcon.colcon_core.package_identification:_identify(src) by extensions ['python_setup_py']
[0.246s] Level 1:colcon.colcon_core.package_identification:_identify(src) by extension 'python_setup_py'
[0.246s] Level 1:colcon.colcon_core.package_identification:_identify(src/my_bot) by extensions ['ignore', 'ignore_ament_install']
[0.246s] Level 1:colcon.colcon_core.package_identification:_identify(src/my_bot) by extension 'ignore'
[0.246s] Level 1:colcon.colcon_core.package_identification:_identify(src/my_bot) by extension 'ignore_ament_install'
[0.246s] Level 1:colcon.colcon_core.package_identification:_identify(src/my_bot) by extensions ['colcon_pkg']
[0.246s] Level 1:colcon.colcon_core.package_identification:_identify(src/my_bot) by extension 'colcon_pkg'
[0.246s] Level 1:colcon.colcon_core.package_identification:_identify(src/my_bot) by extensions ['colcon_meta']
[0.246s] Level 1:colcon.colcon_core.package_identification:_identify(src/my_bot) by extension 'colcon_meta'
[0.246s] Level 1:colcon.colcon_core.package_identification:_identify(src/my_bot) by extensions ['ros']
[0.246s] Level 1:colcon.colcon_core.package_identification:_identify(src/my_bot) by extension 'ros'
[0.249s] DEBUG:colcon.colcon_core.package_identification:Package 'src/my_bot' with type 'ros.ament_cmake' and name 'my_bot'
[0.249s] Level 1:colcon.colcon_core.package_identification:_identify(src/my_package) by extensions ['ignore', 'ignore_ament_install']
[0.249s] Level 1:colcon.colcon_core.package_identification:_identify(src/my_package) by extension 'ignore'
[0.250s] Level 1:colcon.colcon_core.package_identification:_identify(src/my_package) by extension 'ignore_ament_install'
[0.250s] Level 1:colcon.colcon_core.package_identification:_identify(src/my_package) by extensions ['colcon_pkg']
[0.250s] Level 1:colcon.colcon_core.package_identification:_identify(src/my_package) by extension 'colcon_pkg'
[0.250s] Level 1:colcon.colcon_core.package_identification:_identify(src/my_package) by extensions ['colcon_meta']
[0.250s] Level 1:colcon.colcon_core.package_identification:_identify(src/my_package) by extension 'colcon_meta'
[0.250s] Level 1:colcon.colcon_core.package_identification:_identify(src/my_package) by extensions ['ros']
[0.250s] Level 1:colcon.colcon_core.package_identification:_identify(src/my_package) by extension 'ros'
[0.250s] DEBUG:colcon.colcon_core.package_identification:Package 'src/my_package' with type 'ros.ament_cmake' and name 'my_package'
[0.250s] Level 1:colcon.colcon_core.package_identification:_identify(src/serial_motor_demo) by extensions ['ignore', 'ignore_ament_install']
[0.251s] Level 1:colcon.colcon_core.package_identification:_identify(src/serial_motor_demo) by extension 'ignore'
[0.251s] Level 1:colcon.colcon_core.package_identification:_identify(src/serial_motor_demo) by extension 'ignore_ament_install'
[0.251s] Level 1:colcon.colcon_core.package_identification:_identify(src/serial_motor_demo) by extensions ['colcon_pkg']
[0.251s] Level 1:colcon.colcon_core.package_identification:_identify(src/serial_motor_demo) by extension 'colcon_pkg'
[0.251s] Level 1:colcon.colcon_core.package_identification:_identify(src/serial_motor_demo) by extensions ['colcon_meta']
[0.251s] Level 1:colcon.colcon_core.package_identification:_identify(src/serial_motor_demo) by extension 'colcon_meta'
[0.251s] Level 1:colcon.colcon_core.package_identification:_identify(src/serial_motor_demo) by extensions ['ros']
[0.251s] Level 1:colcon.colcon_core.package_identification:_identify(src/serial_motor_demo) by extension 'ros'
[0.251s] Level 1:colcon.colcon_core.package_identification:_identify(src/serial_motor_demo) by extensions ['cmake', 'python']
[0.251s] Level 1:colcon.colcon_core.package_identification:_identify(src/serial_motor_demo) by extension 'cmake'
[0.251s] Level 1:colcon.colcon_core.package_identification:_identify(src/serial_motor_demo) by extension 'python'
[0.251s] Level 1:colcon.colcon_core.package_identification:_identify(src/serial_motor_demo) by extensions ['python_setup_py']
[0.251s] Level 1:colcon.colcon_core.package_identification:_identify(src/serial_motor_demo) by extension 'python_setup_py'
[0.251s] Level 1:colcon.colcon_core.package_identification:_identify(src/serial_motor_demo/serial_motor_demo) by extensions ['ignore', 'ignore_ament_install']
[0.251s] Level 1:colcon.colcon_core.package_identification:_identify(src/serial_motor_demo/serial_motor_demo) by extension 'ignore'
[0.251s] Level 1:colcon.colcon_core.package_identification:_identify(src/serial_motor_demo/serial_motor_demo) by extension 'ignore_ament_install'
[0.251s] Level 1:colcon.colcon_core.package_identification:_identify(src/serial_motor_demo/serial_motor_demo) by extensions ['colcon_pkg']
[0.251s] Level 1:colcon.colcon_core.package_identification:_identify(src/serial_motor_demo/serial_motor_demo) by extension 'colcon_pkg'
[0.252s] Level 1:colcon.colcon_core.package_identification:_identify(src/serial_motor_demo/serial_motor_demo) by extensions ['colcon_meta']
[0.252s] Level 1:colcon.colcon_core.package_identification:_identify(src/serial_motor_demo/serial_motor_demo) by extension 'colcon_meta'
[0.252s] Level 1:colcon.colcon_core.package_identification:_identify(src/serial_motor_demo/serial_motor_demo) by extensions ['ros']
[0.252s] Level 1:colcon.colcon_core.package_identification:_identify(src/serial_motor_demo/serial_motor_demo) by extension 'ros'
[0.252s] DEBUG:colcon.colcon_core.package_identification:Package 'src/serial_motor_demo/serial_motor_demo' with type 'ros.ament_python' and name 'serial_motor_demo'
[0.252s] Level 1:colcon.colcon_core.package_identification:_identify(src/serial_motor_demo/serial_motor_demo_msgs) by extensions ['ignore', 'ignore_ament_install']
[0.252s] Level 1:colcon.colcon_core.package_identification:_identify(src/serial_motor_demo/serial_motor_demo_msgs) by extension 'ignore'
[0.253s] Level 1:colcon.colcon_core.package_identification:_identify(src/serial_motor_demo/serial_motor_demo_msgs) by extension 'ignore_ament_install'
[0.253s] Level 1:colcon.colcon_core.package_identification:_identify(src/serial_motor_demo/serial_motor_demo_msgs) by extensions ['colcon_pkg']
[0.253s] Level 1:colcon.colcon_core.package_identification:_identify(src/serial_motor_demo/serial_motor_demo_msgs) by extension 'colcon_pkg'
[0.253s] Level 1:colcon.colcon_core.package_identification:_identify(src/serial_motor_demo/serial_motor_demo_msgs) by extensions ['colcon_meta']
[0.253s] Level 1:colcon.colcon_core.package_identification:_identify(src/serial_motor_demo/serial_motor_demo_msgs) by extension 'colcon_meta'
[0.253s] Level 1:colcon.colcon_core.package_identification:_identify(src/serial_motor_demo/serial_motor_demo_msgs) by extensions ['ros']
[0.253s] Level 1:colcon.colcon_core.package_identification:_identify(src/serial_motor_demo/serial_motor_demo_msgs) by extension 'ros'
[0.253s] DEBUG:colcon.colcon_core.package_identification:Package 'src/serial_motor_demo/serial_motor_demo_msgs' with type 'ros.ament_cmake' and name 'serial_motor_demo_msgs'
[0.253s] Level 1:colcon.colcon_core.package_identification:_identify(src/ydlidar_ros2_driver) by extensions ['ignore', 'ignore_ament_install']
[0.254s] Level 1:colcon.colcon_core.package_identification:_identify(src/ydlidar_ros2_driver) by extension 'ignore'
[0.254s] Level 1:colcon.colcon_core.package_identification:_identify(src/ydlidar_ros2_driver) by extension 'ignore_ament_install'
[0.254s] Level 1:colcon.colcon_core.package_identification:_identify(src/ydlidar_ros2_driver) by extensions ['colcon_pkg']
[0.254s] Level 1:colcon.colcon_core.package_identification:_identify(src/ydlidar_ros2_driver) by extension 'colcon_pkg'
[0.254s] Level 1:colcon.colcon_core.package_identification:_identify(src/ydlidar_ros2_driver) by extensions ['colcon_meta']
[0.254s] Level 1:colcon.colcon_core.package_identification:_identify(src/ydlidar_ros2_driver) by extension 'colcon_meta'
[0.254s] Level 1:colcon.colcon_core.package_identification:_identify(src/ydlidar_ros2_driver) by extensions ['ros']
[0.254s] Level 1:colcon.colcon_core.package_identification:_identify(src/ydlidar_ros2_driver) by extension 'ros'
[0.255s] DEBUG:colcon.colcon_core.package_identification:Package 'src/ydlidar_ros2_driver' with type 'ros.ament_cmake' and name 'ydlidar_ros2_driver'
[0.255s] Level 1:colcon.colcon_core.package_identification:_identify(src/ydlidar_sdk) by extensions ['ignore', 'ignore_ament_install']
[0.255s] Level 1:colcon.colcon_core.package_identification:_identify(src/ydlidar_sdk) by extension 'ignore'
[0.255s] Level 1:colcon.colcon_core.package_identification:_identify(src/ydlidar_sdk) by extension 'ignore_ament_install'
[0.255s] Level 1:colcon.colcon_core.package_identification:_identify(src/ydlidar_sdk) by extensions ['colcon_pkg']
[0.255s] Level 1:colcon.colcon_core.package_identification:_identify(src/ydlidar_sdk) by extension 'colcon_pkg'
[0.255s] Level 1:colcon.colcon_core.package_identification:_identify(src/ydlidar_sdk) by extensions ['colcon_meta']
[0.255s] Level 1:colcon.colcon_core.package_identification:_identify(src/ydlidar_sdk) by extension 'colcon_meta'
[0.255s] Level 1:colcon.colcon_core.package_identification:_identify(src/ydlidar_sdk) by extensions ['ros']
[0.255s] Level 1:colcon.colcon_core.package_identification:_identify(src/ydlidar_sdk) by extension 'ros'
[0.255s] Level 1:colcon.colcon_core.package_identification:_identify(src/ydlidar_sdk) by extensions ['cmake', 'python']
[0.255s] Level 1:colcon.colcon_core.package_identification:_identify(src/ydlidar_sdk) by extension 'cmake'
[0.263s] Level 1:colcon.colcon_core.package_identification:_identify(src/ydlidar_sdk) by extension 'python'
[0.263s] DEBUG:colcon.colcon_core.package_identification:Package 'src/ydlidar_sdk' with type 'cmake' and name 'ydlidar_sdk'
[0.263s] Level 1:colcon.colcon_core.package_discovery:discover_packages(recursive) using defaults
[0.263s] Level 1:colcon.colcon_core.package_discovery:discover_packages(ignore) discover
[0.263s] Level 1:colcon.colcon_core.package_discovery:discover_packages(ignore) using defaults
[0.263s] Level 1:colcon.colcon_core.package_discovery:discover_packages(path) discover
[0.263s] Level 1:colcon.colcon_core.package_discovery:discover_packages(path) using defaults
[0.287s] Level 1:colcon.colcon_core.package_discovery:discover_packages(prefix_path) check parameters
[0.288s] Level 1:colcon.colcon_core.package_discovery:discover_packages(prefix_path) discover
[0.290s] DEBUG:colcon.colcon_installed_package_information.package_discovery:Found 4 installed packages in /home/terry/robot_ws/install
[0.292s] DEBUG:colcon.colcon_installed_package_information.package_discovery:Found 289 installed packages in /opt/ros/jazzy
[0.294s] Level 1:colcon.colcon_core.package_discovery:discover_packages(prefix_path) using defaults
[0.365s] Level 5:colcon.colcon_core.verb:set package 'my_bot' build argument 'cmake_args' from command line to 'None'
[0.365s] Level 5:colcon.colcon_core.verb:set package 'my_bot' build argument 'cmake_target' from command line to 'None'
[0.365s] Level 5:colcon.colcon_core.verb:set package 'my_bot' build argument 'cmake_target_skip_unavailable' from command line to 'False'
[0.365s] Level 5:colcon.colcon_core.verb:set package 'my_bot' build argument 'cmake_clean_cache' from command line to 'False'
[0.365s] Level 5:colcon.colcon_core.verb:set package 'my_bot' build argument 'cmake_clean_first' from command line to 'False'
[0.365s] Level 5:colcon.colcon_core.verb:set package 'my_bot' build argument 'cmake_force_configure' from command line to 'False'
[0.365s] Level 5:colcon.colcon_core.verb:set package 'my_bot' build argument 'ament_cmake_args' from command line to 'None'
[0.365s] Level 5:colcon.colcon_core.verb:set package 'my_bot' build argument 'catkin_cmake_args' from command line to 'None'
[0.365s] Level 5:colcon.colcon_core.verb:set package 'my_bot' build argument 'catkin_skip_building_tests' from command line to 'False'
[0.365s] DEBUG:colcon.colcon_core.verb:Building package 'my_bot' with the following arguments: {'ament_cmake_args': None, 'build_base': '/home/terry/robot_ws/build/my_bot', 'catkin_cmake_args': None, 'catkin_skip_building_tests': False, 'cmake_args': None, 'cmake_clean_cache': False, 'cmake_clean_first': False, 'cmake_force_configure': False, 'cmake_target': None, 'cmake_target_skip_unavailable': False, 'install_base': '/home/terry/robot_ws/install/my_bot', 'merge_install': False, 'path': '/home/terry/robot_ws/src/my_bot', 'symlink_install': True, 'test_result_base': None}
[0.366s] Level 5:colcon.colcon_core.verb:set package 'my_package' build argument 'cmake_args' from command line to 'None'
[0.366s] Level 5:colcon.colcon_core.verb:set package 'my_package' build argument 'cmake_target' from command line to 'None'
[0.366s] Level 5:colcon.colcon_core.verb:set package 'my_package' build argument 'cmake_target_skip_unavailable' from command line to 'False'
[0.366s] Level 5:colcon.colcon_core.verb:set package 'my_package' build argument 'cmake_clean_cache' from command line to 'False'
[0.366s] Level 5:colcon.colcon_core.verb:set package 'my_package' build argument 'cmake_clean_first' from command line to 'False'
[0.366s] Level 5:colcon.colcon_core.verb:set package 'my_package' build argument 'cmake_force_configure' from command line to 'False'
[0.366s] Level 5:colcon.colcon_core.verb:set package 'my_package' build argument 'ament_cmake_args' from command line to 'None'
[0.366s] Level 5:colcon.colcon_core.verb:set package 'my_package' build argument 'catkin_cmake_args' from command line to 'None'
[0.366s] Level 5:colcon.colcon_core.verb:set package 'my_package' build argument 'catkin_skip_building_tests' from command line to 'False'
[0.366s] DEBUG:colcon.colcon_core.verb:Building package 'my_package' with the following arguments: {'ament_cmake_args': None, 'build_base': '/home/terry/robot_ws/build/my_package', 'catkin_cmake_args': None, 'catkin_skip_building_tests': False, 'cmake_args': None, 'cmake_clean_cache': False, 'cmake_clean_first': False, 'cmake_force_configure': False, 'cmake_target': None, 'cmake_target_skip_unavailable': False, 'install_base': '/home/terry/robot_ws/install/my_package', 'merge_install': False, 'path': '/home/terry/robot_ws/src/my_package', 'symlink_install': True, 'test_result_base': None}
[0.366s] Level 5:colcon.colcon_core.verb:set package 'serial_motor_demo_msgs' build argument 'cmake_args' from command line to 'None'
[0.366s] Level 5:colcon.colcon_core.verb:set package 'serial_motor_demo_msgs' build argument 'cmake_target' from command line to 'None'
[0.366s] Level 5:colcon.colcon_core.verb:set package 'serial_motor_demo_msgs' build argument 'cmake_target_skip_unavailable' from command line to 'False'
[0.366s] Level 5:colcon.colcon_core.verb:set package 'serial_motor_demo_msgs' build argument 'cmake_clean_cache' from command line to 'False'
[0.366s] Level 5:colcon.colcon_core.verb:set package 'serial_motor_demo_msgs' build argument 'cmake_clean_first' from command line to 'False'
[0.366s] Level 5:colcon.colcon_core.verb:set package 'serial_motor_demo_msgs' build argument 'cmake_force_configure' from command line to 'False'
[0.366s] Level 5:colcon.colcon_core.verb:set package 'serial_motor_demo_msgs' build argument 'ament_cmake_args' from command line to 'None'
[0.367s] Level 5:colcon.colcon_core.verb:set package 'serial_motor_demo_msgs' build argument 'catkin_cmake_args' from command line to 'None'
[0.367s] Level 5:colcon.colcon_core.verb:set package 'serial_motor_demo_msgs' build argument 'catkin_skip_building_tests' from command line to 'False'
[0.367s] DEBUG:colcon.colcon_core.verb:Building package 'serial_motor_demo_msgs' with the following arguments: {'ament_cmake_args': None, 'build_base': '/home/terry/robot_ws/build/serial_motor_demo_msgs', 'catkin_cmake_args': None, 'catkin_skip_building_tests': False, 'cmake_args': None, 'cmake_clean_cache': False, 'cmake_clean_first': False, 'cmake_force_configure': False, 'cmake_target': None, 'cmake_target_skip_unavailable': False, 'install_base': '/home/terry/robot_ws/install/serial_motor_demo_msgs', 'merge_install': False, 'path': '/home/terry/robot_ws/src/serial_motor_demo/serial_motor_demo_msgs', 'symlink_install': True, 'test_result_base': None}
[0.367s] Level 5:colcon.colcon_core.verb:set package 'ydlidar_ros2_driver' build argument 'cmake_args' from command line to 'None'
[0.367s] Level 5:colcon.colcon_core.verb:set package 'ydlidar_ros2_driver' build argument 'cmake_target' from command line to 'None'
[0.367s] Level 5:colcon.colcon_core.verb:set package 'ydlidar_ros2_driver' build argument 'cmake_target_skip_unavailable' from command line to 'False'
[0.367s] Level 5:colcon.colcon_core.verb:set package 'ydlidar_ros2_driver' build argument 'cmake_clean_cache' from command line to 'False'
[0.367s] Level 5:colcon.colcon_core.verb:set package 'ydlidar_ros2_driver' build argument 'cmake_clean_first' from command line to 'False'
[0.367s] Level 5:colcon.colcon_core.verb:set package 'ydlidar_ros2_driver' build argument 'cmake_force_configure' from command line to 'False'
[0.367s] Level 5:colcon.colcon_core.verb:set package 'ydlidar_ros2_driver' build argument 'ament_cmake_args' from command line to 'None'
[0.367s] Level 5:colcon.colcon_core.verb:set package 'ydlidar_ros2_driver' build argument 'catkin_cmake_args' from command line to 'None'
[0.367s] Level 5:colcon.colcon_core.verb:set package 'ydlidar_ros2_driver' build argument 'catkin_skip_building_tests' from command line to 'False'
[0.367s] DEBUG:colcon.colcon_core.verb:Building package 'ydlidar_ros2_driver' with the following arguments: {'ament_cmake_args': None, 'build_base': '/home/terry/robot_ws/build/ydlidar_ros2_driver', 'catkin_cmake_args': None, 'catkin_skip_building_tests': False, 'cmake_args': None, 'cmake_clean_cache': False, 'cmake_clean_first': False, 'cmake_force_configure': False, 'cmake_target': None, 'cmake_target_skip_unavailable': False, 'install_base': '/home/terry/robot_ws/install/ydlidar_ros2_driver', 'merge_install': False, 'path': '/home/terry/robot_ws/src/ydlidar_ros2_driver', 'symlink_install': True, 'test_result_base': None}
[0.368s] Level 5:colcon.colcon_core.verb:set package 'ydlidar_sdk' build argument 'cmake_args' from command line to 'None'
[0.368s] Level 5:colcon.colcon_core.verb:set package 'ydlidar_sdk' build argument 'cmake_target' from command line to 'None'
[0.368s] Level 5:colcon.colcon_core.verb:set package 'ydlidar_sdk' build argument 'cmake_target_skip_unavailable' from command line to 'False'
[0.368s] Level 5:colcon.colcon_core.verb:set package 'ydlidar_sdk' build argument 'cmake_clean_cache' from command line to 'False'
[0.368s] Level 5:colcon.colcon_core.verb:set package 'ydlidar_sdk' build argument 'cmake_clean_first' from command line to 'False'
[0.368s] Level 5:colcon.colcon_core.verb:set package 'ydlidar_sdk' build argument 'cmake_force_configure' from command line to 'False'
[0.368s] Level 5:colcon.colcon_core.verb:set package 'ydlidar_sdk' build argument 'ament_cmake_args' from command line to 'None'
[0.368s] Level 5:colcon.colcon_core.verb:set package 'ydlidar_sdk' build argument 'catkin_cmake_args' from command line to 'None'
[0.368s] Level 5:colcon.colcon_core.verb:set package 'ydlidar_sdk' build argument 'catkin_skip_building_tests' from command line to 'False'
[0.368s] DEBUG:colcon.colcon_core.verb:Building package 'ydlidar_sdk' with the following arguments: {'ament_cmake_args': None, 'build_base': '/home/terry/robot_ws/build/ydlidar_sdk', 'catkin_cmake_args': None, 'catkin_skip_building_tests': False, 'cmake_args': None, 'cmake_clean_cache': False, 'cmake_clean_first': False, 'cmake_force_configure': False, 'cmake_target': None, 'cmake_target_skip_unavailable': False, 'install_base': '/home/terry/robot_ws/install/ydlidar_sdk', 'merge_install': False, 'path': '/home/terry/robot_ws/src/ydlidar_sdk', 'symlink_install': True, 'test_result_base': None}
[0.368s] Level 5:colcon.colcon_core.verb:set package 'serial_motor_demo' build argument 'cmake_args' from command line to 'None'
[0.368s] Level 5:colcon.colcon_core.verb:set package 'serial_motor_demo' build argument 'cmake_target' from command line to 'None'
[0.368s] Level 5:colcon.colcon_core.verb:set package 'serial_motor_demo' build argument 'cmake_target_skip_unavailable' from command line to 'False'
[0.368s] Level 5:colcon.colcon_core.verb:set package 'serial_motor_demo' build argument 'cmake_clean_cache' from command line to 'False'
[0.368s] Level 5:colcon.colcon_core.verb:set package 'serial_motor_demo' build argument 'cmake_clean_first' from command line to 'False'
[0.368s] Level 5:colcon.colcon_core.verb:set package 'serial_motor_demo' build argument 'cmake_force_configure' from command line to 'False'
[0.368s] Level 5:colcon.colcon_core.verb:set package 'serial_motor_demo' build argument 'ament_cmake_args' from command line to 'None'
[0.368s] Level 5:colcon.colcon_core.verb:set package 'serial_motor_demo' build argument 'catkin_cmake_args' from command line to 'None'
[0.368s] Level 5:colcon.colcon_core.verb:set package 'serial_motor_demo' build argument 'catkin_skip_building_tests' from command line to 'False'
[0.368s] DEBUG:colcon.colcon_core.verb:Building package 'serial_motor_demo' with the following arguments: {'ament_cmake_args': None, 'build_base': '/home/terry/robot_ws/build/serial_motor_demo', 'catkin_cmake_args': None, 'catkin_skip_building_tests': False, 'cmake_args': None, 'cmake_clean_cache': False, 'cmake_clean_first': False, 'cmake_force_configure': False, 'cmake_target': None, 'cmake_target_skip_unavailable': False, 'install_base': '/home/terry/robot_ws/install/serial_motor_demo', 'merge_install': False, 'path': '/home/terry/robot_ws/src/serial_motor_demo/serial_motor_demo', 'symlink_install': True, 'test_result_base': None}
[0.369s] INFO:colcon.colcon_core.executor:Executing jobs using 'parallel' executor
[0.370s] DEBUG:colcon.colcon_parallel_executor.executor.parallel:run_until_complete
[0.370s] INFO:colcon.colcon_ros.task.ament_cmake.build:Building ROS package in '/home/terry/robot_ws/src/serial_motor_demo/serial_motor_demo_msgs' with build type 'ament_cmake'
[0.370s] INFO:colcon.colcon_cmake.task.cmake.build:Building CMake package in '/home/terry/robot_ws/src/serial_motor_demo/serial_motor_demo_msgs'
[0.373s] INFO:colcon.colcon_core.plugin_system:Skipping extension 'colcon_core.shell.bat': Not used on non-Windows systems
[0.373s] INFO:colcon.colcon_core.shell:Skip shell extension 'powershell' for command environment: Not usable outside of PowerShell
[0.373s] DEBUG:colcon.colcon_core.shell:Skip shell extension 'dsv' for command environment
[0.378s] INFO:colcon.colcon_ros.task.ament_cmake.build:Building ROS package in '/home/terry/robot_ws/src/my_bot' with build type 'ament_cmake'
[0.378s] INFO:colcon.colcon_cmake.task.cmake.build:Building CMake package in '/home/terry/robot_ws/src/my_bot'
[0.379s] INFO:colcon.colcon_core.shell:Skip shell extension 'powershell' for command environment: Not usable outside of PowerShell
[0.379s] DEBUG:colcon.colcon_core.shell:Skip shell extension 'dsv' for command environment
[0.384s] INFO:colcon.colcon_ros.task.ament_cmake.build:Building ROS package in '/home/terry/robot_ws/src/my_package' with build type 'ament_cmake'
[0.384s] INFO:colcon.colcon_cmake.task.cmake.build:Building CMake package in '/home/terry/robot_ws/src/my_package'
[0.385s] INFO:colcon.colcon_core.shell:Skip shell extension 'powershell' for command environment: Not usable outside of PowerShell
[0.385s] DEBUG:colcon.colcon_core.shell:Skip shell extension 'dsv' for command environment
[0.390s] INFO:colcon.colcon_ros.task.ament_cmake.build:Building ROS package in '/home/terry/robot_ws/src/ydlidar_ros2_driver' with build type 'ament_cmake'
[0.390s] INFO:colcon.colcon_cmake.task.cmake.build:Building CMake package in '/home/terry/robot_ws/src/ydlidar_ros2_driver'
[0.390s] INFO:colcon.colcon_core.shell:Skip shell extension 'powershell' for command environment: Not usable outside of PowerShell
[0.390s] DEBUG:colcon.colcon_core.shell:Skip shell extension 'dsv' for command environment
[0.403s] DEBUG:colcon.colcon_core.event_handler.log_command:Invoking command in '/home/terry/robot_ws/build/serial_motor_demo_msgs': CMAKE_PREFIX_PATH=${CMAKE_PREFIX_PATH}:/home/terry/robot_ws/install/serial_motor_demo:/opt/ros/jazzy DEBUGINFOD_URLS=https://debuginfod.ubuntu.com /usr/bin/cmake --build /home/terry/robot_ws/build/serial_motor_demo_msgs -- -j4 -l4
[0.406s] DEBUG:colcon.colcon_core.event_handler.log_command:Invoking command in '/home/terry/robot_ws/build/my_bot': CMAKE_PREFIX_PATH=${CMAKE_PREFIX_PATH}:/home/terry/robot_ws/install/serial_motor_demo:/opt/ros/jazzy DEBUGINFOD_URLS=https://debuginfod.ubuntu.com /usr/bin/cmake --build /home/terry/robot_ws/build/my_bot -- -j4 -l4
[0.414s] DEBUG:colcon.colcon_core.event_handler.log_command:Invoking command in '/home/terry/robot_ws/build/my_package': CMAKE_PREFIX_PATH=${CMAKE_PREFIX_PATH}:/home/terry/robot_ws/install/serial_motor_demo:/opt/ros/jazzy DEBUGINFOD_URLS=https://debuginfod.ubuntu.com /usr/bin/cmake --build /home/terry/robot_ws/build/my_package -- -j4 -l4
[0.432s] DEBUG:colcon.colcon_core.event_handler.log_command:Invoking command in '/home/terry/robot_ws/build/ydlidar_ros2_driver': CMAKE_PREFIX_PATH=${CMAKE_PREFIX_PATH}:/home/terry/robot_ws/install/serial_motor_demo:/opt/ros/jazzy DEBUGINFOD_URLS=https://debuginfod.ubuntu.com /usr/bin/cmake /home/terry/robot_ws/src/ydlidar_ros2_driver -DAMENT_CMAKE_SYMLINK_INSTALL=1 -DCMAKE_INSTALL_PREFIX=/home/terry/robot_ws/install/ydlidar_ros2_driver
[0.499s] DEBUG:colcon.colcon_core.event_handler.log_command:Invoked command in '/home/terry/robot_ws/build/my_bot' returned '0': CMAKE_PREFIX_PATH=${CMAKE_PREFIX_PATH}:/home/terry/robot_ws/install/serial_motor_demo:/opt/ros/jazzy DEBUGINFOD_URLS=https://debuginfod.ubuntu.com /usr/bin/cmake --build /home/terry/robot_ws/build/my_bot -- -j4 -l4
[0.526s] DEBUG:colcon.colcon_core.event_handler.log_command:Invoking command in '/home/terry/robot_ws/build/my_bot': CMAKE_PREFIX_PATH=${CMAKE_PREFIX_PATH}:/home/terry/robot_ws/install/serial_motor_demo:/opt/ros/jazzy DEBUGINFOD_URLS=https://debuginfod.ubuntu.com /usr/bin/cmake --install /home/terry/robot_ws/build/my_bot
[0.530s] DEBUG:colcon.colcon_core.event_handler.log_command:Invoked command in '/home/terry/robot_ws/build/my_package' returned '0': CMAKE_PREFIX_PATH=${CMAKE_PREFIX_PATH}:/home/terry/robot_ws/install/serial_motor_demo:/opt/ros/jazzy DEBUGINFOD_URLS=https://debuginfod.ubuntu.com /usr/bin/cmake --build /home/terry/robot_ws/build/my_package -- -j4 -l4
[0.530s] DEBUG:colcon.colcon_core.event_handler.log_command:Invoking command in '/home/terry/robot_ws/build/my_package': CMAKE_PREFIX_PATH=${CMAKE_PREFIX_PATH}:/home/terry/robot_ws/install/serial_motor_demo:/opt/ros/jazzy DEBUGINFOD_URLS=https://debuginfod.ubuntu.com /usr/bin/cmake --install /home/terry/robot_ws/build/my_package
[0.629s] Level 1:colcon.colcon_core.environment:create_environment_scripts_only(my_package)
[0.637s] DEBUG:colcon.colcon_core.event_handler.log_command:Invoked command in '/home/terry/robot_ws/build/my_package' returned '0': CMAKE_PREFIX_PATH=${CMAKE_PREFIX_PATH}:/home/terry/robot_ws/install/serial_motor_demo:/opt/ros/jazzy DEBUGINFOD_URLS=https://debuginfod.ubuntu.com /usr/bin/cmake --install /home/terry/robot_ws/build/my_package
[0.638s] Level 1:colcon.colcon_core.environment:checking '/home/terry/robot_ws/install/my_package' for CMake module files
[0.640s] Level 1:colcon.colcon_core.environment:checking '/home/terry/robot_ws/install/my_package' for CMake config files
[0.642s] Level 1:colcon.colcon_core.shell:create_environment_hook('my_package', 'cmake_prefix_path')
[0.642s] INFO:colcon.colcon_core.shell:Creating environment hook '/home/terry/robot_ws/install/my_package/share/my_package/hook/cmake_prefix_path.ps1'
[0.644s] INFO:colcon.colcon_core.shell:Creating environment descriptor '/home/terry/robot_ws/install/my_package/share/my_package/hook/cmake_prefix_path.dsv'
[0.651s] INFO:colcon.colcon_core.shell:Creating environment hook '/home/terry/robot_ws/install/my_package/share/my_package/hook/cmake_prefix_path.sh'
[0.656s] Level 1:colcon.colcon_core.environment:checking '/home/terry/robot_ws/install/my_package/bin'
[0.656s] Level 1:colcon.colcon_core.environment:checking '/home/terry/robot_ws/install/my_package/lib/pkgconfig/my_package.pc'
[0.658s] Level 1:colcon.colcon_core.environment:checking '/home/terry/robot_ws/install/my_package/lib/python3.12/site-packages'
[0.659s] Level 1:colcon.colcon_core.environment:checking '/home/terry/robot_ws/install/my_package/bin'
[0.661s] INFO:colcon.colcon_core.shell:Creating package script '/home/terry/robot_ws/install/my_package/share/my_package/package.ps1'
[0.663s] INFO:colcon.colcon_core.shell:Creating package descriptor '/home/terry/robot_ws/install/my_package/share/my_package/package.dsv'
[0.667s] INFO:colcon.colcon_core.shell:Creating package script '/home/terry/robot_ws/install/my_package/share/my_package/package.sh'
[0.669s] INFO:colcon.colcon_core.shell:Creating package script '/home/terry/robot_ws/install/my_package/share/my_package/package.bash'
[0.671s] INFO:colcon.colcon_core.shell:Creating package script '/home/terry/robot_ws/install/my_package/share/my_package/package.zsh'
[0.674s] Level 1:colcon.colcon_core.environment:create_file_with_runtime_dependencies(/home/terry/robot_ws/install/my_package/share/colcon-core/packages/my_package)
[0.677s] Level 1:colcon.colcon_core.environment:create_environment_scripts_only(my_package)
[0.678s] Level 1:colcon.colcon_core.environment:checking '/home/terry/robot_ws/install/my_package' for CMake module files
[0.685s] Level 1:colcon.colcon_core.environment:checking '/home/terry/robot_ws/install/my_package' for CMake config files
[0.686s] Level 1:colcon.colcon_core.shell:create_environment_hook('my_package', 'cmake_prefix_path')
[0.687s] INFO:colcon.colcon_core.shell:Creating environment hook '/home/terry/robot_ws/install/my_package/share/my_package/hook/cmake_prefix_path.ps1'
[0.694s] INFO:colcon.colcon_core.shell:Creating environment descriptor '/home/terry/robot_ws/install/my_package/share/my_package/hook/cmake_prefix_path.dsv'
[0.695s] INFO:colcon.colcon_core.shell:Creating environment hook '/home/terry/robot_ws/install/my_package/share/my_package/hook/cmake_prefix_path.sh'
[0.703s] Level 1:colcon.colcon_core.environment:checking '/home/terry/robot_ws/install/my_package/bin'
[0.703s] Level 1:colcon.colcon_core.environment:checking '/home/terry/robot_ws/install/my_package/lib/pkgconfig/my_package.pc'
[0.703s] Level 1:colcon.colcon_core.environment:checking '/home/terry/robot_ws/install/my_package/lib/python3.12/site-packages'
[0.704s] Level 1:colcon.colcon_core.environment:checking '/home/terry/robot_ws/install/my_package/bin'
[0.704s] INFO:colcon.colcon_core.shell:Creating package script '/home/terry/robot_ws/install/my_package/share/my_package/package.ps1'
[0.711s] INFO:colcon.colcon_core.shell:Creating package descriptor '/home/terry/robot_ws/install/my_package/share/my_package/package.dsv'
[0.712s] INFO:colcon.colcon_core.shell:Creating package script '/home/terry/robot_ws/install/my_package/share/my_package/package.sh'
[0.716s] INFO:colcon.colcon_core.shell:Creating package script '/home/terry/robot_ws/install/my_package/share/my_package/package.bash'
[0.721s] INFO:colcon.colcon_core.shell:Creating package script '/home/terry/robot_ws/install/my_package/share/my_package/package.zsh'
[0.726s] Level 1:colcon.colcon_core.environment:create_file_with_runtime_dependencies(/home/terry/robot_ws/install/my_package/share/colcon-core/packages/my_package)
[0.727s] INFO:colcon.colcon_cmake.task.cmake.build:Building CMake package in '/home/terry/robot_ws/src/ydlidar_sdk'
[0.728s] INFO:colcon.colcon_core.shell:Skip shell extension 'powershell' for command environment: Not usable outside of PowerShell
[0.728s] DEBUG:colcon.colcon_core.shell:Skip shell extension 'dsv' for command environment
[0.758s] DEBUG:colcon.colcon_core.event_handler.log_command:Invoking command in '/home/terry/robot_ws/build/ydlidar_sdk': DEBUGINFOD_URLS=https://debuginfod.ubuntu.com /usr/bin/cmake /home/terry/robot_ws/src/ydlidar_sdk -DCMAKE_INSTALL_PREFIX=/home/terry/robot_ws/install/ydlidar_sdk
[1.272s] Level 1:colcon.colcon_core.environment:create_environment_scripts_only(my_bot)
[1.273s] Level 1:colcon.colcon_core.environment:checking '/home/terry/robot_ws/install/my_bot' for CMake module files
[1.274s] DEBUG:colcon.colcon_core.event_handler.log_command:Invoked command in '/home/terry/robot_ws/build/my_bot' returned '0': CMAKE_PREFIX_PATH=${CMAKE_PREFIX_PATH}:/home/terry/robot_ws/install/serial_motor_demo:/opt/ros/jazzy DEBUGINFOD_URLS=https://debuginfod.ubuntu.com /usr/bin/cmake --install /home/terry/robot_ws/build/my_bot
[1.275s] Level 1:colcon.colcon_core.environment:checking '/home/terry/robot_ws/install/my_bot' for CMake config files
[1.276s] Level 1:colcon.colcon_core.shell:create_environment_hook('my_bot', 'cmake_prefix_path')
[1.276s] INFO:colcon.colcon_core.shell:Creating environment hook '/home/terry/robot_ws/install/my_bot/share/my_bot/hook/cmake_prefix_path.ps1'
[1.277s] INFO:colcon.colcon_core.shell:Creating environment descriptor '/home/terry/robot_ws/install/my_bot/share/my_bot/hook/cmake_prefix_path.dsv'
[1.277s] INFO:colcon.colcon_core.shell:Creating environment hook '/home/terry/robot_ws/install/my_bot/share/my_bot/hook/cmake_prefix_path.sh'
[1.278s] Level 1:colcon.colcon_core.environment:checking '/home/terry/robot_ws/install/my_bot/bin'
[1.279s] Level 1:colcon.colcon_core.environment:checking '/home/terry/robot_ws/install/my_bot/lib/pkgconfig/my_bot.pc'
[1.279s] Level 1:colcon.colcon_core.environment:checking '/home/terry/robot_ws/install/my_bot/lib/python3.12/site-packages'
[1.279s] Level 1:colcon.colcon_core.environment:checking '/home/terry/robot_ws/install/my_bot/bin'
[1.280s] INFO:colcon.colcon_core.shell:Creating package script '/home/terry/robot_ws/install/my_bot/share/my_bot/package.ps1'
[1.280s] INFO:colcon.colcon_core.shell:Creating package descriptor '/home/terry/robot_ws/install/my_bot/share/my_bot/package.dsv'
[1.281s] INFO:colcon.colcon_core.shell:Creating package script '/home/terry/robot_ws/install/my_bot/share/my_bot/package.sh'
[1.282s] INFO:colcon.colcon_core.shell:Creating package script '/home/terry/robot_ws/install/my_bot/share/my_bot/package.bash'
[1.282s] INFO:colcon.colcon_core.shell:Creating package script '/home/terry/robot_ws/install/my_bot/share/my_bot/package.zsh'
[1.283s] Level 1:colcon.colcon_core.environment:create_file_with_runtime_dependencies(/home/terry/robot_ws/install/my_bot/share/colcon-core/packages/my_bot)
[1.284s] Level 1:colcon.colcon_core.environment:create_environment_scripts_only(my_bot)
[1.284s] Level 1:colcon.colcon_core.environment:checking '/home/terry/robot_ws/install/my_bot' for CMake module files
[1.285s] Level 1:colcon.colcon_core.environment:checking '/home/terry/robot_ws/install/my_bot' for CMake config files
[1.286s] Level 1:colcon.colcon_core.shell:create_environment_hook('my_bot', 'cmake_prefix_path')
[1.286s] INFO:colcon.colcon_core.shell:Creating environment hook '/home/terry/robot_ws/install/my_bot/share/my_bot/hook/cmake_prefix_path.ps1'
[1.287s] INFO:colcon.colcon_core.shell:Creating environment descriptor '/home/terry/robot_ws/install/my_bot/share/my_bot/hook/cmake_prefix_path.dsv'
[1.294s] INFO:colcon.colcon_core.shell:Creating environment hook '/home/terry/robot_ws/install/my_bot/share/my_bot/hook/cmake_prefix_path.sh'
[1.298s] Level 1:colcon.colcon_core.environment:checking '/home/terry/robot_ws/install/my_bot/bin'
[1.298s] Level 1:colcon.colcon_core.environment:checking '/home/terry/robot_ws/install/my_bot/lib/pkgconfig/my_bot.pc'
[1.299s] Level 1:colcon.colcon_core.environment:checking '/home/terry/robot_ws/install/my_bot/lib/python3.12/site-packages'
[1.300s] Level 1:colcon.colcon_core.environment:checking '/home/terry/robot_ws/install/my_bot/bin'
[1.300s] INFO:colcon.colcon_core.shell:Creating package script '/home/terry/robot_ws/install/my_bot/share/my_bot/package.ps1'
[1.301s] INFO:colcon.colcon_core.shell:Creating package descriptor '/home/terry/robot_ws/install/my_bot/share/my_bot/package.dsv'
[1.303s] INFO:colcon.colcon_core.shell:Creating package script '/home/terry/robot_ws/install/my_bot/share/my_bot/package.sh'
[1.304s] INFO:colcon.colcon_core.shell:Creating package script '/home/terry/robot_ws/install/my_bot/share/my_bot/package.bash'
[1.305s] INFO:colcon.colcon_core.shell:Creating package script '/home/terry/robot_ws/install/my_bot/share/my_bot/package.zsh'
[1.307s] Level 1:colcon.colcon_core.environment:create_file_with_runtime_dependencies(/home/terry/robot_ws/install/my_bot/share/colcon-core/packages/my_bot)
[1.448s] DEBUG:colcon.colcon_core.event_handler.log_command:Invoked command in '/home/terry/robot_ws/build/serial_motor_demo_msgs' returned '0': CMAKE_PREFIX_PATH=${CMAKE_PREFIX_PATH}:/home/terry/robot_ws/install/serial_motor_demo:/opt/ros/jazzy DEBUGINFOD_URLS=https://debuginfod.ubuntu.com /usr/bin/cmake --build /home/terry/robot_ws/build/serial_motor_demo_msgs -- -j4 -l4
[1.449s] DEBUG:colcon.colcon_core.event_handler.log_command:Invoking command in '/home/terry/robot_ws/build/serial_motor_demo_msgs': CMAKE_PREFIX_PATH=${CMAKE_PREFIX_PATH}:/home/terry/robot_ws/install/serial_motor_demo:/opt/ros/jazzy DEBUGINFOD_URLS=https://debuginfod.ubuntu.com /usr/bin/cmake --install /home/terry/robot_ws/build/serial_motor_demo_msgs
[1.609s] Level 1:colcon.colcon_core.environment:create_environment_scripts_only(serial_motor_demo_msgs)
[1.609s] Level 1:colcon.colcon_core.environment:checking '/home/terry/robot_ws/install/serial_motor_demo_msgs' for CMake module files
[1.611s] Level 1:colcon.colcon_core.environment:checking '/home/terry/robot_ws/install/serial_motor_demo_msgs' for CMake config files
[1.611s] DEBUG:colcon.colcon_core.event_handler.log_command:Invoked command in '/home/terry/robot_ws/build/serial_motor_demo_msgs' returned '0': CMAKE_PREFIX_PATH=${CMAKE_PREFIX_PATH}:/home/terry/robot_ws/install/serial_motor_demo:/opt/ros/jazzy DEBUGINFOD_URLS=https://debuginfod.ubuntu.com /usr/bin/cmake --install /home/terry/robot_ws/build/serial_motor_demo_msgs
[1.613s] Level 1:colcon.colcon_core.shell:create_environment_hook('serial_motor_demo_msgs', 'cmake_prefix_path')
[1.613s] INFO:colcon.colcon_core.shell:Creating environment hook '/home/terry/robot_ws/install/serial_motor_demo_msgs/share/serial_motor_demo_msgs/hook/cmake_prefix_path.ps1'
[1.614s] INFO:colcon.colcon_core.shell:Creating environment descriptor '/home/terry/robot_ws/install/serial_motor_demo_msgs/share/serial_motor_demo_msgs/hook/cmake_prefix_path.dsv'
[1.615s] INFO:colcon.colcon_core.shell:Creating environment hook '/home/terry/robot_ws/install/serial_motor_demo_msgs/share/serial_motor_demo_msgs/hook/cmake_prefix_path.sh'
[1.617s] Level 1:colcon.colcon_core.environment:checking '/home/terry/robot_ws/install/serial_motor_demo_msgs/lib'
[1.617s] Level 1:colcon.colcon_core.shell:create_environment_hook('serial_motor_demo_msgs', 'ld_library_path_lib')
[1.618s] INFO:colcon.colcon_core.shell:Creating environment hook '/home/terry/robot_ws/install/serial_motor_demo_msgs/share/serial_motor_demo_msgs/hook/ld_library_path_lib.ps1'
[1.619s] INFO:colcon.colcon_core.shell:Creating environment descriptor '/home/terry/robot_ws/install/serial_motor_demo_msgs/share/serial_motor_demo_msgs/hook/ld_library_path_lib.dsv'
[1.620s] INFO:colcon.colcon_core.shell:Creating environment hook '/home/terry/robot_ws/install/serial_motor_demo_msgs/share/serial_motor_demo_msgs/hook/ld_library_path_lib.sh'
[1.621s] Level 1:colcon.colcon_core.environment:checking '/home/terry/robot_ws/install/serial_motor_demo_msgs/bin'
[1.622s] Level 1:colcon.colcon_core.environment:checking '/home/terry/robot_ws/install/serial_motor_demo_msgs/lib/pkgconfig/serial_motor_demo_msgs.pc'
[1.622s] Level 1:colcon.colcon_core.environment:checking '/home/terry/robot_ws/install/serial_motor_demo_msgs/lib/python3.12/site-packages'
[1.622s] Level 1:colcon.colcon_core.shell:create_environment_hook('serial_motor_demo_msgs', 'pythonpath')
[1.623s] INFO:colcon.colcon_core.shell:Creating environment hook '/home/terry/robot_ws/install/serial_motor_demo_msgs/share/serial_motor_demo_msgs/hook/pythonpath.ps1'
[1.624s] INFO:colcon.colcon_core.shell:Creating environment descriptor '/home/terry/robot_ws/install/serial_motor_demo_msgs/share/serial_motor_demo_msgs/hook/pythonpath.dsv'
[1.625s] INFO:colcon.colcon_core.shell:Creating environment hook '/home/terry/robot_ws/install/serial_motor_demo_msgs/share/serial_motor_demo_msgs/hook/pythonpath.sh'
[1.626s] Level 1:colcon.colcon_core.environment:checking '/home/terry/robot_ws/install/serial_motor_demo_msgs/bin'
[1.627s] INFO:colcon.colcon_core.shell:Creating package script '/home/terry/robot_ws/install/serial_motor_demo_msgs/share/serial_motor_demo_msgs/package.ps1'
[1.628s] INFO:colcon.colcon_core.shell:Creating package descriptor '/home/terry/robot_ws/install/serial_motor_demo_msgs/share/serial_motor_demo_msgs/package.dsv'
[1.628s] INFO:colcon.colcon_core.shell:Creating package script '/home/terry/robot_ws/install/serial_motor_demo_msgs/share/serial_motor_demo_msgs/package.sh'
[1.629s] INFO:colcon.colcon_core.shell:Creating package script '/home/terry/robot_ws/install/serial_motor_demo_msgs/share/serial_motor_demo_msgs/package.bash'
[1.630s] INFO:colcon.colcon_core.shell:Creating package script '/home/terry/robot_ws/install/serial_motor_demo_msgs/share/serial_motor_demo_msgs/package.zsh'
[1.631s] Level 1:colcon.colcon_core.environment:create_file_with_runtime_dependencies(/home/terry/robot_ws/install/serial_motor_demo_msgs/share/colcon-core/packages/serial_motor_demo_msgs)
[1.634s] Level 1:colcon.colcon_core.environment:create_environment_scripts_only(serial_motor_demo_msgs)
[1.634s] Level 1:colcon.colcon_core.environment:checking '/home/terry/robot_ws/install/serial_motor_demo_msgs' for CMake module files
[1.635s] Level 1:colcon.colcon_core.environment:checking '/home/terry/robot_ws/install/serial_motor_demo_msgs' for CMake config files
[1.637s] Level 1:colcon.colcon_core.shell:create_environment_hook('serial_motor_demo_msgs', 'cmake_prefix_path')
[1.637s] INFO:colcon.colcon_core.shell:Creating environment hook '/home/terry/robot_ws/install/serial_motor_demo_msgs/share/serial_motor_demo_msgs/hook/cmake_prefix_path.ps1'
[1.638s] INFO:colcon.colcon_core.shell:Creating environment descriptor '/home/terry/robot_ws/install/serial_motor_demo_msgs/share/serial_motor_demo_msgs/hook/cmake_prefix_path.dsv'
[1.639s] INFO:colcon.colcon_core.shell:Creating environment hook '/home/terry/robot_ws/install/serial_motor_demo_msgs/share/serial_motor_demo_msgs/hook/cmake_prefix_path.sh'
[1.642s] Level 1:colcon.colcon_core.environment:checking '/home/terry/robot_ws/install/serial_motor_demo_msgs/lib'
[1.642s] Level 1:colcon.colcon_core.shell:create_environment_hook('serial_motor_demo_msgs', 'ld_library_path_lib')
[1.643s] INFO:colcon.colcon_core.shell:Creating environment hook '/home/terry/robot_ws/install/serial_motor_demo_msgs/share/serial_motor_demo_msgs/hook/ld_library_path_lib.ps1'
[1.644s] INFO:colcon.colcon_core.shell:Creating environment descriptor '/home/terry/robot_ws/install/serial_motor_demo_msgs/share/serial_motor_demo_msgs/hook/ld_library_path_lib.dsv'
[1.645s] INFO:colcon.colcon_core.shell:Creating environment hook '/home/terry/robot_ws/install/serial_motor_demo_msgs/share/serial_motor_demo_msgs/hook/ld_library_path_lib.sh'
[1.646s] Level 1:colcon.colcon_core.environment:checking '/home/terry/robot_ws/install/serial_motor_demo_msgs/bin'
[1.646s] Level 1:colcon.colcon_core.environment:checking '/home/terry/robot_ws/install/serial_motor_demo_msgs/lib/pkgconfig/serial_motor_demo_msgs.pc'
[1.647s] Level 1:colcon.colcon_core.environment:checking '/home/terry/robot_ws/install/serial_motor_demo_msgs/lib/python3.12/site-packages'
[1.647s] Level 1:colcon.colcon_core.shell:create_environment_hook('serial_motor_demo_msgs', 'pythonpath')
[1.648s] INFO:colcon.colcon_core.shell:Creating environment hook '/home/terry/robot_ws/install/serial_motor_demo_msgs/share/serial_motor_demo_msgs/hook/pythonpath.ps1'
[1.649s] INFO:colcon.colcon_core.shell:Creating environment descriptor '/home/terry/robot_ws/install/serial_motor_demo_msgs/share/serial_motor_demo_msgs/hook/pythonpath.dsv'
[1.650s] INFO:colcon.colcon_core.shell:Creating environment hook '/home/terry/robot_ws/install/serial_motor_demo_msgs/share/serial_motor_demo_msgs/hook/pythonpath.sh'
[1.651s] Level 1:colcon.colcon_core.environment:checking '/home/terry/robot_ws/install/serial_motor_demo_msgs/bin'
[1.652s] INFO:colcon.colcon_core.shell:Creating package script '/home/terry/robot_ws/install/serial_motor_demo_msgs/share/serial_motor_demo_msgs/package.ps1'
[1.654s] INFO:colcon.colcon_core.shell:Creating package descriptor '/home/terry/robot_ws/install/serial_motor_demo_msgs/share/serial_motor_demo_msgs/package.dsv'
[1.655s] INFO:colcon.colcon_core.shell:Creating package script '/home/terry/robot_ws/install/serial_motor_demo_msgs/share/serial_motor_demo_msgs/package.sh'
[1.657s] INFO:colcon.colcon_core.shell:Creating package script '/home/terry/robot_ws/install/serial_motor_demo_msgs/share/serial_motor_demo_msgs/package.bash'
[1.658s] INFO:colcon.colcon_core.shell:Creating package script '/home/terry/robot_ws/install/serial_motor_demo_msgs/share/serial_motor_demo_msgs/package.zsh'
[1.660s] Level 1:colcon.colcon_core.environment:create_file_with_runtime_dependencies(/home/terry/robot_ws/install/serial_motor_demo_msgs/share/colcon-core/packages/serial_motor_demo_msgs)
[1.663s] INFO:colcon.colcon_ros.task.ament_python.build:Building ROS package in '/home/terry/robot_ws/src/serial_motor_demo/serial_motor_demo' with build type 'ament_python'
[1.663s] Level 1:colcon.colcon_core.shell:create_environment_hook('serial_motor_demo', 'ament_prefix_path')
[1.663s] INFO:colcon.colcon_core.shell:Creating environment hook '/home/terry/robot_ws/install/serial_motor_demo/share/serial_motor_demo/hook/ament_prefix_path.ps1'
[1.665s] INFO:colcon.colcon_core.shell:Creating environment descriptor '/home/terry/robot_ws/install/serial_motor_demo/share/serial_motor_demo/hook/ament_prefix_path.dsv'
[1.666s] INFO:colcon.colcon_core.shell:Creating environment hook '/home/terry/robot_ws/install/serial_motor_demo/share/serial_motor_demo/hook/ament_prefix_path.sh'
[1.668s] INFO:colcon.colcon_core.shell:Skip shell extension 'powershell' for command environment: Not usable outside of PowerShell
[1.668s] DEBUG:colcon.colcon_core.shell:Skip shell extension 'dsv' for command environment
[2.054s] INFO:colcon.colcon_core.task.python.build:Building Python package in '/home/terry/robot_ws/src/serial_motor_demo/serial_motor_demo'
[2.055s] INFO:colcon.colcon_core.shell:Skip shell extension 'powershell' for command environment: Not usable outside of PowerShell
[2.055s] DEBUG:colcon.colcon_core.shell:Skip shell extension 'dsv' for command environment
[2.065s] DEBUG:colcon.colcon_core.event_handler.log_command:Invoked command in '/home/terry/robot_ws/build/ydlidar_ros2_driver' returned '1': CMAKE_PREFIX_PATH=${CMAKE_PREFIX_PATH}:/home/terry/robot_ws/install/serial_motor_demo:/opt/ros/jazzy DEBUGINFOD_URLS=https://debuginfod.ubuntu.com /usr/bin/cmake /home/terry/robot_ws/src/ydlidar_ros2_driver -DAMENT_CMAKE_SYMLINK_INSTALL=1 -DCMAKE_INSTALL_PREFIX=/home/terry/robot_ws/install/ydlidar_ros2_driver
[2.091s] Level 1:colcon.colcon_core.environment:create_environment_scripts_only(ydlidar_ros2_driver)
[2.092s] Level 1:colcon.colcon_core.environment:checking '/home/terry/robot_ws/install/ydlidar_ros2_driver' for CMake module files
[2.092s] Level 1:colcon.colcon_core.environment:checking '/home/terry/robot_ws/install/ydlidar_ros2_driver' for CMake config files
[2.093s] Level 1:colcon.colcon_core.environment:checking '/home/terry/robot_ws/install/ydlidar_ros2_driver/bin'
[2.093s] Level 1:colcon.colcon_core.environment:checking '/home/terry/robot_ws/install/ydlidar_ros2_driver/lib/pkgconfig/ydlidar_ros2_driver.pc'
[2.093s] Level 1:colcon.colcon_core.environment:checking '/home/terry/robot_ws/install/ydlidar_ros2_driver/lib/python3.12/site-packages'
[2.094s] Level 1:colcon.colcon_core.environment:checking '/home/terry/robot_ws/install/ydlidar_ros2_driver/bin'
[2.094s] INFO:colcon.colcon_core.shell:Creating package script '/home/terry/robot_ws/install/ydlidar_ros2_driver/share/ydlidar_ros2_driver/package.ps1'
[2.095s] INFO:colcon.colcon_core.shell:Creating package descriptor '/home/terry/robot_ws/install/ydlidar_ros2_driver/share/ydlidar_ros2_driver/package.dsv'
[2.095s] INFO:colcon.colcon_core.shell:Creating package script '/home/terry/robot_ws/install/ydlidar_ros2_driver/share/ydlidar_ros2_driver/package.sh'
[2.096s] INFO:colcon.colcon_core.shell:Creating package script '/home/terry/robot_ws/install/ydlidar_ros2_driver/share/ydlidar_ros2_driver/package.bash'
[2.097s] INFO:colcon.colcon_core.shell:Creating package script '/home/terry/robot_ws/install/ydlidar_ros2_driver/share/ydlidar_ros2_driver/package.zsh'
[2.101s] Level 1:colcon.colcon_core.environment:create_file_with_runtime_dependencies(/home/terry/robot_ws/install/ydlidar_ros2_driver/share/colcon-core/packages/ydlidar_ros2_driver)
[3.478s] DEBUG:colcon.colcon_parallel_executor.executor.parallel:closing loop
[3.478s] DEBUG:colcon.colcon_parallel_executor.executor.parallel:loop closed
[3.478s] DEBUG:colcon.colcon_parallel_executor.executor.parallel:run_until_complete finished with '1'
[3.478s] DEBUG:colcon.colcon_core.event_reactor:joining thread
[3.489s] INFO:colcon.colcon_core.plugin_system:Skipping extension 'colcon_notification.desktop_notification.terminal_notifier': Not used on non-Darwin systems
[3.489s] INFO:colcon.colcon_core.plugin_system:Skipping extension 'colcon_notification.desktop_notification.win32': Not used on non-Windows systems
[3.490s] INFO:colcon.colcon_notification.desktop_notification:Sending desktop notification using 'notify2'
[3.515s] DEBUG:colcon.colcon_core.event_reactor:joined thread
[3.515s] INFO:colcon.colcon_core.shell:Creating prefix script '/home/terry/robot_ws/install/local_setup.ps1'
[3.516s] INFO:colcon.colcon_core.shell:Creating prefix util module '/home/terry/robot_ws/install/_local_setup_util_ps1.py'
[3.525s] INFO:colcon.colcon_core.shell:Creating prefix chain script '/home/terry/robot_ws/install/setup.ps1'
[3.527s] INFO:colcon.colcon_core.shell:Creating prefix script '/home/terry/robot_ws/install/local_setup.sh'
[3.528s] INFO:colcon.colcon_core.shell:Creating prefix util module '/home/terry/robot_ws/install/_local_setup_util_sh.py'
[3.529s] INFO:colcon.colcon_core.shell:Creating prefix chain script '/home/terry/robot_ws/install/setup.sh'
[3.531s] INFO:colcon.colcon_core.shell:Creating prefix script '/home/terry/robot_ws/install/local_setup.bash'
[3.533s] INFO:colcon.colcon_core.shell:Creating prefix chain script '/home/terry/robot_ws/install/setup.bash'
[3.535s] INFO:colcon.colcon_core.shell:Creating prefix script '/home/terry/robot_ws/install/local_setup.zsh'
[3.537s] INFO:colcon.colcon_core.shell:Creating prefix chain script '/home/terry/robot_ws/install/setup.zsh'
