[0.072s] Invoking command in '/home/terry/robot_ws/src/build/ydlidar_sdk': DEBUGINFOD_URLS=https://debuginfod.ubuntu.com /usr/bin/cmake --build /home/terry/robot_ws/src/build/ydlidar_sdk -- -j4 -l4
[0.235s] [ 39%] Built target ydlidar_sdk
[0.343s] [ 43%] Built target gs_restart
[0.361s] [ 50%] Built target gs_test
[0.367s] [ 52%] Built target et_test
[0.369s] [ 54%] Built target gs_ota
[0.464s] [ 58%] Built target gs_test2
[0.475s] [ 62%] Built target sdm18_test
[0.475s] [ 66%] Built target scl_test
[0.478s] [ 69%] Built target sdm_test
[0.547s] [ 73%] Built target tof_test
[0.555s] [ 77%] Built target tea_test
[0.558s] [ 81%] Built target tia_test
[0.581s] [ 84%] Built target tmini_test
[0.634s] [ 88%] Built target tri_restart
[0.638s] [ 92%] Built target tri_and_gs_test
[0.645s] [ 96%] Built target tri_test
[0.655s] [100%] Built target lidar_c_api_test
[0.681s] Invoked command in '/home/terry/robot_ws/src/build/ydlidar_sdk' returned '0': DEBUGINFOD_URLS=https://debuginfod.ubuntu.com /usr/bin/cmake --build /home/terry/robot_ws/src/build/ydlidar_sdk -- -j4 -l4
[0.683s] Invoking command in '/home/terry/robot_ws/src/build/ydlidar_sdk': DEBUGINFOD_URLS=https://debuginfod.ubuntu.com /usr/bin/cmake --install /home/terry/robot_ws/src/build/ydlidar_sdk
[0.701s] -- Install configuration: ""
[0.702s] -- Up-to-date: /home/terry/robot_ws/src/install/ydlidar_sdk/include/core/base/datatype.h
[0.703s] -- Up-to-date: /home/terry/robot_ws/src/install/ydlidar_sdk/include/core/base/locker.h
[0.703s] -- Up-to-date: /home/terry/robot_ws/src/install/ydlidar_sdk/include/core/base/thread.h
[0.704s] -- Up-to-date: /home/terry/robot_ws/src/install/ydlidar_sdk/include/core/base/timer.h
[0.704s] -- Up-to-date: /home/terry/robot_ws/src/install/ydlidar_sdk/include/core/base/typedef.h
[0.704s] -- Up-to-date: /home/terry/robot_ws/src/install/ydlidar_sdk/include/core/base/utils.h
[0.704s] -- Up-to-date: /home/terry/robot_ws/src/install/ydlidar_sdk/include/core/base/v8stdint.h
[0.704s] -- Up-to-date: /home/terry/robot_ws/src/install/ydlidar_sdk/include/core/base/ydlidar.h
[0.704s] -- Up-to-date: /home/terry/robot_ws/src/install/ydlidar_sdk/include/core/common/ChannelDevice.h
[0.704s] -- Up-to-date: /home/terry/robot_ws/src/install/ydlidar_sdk/include/core/common/DriverInterface.h
[0.704s] -- Up-to-date: /home/terry/robot_ws/src/install/ydlidar_sdk/include/core/common/ydlidar_datatype.h
[0.708s] -- Up-to-date: /home/terry/robot_ws/src/install/ydlidar_sdk/include/core/common/ydlidar_def.h
[0.708s] -- Up-to-date: /home/terry/robot_ws/src/install/ydlidar_sdk/include/core/common/ydlidar_help.h
[0.712s] -- Up-to-date: /home/terry/robot_ws/src/install/ydlidar_sdk/include/core/common/ydlidar_protocol.h
[0.712s] -- Up-to-date: /home/terry/robot_ws/src/install/ydlidar_sdk/include/core/json/cJSON.h
[0.712s] -- Up-to-date: /home/terry/robot_ws/src/install/ydlidar_sdk/include/core/math/angles.h
[0.712s] -- Up-to-date: /home/terry/robot_ws/src/install/ydlidar_sdk/include/core/network/ActiveSocket.h
[0.712s] -- Up-to-date: /home/terry/robot_ws/src/install/ydlidar_sdk/include/core/network/PassiveSocket.h
[0.712s] -- Up-to-date: /home/terry/robot_ws/src/install/ydlidar_sdk/include/core/network/SimpleSocket.h
[0.716s] -- Up-to-date: /home/terry/robot_ws/src/install/ydlidar_sdk/include/core/network/StatTimer.h
[0.716s] -- Up-to-date: /home/terry/robot_ws/src/install/ydlidar_sdk/include/core/serial/common.h
[0.716s] -- Up-to-date: /home/terry/robot_ws/src/install/ydlidar_sdk/include/core/serial/serial.h
[0.716s] -- Up-to-date: /home/terry/robot_ws/src/install/ydlidar_sdk/include/core/serial/impl/unix/lock.h
[0.716s] -- Up-to-date: /home/terry/robot_ws/src/install/ydlidar_sdk/include/core/serial/impl/unix/unix.h
[0.716s] -- Up-to-date: /home/terry/robot_ws/src/install/ydlidar_sdk/include/core/serial/impl/unix/unix_serial.h
[0.716s] -- Up-to-date: /home/terry/robot_ws/src/install/ydlidar_sdk/include/src/CYdLidar.h
[0.718s] -- Up-to-date: /home/terry/robot_ws/src/install/ydlidar_sdk/include/src/DTSLidarDriver.h
[0.718s] -- Up-to-date: /home/terry/robot_ws/src/install/ydlidar_sdk/include/src/ETLidarDriver.h
[0.718s] -- Up-to-date: /home/terry/robot_ws/src/install/ydlidar_sdk/include/src/GSLidarDriver.h
[0.718s] -- Up-to-date: /home/terry/robot_ws/src/install/ydlidar_sdk/include/src/SDMLidarDriver.h
[0.719s] -- Up-to-date: /home/terry/robot_ws/src/install/ydlidar_sdk/include/src/TiaLidarDriver.h
[0.719s] -- Up-to-date: /home/terry/robot_ws/src/install/ydlidar_sdk/include/src/YDlidarDriver.h
[0.719s] -- Up-to-date: /home/terry/robot_ws/src/install/ydlidar_sdk/include/src/ydlidar_sdk.h
[0.719s] -- Up-to-date: /home/terry/robot_ws/src/install/ydlidar_sdk/include/src/filters/FilterInterface.h
[0.719s] -- Up-to-date: /home/terry/robot_ws/src/install/ydlidar_sdk/include/src/filters/NoiseFilter.h
[0.719s] -- Up-to-date: /home/terry/robot_ws/src/install/ydlidar_sdk/include/src/filters/StrongLightFilter.h
[0.719s] -- Up-to-date: /home/terry/robot_ws/src/install/ydlidar_sdk/include/ydlidar_config.h
[0.719s] -- Up-to-date: /home/terry/robot_ws/src/install/ydlidar_sdk/lib/libydlidar_sdk.a
[0.719s] -- Up-to-date: /home/terry/robot_ws/src/install/ydlidar_sdk/lib/pkgconfig/YDLIDAR_SDK.pc
[0.720s] -- Up-to-date: /home/terry/robot_ws/src/install/ydlidar_sdk/lib/cmake/ydlidar_sdk/ydlidar_sdkConfig.cmake
[0.720s] -- Up-to-date: /home/terry/robot_ws/src/install/ydlidar_sdk/lib/cmake/ydlidar_sdk/ydlidar_sdkTargets.cmake
[0.720s] -- Up-to-date: /home/terry/robot_ws/src/install/ydlidar_sdk/lib/cmake/ydlidar_sdk/ydlidar_sdkConfigVersion.cmake
[0.720s] -- Up-to-date: /home/terry/robot_ws/src/install/ydlidar_sdk/share/YDLIDAR_SDK/FindYDLIDAR_SDK.cmake
[0.720s] -- Up-to-date: /home/terry/robot_ws/src/install/ydlidar_sdk/share/YDLIDAR_SDK
[0.720s] -- Up-to-date: /home/terry/robot_ws/src/install/ydlidar_sdk/share/YDLIDAR_SDK/common
[0.720s] -- Up-to-date: /home/terry/robot_ws/src/install/ydlidar_sdk/share/YDLIDAR_SDK/common/ydlidar_base.cmake
[0.723s] -- Up-to-date: /home/terry/robot_ws/src/install/ydlidar_sdk/share/YDLIDAR_SDK/common/ydlidar_parse.cmake
[0.726s] -- Up-to-date: /home/terry/robot_ws/src/install/ydlidar_sdk/share/YDLIDAR_SDK/install_package.cmake
[0.726s] -- Up-to-date: /home/terry/robot_ws/src/install/ydlidar_sdk/share/YDLIDAR_SDK/cmake_uninstall.cmake.in
[0.726s] -- Up-to-date: /home/terry/robot_ws/src/install/ydlidar_sdk/share/YDLIDAR_SDK/PackageConfigVersion.cmake.in
[0.726s] -- Up-to-date: /home/terry/robot_ws/src/install/ydlidar_sdk/share/YDLIDAR_SDK/PkgConfig.pc.in
[0.726s] -- Up-to-date: /home/terry/robot_ws/src/install/ydlidar_sdk/share/YDLIDAR_SDK/FindPackage.cmake.in
[0.726s] -- Up-to-date: /home/terry/robot_ws/src/install/ydlidar_sdk/share/YDLIDAR_SDK/PackageConfig.cmake.in
[0.726s] -- Up-to-date: /home/terry/robot_ws/src/install/ydlidar_sdk/share/YDLIDAR_SDK/script_show_final_summary.cmake
[0.726s] -- Up-to-date: /home/terry/robot_ws/src/install/ydlidar_sdk/share/YDLIDAR_SDK/LICENSE.txt
[0.727s] -- Up-to-date: /home/terry/robot_ws/src/install/ydlidar_sdk/share/YDLIDAR_SDK/README.md
[0.727s] -- Up-to-date: /home/terry/robot_ws/src/install/ydlidar_sdk/share/YDLIDAR_SDK/doc
[0.727s] -- Up-to-date: /home/terry/robot_ws/src/install/ydlidar_sdk/share/YDLIDAR_SDK/doc/FAQs
[0.727s] -- Up-to-date: /home/terry/robot_ws/src/install/ydlidar_sdk/share/YDLIDAR_SDK/doc/FAQs/Hardware_FAQs_cn.md
[0.727s] -- Up-to-date: /home/terry/robot_ws/src/install/ydlidar_sdk/share/YDLIDAR_SDK/doc/FAQs/Software_FAQs_cn.md
[0.727s] -- Up-to-date: /home/terry/robot_ws/src/install/ydlidar_sdk/share/YDLIDAR_SDK/doc/FAQs/Software_FAQs.md
[0.727s] -- Up-to-date: /home/terry/robot_ws/src/install/ydlidar_sdk/share/YDLIDAR_SDK/doc/FAQs/General_FAQs.md
[0.727s] -- Up-to-date: /home/terry/robot_ws/src/install/ydlidar_sdk/share/YDLIDAR_SDK/doc/FAQs/Hardware_FAQs.md
[0.727s] -- Up-to-date: /home/terry/robot_ws/src/install/ydlidar_sdk/share/YDLIDAR_SDK/doc/FAQs/General_FAQs_cn.md
[0.727s] -- Up-to-date: /home/terry/robot_ws/src/install/ydlidar_sdk/share/YDLIDAR_SDK/doc/FAQs/README.md
[0.727s] -- Up-to-date: /home/terry/robot_ws/src/install/ydlidar_sdk/share/YDLIDAR_SDK/doc/YDLidar_SDK_Communication_Protocol.pdf
[0.728s] -- Up-to-date: /home/terry/robot_ws/src/install/ydlidar_sdk/share/YDLIDAR_SDK/doc/Diagram.md
[0.728s] -- Up-to-date: /home/terry/robot_ws/src/install/ydlidar_sdk/share/YDLIDAR_SDK/doc/YDLidar-SDK-Communication-Protocol.html
[0.728s] -- Up-to-date: /home/terry/robot_ws/src/install/ydlidar_sdk/share/YDLIDAR_SDK/doc/YDLidar-SDK-Communication-Protocol.pdf
[0.728s] -- Up-to-date: /home/terry/robot_ws/src/install/ydlidar_sdk/share/YDLIDAR_SDK/doc/YDLidar-SDK-Communication-Protocol.md
[0.728s] -- Up-to-date: /home/terry/robot_ws/src/install/ydlidar_sdk/share/YDLIDAR_SDK/doc/howto
[0.728s] -- Up-to-date: /home/terry/robot_ws/src/install/ydlidar_sdk/share/YDLIDAR_SDK/doc/howto/how_to_create_a_csharp_project.md
[0.728s] -- Up-to-date: /home/terry/robot_ws/src/install/ydlidar_sdk/share/YDLIDAR_SDK/doc/howto/how_to_build_and_install.md
[0.728s] -- Up-to-date: /home/terry/robot_ws/src/install/ydlidar_sdk/share/YDLIDAR_SDK/doc/howto/how_to_create_a_pull.md
[0.728s] -- Up-to-date: /home/terry/robot_ws/src/install/ydlidar_sdk/share/YDLIDAR_SDK/doc/howto/README.md
[0.728s] -- Up-to-date: /home/terry/robot_ws/src/install/ydlidar_sdk/share/YDLIDAR_SDK/doc/howto/how_to_solve_slow_pull_from_cn.md
[0.729s] -- Up-to-date: /home/terry/robot_ws/src/install/ydlidar_sdk/share/YDLIDAR_SDK/doc/howto/how_to_gerenrate_vs_project_by_cmake.md
[0.730s] -- Up-to-date: /home/terry/robot_ws/src/install/ydlidar_sdk/share/YDLIDAR_SDK/doc/howto/how_to_build_and_debug_using_vscode.md
[0.730s] -- Up-to-date: /home/terry/robot_ws/src/install/ydlidar_sdk/share/YDLIDAR_SDK/doc/howto/how_to_create_a_udev_rules.md
[0.730s] -- Up-to-date: /home/terry/robot_ws/src/install/ydlidar_sdk/share/YDLIDAR_SDK/doc/howto/images
[0.731s] -- Up-to-date: /home/terry/robot_ws/src/install/ydlidar_sdk/share/YDLIDAR_SDK/doc/howto/images/ydlidar_lidar_monitor.png
[0.731s] -- Up-to-date: /home/terry/robot_ws/src/install/ydlidar_sdk/share/YDLIDAR_SDK/doc/howto/images/csharp_running.png
[0.732s] -- Up-to-date: /home/terry/robot_ws/src/install/ydlidar_sdk/share/YDLIDAR_SDK/doc/howto/images/sdk_scanning.png
[0.732s] -- Up-to-date: /home/terry/robot_ws/src/install/ydlidar_sdk/share/YDLIDAR_SDK/doc/howto/images/sdk_init.png
[0.732s] -- Up-to-date: /home/terry/robot_ws/src/install/ydlidar_sdk/share/YDLIDAR_SDK/doc/howto/images/csharp_build.png
[0.732s] -- Up-to-date: /home/terry/robot_ws/src/install/ydlidar_sdk/share/YDLIDAR_SDK/doc/howto/images/vscode
[0.732s] -- Up-to-date: /home/terry/robot_ws/src/install/ydlidar_sdk/share/YDLIDAR_SDK/doc/howto/images/vscode/run_tasks.jpg
[0.732s] -- Up-to-date: /home/terry/robot_ws/src/install/ydlidar_sdk/share/YDLIDAR_SDK/doc/howto/images/vscode/tasks.png
[0.733s] -- Up-to-date: /home/terry/robot_ws/src/install/ydlidar_sdk/share/YDLIDAR_SDK/doc/howto/images/ttyUSB0.png
[0.733s] -- Up-to-date: /home/terry/robot_ws/src/install/ydlidar_sdk/share/YDLIDAR_SDK/doc/howto/images/csharp_project.png
[0.733s] -- Up-to-date: /home/terry/robot_ws/src/install/ydlidar_sdk/share/YDLIDAR_SDK/doc/howto/images/csharp_exception.png
[0.733s] -- Up-to-date: /home/terry/robot_ws/src/install/ydlidar_sdk/share/YDLIDAR_SDK/doc/howto/images/ttyUSB1.png
[0.733s] -- Up-to-date: /home/terry/robot_ws/src/install/ydlidar_sdk/share/YDLIDAR_SDK/doc/howto/images/cpack.png
[0.733s] -- Up-to-date: /home/terry/robot_ws/src/install/ydlidar_sdk/share/YDLIDAR_SDK/doc/howto/images/sequence.png
[0.733s] -- Up-to-date: /home/terry/robot_ws/src/install/ydlidar_sdk/share/YDLIDAR_SDK/doc/howto/images/csharp_library.png
[0.733s] -- Up-to-date: /home/terry/robot_ws/src/install/ydlidar_sdk/share/YDLIDAR_SDK/doc/Tutorials.md
[0.733s] -- Up-to-date: /home/terry/robot_ws/src/install/ydlidar_sdk/share/YDLIDAR_SDK/doc/SDK.pdf
[0.733s] -- Up-to-date: /home/terry/robot_ws/src/install/ydlidar_sdk/share/YDLIDAR_SDK/doc/README.md
[0.733s] -- Up-to-date: /home/terry/robot_ws/src/install/ydlidar_sdk/share/YDLIDAR_SDK/doc/YDLIDAR_SDK_API_for_Developers.md
[0.734s] -- Up-to-date: /home/terry/robot_ws/src/install/ydlidar_sdk/share/YDLIDAR_SDK/doc/tutorials
[0.734s] -- Up-to-date: /home/terry/robot_ws/src/install/ydlidar_sdk/share/YDLIDAR_SDK/doc/tutorials/writing_lidar_tutorial_c++.md
[0.735s] -- Up-to-date: /home/terry/robot_ws/src/install/ydlidar_sdk/share/YDLIDAR_SDK/doc/tutorials/writing_lidar_tutorial_python.md
[0.735s] -- Up-to-date: /home/terry/robot_ws/src/install/ydlidar_sdk/share/YDLIDAR_SDK/doc/tutorials/writing_lidar_tutorial_c.md
[0.736s] -- Up-to-date: /home/terry/robot_ws/src/install/ydlidar_sdk/share/YDLIDAR_SDK/doc/tutorials/examine_the_simple_lidar_tutorial.md
[0.736s] -- Up-to-date: /home/terry/robot_ws/src/install/ydlidar_sdk/share/YDLIDAR_SDK/doc/tutorials/writing_lidar_network_adapter_tutorial_c++.md
[0.736s] -- Up-to-date: /home/terry/robot_ws/src/install/ydlidar_sdk/share/YDLIDAR_SDK/doc/quickstart
[0.736s] -- Up-to-date: /home/terry/robot_ws/src/install/ydlidar_sdk/share/YDLIDAR_SDK/doc/quickstart/ydlidar_sdk_software_installation_guide.md
[0.736s] -- Up-to-date: /home/terry/robot_ws/src/install/ydlidar_sdk/share/YDLIDAR_SDK/doc/quickstart/README.md
[0.736s] -- Up-to-date: /home/terry/robot_ws/src/install/ydlidar_sdk/share/YDLIDAR_SDK/doc/Dataset.md
[0.736s] -- Up-to-date: /home/terry/robot_ws/src/install/ydlidar_sdk/share/YDLIDAR_SDK/doc/images
[0.736s] -- Up-to-date: /home/terry/robot_ws/src/install/ydlidar_sdk/share/YDLIDAR_SDK/doc/images/system_workflow.png
[0.736s] -- Up-to-date: /home/terry/robot_ws/src/install/ydlidar_sdk/share/YDLIDAR_SDK/doc/images/EAI.png
[0.737s] -- Up-to-date: /home/terry/robot_ws/src/install/ydlidar_sdk/share/YDLIDAR_SDK/doc/images/sdk_architecture.png
[0.737s] -- Up-to-date: /home/terry/robot_ws/src/install/ydlidar_sdk/share/YDLIDAR_SDK/doc/images/sdk_scanning.png
[0.738s] -- Up-to-date: /home/terry/robot_ws/src/install/ydlidar_sdk/share/YDLIDAR_SDK/doc/images/sdk_init.png
[0.739s] -- Up-to-date: /home/terry/robot_ws/src/install/ydlidar_sdk/share/YDLIDAR_SDK/doc/images/YDLidar.png
[0.739s] -- Up-to-date: /home/terry/robot_ws/src/install/ydlidar_sdk/share/YDLIDAR_SDK/doc/images/frame.png
[0.740s] -- Up-to-date: /home/terry/robot_ws/src/install/ydlidar_sdk/share/YDLIDAR_SDK/doc/images/angle_q2.png
[0.740s] -- Up-to-date: /home/terry/robot_ws/src/install/ydlidar_sdk/share/YDLIDAR_SDK/doc/images/FlowChart.png
[0.740s] -- Up-to-date: /home/terry/robot_ws/src/install/ydlidar_sdk/share/YDLIDAR_SDK/doc/images/frame_intensity.png
[0.740s] -- Up-to-date: /home/terry/robot_ws/src/install/ydlidar_sdk/share/YDLIDAR_SDK/doc/images/YDLidar.jpg
[0.740s] -- Up-to-date: /home/terry/robot_ws/src/install/ydlidar_sdk/share/YDLIDAR_SDK/doc/images/communication_mechanism.png
[0.740s] -- Up-to-date: /home/terry/robot_ws/src/install/ydlidar_sdk/share/YDLIDAR_SDK/doc/images/sequence.png
[0.740s] -- Up-to-date: /home/terry/robot_ws/src/install/ydlidar_sdk/startup/initenv.sh
[0.740s] -- Up-to-date: /home/terry/robot_ws/src/install/ydlidar_sdk/bin/et_test
[0.742s] -- Up-to-date: /home/terry/robot_ws/src/install/ydlidar_sdk/bin/gs_ota
[0.743s] -- Up-to-date: /home/terry/robot_ws/src/install/ydlidar_sdk/bin/gs_restart
[0.743s] -- Up-to-date: /home/terry/robot_ws/src/install/ydlidar_sdk/bin/gs_test
[0.743s] -- Up-to-date: /home/terry/robot_ws/src/install/ydlidar_sdk/bin/gs_test2
[0.743s] -- Up-to-date: /home/terry/robot_ws/src/install/ydlidar_sdk/bin/scl_test
[0.743s] -- Up-to-date: /home/terry/robot_ws/src/install/ydlidar_sdk/bin/sdm18_test
[0.743s] -- Up-to-date: /home/terry/robot_ws/src/install/ydlidar_sdk/bin/sdm_test
[0.743s] -- Up-to-date: /home/terry/robot_ws/src/install/ydlidar_sdk/bin/tea_test
[0.745s] -- Up-to-date: /home/terry/robot_ws/src/install/ydlidar_sdk/bin/tia_test
[0.745s] -- Up-to-date: /home/terry/robot_ws/src/install/ydlidar_sdk/bin/tmini_test
[0.745s] -- Up-to-date: /home/terry/robot_ws/src/install/ydlidar_sdk/bin/tof_test
[0.745s] -- Up-to-date: /home/terry/robot_ws/src/install/ydlidar_sdk/bin/tri_and_gs_test
[0.745s] -- Up-to-date: /home/terry/robot_ws/src/install/ydlidar_sdk/bin/tri_restart
[0.745s] -- Up-to-date: /home/terry/robot_ws/src/install/ydlidar_sdk/bin/tri_test
[0.746s] -- Up-to-date: /home/terry/robot_ws/src/install/ydlidar_sdk/bin/lidar_c_api_test
[0.746s] Invoked command in '/home/terry/robot_ws/src/build/ydlidar_sdk' returned '0': DEBUGINFOD_URLS=https://debuginfod.ubuntu.com /usr/bin/cmake --install /home/terry/robot_ws/src/build/ydlidar_sdk
