-- Current platform: Linux
-- Could NOT find SWIG (missing: SWIG_EXECUTABLE SWIG_DIR) 
-- 
-- +===========================================================================+
-- |         Resulting configuration for                             |
-- +===========================================================================+
--  _________________________ PLATFORM _____________________________
--  Host                        : Linux6.8.0-1028-raspiaarch64
--  Is the system big endian?   :  No 
--  Word size (32/64 bit)       : 64
--  CMake version               : 3.28.3
--  CMake generator             : Unix Makefiles
--  CMake build tool            : /usr/bin/gmake
--  Compiler                    : GNU
--  Configuration               : 
-- 
--  __________________________ OPTIONS _____________________________
--  Build YDLidar-SDK as a shared library?　　 :  No 
--  Build Examples?　　　　　　　　　　　　　　 : Yes 
--  Build C Sharp API?　　　　　　　　　　　　 :  No 
--  Build TEST?  			　　　 :  No 
-- 
--  _________________________ INSTALL _____________________
--  Install prefix                    : /home/terry/robot_ws/install/ydlidar_sdk
-- 
--  _______________________ WRAPPERS/BINDINGS ______________________
--  Python bindings (pyydlidar)   :  No 
--   - dep: Swig found?       :  No [Version: ]
--   - dep: PythonLibs found?  : Yes [Version: 3.12.3]
-- 
-- Configuring done (0.1s)
-- Generating done (0.2s)
-- Build files have been written to: /home/terry/robot_ws/build/ydlidar_sdk
[  1%] [32mBuilding CXX object CMakeFiles/ydlidar_sdk.dir/core/base/timer.cpp.o[0m
[  3%] [32mBuilding C object CMakeFiles/ydlidar_sdk.dir/core/json/cJSON.c.o[0m
[  5%] [32mBuilding CXX object CMakeFiles/ydlidar_sdk.dir/core/common/ydlidar_def.cpp.o[0m
[  7%] [32mBuilding CXX object CMakeFiles/ydlidar_sdk.dir/core/network/ActiveSocket.cpp.o[0m
[  9%] [32mBuilding CXX object CMakeFiles/ydlidar_sdk.dir/core/network/PassiveSocket.cpp.o[0m
[ 11%] [32mBuilding CXX object CMakeFiles/ydlidar_sdk.dir/core/network/SimpleSocket.cpp.o[0m
[ 13%] [32mBuilding CXX object CMakeFiles/ydlidar_sdk.dir/core/serial/serial.cpp.o[0m
[ 15%] [32mBuilding CXX object CMakeFiles/ydlidar_sdk.dir/core/serial/impl/unix/list_ports_linux.cpp.o[0m
[ 16%] [32mBuilding C object CMakeFiles/ydlidar_sdk.dir/core/serial/impl/unix/lock.c.o[0m
[ 18%] [32mBuilding CXX object CMakeFiles/ydlidar_sdk.dir/core/serial/impl/unix/unix_serial.cpp.o[0m
[ 20%] [32mBuilding CXX object CMakeFiles/ydlidar_sdk.dir/src/CYdLidar.cpp.o[0m
[ 22%] [32mBuilding CXX object CMakeFiles/ydlidar_sdk.dir/src/DTSLidarDriver.cpp.o[0m
[ 24%] [32mBuilding CXX object CMakeFiles/ydlidar_sdk.dir/src/ETLidarDriver.cpp.o[0m
[ 26%] [32mBuilding CXX object CMakeFiles/ydlidar_sdk.dir/src/GSLidarDriver.cpp.o[0m
[ 28%] [32mBuilding CXX object CMakeFiles/ydlidar_sdk.dir/src/SDMLidarDriver.cpp.o[0m
[ 30%] [32mBuilding CXX object CMakeFiles/ydlidar_sdk.dir/src/TiaLidarDriver.cpp.o[0m
[ 32%] [32mBuilding CXX object CMakeFiles/ydlidar_sdk.dir/src/YDlidarDriver.cpp.o[0m
[ 33%] [32mBuilding CXX object CMakeFiles/ydlidar_sdk.dir/src/ydlidar_sdk.cpp.o[0m
[ 35%] [32mBuilding CXX object CMakeFiles/ydlidar_sdk.dir/src/filters/NoiseFilter.cpp.o[0m
[ 37%] [32mBuilding CXX object CMakeFiles/ydlidar_sdk.dir/src/filters/StrongLightFilter.cpp.o[0m
[ 39%] [32m[1mLinking CXX static library libydlidar_sdk.a[0m
[ 39%] Built target ydlidar_sdk
[ 41%] [32mBuilding CXX object examples/CMakeFiles/gs_restart.dir/gs_restart.cpp.o[0m
[ 43%] [32mBuilding CXX object examples/CMakeFiles/gs_test.dir/gs_test.cpp.o[0m
[ 45%] [32mBuilding CXX object examples/CMakeFiles/gs_ota.dir/gs_ota.cpp.o[0m
[ 47%] [32mBuilding CXX object examples/CMakeFiles/et_test.dir/et_test.cpp.o[0m
[ 49%] [32m[1mLinking CXX executable ../et_test[0m
[ 49%] Built target et_test
[ 50%] [32m[1mLinking CXX executable ../gs_restart[0m
[ 52%] [32mBuilding CXX object examples/CMakeFiles/gs_test2.dir/gs_test2.cpp.o[0m
[ 54%] [32m[1mLinking CXX executable ../gs_ota[0m
[ 54%] Built target gs_restart
[ 54%] Built target gs_ota
[ 56%] [32m[1mLinking CXX executable ../gs_test[0m
[ 58%] [32mBuilding CXX object examples/CMakeFiles/scl_test.dir/scl_test.cpp.o[0m
[ 60%] [32mBuilding CXX object examples/CMakeFiles/sdm18_test.dir/sdm18_test.cpp.o[0m
[ 60%] Built target gs_test
[ 62%] [32mBuilding CXX object examples/CMakeFiles/sdm_test.dir/sdm_test.cpp.o[0m
[ 64%] [32m[1mLinking CXX executable ../sdm18_test[0m
[ 66%] [32m[1mLinking CXX executable ../scl_test[0m
[ 66%] Built target sdm18_test
[ 67%] [32mBuilding CXX object examples/CMakeFiles/tea_test.dir/tea_test.cpp.o[0m
[ 69%] [32m[1mLinking CXX executable ../gs_test2[0m
[ 71%] [32m[1mLinking CXX executable ../sdm_test[0m
[ 71%] Built target scl_test
[ 73%] [32mBuilding CXX object examples/CMakeFiles/tia_test.dir/tia_test.cpp.o[0m
[ 73%] Built target gs_test2
[ 75%] [32mBuilding CXX object examples/CMakeFiles/tmini_test.dir/tmini_test.cpp.o[0m
[ 75%] Built target sdm_test
[ 77%] [32mBuilding CXX object examples/CMakeFiles/tof_test.dir/tof_test.cpp.o[0m
[ 79%] [32m[1mLinking CXX executable ../tia_test[0m
[ 81%] [32m[1mLinking CXX executable ../tea_test[0m
[ 83%] [32m[1mLinking CXX executable ../tmini_test[0m
[ 83%] Built target tia_test
[ 83%] Built target tea_test
[ 84%] [32mBuilding CXX object examples/CMakeFiles/tri_and_gs_test.dir/tri_and_gs_test.cpp.o[0m
[ 86%] [32m[1mLinking CXX executable ../tof_test[0m
[ 88%] [32mBuilding CXX object examples/CMakeFiles/tri_restart.dir/tri_restart.cpp.o[0m
[ 88%] Built target tmini_test
[ 90%] [32mBuilding CXX object examples/CMakeFiles/tri_test.dir/tri_test.cpp.o[0m
[ 90%] Built target tof_test
[ 92%] [32mBuilding C object examples/CMakeFiles/lidar_c_api_test.dir/lidar_c_api_test.c.o[0m
[ 94%] [32m[1mLinking CXX executable ../lidar_c_api_test[0m
[ 96%] [32m[1mLinking CXX executable ../tri_and_gs_test[0m
[ 96%] Built target lidar_c_api_test
[ 98%] [32m[1mLinking CXX executable ../tri_restart[0m
[ 98%] Built target tri_and_gs_test
[ 98%] Built target tri_restart
[100%] [32m[1mLinking CXX executable ../tri_test[0m
[100%] Built target tri_test
