[0.097s] Invoking command in '/home/terry/robot_ws/build/ydlidar_sdk': DEBUGINFOD_URLS=https://debuginfod.ubuntu.com /usr/bin/cmake --build /home/terry/robot_ws/build/ydlidar_sdk -- -j4 -l4
[0.309s] [ 39%] Built target ydlidar_sdk
[0.444s] [ 43%] Built target et_test
[0.463s] [ 47%] Built target gs_ota
[0.497s] [ 50%] Built target gs_test
[0.499s] [ 54%] Built target gs_restart
[0.547s] [ 58%] Built target scl_test
[0.588s] [ 62%] Built target gs_test2
[0.612s] [ 66%] Built target sdm18_test
[0.620s] [ 69%] Built target sdm_test
[0.680s] [ 73%] Built target tea_test
[0.697s] [ 77%] Built target tia_test
[0.730s] [ 81%] Built target tmini_test
[0.733s] [ 84%] Built target tof_test
[0.763s] [ 88%] Built target tri_and_gs_test
[0.797s] [ 92%] Built target tri_restart
[0.806s] [ 96%] Built target lidar_c_api_test
[0.830s] [100%] Built target tri_test
[0.863s] Invoked command in '/home/terry/robot_ws/build/ydlidar_sdk' returned '0': DEBUGINFOD_URLS=https://debuginfod.ubuntu.com /usr/bin/cmake --build /home/terry/robot_ws/build/ydlidar_sdk -- -j4 -l4
[0.870s] Invoking command in '/home/terry/robot_ws/build/ydlidar_sdk': DEBUGINFOD_URLS=https://debuginfod.ubuntu.com /usr/bin/cmake --install /home/terry/robot_ws/build/ydlidar_sdk
[0.901s] -- Install configuration: ""
[0.901s] -- Installing: /home/terry/robot_ws/install/ydlidar_sdk/include/core/base/datatype.h
[0.902s] -- Installing: /home/terry/robot_ws/install/ydlidar_sdk/include/core/base/locker.h
[0.902s] -- Installing: /home/terry/robot_ws/install/ydlidar_sdk/include/core/base/thread.h
[0.902s] -- Installing: /home/terry/robot_ws/install/ydlidar_sdk/include/core/base/timer.h
[0.907s] -- Installing: /home/terry/robot_ws/install/ydlidar_sdk/include/core/base/typedef.h
[0.909s] -- Installing: /home/terry/robot_ws/install/ydlidar_sdk/include/core/base/utils.h
[0.910s] -- Installing: /home/terry/robot_ws/install/ydlidar_sdk/include/core/base/v8stdint.h
[0.911s] -- Installing: /home/terry/robot_ws/install/ydlidar_sdk/include/core/base/ydlidar.h
[0.911s] -- Installing: /home/terry/robot_ws/install/ydlidar_sdk/include/core/common/ChannelDevice.h
[0.911s] -- Installing: /home/terry/robot_ws/install/ydlidar_sdk/include/core/common/DriverInterface.h
[0.912s] -- Installing: /home/terry/robot_ws/install/ydlidar_sdk/include/core/common/ydlidar_datatype.h
[0.912s] -- Installing: /home/terry/robot_ws/install/ydlidar_sdk/include/core/common/ydlidar_def.h
[0.912s] -- Installing: /home/terry/robot_ws/install/ydlidar_sdk/include/core/common/ydlidar_help.h
[0.912s] -- Installing: /home/terry/robot_ws/install/ydlidar_sdk/include/core/common/ydlidar_protocol.h
[0.914s] -- Installing: /home/terry/robot_ws/install/ydlidar_sdk/include/core/json/cJSON.h
[0.915s] -- Installing: /home/terry/robot_ws/install/ydlidar_sdk/include/core/math/angles.h
[0.915s] -- Installing: /home/terry/robot_ws/install/ydlidar_sdk/include/core/network/ActiveSocket.h
[0.916s] -- Installing: /home/terry/robot_ws/install/ydlidar_sdk/include/core/network/PassiveSocket.h
[0.916s] -- Installing: /home/terry/robot_ws/install/ydlidar_sdk/include/core/network/SimpleSocket.h
[0.916s] -- Installing: /home/terry/robot_ws/install/ydlidar_sdk/include/core/network/StatTimer.h
[0.916s] -- Installing: /home/terry/robot_ws/install/ydlidar_sdk/include/core/serial/common.h
[0.916s] -- Installing: /home/terry/robot_ws/install/ydlidar_sdk/include/core/serial/serial.h
[0.916s] -- Installing: /home/terry/robot_ws/install/ydlidar_sdk/include/core/serial/impl/unix/lock.h
[0.917s] -- Installing: /home/terry/robot_ws/install/ydlidar_sdk/include/core/serial/impl/unix/unix.h
[0.917s] -- Installing: /home/terry/robot_ws/install/ydlidar_sdk/include/core/serial/impl/unix/unix_serial.h
[0.917s] -- Installing: /home/terry/robot_ws/install/ydlidar_sdk/include/src/CYdLidar.h
[0.922s] -- Installing: /home/terry/robot_ws/install/ydlidar_sdk/include/src/DTSLidarDriver.h
[0.922s] -- Installing: /home/terry/robot_ws/install/ydlidar_sdk/include/src/ETLidarDriver.h
[0.924s] -- Installing: /home/terry/robot_ws/install/ydlidar_sdk/include/src/GSLidarDriver.h
[0.924s] -- Installing: /home/terry/robot_ws/install/ydlidar_sdk/include/src/SDMLidarDriver.h
[0.925s] -- Installing: /home/terry/robot_ws/install/ydlidar_sdk/include/src/TiaLidarDriver.h
[0.926s] -- Installing: /home/terry/robot_ws/install/ydlidar_sdk/include/src/YDlidarDriver.h
[0.927s] -- Installing: /home/terry/robot_ws/install/ydlidar_sdk/include/src/ydlidar_sdk.h
[0.929s] -- Installing: /home/terry/robot_ws/install/ydlidar_sdk/include/src/filters/FilterInterface.h
[0.930s] -- Installing: /home/terry/robot_ws/install/ydlidar_sdk/include/src/filters/NoiseFilter.h
[0.930s] -- Installing: /home/terry/robot_ws/install/ydlidar_sdk/include/src/filters/StrongLightFilter.h
[0.930s] -- Installing: /home/terry/robot_ws/install/ydlidar_sdk/include/ydlidar_config.h
[0.930s] -- Installing: /home/terry/robot_ws/install/ydlidar_sdk/lib/libydlidar_sdk.a
[0.936s] -- Installing: /home/terry/robot_ws/install/ydlidar_sdk/lib/pkgconfig/YDLIDAR_SDK.pc
[0.938s] -- Installing: /home/terry/robot_ws/install/ydlidar_sdk/lib/cmake/ydlidar_sdk/ydlidar_sdkConfig.cmake
[0.939s] -- Installing: /home/terry/robot_ws/install/ydlidar_sdk/lib/cmake/ydlidar_sdk/ydlidar_sdkTargets.cmake
[0.941s] -- Installing: /home/terry/robot_ws/install/ydlidar_sdk/lib/cmake/ydlidar_sdk/ydlidar_sdkConfigVersion.cmake
[0.944s] -- Installing: /home/terry/robot_ws/install/ydlidar_sdk/share/YDLIDAR_SDK/FindYDLIDAR_SDK.cmake
[0.945s] -- Up-to-date: /home/terry/robot_ws/install/ydlidar_sdk/share/YDLIDAR_SDK
[0.945s] -- Installing: /home/terry/robot_ws/install/ydlidar_sdk/share/YDLIDAR_SDK/common
[0.949s] -- Installing: /home/terry/robot_ws/install/ydlidar_sdk/share/YDLIDAR_SDK/common/ydlidar_base.cmake
[0.949s] -- Installing: /home/terry/robot_ws/install/ydlidar_sdk/share/YDLIDAR_SDK/common/ydlidar_parse.cmake
[0.952s] -- Installing: /home/terry/robot_ws/install/ydlidar_sdk/share/YDLIDAR_SDK/install_package.cmake
[0.952s] -- Installing: /home/terry/robot_ws/install/ydlidar_sdk/share/YDLIDAR_SDK/cmake_uninstall.cmake.in
[0.953s] -- Installing: /home/terry/robot_ws/install/ydlidar_sdk/share/YDLIDAR_SDK/PackageConfigVersion.cmake.in
[0.953s] -- Installing: /home/terry/robot_ws/install/ydlidar_sdk/share/YDLIDAR_SDK/PkgConfig.pc.in
[0.953s] -- Installing: /home/terry/robot_ws/install/ydlidar_sdk/share/YDLIDAR_SDK/FindPackage.cmake.in
[0.953s] -- Installing: /home/terry/robot_ws/install/ydlidar_sdk/share/YDLIDAR_SDK/PackageConfig.cmake.in
[0.953s] -- Installing: /home/terry/robot_ws/install/ydlidar_sdk/share/YDLIDAR_SDK/script_show_final_summary.cmake
[0.953s] -- Installing: /home/terry/robot_ws/install/ydlidar_sdk/share/YDLIDAR_SDK/LICENSE.txt
[0.953s] -- Installing: /home/terry/robot_ws/install/ydlidar_sdk/share/YDLIDAR_SDK/README.md
[0.953s] -- Installing: /home/terry/robot_ws/install/ydlidar_sdk/share/YDLIDAR_SDK/doc
[0.958s] -- Installing: /home/terry/robot_ws/install/ydlidar_sdk/share/YDLIDAR_SDK/doc/FAQs
[0.959s] -- Installing: /home/terry/robot_ws/install/ydlidar_sdk/share/YDLIDAR_SDK/doc/FAQs/Hardware_FAQs_cn.md
[0.959s] -- Installing: /home/terry/robot_ws/install/ydlidar_sdk/share/YDLIDAR_SDK/doc/FAQs/Software_FAQs_cn.md
[0.959s] -- Installing: /home/terry/robot_ws/install/ydlidar_sdk/share/YDLIDAR_SDK/doc/FAQs/Software_FAQs.md
[0.962s] -- Installing: /home/terry/robot_ws/install/ydlidar_sdk/share/YDLIDAR_SDK/doc/FAQs/General_FAQs.md
[0.963s] -- Installing: /home/terry/robot_ws/install/ydlidar_sdk/share/YDLIDAR_SDK/doc/FAQs/Hardware_FAQs.md
[0.963s] -- Installing: /home/terry/robot_ws/install/ydlidar_sdk/share/YDLIDAR_SDK/doc/FAQs/General_FAQs_cn.md
[0.963s] -- Installing: /home/terry/robot_ws/install/ydlidar_sdk/share/YDLIDAR_SDK/doc/FAQs/README.md
[0.964s] -- Installing: /home/terry/robot_ws/install/ydlidar_sdk/share/YDLIDAR_SDK/doc/YDLidar_SDK_Communication_Protocol.pdf
[0.971s] -- Installing: /home/terry/robot_ws/install/ydlidar_sdk/share/YDLIDAR_SDK/doc/Diagram.md
[0.971s] -- Installing: /home/terry/robot_ws/install/ydlidar_sdk/share/YDLIDAR_SDK/doc/YDLidar-SDK-Communication-Protocol.html
[0.971s] -- Installing: /home/terry/robot_ws/install/ydlidar_sdk/share/YDLIDAR_SDK/doc/YDLidar-SDK-Communication-Protocol.pdf
[0.974s] -- Installing: /home/terry/robot_ws/install/ydlidar_sdk/share/YDLIDAR_SDK/doc/YDLidar-SDK-Communication-Protocol.md
[0.975s] -- Installing: /home/terry/robot_ws/install/ydlidar_sdk/share/YDLIDAR_SDK/doc/howto
[0.975s] -- Installing: /home/terry/robot_ws/install/ydlidar_sdk/share/YDLIDAR_SDK/doc/howto/how_to_create_a_csharp_project.md
[0.975s] -- Installing: /home/terry/robot_ws/install/ydlidar_sdk/share/YDLIDAR_SDK/doc/howto/how_to_build_and_install.md
[0.983s] -- Installing: /home/terry/robot_ws/install/ydlidar_sdk/share/YDLIDAR_SDK/doc/howto/how_to_create_a_pull.md
[0.983s] -- Installing: /home/terry/robot_ws/install/ydlidar_sdk/share/YDLIDAR_SDK/doc/howto/README.md
[0.983s] -- Installing: /home/terry/robot_ws/install/ydlidar_sdk/share/YDLIDAR_SDK/doc/howto/how_to_solve_slow_pull_from_cn.md
[0.983s] -- Installing: /home/terry/robot_ws/install/ydlidar_sdk/share/YDLIDAR_SDK/doc/howto/how_to_gerenrate_vs_project_by_cmake.md
[0.984s] -- Installing: /home/terry/robot_ws/install/ydlidar_sdk/share/YDLIDAR_SDK/doc/howto/how_to_build_and_debug_using_vscode.md
[0.984s] -- Installing: /home/terry/robot_ws/install/ydlidar_sdk/share/YDLIDAR_SDK/doc/howto/how_to_create_a_udev_rules.md
[0.984s] -- Installing: /home/terry/robot_ws/install/ydlidar_sdk/share/YDLIDAR_SDK/doc/howto/images
[0.984s] -- Installing: /home/terry/robot_ws/install/ydlidar_sdk/share/YDLIDAR_SDK/doc/howto/images/ydlidar_lidar_monitor.png
[0.985s] -- Installing: /home/terry/robot_ws/install/ydlidar_sdk/share/YDLIDAR_SDK/doc/howto/images/csharp_running.png
[0.985s] -- Installing: /home/terry/robot_ws/install/ydlidar_sdk/share/YDLIDAR_SDK/doc/howto/images/sdk_scanning.png
[0.985s] -- Installing: /home/terry/robot_ws/install/ydlidar_sdk/share/YDLIDAR_SDK/doc/howto/images/sdk_init.png
[0.985s] -- Installing: /home/terry/robot_ws/install/ydlidar_sdk/share/YDLIDAR_SDK/doc/howto/images/csharp_build.png
[0.991s] -- Installing: /home/terry/robot_ws/install/ydlidar_sdk/share/YDLIDAR_SDK/doc/howto/images/vscode
[0.992s] -- Installing: /home/terry/robot_ws/install/ydlidar_sdk/share/YDLIDAR_SDK/doc/howto/images/vscode/run_tasks.jpg
[0.993s] -- Installing: /home/terry/robot_ws/install/ydlidar_sdk/share/YDLIDAR_SDK/doc/howto/images/vscode/tasks.png
[0.993s] -- Installing: /home/terry/robot_ws/install/ydlidar_sdk/share/YDLIDAR_SDK/doc/howto/images/ttyUSB0.png
[0.993s] -- Installing: /home/terry/robot_ws/install/ydlidar_sdk/share/YDLIDAR_SDK/doc/howto/images/csharp_project.png
[0.993s] -- Installing: /home/terry/robot_ws/install/ydlidar_sdk/share/YDLIDAR_SDK/doc/howto/images/csharp_exception.png
[0.993s] -- Installing: /home/terry/robot_ws/install/ydlidar_sdk/share/YDLIDAR_SDK/doc/howto/images/ttyUSB1.png
[0.993s] -- Installing: /home/terry/robot_ws/install/ydlidar_sdk/share/YDLIDAR_SDK/doc/howto/images/cpack.png
[0.994s] -- Installing: /home/terry/robot_ws/install/ydlidar_sdk/share/YDLIDAR_SDK/doc/howto/images/sequence.png
[1.002s] -- Installing: /home/terry/robot_ws/install/ydlidar_sdk/share/YDLIDAR_SDK/doc/howto/images/csharp_library.png
[1.002s] -- Installing: /home/terry/robot_ws/install/ydlidar_sdk/share/YDLIDAR_SDK/doc/Tutorials.md
[1.002s] -- Installing: /home/terry/robot_ws/install/ydlidar_sdk/share/YDLIDAR_SDK/doc/SDK.pdf
[1.004s] -- Installing: /home/terry/robot_ws/install/ydlidar_sdk/share/YDLIDAR_SDK/doc/README.md
[1.004s] -- Installing: /home/terry/robot_ws/install/ydlidar_sdk/share/YDLIDAR_SDK/doc/YDLIDAR_SDK_API_for_Developers.md
[1.008s] -- Installing: /home/terry/robot_ws/install/ydlidar_sdk/share/YDLIDAR_SDK/doc/tutorials
[1.008s] -- Installing: /home/terry/robot_ws/install/ydlidar_sdk/share/YDLIDAR_SDK/doc/tutorials/writing_lidar_tutorial_c++.md
[1.008s] -- Installing: /home/terry/robot_ws/install/ydlidar_sdk/share/YDLIDAR_SDK/doc/tutorials/writing_lidar_tutorial_python.md
[1.010s] -- Installing: /home/terry/robot_ws/install/ydlidar_sdk/share/YDLIDAR_SDK/doc/tutorials/writing_lidar_tutorial_c.md
[1.010s] -- Installing: /home/terry/robot_ws/install/ydlidar_sdk/share/YDLIDAR_SDK/doc/tutorials/examine_the_simple_lidar_tutorial.md
[1.010s] -- Installing: /home/terry/robot_ws/install/ydlidar_sdk/share/YDLIDAR_SDK/doc/tutorials/writing_lidar_network_adapter_tutorial_c++.md
[1.010s] -- Installing: /home/terry/robot_ws/install/ydlidar_sdk/share/YDLIDAR_SDK/doc/quickstart
[1.011s] -- Installing: /home/terry/robot_ws/install/ydlidar_sdk/share/YDLIDAR_SDK/doc/quickstart/ydlidar_sdk_software_installation_guide.md
[1.011s] -- Installing: /home/terry/robot_ws/install/ydlidar_sdk/share/YDLIDAR_SDK/doc/quickstart/README.md
[1.011s] -- Installing: /home/terry/robot_ws/install/ydlidar_sdk/share/YDLIDAR_SDK/doc/Dataset.md
[1.011s] -- Installing: /home/terry/robot_ws/install/ydlidar_sdk/share/YDLIDAR_SDK/doc/images
[1.011s] -- Installing: /home/terry/robot_ws/install/ydlidar_sdk/share/YDLIDAR_SDK/doc/images/system_workflow.png
[1.011s] -- Installing: /home/terry/robot_ws/install/ydlidar_sdk/share/YDLIDAR_SDK/doc/images/EAI.png
[1.011s] -- Installing: /home/terry/robot_ws/install/ydlidar_sdk/share/YDLIDAR_SDK/doc/images/sdk_architecture.png
[1.011s] -- Installing: /home/terry/robot_ws/install/ydlidar_sdk/share/YDLIDAR_SDK/doc/images/sdk_scanning.png
[1.011s] -- Installing: /home/terry/robot_ws/install/ydlidar_sdk/share/YDLIDAR_SDK/doc/images/sdk_init.png
[1.011s] -- Installing: /home/terry/robot_ws/install/ydlidar_sdk/share/YDLIDAR_SDK/doc/images/YDLidar.png
[1.011s] -- Installing: /home/terry/robot_ws/install/ydlidar_sdk/share/YDLIDAR_SDK/doc/images/frame.png
[1.012s] -- Installing: /home/terry/robot_ws/install/ydlidar_sdk/share/YDLIDAR_SDK/doc/images/angle_q2.png
[1.012s] -- Installing: /home/terry/robot_ws/install/ydlidar_sdk/share/YDLIDAR_SDK/doc/images/FlowChart.png
[1.012s] -- Installing: /home/terry/robot_ws/install/ydlidar_sdk/share/YDLIDAR_SDK/doc/images/frame_intensity.png
[1.012s] -- Installing: /home/terry/robot_ws/install/ydlidar_sdk/share/YDLIDAR_SDK/doc/images/YDLidar.jpg
[1.015s] -- Installing: /home/terry/robot_ws/install/ydlidar_sdk/share/YDLIDAR_SDK/doc/images/communication_mechanism.png
[1.016s] -- Installing: /home/terry/robot_ws/install/ydlidar_sdk/share/YDLIDAR_SDK/doc/images/sequence.png
[1.016s] -- Installing: /home/terry/robot_ws/install/ydlidar_sdk/startup/initenv.sh
[1.016s] -- Installing: /home/terry/robot_ws/install/ydlidar_sdk/bin/et_test
[1.016s] -- Installing: /home/terry/robot_ws/install/ydlidar_sdk/bin/gs_ota
[1.016s] -- Installing: /home/terry/robot_ws/install/ydlidar_sdk/bin/gs_restart
[1.016s] -- Installing: /home/terry/robot_ws/install/ydlidar_sdk/bin/gs_test
[1.016s] -- Installing: /home/terry/robot_ws/install/ydlidar_sdk/bin/gs_test2
[1.016s] -- Installing: /home/terry/robot_ws/install/ydlidar_sdk/bin/scl_test
[1.016s] -- Installing: /home/terry/robot_ws/install/ydlidar_sdk/bin/sdm18_test
[1.017s] -- Installing: /home/terry/robot_ws/install/ydlidar_sdk/bin/sdm_test
[1.017s] -- Installing: /home/terry/robot_ws/install/ydlidar_sdk/bin/tea_test
[1.018s] -- Installing: /home/terry/robot_ws/install/ydlidar_sdk/bin/tia_test
[1.018s] -- Installing: /home/terry/robot_ws/install/ydlidar_sdk/bin/tmini_test
[1.019s] -- Installing: /home/terry/robot_ws/install/ydlidar_sdk/bin/tof_test
[1.019s] -- Installing: /home/terry/robot_ws/install/ydlidar_sdk/bin/tri_and_gs_test
[1.019s] -- Installing: /home/terry/robot_ws/install/ydlidar_sdk/bin/tri_restart
[1.019s] -- Installing: /home/terry/robot_ws/install/ydlidar_sdk/bin/tri_test
[1.019s] -- Installing: /home/terry/robot_ws/install/ydlidar_sdk/bin/lidar_c_api_test
[1.019s] Invoked command in '/home/terry/robot_ws/build/ydlidar_sdk' returned '0': DEBUGINFOD_URLS=https://debuginfod.ubuntu.com /usr/bin/cmake --install /home/terry/robot_ws/build/ydlidar_sdk
