[0.036s] Invoking command in '/home/terry/robot_ws/build/ydlidar_ros2_driver': CMAKE_PREFIX_PATH=${CMAKE_PREFIX_PATH}:/opt/ros/jazzy DEBUGINFOD_URLS=https://debuginfod.ubuntu.com /usr/bin/cmake /home/terry/robot_ws/src/ydlidar_ros2_driver -DAMENT_CMAKE_SYMLINK_INSTALL=1 -DCMAKE_INSTALL_PREFIX=/home/terry/robot_ws/install/ydlidar_ros2_driver
[0.720s] -- The C compiler identification is GNU 13.3.0
[1.124s] -- The CXX compiler identification is GNU 13.3.0
[1.167s] -- Detecting C compiler ABI info
[1.352s] -- Detecting C compiler ABI info - done
[1.366s] -- Check for working C compiler: /usr/bin/cc - skipped
[1.372s] -- Detecting C compile features
[1.373s] -- Detecting C compile features - done
[1.389s] -- Detecting CXX compiler ABI info
[1.572s] -- Detecting CXX compiler ABI info - done
[1.586s] -- Check for working CXX compiler: /usr/bin/c++ - skipped
[1.587s] -- Detecting CXX compile features
[1.587s] -- Detecting CXX compile features - done
[1.598s] -- Found ament_cmake: 2.5.4 (/opt/ros/jazzy/share/ament_cmake/cmake)
[1.843s] -- Found Python3: /usr/bin/python3 (found version "3.12.3") found components: Interpreter 
[1.998s] -- Override CMake install command with custom implementation using symlinks instead of copying resources
[2.064s] -- Found rclcpp: 28.1.9 (/opt/ros/jazzy/share/rclcpp/cmake)
[2.154s] -- Found rosidl_generator_c: 4.6.5 (/opt/ros/jazzy/share/rosidl_generator_c/cmake)
[2.181s] -- Found rosidl_generator_cpp: 4.6.5 (/opt/ros/jazzy/share/rosidl_generator_cpp/cmake)
[2.219s] -- Using all available rosidl_typesupport_c: rosidl_typesupport_fastrtps_c;rosidl_typesupport_introspection_c
[2.259s] -- Using all available rosidl_typesupport_cpp: rosidl_typesupport_fastrtps_cpp;rosidl_typesupport_introspection_cpp
[2.430s] -- Found rmw_implementation_cmake: 7.3.2 (/opt/ros/jazzy/share/rmw_implementation_cmake/cmake)
[2.437s] -- Found rmw_fastrtps_cpp: 8.4.2 (/opt/ros/jazzy/share/rmw_fastrtps_cpp/cmake)
[2.606s] -- Found OpenSSL: /usr/lib/aarch64-linux-gnu/libcrypto.so (found version "3.0.13")  
[2.638s] -- Found FastRTPS: /opt/ros/jazzy/include (Required is at least version "2.13") 
[2.675s] -- Using RMW implementation 'rmw_fastrtps_cpp' as default
[2.816s] -- Found sensor_msgs: 5.3.6 (/opt/ros/jazzy/share/sensor_msgs/cmake)
[2.934s] -- Found visualization_msgs: 5.3.6 (/opt/ros/jazzy/share/visualization_msgs/cmake)
[2.991s] -- Found std_srvs: 5.3.6 (/opt/ros/jazzy/share/std_srvs/cmake)
[3.036s] [31mCMake Error at CMakeLists.txt:25 (find_package):
[3.036s]   By not providing "Findydlidar_sdk.cmake" in CMAKE_MODULE_PATH this project
[3.036s]   has asked CMake to find a package configuration file provided by
[3.036s]   "ydlidar_sdk", but CMake did not find one.
[3.036s] 
[3.036s]   Could not find a package configuration file provided by "ydlidar_sdk" with
[3.036s]   any of the following names:
[3.036s] 
[3.036s]     ydlidar_sdkConfig.cmake
[3.037s]     ydlidar_sdk-config.cmake
[3.037s] 
[3.037s]   Add the installation prefix of "ydlidar_sdk" to CMAKE_PREFIX_PATH or set
[3.037s]   "ydlidar_sdk_DIR" to a directory containing one of the above files.  If
[3.037s]   "ydlidar_sdk" provides a separate development package or SDK, be sure it
[3.037s]   has been installed.
[3.037s] 
[3.037s] [0m
[3.037s] -- Configuring incomplete, errors occurred!
[3.062s] Invoked command in '/home/terry/robot_ws/build/ydlidar_ros2_driver' returned '1': CMAKE_PREFIX_PATH=${CMAKE_PREFIX_PATH}:/opt/ros/jazzy DEBUGINFOD_URLS=https://debuginfod.ubuntu.com /usr/bin/cmake /home/terry/robot_ws/src/ydlidar_ros2_driver -DAMENT_CMAKE_SYMLINK_INSTALL=1 -DCMAKE_INSTALL_PREFIX=/home/terry/robot_ws/install/ydlidar_ros2_driver
