[0.036s] Invoking command in '/home/terry/robot_ws/build/my_package': CMAKE_PREFIX_PATH=${CMAKE_PREFIX_PATH}:/opt/ros/jazzy DEBUGINFOD_URLS=https://debuginfod.ubuntu.com /usr/bin/cmake --build /home/terry/robot_ws/build/my_package -- -j4 -l4
[0.254s] Invoked command in '/home/terry/robot_ws/build/my_package' returned '0': CMAKE_PREFIX_PATH=${CMAKE_PREFIX_PATH}:/opt/ros/jazzy DEBUGINFOD_URLS=https://debuginfod.ubuntu.com /usr/bin/cmake --build /home/terry/robot_ws/build/my_package -- -j4 -l4
[0.288s] Invoking command in '/home/terry/robot_ws/build/my_package': CMAKE_PREFIX_PATH=${CMAKE_PREFIX_PATH}:/opt/ros/jazzy DEBUGINFOD_URLS=https://debuginfod.ubuntu.com /usr/bin/cmake --install /home/terry/robot_ws/build/my_package
[0.305s] -- Install configuration: ""
[0.307s] -- Execute custom install script
[0.317s] -- Up-to-date symlink: /home/terry/robot_ws/install/my_package/share/ament_index/resource_index/package_run_dependencies/my_package
[0.321s] -- Up-to-date symlink: /home/terry/robot_ws/install/my_package/share/ament_index/resource_index/parent_prefix_path/my_package
[0.329s] -- Up-to-date symlink: /home/terry/robot_ws/install/my_package/share/my_package/environment/ament_prefix_path.sh
[0.331s] -- Up-to-date symlink: /home/terry/robot_ws/install/my_package/share/my_package/environment/ament_prefix_path.dsv
[0.336s] -- Up-to-date symlink: /home/terry/robot_ws/install/my_package/share/my_package/environment/path.sh
[0.338s] -- Up-to-date symlink: /home/terry/robot_ws/install/my_package/share/my_package/environment/path.dsv
[0.340s] -- Up-to-date symlink: /home/terry/robot_ws/install/my_package/share/my_package/local_setup.bash
[0.342s] -- Up-to-date symlink: /home/terry/robot_ws/install/my_package/share/my_package/local_setup.sh
[0.344s] -- Up-to-date symlink: /home/terry/robot_ws/install/my_package/share/my_package/local_setup.zsh
[0.346s] -- Up-to-date symlink: /home/terry/robot_ws/install/my_package/share/my_package/local_setup.dsv
[0.347s] -- Symlinking: /home/terry/robot_ws/install/my_package/share/my_package/package.dsv
[0.374s] -- Up-to-date symlink: /home/terry/robot_ws/install/my_package/share/ament_index/resource_index/packages/my_package
[0.379s] -- Up-to-date symlink: /home/terry/robot_ws/install/my_package/share/my_package/cmake/my_packageConfig.cmake
[0.381s] -- Up-to-date symlink: /home/terry/robot_ws/install/my_package/share/my_package/cmake/my_packageConfig-version.cmake
[0.381s] -- Up-to-date symlink: /home/terry/robot_ws/install/my_package/share/my_package/package.xml
[0.386s] Invoked command in '/home/terry/robot_ws/build/my_package' returned '0': CMAKE_PREFIX_PATH=${CMAKE_PREFIX_PATH}:/opt/ros/jazzy DEBUGINFOD_URLS=https://debuginfod.ubuntu.com /usr/bin/cmake --install /home/terry/robot_ws/build/my_package
