[0.049s] Invoking command in '/home/terry/robot_ws/src/build/ydlidar_sdk': DEBUGINFOD_URLS=https://debuginfod.ubuntu.com /usr/bin/cmake /home/terry/robot_ws/src/ydlidar_sdk -DCMAKE_INSTALL_PREFIX=/home/terry/robot_ws/src/install/ydlidar_sdk
[0.065s] [0mCMake Deprecation Warning at CMakeLists.txt:1 (cmake_minimum_required):
[0.065s]   Compatibility with CMake < 3.5 will be removed from a future version of
[0.065s]   CMake.
[0.066s] 
[0.066s]   Update the VERSION argument <min> value or use a ...<max> suffix to tell
[0.066s]   CMake that the project does not need compatibility with older versions.
[0.066s] 
[0.066s] [0m
[0.191s] -- The C compiler identification is GNU 13.3.0
[0.306s] -- The CXX compiler identification is GNU 13.3.0
[0.336s] -- Detecting C compiler ABI info
[0.506s] -- Detecting C compiler ABI info - done
[0.522s] -- Check for working C compiler: /usr/bin/cc - skipped
[0.522s] -- Detecting C compile features
[0.523s] -- Detecting C compile features - done
[0.539s] -- Detecting CXX compiler ABI info
[0.727s] -- Detecting CXX compiler ABI info - done
[0.743s] -- Check for working CXX compiler: /usr/bin/c++ - skipped
[0.744s] -- Detecting CXX compile features
[0.744s] -- Detecting CXX compile features - done
[0.746s] -- Current platform: Linux
[0.747s] [0mCMake Deprecation Warning at CMakeLists.txt:58 (cmake_policy):
[0.747s]   The OLD behavior for policy CMP0053 will be removed from a future version
[0.747s]   of CMake.
[0.747s] 
[0.747s]   The cmake-policies(7) manual explains that the OLD behaviors of all
[0.747s]   policies are deprecated and that a policy should be set to OLD only under
[0.747s]   specific short-term circumstances.  Projects should be ported to the NEW
[0.747s]   behavior and not rely on setting a policy to OLD.
[0.747s] 
[0.748s] [0m
[0.748s] [0mCMake Deprecation Warning at CMakeLists.txt:61 (cmake_policy):
[0.748s]   The OLD behavior for policy CMP0037 will be removed from a future version
[0.748s]   of CMake.
[0.748s] 
[0.748s]   The cmake-policies(7) manual explains that the OLD behaviors of all
[0.748s]   policies are deprecated and that a policy should be set to OLD only under
[0.748s]   specific short-term circumstances.  Projects should be ported to the NEW
[0.748s]   behavior and not rely on setting a policy to OLD.
[0.748s] 
[0.748s] [0m
[0.748s] [0mCMake Deprecation Warning at CMakeLists.txt:64 (cmake_policy):
[0.748s]   The OLD behavior for policy CMP0043 will be removed from a future version
[0.749s]   of CMake.
[0.749s] 
[0.749s]   The cmake-policies(7) manual explains that the OLD behaviors of all
[0.749s]   policies are deprecated and that a policy should be set to OLD only under
[0.749s]   specific short-term circumstances.  Projects should be ported to the NEW
[0.749s]   behavior and not rely on setting a policy to OLD.
[0.749s] 
[0.749s] [0m
[0.749s] -- Could NOT find SWIG (missing: SWIG_EXECUTABLE SWIG_DIR) 
[0.749s] [33mCMake Warning (dev) at CMakeLists.txt:78 (find_package):
[0.749s]   Policy CMP0148 is not set: The FindPythonInterp and FindPythonLibs modules
[0.750s]   are removed.  Run "cmake --help-policy CMP0148" for policy details.  Use
[0.750s]   the cmake_policy command to set the policy and suppress this warning.
[0.750s] 
[0.750s] This warning is for project developers.  Use -Wno-dev to suppress it.
[0.750s] [0m
[0.785s] -- Found PythonInterp: /usr/bin/python3 (found version "3.12.3") 
[0.785s] [33mCMake Warning (dev) at CMakeLists.txt:79 (find_package):
[0.785s]   Policy CMP0148 is not set: The FindPythonInterp and FindPythonLibs modules
[0.785s]   are removed.  Run "cmake --help-policy CMP0148" for policy details.  Use
[0.786s]   the cmake_policy command to set the policy and suppress this warning.
[0.786s] 
[0.786s] This warning is for project developers.  Use -Wno-dev to suppress it.
[0.786s] [0m
[0.799s] -- Found PythonLibs: /usr/lib/aarch64-linux-gnu/libpython3.12.so (found version "3.12.3") 
[0.977s] -- Found GTest: /usr/lib/aarch64-linux-gnu/cmake/GTest/GTestConfig.cmake (found version "1.14.0")  
[0.978s] [0mCMake Deprecation Warning at core/CMakeLists.txt:1 (cmake_minimum_required):
[0.979s]   Compatibility with CMake < 3.5 will be removed from a future version of
[0.979s]   CMake.
[0.979s] 
[0.979s]   Update the VERSION argument <min> value or use a ...<max> suffix to tell
[0.979s]   CMake that the project does not need compatibility with older versions.
[0.979s] 
[0.979s] [0m
[0.989s] [0mCMake Deprecation Warning at examples/CMakeLists.txt:2 (cmake_minimum_required):
[0.990s]   Compatibility with CMake < 3.5 will be removed from a future version of
[0.990s]   CMake.
[0.990s] 
[0.990s]   Update the VERSION argument <min> value or use a ...<max> suffix to tell
[0.990s]   CMake that the project does not need compatibility with older versions.
[0.990s] 
[0.990s] [0m
[0.994s] [0mCMake Deprecation Warning at cmake/install_package.cmake:101 (cmake_policy):
[0.994s]   The OLD behavior for policy CMP0026 will be removed from a future version
[0.994s]   of CMake.
[0.994s] 
[0.994s]   The cmake-policies(7) manual explains that the OLD behaviors of all
[0.995s]   policies are deprecated and that a policy should be set to OLD only under
[0.995s]   specific short-term circumstances.  Projects should be ported to the NEW
[0.995s]   behavior and not rely on setting a policy to OLD.
[0.995s] Call Stack (most recent call first):
[0.995s]   CMakeLists.txt:176 (install_package)
[0.995s] 
[0.995s] [0m
[0.998s] [33mCMake Warning (dev) at cmake/install_package.cmake:191 (install):
[0.998s]   Policy CMP0062 is not set: Disallow install() of export() result.  Run
[0.998s]   "cmake --help-policy CMP0062" for policy details.  Use the cmake_policy
[0.998s]   command to set the policy and suppress this warning.
[0.998s] 
[0.998s]   The file
[0.998s] 
[0.998s]     /home/terry/robot_ws/src/build/ydlidar_sdk/ydlidar_sdkTargets.cmake
[0.999s] 
[0.999s]   was generated by the export() command.  It should not be installed with the
[0.999s]   install() command.  Use the install(EXPORT) mechanism instead.  See the
[0.999s]   cmake-packages(7) manual for more.
[0.999s] 
[0.999s] Call Stack (most recent call first):
[0.999s]   CMakeLists.txt:176 (install_package)
[0.999s] This warning is for project developers.  Use -Wno-dev to suppress it.
[0.999s] [0m
[1.011s] -- 
[1.011s] -- +===========================================================================+
[1.011s] -- |         Resulting configuration for                             |
[1.012s] -- +===========================================================================+
[1.012s] --  _________________________ PLATFORM _____________________________
[1.012s] --  Host                        : Linux6.8.0-1028-raspiaarch64
[1.012s] --  Is the system big endian?   :  No 
[1.012s] --  Word size (32/64 bit)       : 64
[1.012s] --  CMake version               : 3.28.3
[1.012s] --  CMake generator             : Unix Makefiles
[1.012s] --  CMake build tool            : /usr/bin/gmake
[1.012s] --  Compiler                    : GNU
[1.012s] --  Configuration               : 
[1.013s] -- 
[1.013s] --  __________________________ OPTIONS _____________________________
[1.013s] --  Build YDLidar-SDK as a shared library?　　 :  No 
[1.013s] --  Build Examples?　　　　　　　　　　　　　　 : Yes 
[1.013s] --  Build C Sharp API?　　　　　　　　　　　　 :  No 
[1.013s] --  Build TEST?  			　　　 :  No 
[1.013s] -- 
[1.013s] --  _________________________ INSTALL _____________________
[1.013s] --  Install prefix                    : /home/terry/robot_ws/src/install/ydlidar_sdk
[1.013s] -- 
[1.014s] --  _______________________ WRAPPERS/BINDINGS ______________________
[1.014s] --  Python bindings (pyydlidar)   :  No 
[1.014s] --   - dep: Swig found?       :  No [Version: ]
[1.014s] --   - dep: PythonLibs found?  : Yes [Version: 3.12.3]
[1.014s] -- 
[1.014s] -- Configuring done (0.9s)
[1.069s] -- Generating done (0.0s)
[1.080s] -- Build files have been written to: /home/terry/robot_ws/src/build/ydlidar_sdk
