[0.147s] DEBUG:colcon:Command line arguments: ['/usr/bin/colcon', 'build', '--symlink-install']
[0.147s] DEBUG:colcon:Parsed command line arguments: Namespace(log_base=None, log_level=None, verb_name='build', build_base='build', install_base='install', merge_install=False, symlink_install=True, test_result_base=None, continue_on_error=False, executor='parallel', parallel_workers=4, event_handlers=None, ignore_user_meta=False, metas=['./colcon.meta'], base_paths=['.'], packages_ignore=None, packages_ignore_regex=None, paths=None, packages_up_to=None, packages_up_to_regex=None, packages_above=None, packages_above_and_dependencies=None, packages_above_depth=None, packages_select_by_dep=None, packages_skip_by_dep=None, packages_skip_up_to=None, packages_select_build_failed=False, packages_skip_build_finished=False, packages_select_test_failures=False, packages_skip_test_passed=False, packages_select=None, packages_skip=None, packages_select_regex=None, packages_skip_regex=None, packages_start=None, packages_end=None, allow_overriding=[], cmake_args=None, cmake_target=None, cmake_target_skip_unavailable=False, cmake_clean_cache=False, cmake_clean_first=False, cmake_force_configure=False, ament_cmake_args=None, catkin_cmake_args=None, catkin_skip_building_tests=False, mixin_files=None, mixin=None, verb_parser=<colcon_mixin.mixin.mixin_argument.MixinArgumentDecorator object at 0xffff96104860>, verb_extension=<colcon_core.verb.build.BuildVerb object at 0xffff962c0e90>, main=<bound method BuildVerb.main of <colcon_core.verb.build.BuildVerb object at 0xffff962c0e90>>, mixin_verb=('build',))
[0.204s] Level 1:colcon.colcon_core.package_discovery:discover_packages(colcon_meta) check parameters
[0.205s] Level 1:colcon.colcon_core.package_discovery:discover_packages(recursive) check parameters
[0.205s] Level 1:colcon.colcon_core.package_discovery:discover_packages(ignore) check parameters
[0.205s] Level 1:colcon.colcon_core.package_discovery:discover_packages(path) check parameters
[0.205s] Level 1:colcon.colcon_core.package_discovery:discover_packages(colcon_meta) discover
[0.205s] Level 1:colcon.colcon_core.package_discovery:discover_packages(recursive) discover
[0.205s] INFO:colcon.colcon_core.package_discovery:Crawling recursively for packages in '/home/terry/robot_ws/src'
[0.205s] Level 1:colcon.colcon_core.package_identification:_identify(.) by extensions ['ignore', 'ignore_ament_install']
[0.205s] Level 1:colcon.colcon_core.package_identification:_identify(.) by extension 'ignore'
[0.205s] Level 1:colcon.colcon_core.package_identification:_identify(.) by extension 'ignore_ament_install'
[0.205s] Level 1:colcon.colcon_core.package_identification:_identify(.) by extensions ['colcon_pkg']
[0.205s] Level 1:colcon.colcon_core.package_identification:_identify(.) by extension 'colcon_pkg'
[0.205s] Level 1:colcon.colcon_core.package_identification:_identify(.) by extensions ['colcon_meta']
[0.205s] Level 1:colcon.colcon_core.package_identification:_identify(.) by extension 'colcon_meta'
[0.206s] Level 1:colcon.colcon_core.package_identification:_identify(.) by extensions ['ros']
[0.206s] Level 1:colcon.colcon_core.package_identification:_identify(.) by extension 'ros'
[0.244s] Level 1:colcon.colcon_core.package_identification:_identify(.) by extensions ['cmake', 'python']
[0.244s] Level 1:colcon.colcon_core.package_identification:_identify(.) by extension 'cmake'
[0.244s] Level 1:colcon.colcon_core.package_identification:_identify(.) by extension 'python'
[0.244s] Level 1:colcon.colcon_core.package_identification:_identify(.) by extensions ['python_setup_py']
[0.244s] Level 1:colcon.colcon_core.package_identification:_identify(.) by extension 'python_setup_py'
[0.245s] Level 1:colcon.colcon_core.package_identification:_identify(build) by extensions ['ignore', 'ignore_ament_install']
[0.245s] Level 1:colcon.colcon_core.package_identification:_identify(build) by extension 'ignore'
[0.245s] Level 1:colcon.colcon_core.package_identification:_identify(build) ignored
[0.245s] Level 1:colcon.colcon_core.package_identification:_identify(install) by extensions ['ignore', 'ignore_ament_install']
[0.245s] Level 1:colcon.colcon_core.package_identification:_identify(install) by extension 'ignore'
[0.245s] Level 1:colcon.colcon_core.package_identification:_identify(install) ignored
[0.245s] Level 1:colcon.colcon_core.package_identification:_identify(log) by extensions ['ignore', 'ignore_ament_install']
[0.245s] Level 1:colcon.colcon_core.package_identification:_identify(log) by extension 'ignore'
[0.245s] Level 1:colcon.colcon_core.package_identification:_identify(log) ignored
[0.245s] Level 1:colcon.colcon_core.package_identification:_identify(my_bot) by extensions ['ignore', 'ignore_ament_install']
[0.246s] Level 1:colcon.colcon_core.package_identification:_identify(my_bot) by extension 'ignore'
[0.246s] Level 1:colcon.colcon_core.package_identification:_identify(my_bot) by extension 'ignore_ament_install'
[0.246s] Level 1:colcon.colcon_core.package_identification:_identify(my_bot) by extensions ['colcon_pkg']
[0.246s] Level 1:colcon.colcon_core.package_identification:_identify(my_bot) by extension 'colcon_pkg'
[0.246s] Level 1:colcon.colcon_core.package_identification:_identify(my_bot) by extensions ['colcon_meta']
[0.246s] Level 1:colcon.colcon_core.package_identification:_identify(my_bot) by extension 'colcon_meta'
[0.246s] Level 1:colcon.colcon_core.package_identification:_identify(my_bot) by extensions ['ros']
[0.246s] Level 1:colcon.colcon_core.package_identification:_identify(my_bot) by extension 'ros'
[0.249s] DEBUG:colcon.colcon_core.package_identification:Package 'my_bot' with type 'ros.ament_cmake' and name 'my_bot'
[0.249s] Level 1:colcon.colcon_core.package_identification:_identify(my_package) by extensions ['ignore', 'ignore_ament_install']
[0.249s] Level 1:colcon.colcon_core.package_identification:_identify(my_package) by extension 'ignore'
[0.249s] Level 1:colcon.colcon_core.package_identification:_identify(my_package) by extension 'ignore_ament_install'
[0.249s] Level 1:colcon.colcon_core.package_identification:_identify(my_package) by extensions ['colcon_pkg']
[0.249s] Level 1:colcon.colcon_core.package_identification:_identify(my_package) by extension 'colcon_pkg'
[0.249s] Level 1:colcon.colcon_core.package_identification:_identify(my_package) by extensions ['colcon_meta']
[0.249s] Level 1:colcon.colcon_core.package_identification:_identify(my_package) by extension 'colcon_meta'
[0.250s] Level 1:colcon.colcon_core.package_identification:_identify(my_package) by extensions ['ros']
[0.250s] Level 1:colcon.colcon_core.package_identification:_identify(my_package) by extension 'ros'
[0.250s] DEBUG:colcon.colcon_core.package_identification:Package 'my_package' with type 'ros.ament_cmake' and name 'my_package'
[0.250s] Level 1:colcon.colcon_core.package_identification:_identify(serial_motor_demo) by extensions ['ignore', 'ignore_ament_install']
[0.250s] Level 1:colcon.colcon_core.package_identification:_identify(serial_motor_demo) by extension 'ignore'
[0.250s] Level 1:colcon.colcon_core.package_identification:_identify(serial_motor_demo) by extension 'ignore_ament_install'
[0.250s] Level 1:colcon.colcon_core.package_identification:_identify(serial_motor_demo) by extensions ['colcon_pkg']
[0.250s] Level 1:colcon.colcon_core.package_identification:_identify(serial_motor_demo) by extension 'colcon_pkg'
[0.250s] Level 1:colcon.colcon_core.package_identification:_identify(serial_motor_demo) by extensions ['colcon_meta']
[0.250s] Level 1:colcon.colcon_core.package_identification:_identify(serial_motor_demo) by extension 'colcon_meta'
[0.251s] Level 1:colcon.colcon_core.package_identification:_identify(serial_motor_demo) by extensions ['ros']
[0.251s] Level 1:colcon.colcon_core.package_identification:_identify(serial_motor_demo) by extension 'ros'
[0.251s] Level 1:colcon.colcon_core.package_identification:_identify(serial_motor_demo) by extensions ['cmake', 'python']
[0.251s] Level 1:colcon.colcon_core.package_identification:_identify(serial_motor_demo) by extension 'cmake'
[0.251s] Level 1:colcon.colcon_core.package_identification:_identify(serial_motor_demo) by extension 'python'
[0.251s] Level 1:colcon.colcon_core.package_identification:_identify(serial_motor_demo) by extensions ['python_setup_py']
[0.251s] Level 1:colcon.colcon_core.package_identification:_identify(serial_motor_demo) by extension 'python_setup_py'
[0.251s] Level 1:colcon.colcon_core.package_identification:_identify(serial_motor_demo/serial_motor_demo) by extensions ['ignore', 'ignore_ament_install']
[0.251s] Level 1:colcon.colcon_core.package_identification:_identify(serial_motor_demo/serial_motor_demo) by extension 'ignore'
[0.251s] Level 1:colcon.colcon_core.package_identification:_identify(serial_motor_demo/serial_motor_demo) by extension 'ignore_ament_install'
[0.251s] Level 1:colcon.colcon_core.package_identification:_identify(serial_motor_demo/serial_motor_demo) by extensions ['colcon_pkg']
[0.251s] Level 1:colcon.colcon_core.package_identification:_identify(serial_motor_demo/serial_motor_demo) by extension 'colcon_pkg'
[0.251s] Level 1:colcon.colcon_core.package_identification:_identify(serial_motor_demo/serial_motor_demo) by extensions ['colcon_meta']
[0.251s] Level 1:colcon.colcon_core.package_identification:_identify(serial_motor_demo/serial_motor_demo) by extension 'colcon_meta'
[0.251s] Level 1:colcon.colcon_core.package_identification:_identify(serial_motor_demo/serial_motor_demo) by extensions ['ros']
[0.251s] Level 1:colcon.colcon_core.package_identification:_identify(serial_motor_demo/serial_motor_demo) by extension 'ros'
[0.252s] DEBUG:colcon.colcon_core.package_identification:Package 'serial_motor_demo/serial_motor_demo' with type 'ros.ament_python' and name 'serial_motor_demo'
[0.252s] Level 1:colcon.colcon_core.package_identification:_identify(serial_motor_demo/serial_motor_demo_msgs) by extensions ['ignore', 'ignore_ament_install']
[0.252s] Level 1:colcon.colcon_core.package_identification:_identify(serial_motor_demo/serial_motor_demo_msgs) by extension 'ignore'
[0.252s] Level 1:colcon.colcon_core.package_identification:_identify(serial_motor_demo/serial_motor_demo_msgs) by extension 'ignore_ament_install'
[0.252s] Level 1:colcon.colcon_core.package_identification:_identify(serial_motor_demo/serial_motor_demo_msgs) by extensions ['colcon_pkg']
[0.252s] Level 1:colcon.colcon_core.package_identification:_identify(serial_motor_demo/serial_motor_demo_msgs) by extension 'colcon_pkg'
[0.252s] Level 1:colcon.colcon_core.package_identification:_identify(serial_motor_demo/serial_motor_demo_msgs) by extensions ['colcon_meta']
[0.252s] Level 1:colcon.colcon_core.package_identification:_identify(serial_motor_demo/serial_motor_demo_msgs) by extension 'colcon_meta'
[0.252s] Level 1:colcon.colcon_core.package_identification:_identify(serial_motor_demo/serial_motor_demo_msgs) by extensions ['ros']
[0.253s] Level 1:colcon.colcon_core.package_identification:_identify(serial_motor_demo/serial_motor_demo_msgs) by extension 'ros'
[0.253s] DEBUG:colcon.colcon_core.package_identification:Package 'serial_motor_demo/serial_motor_demo_msgs' with type 'ros.ament_cmake' and name 'serial_motor_demo_msgs'
[0.253s] Level 1:colcon.colcon_core.package_identification:_identify(ydlidar_ros2_driver) by extensions ['ignore', 'ignore_ament_install']
[0.253s] Level 1:colcon.colcon_core.package_identification:_identify(ydlidar_ros2_driver) by extension 'ignore'
[0.253s] Level 1:colcon.colcon_core.package_identification:_identify(ydlidar_ros2_driver) by extension 'ignore_ament_install'
[0.253s] Level 1:colcon.colcon_core.package_identification:_identify(ydlidar_ros2_driver) by extensions ['colcon_pkg']
[0.253s] Level 1:colcon.colcon_core.package_identification:_identify(ydlidar_ros2_driver) by extension 'colcon_pkg'
[0.253s] Level 1:colcon.colcon_core.package_identification:_identify(ydlidar_ros2_driver) by extensions ['colcon_meta']
[0.253s] Level 1:colcon.colcon_core.package_identification:_identify(ydlidar_ros2_driver) by extension 'colcon_meta'
[0.254s] Level 1:colcon.colcon_core.package_identification:_identify(ydlidar_ros2_driver) by extensions ['ros']
[0.254s] Level 1:colcon.colcon_core.package_identification:_identify(ydlidar_ros2_driver) by extension 'ros'
[0.254s] DEBUG:colcon.colcon_core.package_identification:Package 'ydlidar_ros2_driver' with type 'ros.ament_cmake' and name 'ydlidar_ros2_driver'
[0.254s] Level 1:colcon.colcon_core.package_identification:_identify(ydlidar_sdk) by extensions ['ignore', 'ignore_ament_install']
[0.255s] Level 1:colcon.colcon_core.package_identification:_identify(ydlidar_sdk) by extension 'ignore'
[0.255s] Level 1:colcon.colcon_core.package_identification:_identify(ydlidar_sdk) by extension 'ignore_ament_install'
[0.255s] Level 1:colcon.colcon_core.package_identification:_identify(ydlidar_sdk) by extensions ['colcon_pkg']
[0.255s] Level 1:colcon.colcon_core.package_identification:_identify(ydlidar_sdk) by extension 'colcon_pkg'
[0.255s] Level 1:colcon.colcon_core.package_identification:_identify(ydlidar_sdk) by extensions ['colcon_meta']
[0.255s] Level 1:colcon.colcon_core.package_identification:_identify(ydlidar_sdk) by extension 'colcon_meta'
[0.255s] Level 1:colcon.colcon_core.package_identification:_identify(ydlidar_sdk) by extensions ['ros']
[0.255s] Level 1:colcon.colcon_core.package_identification:_identify(ydlidar_sdk) by extension 'ros'
[0.255s] Level 1:colcon.colcon_core.package_identification:_identify(ydlidar_sdk) by extensions ['cmake', 'python']
[0.255s] Level 1:colcon.colcon_core.package_identification:_identify(ydlidar_sdk) by extension 'cmake'
[0.305s] Level 1:colcon.colcon_core.package_identification:_identify(ydlidar_sdk) by extension 'python'
[0.305s] DEBUG:colcon.colcon_core.package_identification:Package 'ydlidar_sdk' with type 'cmake' and name 'ydlidar_sdk'
[0.305s] Level 1:colcon.colcon_core.package_discovery:discover_packages(recursive) using defaults
[0.305s] Level 1:colcon.colcon_core.package_discovery:discover_packages(ignore) discover
[0.305s] Level 1:colcon.colcon_core.package_discovery:discover_packages(ignore) using defaults
[0.305s] Level 1:colcon.colcon_core.package_discovery:discover_packages(path) discover
[0.305s] Level 1:colcon.colcon_core.package_discovery:discover_packages(path) using defaults
[0.329s] Level 1:colcon.colcon_core.package_discovery:discover_packages(prefix_path) check parameters
[0.329s] Level 1:colcon.colcon_core.package_discovery:discover_packages(prefix_path) discover
[0.331s] DEBUG:colcon.colcon_installed_package_information.package_discovery:Found 6 installed packages in /home/terry/robot_ws/install
[0.333s] DEBUG:colcon.colcon_installed_package_information.package_discovery:Found 289 installed packages in /opt/ros/jazzy
[0.336s] Level 1:colcon.colcon_core.package_discovery:discover_packages(prefix_path) using defaults
[0.396s] Level 5:colcon.colcon_core.verb:set package 'my_bot' build argument 'cmake_args' from command line to 'None'
[0.397s] Level 5:colcon.colcon_core.verb:set package 'my_bot' build argument 'cmake_target' from command line to 'None'
[0.397s] Level 5:colcon.colcon_core.verb:set package 'my_bot' build argument 'cmake_target_skip_unavailable' from command line to 'False'
[0.397s] Level 5:colcon.colcon_core.verb:set package 'my_bot' build argument 'cmake_clean_cache' from command line to 'False'
[0.397s] Level 5:colcon.colcon_core.verb:set package 'my_bot' build argument 'cmake_clean_first' from command line to 'False'
[0.397s] Level 5:colcon.colcon_core.verb:set package 'my_bot' build argument 'cmake_force_configure' from command line to 'False'
[0.397s] Level 5:colcon.colcon_core.verb:set package 'my_bot' build argument 'ament_cmake_args' from command line to 'None'
[0.397s] Level 5:colcon.colcon_core.verb:set package 'my_bot' build argument 'catkin_cmake_args' from command line to 'None'
[0.397s] Level 5:colcon.colcon_core.verb:set package 'my_bot' build argument 'catkin_skip_building_tests' from command line to 'False'
[0.397s] DEBUG:colcon.colcon_core.verb:Building package 'my_bot' with the following arguments: {'ament_cmake_args': None, 'build_base': '/home/terry/robot_ws/src/build/my_bot', 'catkin_cmake_args': None, 'catkin_skip_building_tests': False, 'cmake_args': None, 'cmake_clean_cache': False, 'cmake_clean_first': False, 'cmake_force_configure': False, 'cmake_target': None, 'cmake_target_skip_unavailable': False, 'install_base': '/home/terry/robot_ws/src/install/my_bot', 'merge_install': False, 'path': '/home/terry/robot_ws/src/my_bot', 'symlink_install': True, 'test_result_base': None}
[0.397s] Level 5:colcon.colcon_core.verb:set package 'my_package' build argument 'cmake_args' from command line to 'None'
[0.397s] Level 5:colcon.colcon_core.verb:set package 'my_package' build argument 'cmake_target' from command line to 'None'
[0.397s] Level 5:colcon.colcon_core.verb:set package 'my_package' build argument 'cmake_target_skip_unavailable' from command line to 'False'
[0.397s] Level 5:colcon.colcon_core.verb:set package 'my_package' build argument 'cmake_clean_cache' from command line to 'False'
[0.397s] Level 5:colcon.colcon_core.verb:set package 'my_package' build argument 'cmake_clean_first' from command line to 'False'
[0.397s] Level 5:colcon.colcon_core.verb:set package 'my_package' build argument 'cmake_force_configure' from command line to 'False'
[0.397s] Level 5:colcon.colcon_core.verb:set package 'my_package' build argument 'ament_cmake_args' from command line to 'None'
[0.397s] Level 5:colcon.colcon_core.verb:set package 'my_package' build argument 'catkin_cmake_args' from command line to 'None'
[0.398s] Level 5:colcon.colcon_core.verb:set package 'my_package' build argument 'catkin_skip_building_tests' from command line to 'False'
[0.398s] DEBUG:colcon.colcon_core.verb:Building package 'my_package' with the following arguments: {'ament_cmake_args': None, 'build_base': '/home/terry/robot_ws/src/build/my_package', 'catkin_cmake_args': None, 'catkin_skip_building_tests': False, 'cmake_args': None, 'cmake_clean_cache': False, 'cmake_clean_first': False, 'cmake_force_configure': False, 'cmake_target': None, 'cmake_target_skip_unavailable': False, 'install_base': '/home/terry/robot_ws/src/install/my_package', 'merge_install': False, 'path': '/home/terry/robot_ws/src/my_package', 'symlink_install': True, 'test_result_base': None}
[0.398s] Level 5:colcon.colcon_core.verb:set package 'serial_motor_demo_msgs' build argument 'cmake_args' from command line to 'None'
[0.398s] Level 5:colcon.colcon_core.verb:set package 'serial_motor_demo_msgs' build argument 'cmake_target' from command line to 'None'
[0.398s] Level 5:colcon.colcon_core.verb:set package 'serial_motor_demo_msgs' build argument 'cmake_target_skip_unavailable' from command line to 'False'
[0.398s] Level 5:colcon.colcon_core.verb:set package 'serial_motor_demo_msgs' build argument 'cmake_clean_cache' from command line to 'False'
[0.398s] Level 5:colcon.colcon_core.verb:set package 'serial_motor_demo_msgs' build argument 'cmake_clean_first' from command line to 'False'
[0.398s] Level 5:colcon.colcon_core.verb:set package 'serial_motor_demo_msgs' build argument 'cmake_force_configure' from command line to 'False'
[0.398s] Level 5:colcon.colcon_core.verb:set package 'serial_motor_demo_msgs' build argument 'ament_cmake_args' from command line to 'None'
[0.398s] Level 5:colcon.colcon_core.verb:set package 'serial_motor_demo_msgs' build argument 'catkin_cmake_args' from command line to 'None'
[0.398s] Level 5:colcon.colcon_core.verb:set package 'serial_motor_demo_msgs' build argument 'catkin_skip_building_tests' from command line to 'False'
[0.398s] DEBUG:colcon.colcon_core.verb:Building package 'serial_motor_demo_msgs' with the following arguments: {'ament_cmake_args': None, 'build_base': '/home/terry/robot_ws/src/build/serial_motor_demo_msgs', 'catkin_cmake_args': None, 'catkin_skip_building_tests': False, 'cmake_args': None, 'cmake_clean_cache': False, 'cmake_clean_first': False, 'cmake_force_configure': False, 'cmake_target': None, 'cmake_target_skip_unavailable': False, 'install_base': '/home/terry/robot_ws/src/install/serial_motor_demo_msgs', 'merge_install': False, 'path': '/home/terry/robot_ws/src/serial_motor_demo/serial_motor_demo_msgs', 'symlink_install': True, 'test_result_base': None}
[0.398s] Level 5:colcon.colcon_core.verb:set package 'ydlidar_ros2_driver' build argument 'cmake_args' from command line to 'None'
[0.398s] Level 5:colcon.colcon_core.verb:set package 'ydlidar_ros2_driver' build argument 'cmake_target' from command line to 'None'
[0.399s] Level 5:colcon.colcon_core.verb:set package 'ydlidar_ros2_driver' build argument 'cmake_target_skip_unavailable' from command line to 'False'
[0.399s] Level 5:colcon.colcon_core.verb:set package 'ydlidar_ros2_driver' build argument 'cmake_clean_cache' from command line to 'False'
[0.399s] Level 5:colcon.colcon_core.verb:set package 'ydlidar_ros2_driver' build argument 'cmake_clean_first' from command line to 'False'
[0.399s] Level 5:colcon.colcon_core.verb:set package 'ydlidar_ros2_driver' build argument 'cmake_force_configure' from command line to 'False'
[0.399s] Level 5:colcon.colcon_core.verb:set package 'ydlidar_ros2_driver' build argument 'ament_cmake_args' from command line to 'None'
[0.399s] Level 5:colcon.colcon_core.verb:set package 'ydlidar_ros2_driver' build argument 'catkin_cmake_args' from command line to 'None'
[0.399s] Level 5:colcon.colcon_core.verb:set package 'ydlidar_ros2_driver' build argument 'catkin_skip_building_tests' from command line to 'False'
[0.399s] DEBUG:colcon.colcon_core.verb:Building package 'ydlidar_ros2_driver' with the following arguments: {'ament_cmake_args': None, 'build_base': '/home/terry/robot_ws/src/build/ydlidar_ros2_driver', 'catkin_cmake_args': None, 'catkin_skip_building_tests': False, 'cmake_args': None, 'cmake_clean_cache': False, 'cmake_clean_first': False, 'cmake_force_configure': False, 'cmake_target': None, 'cmake_target_skip_unavailable': False, 'install_base': '/home/terry/robot_ws/src/install/ydlidar_ros2_driver', 'merge_install': False, 'path': '/home/terry/robot_ws/src/ydlidar_ros2_driver', 'symlink_install': True, 'test_result_base': None}
[0.399s] Level 5:colcon.colcon_core.verb:set package 'ydlidar_sdk' build argument 'cmake_args' from command line to 'None'
[0.399s] Level 5:colcon.colcon_core.verb:set package 'ydlidar_sdk' build argument 'cmake_target' from command line to 'None'
[0.399s] Level 5:colcon.colcon_core.verb:set package 'ydlidar_sdk' build argument 'cmake_target_skip_unavailable' from command line to 'False'
[0.399s] Level 5:colcon.colcon_core.verb:set package 'ydlidar_sdk' build argument 'cmake_clean_cache' from command line to 'False'
[0.399s] Level 5:colcon.colcon_core.verb:set package 'ydlidar_sdk' build argument 'cmake_clean_first' from command line to 'False'
[0.399s] Level 5:colcon.colcon_core.verb:set package 'ydlidar_sdk' build argument 'cmake_force_configure' from command line to 'False'
[0.399s] Level 5:colcon.colcon_core.verb:set package 'ydlidar_sdk' build argument 'ament_cmake_args' from command line to 'None'
[0.399s] Level 5:colcon.colcon_core.verb:set package 'ydlidar_sdk' build argument 'catkin_cmake_args' from command line to 'None'
[0.399s] Level 5:colcon.colcon_core.verb:set package 'ydlidar_sdk' build argument 'catkin_skip_building_tests' from command line to 'False'
[0.399s] DEBUG:colcon.colcon_core.verb:Building package 'ydlidar_sdk' with the following arguments: {'ament_cmake_args': None, 'build_base': '/home/terry/robot_ws/src/build/ydlidar_sdk', 'catkin_cmake_args': None, 'catkin_skip_building_tests': False, 'cmake_args': None, 'cmake_clean_cache': False, 'cmake_clean_first': False, 'cmake_force_configure': False, 'cmake_target': None, 'cmake_target_skip_unavailable': False, 'install_base': '/home/terry/robot_ws/src/install/ydlidar_sdk', 'merge_install': False, 'path': '/home/terry/robot_ws/src/ydlidar_sdk', 'symlink_install': True, 'test_result_base': None}
[0.400s] Level 5:colcon.colcon_core.verb:set package 'serial_motor_demo' build argument 'cmake_args' from command line to 'None'
[0.400s] Level 5:colcon.colcon_core.verb:set package 'serial_motor_demo' build argument 'cmake_target' from command line to 'None'
[0.400s] Level 5:colcon.colcon_core.verb:set package 'serial_motor_demo' build argument 'cmake_target_skip_unavailable' from command line to 'False'
[0.400s] Level 5:colcon.colcon_core.verb:set package 'serial_motor_demo' build argument 'cmake_clean_cache' from command line to 'False'
[0.400s] Level 5:colcon.colcon_core.verb:set package 'serial_motor_demo' build argument 'cmake_clean_first' from command line to 'False'
[0.400s] Level 5:colcon.colcon_core.verb:set package 'serial_motor_demo' build argument 'cmake_force_configure' from command line to 'False'
[0.400s] Level 5:colcon.colcon_core.verb:set package 'serial_motor_demo' build argument 'ament_cmake_args' from command line to 'None'
[0.400s] Level 5:colcon.colcon_core.verb:set package 'serial_motor_demo' build argument 'catkin_cmake_args' from command line to 'None'
[0.400s] Level 5:colcon.colcon_core.verb:set package 'serial_motor_demo' build argument 'catkin_skip_building_tests' from command line to 'False'
[0.400s] DEBUG:colcon.colcon_core.verb:Building package 'serial_motor_demo' with the following arguments: {'ament_cmake_args': None, 'build_base': '/home/terry/robot_ws/src/build/serial_motor_demo', 'catkin_cmake_args': None, 'catkin_skip_building_tests': False, 'cmake_args': None, 'cmake_clean_cache': False, 'cmake_clean_first': False, 'cmake_force_configure': False, 'cmake_target': None, 'cmake_target_skip_unavailable': False, 'install_base': '/home/terry/robot_ws/src/install/serial_motor_demo', 'merge_install': False, 'path': '/home/terry/robot_ws/src/serial_motor_demo/serial_motor_demo', 'symlink_install': True, 'test_result_base': None}
[0.400s] INFO:colcon.colcon_core.executor:Executing jobs using 'parallel' executor
[0.401s] DEBUG:colcon.colcon_parallel_executor.executor.parallel:run_until_complete
[0.401s] INFO:colcon.colcon_ros.task.ament_cmake.build:Building ROS package in '/home/terry/robot_ws/src/serial_motor_demo/serial_motor_demo_msgs' with build type 'ament_cmake'
[0.402s] INFO:colcon.colcon_cmake.task.cmake.build:Building CMake package in '/home/terry/robot_ws/src/serial_motor_demo/serial_motor_demo_msgs'
[0.404s] INFO:colcon.colcon_core.plugin_system:Skipping extension 'colcon_core.shell.bat': Not used on non-Windows systems
[0.405s] INFO:colcon.colcon_core.shell:Skip shell extension 'powershell' for command environment: Not usable outside of PowerShell
[0.405s] DEBUG:colcon.colcon_core.shell:Skip shell extension 'dsv' for command environment
[0.410s] INFO:colcon.colcon_ros.task.ament_cmake.build:Building ROS package in '/home/terry/robot_ws/src/my_bot' with build type 'ament_cmake'
[0.410s] INFO:colcon.colcon_cmake.task.cmake.build:Building CMake package in '/home/terry/robot_ws/src/my_bot'
[0.410s] INFO:colcon.colcon_core.shell:Skip shell extension 'powershell' for command environment: Not usable outside of PowerShell
[0.410s] DEBUG:colcon.colcon_core.shell:Skip shell extension 'dsv' for command environment
[0.416s] INFO:colcon.colcon_ros.task.ament_cmake.build:Building ROS package in '/home/terry/robot_ws/src/my_package' with build type 'ament_cmake'
[0.416s] INFO:colcon.colcon_cmake.task.cmake.build:Building CMake package in '/home/terry/robot_ws/src/my_package'
[0.416s] INFO:colcon.colcon_core.shell:Skip shell extension 'powershell' for command environment: Not usable outside of PowerShell
[0.417s] DEBUG:colcon.colcon_core.shell:Skip shell extension 'dsv' for command environment
[0.421s] INFO:colcon.colcon_ros.task.ament_cmake.build:Building ROS package in '/home/terry/robot_ws/src/ydlidar_ros2_driver' with build type 'ament_cmake'
[0.421s] INFO:colcon.colcon_cmake.task.cmake.build:Building CMake package in '/home/terry/robot_ws/src/ydlidar_ros2_driver'
[0.422s] INFO:colcon.colcon_core.shell:Skip shell extension 'powershell' for command environment: Not usable outside of PowerShell
[0.422s] DEBUG:colcon.colcon_core.shell:Skip shell extension 'dsv' for command environment
[0.434s] DEBUG:colcon.colcon_core.event_handler.log_command:Invoking command in '/home/terry/robot_ws/src/build/serial_motor_demo_msgs': CMAKE_PREFIX_PATH=${CMAKE_PREFIX_PATH}:/home/terry/robot_ws/install/serial_motor_demo:/opt/ros/jazzy DEBUGINFOD_URLS=https://debuginfod.ubuntu.com /usr/bin/cmake --build /home/terry/robot_ws/src/build/serial_motor_demo_msgs -- -j4 -l4
[0.439s] DEBUG:colcon.colcon_core.event_handler.log_command:Invoking command in '/home/terry/robot_ws/src/build/my_bot': CMAKE_PREFIX_PATH=${CMAKE_PREFIX_PATH}:/home/terry/robot_ws/install/serial_motor_demo:/opt/ros/jazzy DEBUGINFOD_URLS=https://debuginfod.ubuntu.com /usr/bin/cmake --build /home/terry/robot_ws/src/build/my_bot -- -j4 -l4
[0.444s] DEBUG:colcon.colcon_core.event_handler.log_command:Invoking command in '/home/terry/robot_ws/src/build/my_package': CMAKE_PREFIX_PATH=${CMAKE_PREFIX_PATH}:/home/terry/robot_ws/install/serial_motor_demo:/opt/ros/jazzy DEBUGINFOD_URLS=https://debuginfod.ubuntu.com /usr/bin/cmake --build /home/terry/robot_ws/src/build/my_package -- -j4 -l4
[0.462s] DEBUG:colcon.colcon_core.event_handler.log_command:Invoking command in '/home/terry/robot_ws/src/build/ydlidar_ros2_driver': CMAKE_PREFIX_PATH=${CMAKE_PREFIX_PATH}:/home/terry/robot_ws/install/serial_motor_demo:/opt/ros/jazzy DEBUGINFOD_URLS=https://debuginfod.ubuntu.com /usr/bin/cmake --build /home/terry/robot_ws/src/build/ydlidar_ros2_driver -- -j4 -l4
[0.528s] DEBUG:colcon.colcon_core.event_handler.log_command:Invoked command in '/home/terry/robot_ws/src/build/my_bot' returned '0': CMAKE_PREFIX_PATH=${CMAKE_PREFIX_PATH}:/home/terry/robot_ws/install/serial_motor_demo:/opt/ros/jazzy DEBUGINFOD_URLS=https://debuginfod.ubuntu.com /usr/bin/cmake --build /home/terry/robot_ws/src/build/my_bot -- -j4 -l4
[0.554s] DEBUG:colcon.colcon_core.event_handler.log_command:Invoking command in '/home/terry/robot_ws/src/build/my_bot': CMAKE_PREFIX_PATH=${CMAKE_PREFIX_PATH}:/home/terry/robot_ws/install/serial_motor_demo:/opt/ros/jazzy DEBUGINFOD_URLS=https://debuginfod.ubuntu.com /usr/bin/cmake --install /home/terry/robot_ws/src/build/my_bot
[0.559s] DEBUG:colcon.colcon_core.event_handler.log_command:Invoked command in '/home/terry/robot_ws/src/build/my_package' returned '0': CMAKE_PREFIX_PATH=${CMAKE_PREFIX_PATH}:/home/terry/robot_ws/install/serial_motor_demo:/opt/ros/jazzy DEBUGINFOD_URLS=https://debuginfod.ubuntu.com /usr/bin/cmake --build /home/terry/robot_ws/src/build/my_package -- -j4 -l4
[0.563s] DEBUG:colcon.colcon_core.event_handler.log_command:Invoking command in '/home/terry/robot_ws/src/build/my_package': CMAKE_PREFIX_PATH=${CMAKE_PREFIX_PATH}:/home/terry/robot_ws/install/serial_motor_demo:/opt/ros/jazzy DEBUGINFOD_URLS=https://debuginfod.ubuntu.com /usr/bin/cmake --install /home/terry/robot_ws/src/build/my_package
[0.607s] Level 1:colcon.colcon_core.environment:create_environment_scripts_only(my_bot)
[0.616s] Level 1:colcon.colcon_core.environment:checking '/home/terry/robot_ws/src/install/my_bot' for CMake module files
[0.622s] DEBUG:colcon.colcon_core.event_handler.log_command:Invoked command in '/home/terry/robot_ws/src/build/my_bot' returned '0': CMAKE_PREFIX_PATH=${CMAKE_PREFIX_PATH}:/home/terry/robot_ws/install/serial_motor_demo:/opt/ros/jazzy DEBUGINFOD_URLS=https://debuginfod.ubuntu.com /usr/bin/cmake --install /home/terry/robot_ws/src/build/my_bot
[0.625s] Level 1:colcon.colcon_core.environment:checking '/home/terry/robot_ws/src/install/my_bot' for CMake config files
[0.628s] Level 1:colcon.colcon_core.shell:create_environment_hook('my_bot', 'cmake_prefix_path')
[0.631s] INFO:colcon.colcon_core.shell:Creating environment hook '/home/terry/robot_ws/src/install/my_bot/share/my_bot/hook/cmake_prefix_path.ps1'
[0.634s] INFO:colcon.colcon_core.shell:Creating environment descriptor '/home/terry/robot_ws/src/install/my_bot/share/my_bot/hook/cmake_prefix_path.dsv'
[0.643s] INFO:colcon.colcon_core.shell:Creating environment hook '/home/terry/robot_ws/src/install/my_bot/share/my_bot/hook/cmake_prefix_path.sh'
[0.646s] Level 1:colcon.colcon_core.environment:checking '/home/terry/robot_ws/src/install/my_bot/bin'
[0.649s] Level 1:colcon.colcon_core.environment:checking '/home/terry/robot_ws/src/install/my_bot/lib/pkgconfig/my_bot.pc'
[0.650s] Level 1:colcon.colcon_core.environment:checking '/home/terry/robot_ws/src/install/my_bot/lib/python3.12/site-packages'
[0.652s] Level 1:colcon.colcon_core.environment:checking '/home/terry/robot_ws/src/install/my_bot/bin'
[0.654s] INFO:colcon.colcon_core.shell:Creating package script '/home/terry/robot_ws/src/install/my_bot/share/my_bot/package.ps1'
[0.657s] INFO:colcon.colcon_core.shell:Creating package descriptor '/home/terry/robot_ws/src/install/my_bot/share/my_bot/package.dsv'
[0.660s] INFO:colcon.colcon_core.shell:Creating package script '/home/terry/robot_ws/src/install/my_bot/share/my_bot/package.sh'
[0.667s] INFO:colcon.colcon_core.shell:Creating package script '/home/terry/robot_ws/src/install/my_bot/share/my_bot/package.bash'
[0.669s] INFO:colcon.colcon_core.shell:Creating package script '/home/terry/robot_ws/src/install/my_bot/share/my_bot/package.zsh'
[0.671s] Level 1:colcon.colcon_core.environment:create_file_with_runtime_dependencies(/home/terry/robot_ws/src/install/my_bot/share/colcon-core/packages/my_bot)
[0.673s] Level 1:colcon.colcon_core.environment:create_environment_scripts_only(my_bot)
[0.674s] Level 1:colcon.colcon_core.environment:checking '/home/terry/robot_ws/src/install/my_bot' for CMake module files
[0.675s] Level 1:colcon.colcon_core.environment:checking '/home/terry/robot_ws/src/install/my_bot' for CMake config files
[0.676s] Level 1:colcon.colcon_core.shell:create_environment_hook('my_bot', 'cmake_prefix_path')
[0.677s] INFO:colcon.colcon_core.shell:Creating environment hook '/home/terry/robot_ws/src/install/my_bot/share/my_bot/hook/cmake_prefix_path.ps1'
[0.678s] INFO:colcon.colcon_core.shell:Creating environment descriptor '/home/terry/robot_ws/src/install/my_bot/share/my_bot/hook/cmake_prefix_path.dsv'
[0.679s] INFO:colcon.colcon_core.shell:Creating environment hook '/home/terry/robot_ws/src/install/my_bot/share/my_bot/hook/cmake_prefix_path.sh'
[0.681s] Level 1:colcon.colcon_core.environment:checking '/home/terry/robot_ws/src/install/my_bot/bin'
[0.682s] Level 1:colcon.colcon_core.environment:checking '/home/terry/robot_ws/src/install/my_bot/lib/pkgconfig/my_bot.pc'
[0.683s] Level 1:colcon.colcon_core.environment:checking '/home/terry/robot_ws/src/install/my_bot/lib/python3.12/site-packages'
[0.683s] Level 1:colcon.colcon_core.environment:checking '/home/terry/robot_ws/src/install/my_bot/bin'
[0.684s] INFO:colcon.colcon_core.shell:Creating package script '/home/terry/robot_ws/src/install/my_bot/share/my_bot/package.ps1'
[0.685s] INFO:colcon.colcon_core.shell:Creating package descriptor '/home/terry/robot_ws/src/install/my_bot/share/my_bot/package.dsv'
[0.687s] INFO:colcon.colcon_core.shell:Creating package script '/home/terry/robot_ws/src/install/my_bot/share/my_bot/package.sh'
[0.689s] INFO:colcon.colcon_core.shell:Creating package script '/home/terry/robot_ws/src/install/my_bot/share/my_bot/package.bash'
[0.690s] INFO:colcon.colcon_core.shell:Creating package script '/home/terry/robot_ws/src/install/my_bot/share/my_bot/package.zsh'
[0.691s] Level 1:colcon.colcon_core.environment:create_file_with_runtime_dependencies(/home/terry/robot_ws/src/install/my_bot/share/colcon-core/packages/my_bot)
[0.694s] INFO:colcon.colcon_cmake.task.cmake.build:Building CMake package in '/home/terry/robot_ws/src/ydlidar_sdk'
[0.695s] INFO:colcon.colcon_core.shell:Skip shell extension 'powershell' for command environment: Not usable outside of PowerShell
[0.695s] DEBUG:colcon.colcon_core.shell:Skip shell extension 'dsv' for command environment
[0.707s] Level 1:colcon.colcon_core.environment:create_environment_scripts_only(my_package)
[0.707s] Level 1:colcon.colcon_core.environment:checking '/home/terry/robot_ws/src/install/my_package' for CMake module files
[0.709s] DEBUG:colcon.colcon_core.event_handler.log_command:Invoked command in '/home/terry/robot_ws/src/build/my_package' returned '0': CMAKE_PREFIX_PATH=${CMAKE_PREFIX_PATH}:/home/terry/robot_ws/install/serial_motor_demo:/opt/ros/jazzy DEBUGINFOD_URLS=https://debuginfod.ubuntu.com /usr/bin/cmake --install /home/terry/robot_ws/src/build/my_package
[0.710s] Level 1:colcon.colcon_core.environment:checking '/home/terry/robot_ws/src/install/my_package' for CMake config files
[0.712s] Level 1:colcon.colcon_core.shell:create_environment_hook('my_package', 'cmake_prefix_path')
[0.712s] INFO:colcon.colcon_core.shell:Creating environment hook '/home/terry/robot_ws/src/install/my_package/share/my_package/hook/cmake_prefix_path.ps1'
[0.713s] INFO:colcon.colcon_core.shell:Creating environment descriptor '/home/terry/robot_ws/src/install/my_package/share/my_package/hook/cmake_prefix_path.dsv'
[0.714s] INFO:colcon.colcon_core.shell:Creating environment hook '/home/terry/robot_ws/src/install/my_package/share/my_package/hook/cmake_prefix_path.sh'
[0.719s] Level 1:colcon.colcon_core.environment:checking '/home/terry/robot_ws/src/install/my_package/bin'
[0.719s] Level 1:colcon.colcon_core.environment:checking '/home/terry/robot_ws/src/install/my_package/lib/pkgconfig/my_package.pc'
[0.720s] Level 1:colcon.colcon_core.environment:checking '/home/terry/robot_ws/src/install/my_package/lib/python3.12/site-packages'
[0.721s] Level 1:colcon.colcon_core.environment:checking '/home/terry/robot_ws/src/install/my_package/bin'
[0.721s] INFO:colcon.colcon_core.shell:Creating package script '/home/terry/robot_ws/src/install/my_package/share/my_package/package.ps1'
[0.723s] INFO:colcon.colcon_core.shell:Creating package descriptor '/home/terry/robot_ws/src/install/my_package/share/my_package/package.dsv'
[0.727s] INFO:colcon.colcon_core.shell:Creating package script '/home/terry/robot_ws/src/install/my_package/share/my_package/package.sh'
[0.731s] INFO:colcon.colcon_core.shell:Creating package script '/home/terry/robot_ws/src/install/my_package/share/my_package/package.bash'
[0.736s] INFO:colcon.colcon_core.shell:Creating package script '/home/terry/robot_ws/src/install/my_package/share/my_package/package.zsh'
[0.738s] Level 1:colcon.colcon_core.environment:create_file_with_runtime_dependencies(/home/terry/robot_ws/src/install/my_package/share/colcon-core/packages/my_package)
[0.739s] Level 1:colcon.colcon_core.environment:create_environment_scripts_only(my_package)
[0.740s] Level 1:colcon.colcon_core.environment:checking '/home/terry/robot_ws/src/install/my_package' for CMake module files
[0.741s] Level 1:colcon.colcon_core.environment:checking '/home/terry/robot_ws/src/install/my_package' for CMake config files
[0.741s] Level 1:colcon.colcon_core.shell:create_environment_hook('my_package', 'cmake_prefix_path')
[0.742s] INFO:colcon.colcon_core.shell:Creating environment hook '/home/terry/robot_ws/src/install/my_package/share/my_package/hook/cmake_prefix_path.ps1'
[0.743s] INFO:colcon.colcon_core.shell:Creating environment descriptor '/home/terry/robot_ws/src/install/my_package/share/my_package/hook/cmake_prefix_path.dsv'
[0.747s] INFO:colcon.colcon_core.shell:Creating environment hook '/home/terry/robot_ws/src/install/my_package/share/my_package/hook/cmake_prefix_path.sh'
[0.750s] Level 1:colcon.colcon_core.environment:checking '/home/terry/robot_ws/src/install/my_package/bin'
[0.750s] Level 1:colcon.colcon_core.environment:checking '/home/terry/robot_ws/src/install/my_package/lib/pkgconfig/my_package.pc'
[0.751s] Level 1:colcon.colcon_core.environment:checking '/home/terry/robot_ws/src/install/my_package/lib/python3.12/site-packages'
[0.751s] Level 1:colcon.colcon_core.environment:checking '/home/terry/robot_ws/src/install/my_package/bin'
[0.752s] INFO:colcon.colcon_core.shell:Creating package script '/home/terry/robot_ws/src/install/my_package/share/my_package/package.ps1'
[0.753s] INFO:colcon.colcon_core.shell:Creating package descriptor '/home/terry/robot_ws/src/install/my_package/share/my_package/package.dsv'
[0.756s] INFO:colcon.colcon_core.shell:Creating package script '/home/terry/robot_ws/src/install/my_package/share/my_package/package.sh'
[0.760s] INFO:colcon.colcon_core.shell:Creating package script '/home/terry/robot_ws/src/install/my_package/share/my_package/package.bash'
[0.763s] INFO:colcon.colcon_core.shell:Creating package script '/home/terry/robot_ws/src/install/my_package/share/my_package/package.zsh'
[0.766s] Level 1:colcon.colcon_core.environment:create_file_with_runtime_dependencies(/home/terry/robot_ws/src/install/my_package/share/colcon-core/packages/my_package)
[0.780s] DEBUG:colcon.colcon_core.event_handler.log_command:Invoking command in '/home/terry/robot_ws/src/build/ydlidar_sdk': DEBUGINFOD_URLS=https://debuginfod.ubuntu.com /usr/bin/cmake --build /home/terry/robot_ws/src/build/ydlidar_sdk -- -j4 -l4
[1.368s] DEBUG:colcon.colcon_core.event_handler.log_command:Invoked command in '/home/terry/robot_ws/src/build/ydlidar_sdk' returned '0': DEBUGINFOD_URLS=https://debuginfod.ubuntu.com /usr/bin/cmake --build /home/terry/robot_ws/src/build/ydlidar_sdk -- -j4 -l4
[1.370s] DEBUG:colcon.colcon_core.event_handler.log_command:Invoking command in '/home/terry/robot_ws/src/build/ydlidar_sdk': DEBUGINFOD_URLS=https://debuginfod.ubuntu.com /usr/bin/cmake --install /home/terry/robot_ws/src/build/ydlidar_sdk
[1.401s] Level 1:colcon.colcon_core.environment:create_environment_scripts_only(ydlidar_sdk)
[1.401s] Level 1:colcon.colcon_core.environment:checking '/home/terry/robot_ws/src/install/ydlidar_sdk' for CMake module files
[1.403s] Level 1:colcon.colcon_core.environment:checking '/home/terry/robot_ws/src/install/ydlidar_sdk' for CMake config files
[1.404s] Level 1:colcon.colcon_core.shell:create_environment_hook('ydlidar_sdk', 'cmake_prefix_path')
[1.404s] INFO:colcon.colcon_core.shell:Creating environment hook '/home/terry/robot_ws/src/install/ydlidar_sdk/share/ydlidar_sdk/hook/cmake_prefix_path.ps1'
[1.405s] INFO:colcon.colcon_core.shell:Creating environment descriptor '/home/terry/robot_ws/src/install/ydlidar_sdk/share/ydlidar_sdk/hook/cmake_prefix_path.dsv'
[1.406s] INFO:colcon.colcon_core.shell:Creating environment hook '/home/terry/robot_ws/src/install/ydlidar_sdk/share/ydlidar_sdk/hook/cmake_prefix_path.sh'
[1.407s] Level 1:colcon.colcon_core.environment:checking '/home/terry/robot_ws/src/install/ydlidar_sdk/lib'
[1.408s] Level 1:colcon.colcon_core.environment:checking '/home/terry/robot_ws/src/install/ydlidar_sdk/bin'
[1.408s] Level 1:colcon.colcon_core.shell:create_environment_hook('ydlidar_sdk', 'path')
[1.409s] INFO:colcon.colcon_core.shell:Creating environment hook '/home/terry/robot_ws/src/install/ydlidar_sdk/share/ydlidar_sdk/hook/path.ps1'
[1.411s] INFO:colcon.colcon_core.shell:Creating environment descriptor '/home/terry/robot_ws/src/install/ydlidar_sdk/share/ydlidar_sdk/hook/path.dsv'
[1.414s] INFO:colcon.colcon_core.shell:Creating environment hook '/home/terry/robot_ws/src/install/ydlidar_sdk/share/ydlidar_sdk/hook/path.sh'
[1.415s] Level 1:colcon.colcon_core.environment:checking '/home/terry/robot_ws/src/install/ydlidar_sdk/lib/pkgconfig/ydlidar_sdk.pc'
[1.416s] Level 1:colcon.colcon_core.environment:checking '/home/terry/robot_ws/src/install/ydlidar_sdk/lib/python3.12/site-packages'
[1.416s] Level 1:colcon.colcon_core.environment:checking '/home/terry/robot_ws/src/install/ydlidar_sdk/bin'
[1.420s] Level 1:colcon.colcon_core.shell:create_environment_hook('ydlidar_sdk', 'pythonscriptspath')
[1.420s] INFO:colcon.colcon_core.shell:Creating environment hook '/home/terry/robot_ws/src/install/ydlidar_sdk/share/ydlidar_sdk/hook/pythonscriptspath.ps1'
[1.421s] INFO:colcon.colcon_core.shell:Creating environment descriptor '/home/terry/robot_ws/src/install/ydlidar_sdk/share/ydlidar_sdk/hook/pythonscriptspath.dsv'
[1.424s] INFO:colcon.colcon_core.shell:Creating environment hook '/home/terry/robot_ws/src/install/ydlidar_sdk/share/ydlidar_sdk/hook/pythonscriptspath.sh'
[1.425s] INFO:colcon.colcon_core.shell:Creating package script '/home/terry/robot_ws/src/install/ydlidar_sdk/share/ydlidar_sdk/package.ps1'
[1.429s] INFO:colcon.colcon_core.shell:Creating package descriptor '/home/terry/robot_ws/src/install/ydlidar_sdk/share/ydlidar_sdk/package.dsv'
[1.432s] DEBUG:colcon.colcon_core.event_handler.log_command:Invoked command in '/home/terry/robot_ws/src/build/ydlidar_sdk' returned '0': DEBUGINFOD_URLS=https://debuginfod.ubuntu.com /usr/bin/cmake --install /home/terry/robot_ws/src/build/ydlidar_sdk
[1.433s] INFO:colcon.colcon_core.shell:Creating package script '/home/terry/robot_ws/src/install/ydlidar_sdk/share/ydlidar_sdk/package.sh'
[1.435s] INFO:colcon.colcon_core.shell:Creating package script '/home/terry/robot_ws/src/install/ydlidar_sdk/share/ydlidar_sdk/package.bash'
[1.436s] INFO:colcon.colcon_core.shell:Creating package script '/home/terry/robot_ws/src/install/ydlidar_sdk/share/ydlidar_sdk/package.zsh'
[1.437s] Level 1:colcon.colcon_core.environment:create_file_with_runtime_dependencies(/home/terry/robot_ws/src/install/ydlidar_sdk/share/colcon-core/packages/ydlidar_sdk)
[1.508s] DEBUG:colcon.colcon_core.event_handler.log_command:Invoked command in '/home/terry/robot_ws/src/build/serial_motor_demo_msgs' returned '0': CMAKE_PREFIX_PATH=${CMAKE_PREFIX_PATH}:/home/terry/robot_ws/install/serial_motor_demo:/opt/ros/jazzy DEBUGINFOD_URLS=https://debuginfod.ubuntu.com /usr/bin/cmake --build /home/terry/robot_ws/src/build/serial_motor_demo_msgs -- -j4 -l4
[1.511s] DEBUG:colcon.colcon_core.event_handler.log_command:Invoking command in '/home/terry/robot_ws/src/build/serial_motor_demo_msgs': CMAKE_PREFIX_PATH=${CMAKE_PREFIX_PATH}:/home/terry/robot_ws/install/serial_motor_demo:/opt/ros/jazzy DEBUGINFOD_URLS=https://debuginfod.ubuntu.com /usr/bin/cmake --install /home/terry/robot_ws/src/build/serial_motor_demo_msgs
[1.645s] Level 1:colcon.colcon_core.environment:create_environment_scripts_only(serial_motor_demo_msgs)
[1.645s] Level 1:colcon.colcon_core.environment:checking '/home/terry/robot_ws/src/install/serial_motor_demo_msgs' for CMake module files
[1.646s] DEBUG:colcon.colcon_core.event_handler.log_command:Invoked command in '/home/terry/robot_ws/src/build/serial_motor_demo_msgs' returned '0': CMAKE_PREFIX_PATH=${CMAKE_PREFIX_PATH}:/home/terry/robot_ws/install/serial_motor_demo:/opt/ros/jazzy DEBUGINFOD_URLS=https://debuginfod.ubuntu.com /usr/bin/cmake --install /home/terry/robot_ws/src/build/serial_motor_demo_msgs
[1.647s] Level 1:colcon.colcon_core.environment:checking '/home/terry/robot_ws/src/install/serial_motor_demo_msgs' for CMake config files
[1.648s] Level 1:colcon.colcon_core.shell:create_environment_hook('serial_motor_demo_msgs', 'cmake_prefix_path')
[1.648s] INFO:colcon.colcon_core.shell:Creating environment hook '/home/terry/robot_ws/src/install/serial_motor_demo_msgs/share/serial_motor_demo_msgs/hook/cmake_prefix_path.ps1'
[1.649s] INFO:colcon.colcon_core.shell:Creating environment descriptor '/home/terry/robot_ws/src/install/serial_motor_demo_msgs/share/serial_motor_demo_msgs/hook/cmake_prefix_path.dsv'
[1.650s] INFO:colcon.colcon_core.shell:Creating environment hook '/home/terry/robot_ws/src/install/serial_motor_demo_msgs/share/serial_motor_demo_msgs/hook/cmake_prefix_path.sh'
[1.651s] Level 1:colcon.colcon_core.environment:checking '/home/terry/robot_ws/src/install/serial_motor_demo_msgs/lib'
[1.651s] Level 1:colcon.colcon_core.shell:create_environment_hook('serial_motor_demo_msgs', 'ld_library_path_lib')
[1.651s] INFO:colcon.colcon_core.shell:Creating environment hook '/home/terry/robot_ws/src/install/serial_motor_demo_msgs/share/serial_motor_demo_msgs/hook/ld_library_path_lib.ps1'
[1.652s] INFO:colcon.colcon_core.shell:Creating environment descriptor '/home/terry/robot_ws/src/install/serial_motor_demo_msgs/share/serial_motor_demo_msgs/hook/ld_library_path_lib.dsv'
[1.653s] INFO:colcon.colcon_core.shell:Creating environment hook '/home/terry/robot_ws/src/install/serial_motor_demo_msgs/share/serial_motor_demo_msgs/hook/ld_library_path_lib.sh'
[1.655s] Level 1:colcon.colcon_core.environment:checking '/home/terry/robot_ws/src/install/serial_motor_demo_msgs/bin'
[1.655s] Level 1:colcon.colcon_core.environment:checking '/home/terry/robot_ws/src/install/serial_motor_demo_msgs/lib/pkgconfig/serial_motor_demo_msgs.pc'
[1.655s] Level 1:colcon.colcon_core.environment:checking '/home/terry/robot_ws/src/install/serial_motor_demo_msgs/lib/python3.12/site-packages'
[1.655s] Level 1:colcon.colcon_core.shell:create_environment_hook('serial_motor_demo_msgs', 'pythonpath')
[1.656s] INFO:colcon.colcon_core.shell:Creating environment hook '/home/terry/robot_ws/src/install/serial_motor_demo_msgs/share/serial_motor_demo_msgs/hook/pythonpath.ps1'
[1.656s] INFO:colcon.colcon_core.shell:Creating environment descriptor '/home/terry/robot_ws/src/install/serial_motor_demo_msgs/share/serial_motor_demo_msgs/hook/pythonpath.dsv'
[1.658s] INFO:colcon.colcon_core.shell:Creating environment hook '/home/terry/robot_ws/src/install/serial_motor_demo_msgs/share/serial_motor_demo_msgs/hook/pythonpath.sh'
[1.659s] Level 1:colcon.colcon_core.environment:checking '/home/terry/robot_ws/src/install/serial_motor_demo_msgs/bin'
[1.660s] INFO:colcon.colcon_core.shell:Creating package script '/home/terry/robot_ws/src/install/serial_motor_demo_msgs/share/serial_motor_demo_msgs/package.ps1'
[1.661s] INFO:colcon.colcon_core.shell:Creating package descriptor '/home/terry/robot_ws/src/install/serial_motor_demo_msgs/share/serial_motor_demo_msgs/package.dsv'
[1.661s] INFO:colcon.colcon_core.shell:Creating package script '/home/terry/robot_ws/src/install/serial_motor_demo_msgs/share/serial_motor_demo_msgs/package.sh'
[1.662s] INFO:colcon.colcon_core.shell:Creating package script '/home/terry/robot_ws/src/install/serial_motor_demo_msgs/share/serial_motor_demo_msgs/package.bash'
[1.663s] INFO:colcon.colcon_core.shell:Creating package script '/home/terry/robot_ws/src/install/serial_motor_demo_msgs/share/serial_motor_demo_msgs/package.zsh'
[1.664s] Level 1:colcon.colcon_core.environment:create_file_with_runtime_dependencies(/home/terry/robot_ws/src/install/serial_motor_demo_msgs/share/colcon-core/packages/serial_motor_demo_msgs)
[1.666s] Level 1:colcon.colcon_core.environment:create_environment_scripts_only(serial_motor_demo_msgs)
[1.667s] Level 1:colcon.colcon_core.environment:checking '/home/terry/robot_ws/src/install/serial_motor_demo_msgs' for CMake module files
[1.668s] Level 1:colcon.colcon_core.environment:checking '/home/terry/robot_ws/src/install/serial_motor_demo_msgs' for CMake config files
[1.669s] Level 1:colcon.colcon_core.shell:create_environment_hook('serial_motor_demo_msgs', 'cmake_prefix_path')
[1.669s] INFO:colcon.colcon_core.shell:Creating environment hook '/home/terry/robot_ws/src/install/serial_motor_demo_msgs/share/serial_motor_demo_msgs/hook/cmake_prefix_path.ps1'
[1.670s] INFO:colcon.colcon_core.shell:Creating environment descriptor '/home/terry/robot_ws/src/install/serial_motor_demo_msgs/share/serial_motor_demo_msgs/hook/cmake_prefix_path.dsv'
[1.671s] INFO:colcon.colcon_core.shell:Creating environment hook '/home/terry/robot_ws/src/install/serial_motor_demo_msgs/share/serial_motor_demo_msgs/hook/cmake_prefix_path.sh'
[1.672s] Level 1:colcon.colcon_core.environment:checking '/home/terry/robot_ws/src/install/serial_motor_demo_msgs/lib'
[1.672s] Level 1:colcon.colcon_core.shell:create_environment_hook('serial_motor_demo_msgs', 'ld_library_path_lib')
[1.673s] INFO:colcon.colcon_core.shell:Creating environment hook '/home/terry/robot_ws/src/install/serial_motor_demo_msgs/share/serial_motor_demo_msgs/hook/ld_library_path_lib.ps1'
[1.674s] INFO:colcon.colcon_core.shell:Creating environment descriptor '/home/terry/robot_ws/src/install/serial_motor_demo_msgs/share/serial_motor_demo_msgs/hook/ld_library_path_lib.dsv'
[1.675s] INFO:colcon.colcon_core.shell:Creating environment hook '/home/terry/robot_ws/src/install/serial_motor_demo_msgs/share/serial_motor_demo_msgs/hook/ld_library_path_lib.sh'
[1.676s] Level 1:colcon.colcon_core.environment:checking '/home/terry/robot_ws/src/install/serial_motor_demo_msgs/bin'
[1.676s] Level 1:colcon.colcon_core.environment:checking '/home/terry/robot_ws/src/install/serial_motor_demo_msgs/lib/pkgconfig/serial_motor_demo_msgs.pc'
[1.676s] Level 1:colcon.colcon_core.environment:checking '/home/terry/robot_ws/src/install/serial_motor_demo_msgs/lib/python3.12/site-packages'
[1.676s] Level 1:colcon.colcon_core.shell:create_environment_hook('serial_motor_demo_msgs', 'pythonpath')
[1.677s] INFO:colcon.colcon_core.shell:Creating environment hook '/home/terry/robot_ws/src/install/serial_motor_demo_msgs/share/serial_motor_demo_msgs/hook/pythonpath.ps1'
[1.677s] INFO:colcon.colcon_core.shell:Creating environment descriptor '/home/terry/robot_ws/src/install/serial_motor_demo_msgs/share/serial_motor_demo_msgs/hook/pythonpath.dsv'
[1.680s] INFO:colcon.colcon_core.shell:Creating environment hook '/home/terry/robot_ws/src/install/serial_motor_demo_msgs/share/serial_motor_demo_msgs/hook/pythonpath.sh'
[1.682s] Level 1:colcon.colcon_core.environment:checking '/home/terry/robot_ws/src/install/serial_motor_demo_msgs/bin'
[1.682s] INFO:colcon.colcon_core.shell:Creating package script '/home/terry/robot_ws/src/install/serial_motor_demo_msgs/share/serial_motor_demo_msgs/package.ps1'
[1.683s] INFO:colcon.colcon_core.shell:Creating package descriptor '/home/terry/robot_ws/src/install/serial_motor_demo_msgs/share/serial_motor_demo_msgs/package.dsv'
[1.684s] INFO:colcon.colcon_core.shell:Creating package script '/home/terry/robot_ws/src/install/serial_motor_demo_msgs/share/serial_motor_demo_msgs/package.sh'
[1.687s] INFO:colcon.colcon_core.shell:Creating package script '/home/terry/robot_ws/src/install/serial_motor_demo_msgs/share/serial_motor_demo_msgs/package.bash'
[1.688s] INFO:colcon.colcon_core.shell:Creating package script '/home/terry/robot_ws/src/install/serial_motor_demo_msgs/share/serial_motor_demo_msgs/package.zsh'
[1.689s] Level 1:colcon.colcon_core.environment:create_file_with_runtime_dependencies(/home/terry/robot_ws/src/install/serial_motor_demo_msgs/share/colcon-core/packages/serial_motor_demo_msgs)
[1.691s] INFO:colcon.colcon_ros.task.ament_python.build:Building ROS package in '/home/terry/robot_ws/src/serial_motor_demo/serial_motor_demo' with build type 'ament_python'
[1.691s] Level 1:colcon.colcon_core.shell:create_environment_hook('serial_motor_demo', 'ament_prefix_path')
[1.691s] INFO:colcon.colcon_core.shell:Creating environment hook '/home/terry/robot_ws/src/install/serial_motor_demo/share/serial_motor_demo/hook/ament_prefix_path.ps1'
[1.692s] INFO:colcon.colcon_core.shell:Creating environment descriptor '/home/terry/robot_ws/src/install/serial_motor_demo/share/serial_motor_demo/hook/ament_prefix_path.dsv'
[1.693s] INFO:colcon.colcon_core.shell:Creating environment hook '/home/terry/robot_ws/src/install/serial_motor_demo/share/serial_motor_demo/hook/ament_prefix_path.sh'
[1.694s] INFO:colcon.colcon_core.shell:Skip shell extension 'powershell' for command environment: Not usable outside of PowerShell
[1.694s] DEBUG:colcon.colcon_core.shell:Skip shell extension 'dsv' for command environment
[2.055s] INFO:colcon.colcon_core.task.python.build:Building Python package in '/home/terry/robot_ws/src/serial_motor_demo/serial_motor_demo'
[2.056s] INFO:colcon.colcon_core.shell:Skip shell extension 'powershell' for command environment: Not usable outside of PowerShell
[2.056s] DEBUG:colcon.colcon_core.shell:Skip shell extension 'dsv' for command environment
[3.111s] DEBUG:colcon.colcon_core.event_handler.log_command:Invoking command in '/home/terry/robot_ws/src/build/serial_motor_demo': AMENT_PREFIX_PATH=/home/terry/robot_ws/src/install/serial_motor_demo_msgs:${AMENT_PREFIX_PATH} CMAKE_PREFIX_PATH=/home/terry/robot_ws/src/install/serial_motor_demo_msgs:${CMAKE_PREFIX_PATH} DEBUGINFOD_URLS=https://debuginfod.ubuntu.com LD_LIBRARY_PATH=/home/terry/robot_ws/src/install/serial_motor_demo_msgs/lib:${LD_LIBRARY_PATH} PYTHONPATH=/home/terry/robot_ws/src/build/serial_motor_demo/prefix_override:/usr/lib/python3/dist-packages/colcon_core/task/python/colcon_distutils_commands:/home/terry/robot_ws/src/install/serial_motor_demo/lib/python3.12/site-packages:/home/terry/robot_ws/src/install/serial_motor_demo_msgs/lib/python3.12/site-packages:${PYTHONPATH} /usr/bin/python3 -W ignore:setup.py install is deprecated -W ignore:easy_install command is deprecated setup.py develop --editable --build-directory /home/terry/robot_ws/src/build/serial_motor_demo/build --no-deps symlink_data
[4.302s] Level 1:colcon.colcon_core.shell:create_environment_hook('serial_motor_demo', 'pythonpath_develop')
[4.302s] INFO:colcon.colcon_core.shell:Creating environment hook '/home/terry/robot_ws/src/build/serial_motor_demo/share/serial_motor_demo/hook/pythonpath_develop.ps1'
[4.303s] INFO:colcon.colcon_core.shell:Creating environment descriptor '/home/terry/robot_ws/src/build/serial_motor_demo/share/serial_motor_demo/hook/pythonpath_develop.dsv'
[4.305s] DEBUG:colcon.colcon_core.event_handler.log_command:Invoked command in '/home/terry/robot_ws/src/build/serial_motor_demo' returned '0': AMENT_PREFIX_PATH=/home/terry/robot_ws/src/install/serial_motor_demo_msgs:${AMENT_PREFIX_PATH} CMAKE_PREFIX_PATH=/home/terry/robot_ws/src/install/serial_motor_demo_msgs:${CMAKE_PREFIX_PATH} DEBUGINFOD_URLS=https://debuginfod.ubuntu.com LD_LIBRARY_PATH=/home/terry/robot_ws/src/install/serial_motor_demo_msgs/lib:${LD_LIBRARY_PATH} PYTHONPATH=/home/terry/robot_ws/src/build/serial_motor_demo/prefix_override:/usr/lib/python3/dist-packages/colcon_core/task/python/colcon_distutils_commands:/home/terry/robot_ws/src/install/serial_motor_demo/lib/python3.12/site-packages:/home/terry/robot_ws/src/install/serial_motor_demo_msgs/lib/python3.12/site-packages:${PYTHONPATH} /usr/bin/python3 -W ignore:setup.py install is deprecated -W ignore:easy_install command is deprecated setup.py develop --editable --build-directory /home/terry/robot_ws/src/build/serial_motor_demo/build --no-deps symlink_data
[4.309s] INFO:colcon.colcon_core.shell:Creating environment hook '/home/terry/robot_ws/src/build/serial_motor_demo/share/serial_motor_demo/hook/pythonpath_develop.sh'
[4.311s] Level 1:colcon.colcon_core.environment:checking '/home/terry/robot_ws/src/install/serial_motor_demo' for CMake module files
[4.312s] Level 1:colcon.colcon_core.environment:checking '/home/terry/robot_ws/src/install/serial_motor_demo' for CMake config files
[4.313s] Level 1:colcon.colcon_core.environment:checking '/home/terry/robot_ws/src/install/serial_motor_demo/lib'
[4.314s] Level 1:colcon.colcon_core.environment:checking '/home/terry/robot_ws/src/install/serial_motor_demo/bin'
[4.314s] Level 1:colcon.colcon_core.environment:checking '/home/terry/robot_ws/src/install/serial_motor_demo/lib/pkgconfig/serial_motor_demo.pc'
[4.314s] Level 1:colcon.colcon_core.environment:checking '/home/terry/robot_ws/src/install/serial_motor_demo/lib/python3.12/site-packages'
[4.315s] Level 1:colcon.colcon_core.shell:create_environment_hook('serial_motor_demo', 'pythonpath')
[4.315s] INFO:colcon.colcon_core.shell:Creating environment hook '/home/terry/robot_ws/src/install/serial_motor_demo/share/serial_motor_demo/hook/pythonpath.ps1'
[4.316s] INFO:colcon.colcon_core.shell:Creating environment descriptor '/home/terry/robot_ws/src/install/serial_motor_demo/share/serial_motor_demo/hook/pythonpath.dsv'
[4.317s] INFO:colcon.colcon_core.shell:Creating environment hook '/home/terry/robot_ws/src/install/serial_motor_demo/share/serial_motor_demo/hook/pythonpath.sh'
[4.318s] Level 1:colcon.colcon_core.environment:checking '/home/terry/robot_ws/src/install/serial_motor_demo/bin'
[4.319s] Level 1:colcon.colcon_core.environment:create_environment_scripts_only(serial_motor_demo)
[4.319s] INFO:colcon.colcon_core.shell:Creating package script '/home/terry/robot_ws/src/install/serial_motor_demo/share/serial_motor_demo/package.ps1'
[4.320s] INFO:colcon.colcon_core.shell:Creating package descriptor '/home/terry/robot_ws/src/install/serial_motor_demo/share/serial_motor_demo/package.dsv'
[4.321s] INFO:colcon.colcon_core.shell:Creating package script '/home/terry/robot_ws/src/install/serial_motor_demo/share/serial_motor_demo/package.sh'
[4.323s] INFO:colcon.colcon_core.shell:Creating package script '/home/terry/robot_ws/src/install/serial_motor_demo/share/serial_motor_demo/package.bash'
[4.324s] INFO:colcon.colcon_core.shell:Creating package script '/home/terry/robot_ws/src/install/serial_motor_demo/share/serial_motor_demo/package.zsh'
[4.326s] Level 1:colcon.colcon_core.environment:create_file_with_runtime_dependencies(/home/terry/robot_ws/src/install/serial_motor_demo/share/colcon-core/packages/serial_motor_demo)
[14.981s] DEBUG:colcon.colcon_core.event_handler.log_command:Invoked command in '/home/terry/robot_ws/src/build/ydlidar_ros2_driver' returned '2': CMAKE_PREFIX_PATH=${CMAKE_PREFIX_PATH}:/home/terry/robot_ws/install/serial_motor_demo:/opt/ros/jazzy DEBUGINFOD_URLS=https://debuginfod.ubuntu.com /usr/bin/cmake --build /home/terry/robot_ws/src/build/ydlidar_ros2_driver -- -j4 -l4
[14.982s] Level 1:colcon.colcon_core.environment:create_environment_scripts_only(ydlidar_ros2_driver)
[14.982s] Level 1:colcon.colcon_core.environment:checking '/home/terry/robot_ws/src/install/ydlidar_ros2_driver' for CMake module files
[14.982s] Level 1:colcon.colcon_core.environment:checking '/home/terry/robot_ws/src/install/ydlidar_ros2_driver' for CMake config files
[14.983s] Level 1:colcon.colcon_core.environment:checking '/home/terry/robot_ws/src/install/ydlidar_ros2_driver/bin'
[14.983s] Level 1:colcon.colcon_core.environment:checking '/home/terry/robot_ws/src/install/ydlidar_ros2_driver/lib/pkgconfig/ydlidar_ros2_driver.pc'
[14.983s] Level 1:colcon.colcon_core.environment:checking '/home/terry/robot_ws/src/install/ydlidar_ros2_driver/lib/python3.12/site-packages'
[14.984s] Level 1:colcon.colcon_core.environment:checking '/home/terry/robot_ws/src/install/ydlidar_ros2_driver/bin'
[14.984s] INFO:colcon.colcon_core.shell:Creating package script '/home/terry/robot_ws/src/install/ydlidar_ros2_driver/share/ydlidar_ros2_driver/package.ps1'
[14.985s] INFO:colcon.colcon_core.shell:Creating package descriptor '/home/terry/robot_ws/src/install/ydlidar_ros2_driver/share/ydlidar_ros2_driver/package.dsv'
[14.986s] INFO:colcon.colcon_core.shell:Creating package script '/home/terry/robot_ws/src/install/ydlidar_ros2_driver/share/ydlidar_ros2_driver/package.sh'
[14.986s] INFO:colcon.colcon_core.shell:Creating package script '/home/terry/robot_ws/src/install/ydlidar_ros2_driver/share/ydlidar_ros2_driver/package.bash'
[14.987s] INFO:colcon.colcon_core.shell:Creating package script '/home/terry/robot_ws/src/install/ydlidar_ros2_driver/share/ydlidar_ros2_driver/package.zsh'
[14.988s] Level 1:colcon.colcon_core.environment:create_file_with_runtime_dependencies(/home/terry/robot_ws/src/install/ydlidar_ros2_driver/share/colcon-core/packages/ydlidar_ros2_driver)
[14.999s] DEBUG:colcon.colcon_parallel_executor.executor.parallel:closing loop
[14.999s] DEBUG:colcon.colcon_parallel_executor.executor.parallel:loop closed
[15.000s] DEBUG:colcon.colcon_parallel_executor.executor.parallel:run_until_complete finished with '2'
[15.000s] DEBUG:colcon.colcon_core.event_reactor:joining thread
[15.009s] INFO:colcon.colcon_core.plugin_system:Skipping extension 'colcon_notification.desktop_notification.terminal_notifier': Not used on non-Darwin systems
[15.009s] INFO:colcon.colcon_core.plugin_system:Skipping extension 'colcon_notification.desktop_notification.win32': Not used on non-Windows systems
[15.009s] INFO:colcon.colcon_notification.desktop_notification:Sending desktop notification using 'notify2'
[15.036s] DEBUG:colcon.colcon_core.event_reactor:joined thread
[15.036s] INFO:colcon.colcon_core.shell:Creating prefix script '/home/terry/robot_ws/src/install/local_setup.ps1'
[15.038s] INFO:colcon.colcon_core.shell:Creating prefix util module '/home/terry/robot_ws/src/install/_local_setup_util_ps1.py'
[15.044s] INFO:colcon.colcon_core.shell:Creating prefix chain script '/home/terry/robot_ws/src/install/setup.ps1'
[15.046s] INFO:colcon.colcon_core.shell:Creating prefix script '/home/terry/robot_ws/src/install/local_setup.sh'
[15.047s] INFO:colcon.colcon_core.shell:Creating prefix util module '/home/terry/robot_ws/src/install/_local_setup_util_sh.py'
[15.048s] INFO:colcon.colcon_core.shell:Creating prefix chain script '/home/terry/robot_ws/src/install/setup.sh'
[15.050s] INFO:colcon.colcon_core.shell:Creating prefix script '/home/terry/robot_ws/src/install/local_setup.bash'
[15.051s] INFO:colcon.colcon_core.shell:Creating prefix chain script '/home/terry/robot_ws/src/install/setup.bash'
[15.053s] INFO:colcon.colcon_core.shell:Creating prefix script '/home/terry/robot_ws/src/install/local_setup.zsh'
[15.054s] INFO:colcon.colcon_core.shell:Creating prefix chain script '/home/terry/robot_ws/src/install/setup.zsh'
