[0.019s] Invoking command in '/home/terry/robot_ws/build/my_package': CMAKE_PREFIX_PATH=${CMAKE_PREFIX_PATH}:/home/terry/robot_ws/install/serial_motor_demo:/opt/ros/jazzy DEBUGINFOD_URLS=https://debuginfod.ubuntu.com /usr/bin/cmake --build /home/terry/robot_ws/build/my_package -- -j4 -l4
[0.090s] Invoked command in '/home/terry/robot_ws/build/my_package' returned '0': CMAKE_PREFIX_PATH=${CMAKE_PREFIX_PATH}:/home/terry/robot_ws/install/serial_motor_demo:/opt/ros/jazzy DEBUGINFOD_URLS=https://debuginfod.ubuntu.com /usr/bin/cmake --build /home/terry/robot_ws/build/my_package -- -j4 -l4
[0.109s] Invoking command in '/home/terry/robot_ws/build/my_package': CMAKE_PREFIX_PATH=${CMAKE_PREFIX_PATH}:/home/terry/robot_ws/install/serial_motor_demo:/opt/ros/jazzy DEBUGINFOD_URLS=https://debuginfod.ubuntu.com /usr/bin/cmake --install /home/terry/robot_ws/build/my_package
[0.125s] -- Install configuration: ""
[0.127s] -- Execute custom install script
[0.127s] -- Up-to-date symlink: /home/terry/robot_ws/install/my_package/share/ament_index/resource_index/package_run_dependencies/my_package
[0.130s] -- Up-to-date symlink: /home/terry/robot_ws/install/my_package/share/ament_index/resource_index/parent_prefix_path/my_package
[0.130s] -- Up-to-date symlink: /home/terry/robot_ws/install/my_package/share/my_package/environment/ament_prefix_path.sh
[0.131s] -- Up-to-date symlink: /home/terry/robot_ws/install/my_package/share/my_package/environment/ament_prefix_path.dsv
[0.131s] -- Up-to-date symlink: /home/terry/robot_ws/install/my_package/share/my_package/environment/path.sh
[0.131s] -- Up-to-date symlink: /home/terry/robot_ws/install/my_package/share/my_package/environment/path.dsv
[0.131s] -- Up-to-date symlink: /home/terry/robot_ws/install/my_package/share/my_package/local_setup.bash
[0.131s] -- Up-to-date symlink: /home/terry/robot_ws/install/my_package/share/my_package/local_setup.sh
[0.131s] -- Up-to-date symlink: /home/terry/robot_ws/install/my_package/share/my_package/local_setup.zsh
[0.131s] -- Up-to-date symlink: /home/terry/robot_ws/install/my_package/share/my_package/local_setup.dsv
[0.132s] -- Symlinking: /home/terry/robot_ws/install/my_package/share/my_package/package.dsv
[0.150s] -- Up-to-date symlink: /home/terry/robot_ws/install/my_package/share/ament_index/resource_index/packages/my_package
[0.150s] -- Up-to-date symlink: /home/terry/robot_ws/install/my_package/share/my_package/cmake/my_packageConfig.cmake
[0.150s] -- Up-to-date symlink: /home/terry/robot_ws/install/my_package/share/my_package/cmake/my_packageConfig-version.cmake
[0.150s] -- Up-to-date symlink: /home/terry/robot_ws/install/my_package/share/my_package/package.xml
[0.156s] Invoked command in '/home/terry/robot_ws/build/my_package' returned '0': CMAKE_PREFIX_PATH=${CMAKE_PREFIX_PATH}:/home/terry/robot_ws/install/serial_motor_demo:/opt/ros/jazzy DEBUGINFOD_URLS=https://debuginfod.ubuntu.com /usr/bin/cmake --install /home/terry/robot_ws/build/my_package
