[1.742s] Invoking command in '/home/terry/robot_ws/build/serial_motor_demo': CMAKE_PREFIX_PATH=/home/terry/robot_ws/install/serial_motor_demo_msgs:/home/terry/robot_ws/install/ydlidar_sdk:/home/terry/robot_ws/install/ydlidar_ros2_driver:/home/terry/robot_ws/install/my_bot:/home/terry/robot_ws/install/my_package:/opt/ros/jazzy/opt/gz_math_vendor:/opt/ros/jazzy/opt/gz_utils_vendor:/opt/ros/jazzy/opt/gz_cmake_vendor DEBUGINFOD_URLS=https://debuginfod.ubuntu.com PYTHONPATH=/home/terry/robot_ws/build/serial_motor_demo/prefix_override:/usr/lib/python3/dist-packages/colcon_core/task/python/colcon_distutils_commands:/home/terry/robot_ws/install/serial_motor_demo/lib/python3.12/site-packages:/home/terry/robot_ws/install/serial_motor_demo_msgs/lib/python3.12/site-packages:/home/terry/robot_ws/build/serial_motor_demo:/home/terry/robot_ws/install/serial_motor_demo/lib/python3.12/site-packages:/opt/ros/jazzy/lib/python3.12/site-packages /usr/bin/python3 -W ignore:setup.py install is deprecated -W ignore:easy_install command is deprecated setup.py develop --editable --build-directory /home/terry/robot_ws/build/serial_motor_demo/build --no-deps symlink_data
[1.966s] /usr/lib/python3/dist-packages/setuptools/dist.py:744: SetuptoolsDeprecationWarning: Invalid dash-separated options
[1.967s] !!
[1.967s] 
[1.967s]         ********************************************************************************
[1.967s]         Usage of dash-separated 'script-dir' will not be supported in future
[1.967s]         versions. Please use the underscore name 'script_dir' instead.
[1.967s] 
[1.967s]         This deprecation is overdue, please update your project and remove deprecated
[1.967s]         calls to avoid build errors in the future.
[1.967s] 
[1.967s]         See https://setuptools.pypa.io/en/latest/userguide/declarative_config.html for details.
[1.967s]         ********************************************************************************
[1.968s] 
[1.968s] !!
[1.968s]   opt = self.warn_dash_deprecation(opt, section)
[2.230s] running develop
[2.501s] running egg_info
[2.526s] writing serial_motor_demo.egg-info/PKG-INFO
[2.526s] writing dependency_links to serial_motor_demo.egg-info/dependency_links.txt
[2.533s] writing entry points to serial_motor_demo.egg-info/entry_points.txt
[2.533s] writing requirements to serial_motor_demo.egg-info/requires.txt
[2.534s] writing top-level names to serial_motor_demo.egg-info/top_level.txt
[2.591s] reading manifest file 'serial_motor_demo.egg-info/SOURCES.txt'
[2.592s] writing manifest file 'serial_motor_demo.egg-info/SOURCES.txt'
[2.619s] running build_ext
[2.619s] Creating /home/terry/robot_ws/install/serial_motor_demo/lib/python3.12/site-packages/serial-motor-demo.egg-link (link to .)
[2.620s] Installing driver script to /home/terry/robot_ws/install/serial_motor_demo/lib/serial_motor_demo
[2.621s] Installing gui script to /home/terry/robot_ws/install/serial_motor_demo/lib/serial_motor_demo
[2.621s] 
[2.621s] Installed /home/terry/robot_ws/build/serial_motor_demo
[2.621s] running symlink_data
[2.711s] Invoked command in '/home/terry/robot_ws/build/serial_motor_demo' returned '0': CMAKE_PREFIX_PATH=/home/terry/robot_ws/install/serial_motor_demo_msgs:/home/terry/robot_ws/install/ydlidar_sdk:/home/terry/robot_ws/install/ydlidar_ros2_driver:/home/terry/robot_ws/install/my_bot:/home/terry/robot_ws/install/my_package:/opt/ros/jazzy/opt/gz_math_vendor:/opt/ros/jazzy/opt/gz_utils_vendor:/opt/ros/jazzy/opt/gz_cmake_vendor DEBUGINFOD_URLS=https://debuginfod.ubuntu.com PYTHONPATH=/home/terry/robot_ws/build/serial_motor_demo/prefix_override:/usr/lib/python3/dist-packages/colcon_core/task/python/colcon_distutils_commands:/home/terry/robot_ws/install/serial_motor_demo/lib/python3.12/site-packages:/home/terry/robot_ws/install/serial_motor_demo_msgs/lib/python3.12/site-packages:/home/terry/robot_ws/build/serial_motor_demo:/home/terry/robot_ws/install/serial_motor_demo/lib/python3.12/site-packages:/opt/ros/jazzy/lib/python3.12/site-packages /usr/bin/python3 -W ignore:setup.py install is deprecated -W ignore:easy_install command is deprecated setup.py develop --editable --build-directory /home/terry/robot_ws/build/serial_motor_demo/build --no-deps symlink_data
