[0.028s] Invoking command in '/home/terry/robot_ws/build/my_package': CMAKE_PREFIX_PATH=${CMAKE_PREFIX_PATH}:/opt/ros/jazzy DEBUGINFOD_URLS=https://debuginfod.ubuntu.com /usr/bin/cmake --build /home/terry/robot_ws/build/my_package -- -j4 -l4
[0.289s] Invoked command in '/home/terry/robot_ws/build/my_package' returned '0': CMAKE_PREFIX_PATH=${CMAKE_PREFIX_PATH}:/opt/ros/jazzy DEBUGINFOD_URLS=https://debuginfod.ubuntu.com /usr/bin/cmake --build /home/terry/robot_ws/build/my_package -- -j4 -l4
[0.324s] Invoking command in '/home/terry/robot_ws/build/my_package': CMAKE_PREFIX_PATH=${CMAKE_PREFIX_PATH}:/opt/ros/jazzy DEBUGINFOD_URLS=https://debuginfod.ubuntu.com /usr/bin/cmake --install /home/terry/robot_ws/build/my_package
[0.344s] -- Install configuration: ""
[0.346s] -- Execute custom install script
[0.348s] -- Up-to-date symlink: /home/terry/robot_ws/install/my_package/share/ament_index/resource_index/package_run_dependencies/my_package
[0.351s] -- Up-to-date symlink: /home/terry/robot_ws/install/my_package/share/ament_index/resource_index/parent_prefix_path/my_package
[0.354s] -- Up-to-date symlink: /home/terry/robot_ws/install/my_package/share/my_package/environment/ament_prefix_path.sh
[0.355s] -- Up-to-date symlink: /home/terry/robot_ws/install/my_package/share/my_package/environment/ament_prefix_path.dsv
[0.359s] -- Up-to-date symlink: /home/terry/robot_ws/install/my_package/share/my_package/environment/path.sh
[0.359s] -- Up-to-date symlink: /home/terry/robot_ws/install/my_package/share/my_package/environment/path.dsv
[0.362s] -- Up-to-date symlink: /home/terry/robot_ws/install/my_package/share/my_package/local_setup.bash
[0.364s] -- Up-to-date symlink: /home/terry/robot_ws/install/my_package/share/my_package/local_setup.sh
[0.370s] -- Up-to-date symlink: /home/terry/robot_ws/install/my_package/share/my_package/local_setup.zsh
[0.371s] -- Up-to-date symlink: /home/terry/robot_ws/install/my_package/share/my_package/local_setup.dsv
[0.371s] -- Symlinking: /home/terry/robot_ws/install/my_package/share/my_package/package.dsv
[0.400s] -- Up-to-date symlink: /home/terry/robot_ws/install/my_package/share/ament_index/resource_index/packages/my_package
[0.402s] -- Up-to-date symlink: /home/terry/robot_ws/install/my_package/share/my_package/cmake/my_packageConfig.cmake
[0.407s] -- Up-to-date symlink: /home/terry/robot_ws/install/my_package/share/my_package/cmake/my_packageConfig-version.cmake
[0.408s] -- Up-to-date symlink: /home/terry/robot_ws/install/my_package/share/my_package/package.xml
[0.412s] Invoked command in '/home/terry/robot_ws/build/my_package' returned '0': CMAKE_PREFIX_PATH=${CMAKE_PREFIX_PATH}:/opt/ros/jazzy DEBUGINFOD_URLS=https://debuginfod.ubuntu.com /usr/bin/cmake --install /home/terry/robot_ws/build/my_package
