[0.038s] Invoking command in '/home/terry/robot_ws/build/my_bot': CMAKE_PREFIX_PATH=${CMAKE_PREFIX_PATH}:/home/terry/robot_ws/install/serial_motor_demo:/opt/ros/jazzy DEBUGINFOD_URLS=https://debuginfod.ubuntu.com /usr/bin/cmake --build /home/terry/robot_ws/build/my_bot -- -j4 -l4
[0.140s] Invoked command in '/home/terry/robot_ws/build/my_bot' returned '0': CMAKE_PREFIX_PATH=${CMAKE_PREFIX_PATH}:/home/terry/robot_ws/install/serial_motor_demo:/opt/ros/jazzy DEBUGINFOD_URLS=https://debuginfod.ubuntu.com /usr/bin/cmake --build /home/terry/robot_ws/build/my_bot -- -j4 -l4
[0.167s] Invoking command in '/home/terry/robot_ws/build/my_bot': CMAKE_PREFIX_PATH=${CMAKE_PREFIX_PATH}:/home/terry/robot_ws/install/serial_motor_demo:/opt/ros/jazzy DEBUGINFOD_URLS=https://debuginfod.ubuntu.com /usr/bin/cmake --install /home/terry/robot_ws/build/my_bot
[0.196s] -- Install configuration: ""
[0.198s] -- Execute custom install script
[0.201s] -- Up-to-date symlink: /home/terry/robot_ws/install/my_bot/share/my_bot/config/empty.yaml
[0.201s] -- Up-to-date symlink: /home/terry/robot_ws/install/my_bot/share/my_bot/description/inertial_macros.xacro
[0.202s] -- Up-to-date symlink: /home/terry/robot_ws/install/my_bot/share/my_bot/description/robot.urdf.xacro
[0.202s] -- Up-to-date symlink: /home/terry/robot_ws/install/my_bot/share/my_bot/description/robot_core.xacro
[0.204s] -- Up-to-date symlink: /home/terry/robot_ws/install/my_bot/share/my_bot/launch/rsp.launch.py
[0.204s] -- Up-to-date symlink: /home/terry/robot_ws/install/my_bot/share/my_bot/worlds/empty.world
[0.204s] -- Up-to-date symlink: /home/terry/robot_ws/install/my_bot/share/ament_index/resource_index/package_run_dependencies/my_bot
[0.204s] -- Up-to-date symlink: /home/terry/robot_ws/install/my_bot/share/ament_index/resource_index/parent_prefix_path/my_bot
[0.204s] -- Up-to-date symlink: /home/terry/robot_ws/install/my_bot/share/my_bot/environment/ament_prefix_path.sh
[0.204s] -- Up-to-date symlink: /home/terry/robot_ws/install/my_bot/share/my_bot/environment/ament_prefix_path.dsv
[0.205s] -- Up-to-date symlink: /home/terry/robot_ws/install/my_bot/share/my_bot/environment/path.sh
[0.206s] -- Up-to-date symlink: /home/terry/robot_ws/install/my_bot/share/my_bot/environment/path.dsv
[0.206s] -- Up-to-date symlink: /home/terry/robot_ws/install/my_bot/share/my_bot/local_setup.bash
[0.207s] -- Up-to-date symlink: /home/terry/robot_ws/install/my_bot/share/my_bot/local_setup.sh
[0.207s] -- Up-to-date symlink: /home/terry/robot_ws/install/my_bot/share/my_bot/local_setup.zsh
[0.209s] -- Up-to-date symlink: /home/terry/robot_ws/install/my_bot/share/my_bot/local_setup.dsv
[0.209s] -- Symlinking: /home/terry/robot_ws/install/my_bot/share/my_bot/package.dsv
[0.240s] -- Up-to-date symlink: /home/terry/robot_ws/install/my_bot/share/ament_index/resource_index/packages/my_bot
[0.240s] -- Up-to-date symlink: /home/terry/robot_ws/install/my_bot/share/my_bot/cmake/my_botConfig.cmake
[0.240s] -- Up-to-date symlink: /home/terry/robot_ws/install/my_bot/share/my_bot/cmake/my_botConfig-version.cmake
[0.243s] -- Up-to-date symlink: /home/terry/robot_ws/install/my_bot/share/my_bot/package.xml
[0.256s] Invoked command in '/home/terry/robot_ws/build/my_bot' returned '0': CMAKE_PREFIX_PATH=${CMAKE_PREFIX_PATH}:/home/terry/robot_ws/install/serial_motor_demo:/opt/ros/jazzy DEBUGINFOD_URLS=https://debuginfod.ubuntu.com /usr/bin/cmake --install /home/terry/robot_ws/build/my_bot
