[0.026s] Invoking command in '/home/terry/robot_ws/src/build/my_package': CMAKE_PREFIX_PATH=${CMAKE_PREFIX_PATH}:/home/terry/robot_ws/install/serial_motor_demo:/opt/ros/jazzy DEBUGINFOD_URLS=https://debuginfod.ubuntu.com /usr/bin/cmake --build /home/terry/robot_ws/src/build/my_package -- -j4 -l4
[0.143s] Invoked command in '/home/terry/robot_ws/src/build/my_package' returned '0': CMAKE_PREFIX_PATH=${CMAKE_PREFIX_PATH}:/home/terry/robot_ws/install/serial_motor_demo:/opt/ros/jazzy DEBUGINFOD_URLS=https://debuginfod.ubuntu.com /usr/bin/cmake --build /home/terry/robot_ws/src/build/my_package -- -j4 -l4
[0.147s] Invoking command in '/home/terry/robot_ws/src/build/my_package': CMAKE_PREFIX_PATH=${CMAKE_PREFIX_PATH}:/home/terry/robot_ws/install/serial_motor_demo:/opt/ros/jazzy DEBUGINFOD_URLS=https://debuginfod.ubuntu.com /usr/bin/cmake --install /home/terry/robot_ws/src/build/my_package
[0.196s] -- Install configuration: ""
[0.203s] -- Execute custom install script
[0.204s] -- Up-to-date symlink: /home/terry/robot_ws/src/install/my_package/share/ament_index/resource_index/package_run_dependencies/my_package
[0.204s] -- Up-to-date symlink: /home/terry/robot_ws/src/install/my_package/share/ament_index/resource_index/parent_prefix_path/my_package
[0.204s] -- Up-to-date symlink: /home/terry/robot_ws/src/install/my_package/share/my_package/environment/ament_prefix_path.sh
[0.204s] -- Up-to-date symlink: /home/terry/robot_ws/src/install/my_package/share/my_package/environment/ament_prefix_path.dsv
[0.204s] -- Up-to-date symlink: /home/terry/robot_ws/src/install/my_package/share/my_package/environment/path.sh
[0.204s] -- Up-to-date symlink: /home/terry/robot_ws/src/install/my_package/share/my_package/environment/path.dsv
[0.204s] -- Up-to-date symlink: /home/terry/robot_ws/src/install/my_package/share/my_package/local_setup.bash
[0.204s] -- Up-to-date symlink: /home/terry/robot_ws/src/install/my_package/share/my_package/local_setup.sh
[0.204s] -- Up-to-date symlink: /home/terry/robot_ws/src/install/my_package/share/my_package/local_setup.zsh
[0.205s] -- Up-to-date symlink: /home/terry/robot_ws/src/install/my_package/share/my_package/local_setup.dsv
[0.205s] -- Symlinking: /home/terry/robot_ws/src/install/my_package/share/my_package/package.dsv
[0.247s] -- Up-to-date symlink: /home/terry/robot_ws/src/install/my_package/share/ament_index/resource_index/packages/my_package
[0.247s] -- Up-to-date symlink: /home/terry/robot_ws/src/install/my_package/share/my_package/cmake/my_packageConfig.cmake
[0.247s] -- Up-to-date symlink: /home/terry/robot_ws/src/install/my_package/share/my_package/cmake/my_packageConfig-version.cmake
[0.247s] -- Up-to-date symlink: /home/terry/robot_ws/src/install/my_package/share/my_package/package.xml
[0.273s] Invoked command in '/home/terry/robot_ws/src/build/my_package' returned '0': CMAKE_PREFIX_PATH=${CMAKE_PREFIX_PATH}:/home/terry/robot_ws/install/serial_motor_demo:/opt/ros/jazzy DEBUGINFOD_URLS=https://debuginfod.ubuntu.com /usr/bin/cmake --install /home/terry/robot_ws/src/build/my_package
