[0.148s] DEBUG:colcon:Command line arguments: ['/usr/bin/colcon', 'build', '--symlink-install']
[0.148s] DEBUG:colcon:Parsed command line arguments: Namespace(log_base=None, log_level=None, verb_name='build', build_base='build', install_base='install', merge_install=False, symlink_install=True, test_result_base=None, continue_on_error=False, executor='parallel', parallel_workers=4, event_handlers=None, ignore_user_meta=False, metas=['./colcon.meta'], base_paths=['.'], packages_ignore=None, packages_ignore_regex=None, paths=None, packages_up_to=None, packages_up_to_regex=None, packages_above=None, packages_above_and_dependencies=None, packages_above_depth=None, packages_select_by_dep=None, packages_skip_by_dep=None, packages_skip_up_to=None, packages_select_build_failed=False, packages_skip_build_finished=False, packages_select_test_failures=False, packages_skip_test_passed=False, packages_select=None, packages_skip=None, packages_select_regex=None, packages_skip_regex=None, packages_start=None, packages_end=None, allow_overriding=[], cmake_args=None, cmake_target=None, cmake_target_skip_unavailable=False, cmake_clean_cache=False, cmake_clean_first=False, cmake_force_configure=False, ament_cmake_args=None, catkin_cmake_args=None, catkin_skip_building_tests=False, mixin_files=None, mixin=None, verb_parser=<colcon_mixin.mixin.mixin_argument.MixinArgumentDecorator object at 0xffff9be04980>, verb_extension=<colcon_core.verb.build.BuildVerb object at 0xffff9bf8f470>, main=<bound method BuildVerb.main of <colcon_core.verb.build.BuildVerb object at 0xffff9bf8f470>>, mixin_verb=('build',))
[0.205s] Level 1:colcon.colcon_core.package_discovery:discover_packages(colcon_meta) check parameters
[0.206s] Level 1:colcon.colcon_core.package_discovery:discover_packages(recursive) check parameters
[0.206s] Level 1:colcon.colcon_core.package_discovery:discover_packages(ignore) check parameters
[0.206s] Level 1:colcon.colcon_core.package_discovery:discover_packages(path) check parameters
[0.206s] Level 1:colcon.colcon_core.package_discovery:discover_packages(colcon_meta) discover
[0.206s] Level 1:colcon.colcon_core.package_discovery:discover_packages(recursive) discover
[0.206s] INFO:colcon.colcon_core.package_discovery:Crawling recursively for packages in '/home/terry/robot_ws/src'
[0.206s] Level 1:colcon.colcon_core.package_identification:_identify(.) by extensions ['ignore', 'ignore_ament_install']
[0.206s] Level 1:colcon.colcon_core.package_identification:_identify(.) by extension 'ignore'
[0.206s] Level 1:colcon.colcon_core.package_identification:_identify(.) by extension 'ignore_ament_install'
[0.206s] Level 1:colcon.colcon_core.package_identification:_identify(.) by extensions ['colcon_pkg']
[0.206s] Level 1:colcon.colcon_core.package_identification:_identify(.) by extension 'colcon_pkg'
[0.206s] Level 1:colcon.colcon_core.package_identification:_identify(.) by extensions ['colcon_meta']
[0.206s] Level 1:colcon.colcon_core.package_identification:_identify(.) by extension 'colcon_meta'
[0.206s] Level 1:colcon.colcon_core.package_identification:_identify(.) by extensions ['ros']
[0.206s] Level 1:colcon.colcon_core.package_identification:_identify(.) by extension 'ros'
[0.245s] Level 1:colcon.colcon_core.package_identification:_identify(.) by extensions ['cmake', 'python']
[0.245s] Level 1:colcon.colcon_core.package_identification:_identify(.) by extension 'cmake'
[0.245s] Level 1:colcon.colcon_core.package_identification:_identify(.) by extension 'python'
[0.245s] Level 1:colcon.colcon_core.package_identification:_identify(.) by extensions ['python_setup_py']
[0.245s] Level 1:colcon.colcon_core.package_identification:_identify(.) by extension 'python_setup_py'
[0.245s] Level 1:colcon.colcon_core.package_identification:_identify(build) by extensions ['ignore', 'ignore_ament_install']
[0.245s] Level 1:colcon.colcon_core.package_identification:_identify(build) by extension 'ignore'
[0.245s] Level 1:colcon.colcon_core.package_identification:_identify(build) ignored
[0.246s] Level 1:colcon.colcon_core.package_identification:_identify(install) by extensions ['ignore', 'ignore_ament_install']
[0.246s] Level 1:colcon.colcon_core.package_identification:_identify(install) by extension 'ignore'
[0.246s] Level 1:colcon.colcon_core.package_identification:_identify(install) ignored
[0.246s] Level 1:colcon.colcon_core.package_identification:_identify(log) by extensions ['ignore', 'ignore_ament_install']
[0.246s] Level 1:colcon.colcon_core.package_identification:_identify(log) by extension 'ignore'
[0.246s] Level 1:colcon.colcon_core.package_identification:_identify(log) ignored
[0.246s] Level 1:colcon.colcon_core.package_identification:_identify(my_bot) by extensions ['ignore', 'ignore_ament_install']
[0.246s] Level 1:colcon.colcon_core.package_identification:_identify(my_bot) by extension 'ignore'
[0.246s] Level 1:colcon.colcon_core.package_identification:_identify(my_bot) by extension 'ignore_ament_install'
[0.246s] Level 1:colcon.colcon_core.package_identification:_identify(my_bot) by extensions ['colcon_pkg']
[0.246s] Level 1:colcon.colcon_core.package_identification:_identify(my_bot) by extension 'colcon_pkg'
[0.246s] Level 1:colcon.colcon_core.package_identification:_identify(my_bot) by extensions ['colcon_meta']
[0.246s] Level 1:colcon.colcon_core.package_identification:_identify(my_bot) by extension 'colcon_meta'
[0.247s] Level 1:colcon.colcon_core.package_identification:_identify(my_bot) by extensions ['ros']
[0.247s] Level 1:colcon.colcon_core.package_identification:_identify(my_bot) by extension 'ros'
[0.250s] DEBUG:colcon.colcon_core.package_identification:Package 'my_bot' with type 'ros.ament_cmake' and name 'my_bot'
[0.250s] Level 1:colcon.colcon_core.package_identification:_identify(my_package) by extensions ['ignore', 'ignore_ament_install']
[0.250s] Level 1:colcon.colcon_core.package_identification:_identify(my_package) by extension 'ignore'
[0.250s] Level 1:colcon.colcon_core.package_identification:_identify(my_package) by extension 'ignore_ament_install'
[0.250s] Level 1:colcon.colcon_core.package_identification:_identify(my_package) by extensions ['colcon_pkg']
[0.250s] Level 1:colcon.colcon_core.package_identification:_identify(my_package) by extension 'colcon_pkg'
[0.250s] Level 1:colcon.colcon_core.package_identification:_identify(my_package) by extensions ['colcon_meta']
[0.250s] Level 1:colcon.colcon_core.package_identification:_identify(my_package) by extension 'colcon_meta'
[0.250s] Level 1:colcon.colcon_core.package_identification:_identify(my_package) by extensions ['ros']
[0.250s] Level 1:colcon.colcon_core.package_identification:_identify(my_package) by extension 'ros'
[0.251s] DEBUG:colcon.colcon_core.package_identification:Package 'my_package' with type 'ros.ament_cmake' and name 'my_package'
[0.251s] Level 1:colcon.colcon_core.package_identification:_identify(serial_motor_demo) by extensions ['ignore', 'ignore_ament_install']
[0.251s] Level 1:colcon.colcon_core.package_identification:_identify(serial_motor_demo) by extension 'ignore'
[0.251s] Level 1:colcon.colcon_core.package_identification:_identify(serial_motor_demo) by extension 'ignore_ament_install'
[0.251s] Level 1:colcon.colcon_core.package_identification:_identify(serial_motor_demo) by extensions ['colcon_pkg']
[0.251s] Level 1:colcon.colcon_core.package_identification:_identify(serial_motor_demo) by extension 'colcon_pkg'
[0.251s] Level 1:colcon.colcon_core.package_identification:_identify(serial_motor_demo) by extensions ['colcon_meta']
[0.251s] Level 1:colcon.colcon_core.package_identification:_identify(serial_motor_demo) by extension 'colcon_meta'
[0.251s] Level 1:colcon.colcon_core.package_identification:_identify(serial_motor_demo) by extensions ['ros']
[0.251s] Level 1:colcon.colcon_core.package_identification:_identify(serial_motor_demo) by extension 'ros'
[0.251s] Level 1:colcon.colcon_core.package_identification:_identify(serial_motor_demo) by extensions ['cmake', 'python']
[0.251s] Level 1:colcon.colcon_core.package_identification:_identify(serial_motor_demo) by extension 'cmake'
[0.251s] Level 1:colcon.colcon_core.package_identification:_identify(serial_motor_demo) by extension 'python'
[0.252s] Level 1:colcon.colcon_core.package_identification:_identify(serial_motor_demo) by extensions ['python_setup_py']
[0.252s] Level 1:colcon.colcon_core.package_identification:_identify(serial_motor_demo) by extension 'python_setup_py'
[0.252s] Level 1:colcon.colcon_core.package_identification:_identify(serial_motor_demo/serial_motor_demo) by extensions ['ignore', 'ignore_ament_install']
[0.252s] Level 1:colcon.colcon_core.package_identification:_identify(serial_motor_demo/serial_motor_demo) by extension 'ignore'
[0.252s] Level 1:colcon.colcon_core.package_identification:_identify(serial_motor_demo/serial_motor_demo) by extension 'ignore_ament_install'
[0.252s] Level 1:colcon.colcon_core.package_identification:_identify(serial_motor_demo/serial_motor_demo) by extensions ['colcon_pkg']
[0.252s] Level 1:colcon.colcon_core.package_identification:_identify(serial_motor_demo/serial_motor_demo) by extension 'colcon_pkg'
[0.252s] Level 1:colcon.colcon_core.package_identification:_identify(serial_motor_demo/serial_motor_demo) by extensions ['colcon_meta']
[0.252s] Level 1:colcon.colcon_core.package_identification:_identify(serial_motor_demo/serial_motor_demo) by extension 'colcon_meta'
[0.252s] Level 1:colcon.colcon_core.package_identification:_identify(serial_motor_demo/serial_motor_demo) by extensions ['ros']
[0.252s] Level 1:colcon.colcon_core.package_identification:_identify(serial_motor_demo/serial_motor_demo) by extension 'ros'
[0.253s] DEBUG:colcon.colcon_core.package_identification:Package 'serial_motor_demo/serial_motor_demo' with type 'ros.ament_python' and name 'serial_motor_demo'
[0.253s] Level 1:colcon.colcon_core.package_identification:_identify(serial_motor_demo/serial_motor_demo_msgs) by extensions ['ignore', 'ignore_ament_install']
[0.253s] Level 1:colcon.colcon_core.package_identification:_identify(serial_motor_demo/serial_motor_demo_msgs) by extension 'ignore'
[0.253s] Level 1:colcon.colcon_core.package_identification:_identify(serial_motor_demo/serial_motor_demo_msgs) by extension 'ignore_ament_install'
[0.253s] Level 1:colcon.colcon_core.package_identification:_identify(serial_motor_demo/serial_motor_demo_msgs) by extensions ['colcon_pkg']
[0.253s] Level 1:colcon.colcon_core.package_identification:_identify(serial_motor_demo/serial_motor_demo_msgs) by extension 'colcon_pkg'
[0.253s] Level 1:colcon.colcon_core.package_identification:_identify(serial_motor_demo/serial_motor_demo_msgs) by extensions ['colcon_meta']
[0.253s] Level 1:colcon.colcon_core.package_identification:_identify(serial_motor_demo/serial_motor_demo_msgs) by extension 'colcon_meta'
[0.253s] Level 1:colcon.colcon_core.package_identification:_identify(serial_motor_demo/serial_motor_demo_msgs) by extensions ['ros']
[0.253s] Level 1:colcon.colcon_core.package_identification:_identify(serial_motor_demo/serial_motor_demo_msgs) by extension 'ros'
[0.254s] DEBUG:colcon.colcon_core.package_identification:Package 'serial_motor_demo/serial_motor_demo_msgs' with type 'ros.ament_cmake' and name 'serial_motor_demo_msgs'
[0.254s] Level 1:colcon.colcon_core.package_identification:_identify(ydlidar_ros2_driver) by extensions ['ignore', 'ignore_ament_install']
[0.254s] Level 1:colcon.colcon_core.package_identification:_identify(ydlidar_ros2_driver) by extension 'ignore'
[0.254s] Level 1:colcon.colcon_core.package_identification:_identify(ydlidar_ros2_driver) by extension 'ignore_ament_install'
[0.254s] Level 1:colcon.colcon_core.package_identification:_identify(ydlidar_ros2_driver) by extensions ['colcon_pkg']
[0.254s] Level 1:colcon.colcon_core.package_identification:_identify(ydlidar_ros2_driver) by extension 'colcon_pkg'
[0.254s] Level 1:colcon.colcon_core.package_identification:_identify(ydlidar_ros2_driver) by extensions ['colcon_meta']
[0.254s] Level 1:colcon.colcon_core.package_identification:_identify(ydlidar_ros2_driver) by extension 'colcon_meta'
[0.254s] Level 1:colcon.colcon_core.package_identification:_identify(ydlidar_ros2_driver) by extensions ['ros']
[0.254s] Level 1:colcon.colcon_core.package_identification:_identify(ydlidar_ros2_driver) by extension 'ros'
[0.255s] DEBUG:colcon.colcon_core.package_identification:Package 'ydlidar_ros2_driver' with type 'ros.ament_cmake' and name 'ydlidar_ros2_driver'
[0.255s] Level 1:colcon.colcon_core.package_identification:_identify(ydlidar_sdk) by extensions ['ignore', 'ignore_ament_install']
[0.255s] Level 1:colcon.colcon_core.package_identification:_identify(ydlidar_sdk) by extension 'ignore'
[0.255s] Level 1:colcon.colcon_core.package_identification:_identify(ydlidar_sdk) by extension 'ignore_ament_install'
[0.255s] Level 1:colcon.colcon_core.package_identification:_identify(ydlidar_sdk) by extensions ['colcon_pkg']
[0.255s] Level 1:colcon.colcon_core.package_identification:_identify(ydlidar_sdk) by extension 'colcon_pkg'
[0.255s] Level 1:colcon.colcon_core.package_identification:_identify(ydlidar_sdk) by extensions ['colcon_meta']
[0.255s] Level 1:colcon.colcon_core.package_identification:_identify(ydlidar_sdk) by extension 'colcon_meta'
[0.255s] Level 1:colcon.colcon_core.package_identification:_identify(ydlidar_sdk) by extensions ['ros']
[0.255s] Level 1:colcon.colcon_core.package_identification:_identify(ydlidar_sdk) by extension 'ros'
[0.256s] Level 1:colcon.colcon_core.package_identification:_identify(ydlidar_sdk) by extensions ['cmake', 'python']
[0.256s] Level 1:colcon.colcon_core.package_identification:_identify(ydlidar_sdk) by extension 'cmake'
[0.306s] Level 1:colcon.colcon_core.package_identification:_identify(ydlidar_sdk) by extension 'python'
[0.306s] DEBUG:colcon.colcon_core.package_identification:Package 'ydlidar_sdk' with type 'cmake' and name 'ydlidar_sdk'
[0.306s] Level 1:colcon.colcon_core.package_discovery:discover_packages(recursive) using defaults
[0.306s] Level 1:colcon.colcon_core.package_discovery:discover_packages(ignore) discover
[0.307s] Level 1:colcon.colcon_core.package_discovery:discover_packages(ignore) using defaults
[0.307s] Level 1:colcon.colcon_core.package_discovery:discover_packages(path) discover
[0.307s] Level 1:colcon.colcon_core.package_discovery:discover_packages(path) using defaults
[0.330s] Level 1:colcon.colcon_core.package_discovery:discover_packages(prefix_path) check parameters
[0.330s] Level 1:colcon.colcon_core.package_discovery:discover_packages(prefix_path) discover
[0.332s] DEBUG:colcon.colcon_installed_package_information.package_discovery:Found 6 installed packages in /home/terry/robot_ws/install
[0.334s] DEBUG:colcon.colcon_installed_package_information.package_discovery:Found 289 installed packages in /opt/ros/jazzy
[0.337s] Level 1:colcon.colcon_core.package_discovery:discover_packages(prefix_path) using defaults
[0.398s] Level 5:colcon.colcon_core.verb:set package 'my_bot' build argument 'cmake_args' from command line to 'None'
[0.398s] Level 5:colcon.colcon_core.verb:set package 'my_bot' build argument 'cmake_target' from command line to 'None'
[0.398s] Level 5:colcon.colcon_core.verb:set package 'my_bot' build argument 'cmake_target_skip_unavailable' from command line to 'False'
[0.398s] Level 5:colcon.colcon_core.verb:set package 'my_bot' build argument 'cmake_clean_cache' from command line to 'False'
[0.398s] Level 5:colcon.colcon_core.verb:set package 'my_bot' build argument 'cmake_clean_first' from command line to 'False'
[0.398s] Level 5:colcon.colcon_core.verb:set package 'my_bot' build argument 'cmake_force_configure' from command line to 'False'
[0.398s] Level 5:colcon.colcon_core.verb:set package 'my_bot' build argument 'ament_cmake_args' from command line to 'None'
[0.399s] Level 5:colcon.colcon_core.verb:set package 'my_bot' build argument 'catkin_cmake_args' from command line to 'None'
[0.399s] Level 5:colcon.colcon_core.verb:set package 'my_bot' build argument 'catkin_skip_building_tests' from command line to 'False'
[0.399s] DEBUG:colcon.colcon_core.verb:Building package 'my_bot' with the following arguments: {'ament_cmake_args': None, 'build_base': '/home/terry/robot_ws/src/build/my_bot', 'catkin_cmake_args': None, 'catkin_skip_building_tests': False, 'cmake_args': None, 'cmake_clean_cache': False, 'cmake_clean_first': False, 'cmake_force_configure': False, 'cmake_target': None, 'cmake_target_skip_unavailable': False, 'install_base': '/home/terry/robot_ws/src/install/my_bot', 'merge_install': False, 'path': '/home/terry/robot_ws/src/my_bot', 'symlink_install': True, 'test_result_base': None}
[0.399s] Level 5:colcon.colcon_core.verb:set package 'my_package' build argument 'cmake_args' from command line to 'None'
[0.399s] Level 5:colcon.colcon_core.verb:set package 'my_package' build argument 'cmake_target' from command line to 'None'
[0.399s] Level 5:colcon.colcon_core.verb:set package 'my_package' build argument 'cmake_target_skip_unavailable' from command line to 'False'
[0.399s] Level 5:colcon.colcon_core.verb:set package 'my_package' build argument 'cmake_clean_cache' from command line to 'False'
[0.399s] Level 5:colcon.colcon_core.verb:set package 'my_package' build argument 'cmake_clean_first' from command line to 'False'
[0.399s] Level 5:colcon.colcon_core.verb:set package 'my_package' build argument 'cmake_force_configure' from command line to 'False'
[0.399s] Level 5:colcon.colcon_core.verb:set package 'my_package' build argument 'ament_cmake_args' from command line to 'None'
[0.399s] Level 5:colcon.colcon_core.verb:set package 'my_package' build argument 'catkin_cmake_args' from command line to 'None'
[0.399s] Level 5:colcon.colcon_core.verb:set package 'my_package' build argument 'catkin_skip_building_tests' from command line to 'False'
[0.399s] DEBUG:colcon.colcon_core.verb:Building package 'my_package' with the following arguments: {'ament_cmake_args': None, 'build_base': '/home/terry/robot_ws/src/build/my_package', 'catkin_cmake_args': None, 'catkin_skip_building_tests': False, 'cmake_args': None, 'cmake_clean_cache': False, 'cmake_clean_first': False, 'cmake_force_configure': False, 'cmake_target': None, 'cmake_target_skip_unavailable': False, 'install_base': '/home/terry/robot_ws/src/install/my_package', 'merge_install': False, 'path': '/home/terry/robot_ws/src/my_package', 'symlink_install': True, 'test_result_base': None}
[0.400s] Level 5:colcon.colcon_core.verb:set package 'serial_motor_demo_msgs' build argument 'cmake_args' from command line to 'None'
[0.400s] Level 5:colcon.colcon_core.verb:set package 'serial_motor_demo_msgs' build argument 'cmake_target' from command line to 'None'
[0.400s] Level 5:colcon.colcon_core.verb:set package 'serial_motor_demo_msgs' build argument 'cmake_target_skip_unavailable' from command line to 'False'
[0.400s] Level 5:colcon.colcon_core.verb:set package 'serial_motor_demo_msgs' build argument 'cmake_clean_cache' from command line to 'False'
[0.400s] Level 5:colcon.colcon_core.verb:set package 'serial_motor_demo_msgs' build argument 'cmake_clean_first' from command line to 'False'
[0.400s] Level 5:colcon.colcon_core.verb:set package 'serial_motor_demo_msgs' build argument 'cmake_force_configure' from command line to 'False'
[0.400s] Level 5:colcon.colcon_core.verb:set package 'serial_motor_demo_msgs' build argument 'ament_cmake_args' from command line to 'None'
[0.400s] Level 5:colcon.colcon_core.verb:set package 'serial_motor_demo_msgs' build argument 'catkin_cmake_args' from command line to 'None'
[0.400s] Level 5:colcon.colcon_core.verb:set package 'serial_motor_demo_msgs' build argument 'catkin_skip_building_tests' from command line to 'False'
[0.400s] DEBUG:colcon.colcon_core.verb:Building package 'serial_motor_demo_msgs' with the following arguments: {'ament_cmake_args': None, 'build_base': '/home/terry/robot_ws/src/build/serial_motor_demo_msgs', 'catkin_cmake_args': None, 'catkin_skip_building_tests': False, 'cmake_args': None, 'cmake_clean_cache': False, 'cmake_clean_first': False, 'cmake_force_configure': False, 'cmake_target': None, 'cmake_target_skip_unavailable': False, 'install_base': '/home/terry/robot_ws/src/install/serial_motor_demo_msgs', 'merge_install': False, 'path': '/home/terry/robot_ws/src/serial_motor_demo/serial_motor_demo_msgs', 'symlink_install': True, 'test_result_base': None}
[0.400s] Level 5:colcon.colcon_core.verb:set package 'ydlidar_ros2_driver' build argument 'cmake_args' from command line to 'None'
[0.400s] Level 5:colcon.colcon_core.verb:set package 'ydlidar_ros2_driver' build argument 'cmake_target' from command line to 'None'
[0.400s] Level 5:colcon.colcon_core.verb:set package 'ydlidar_ros2_driver' build argument 'cmake_target_skip_unavailable' from command line to 'False'
[0.400s] Level 5:colcon.colcon_core.verb:set package 'ydlidar_ros2_driver' build argument 'cmake_clean_cache' from command line to 'False'
[0.400s] Level 5:colcon.colcon_core.verb:set package 'ydlidar_ros2_driver' build argument 'cmake_clean_first' from command line to 'False'
[0.400s] Level 5:colcon.colcon_core.verb:set package 'ydlidar_ros2_driver' build argument 'cmake_force_configure' from command line to 'False'
[0.401s] Level 5:colcon.colcon_core.verb:set package 'ydlidar_ros2_driver' build argument 'ament_cmake_args' from command line to 'None'
[0.401s] Level 5:colcon.colcon_core.verb:set package 'ydlidar_ros2_driver' build argument 'catkin_cmake_args' from command line to 'None'
[0.401s] Level 5:colcon.colcon_core.verb:set package 'ydlidar_ros2_driver' build argument 'catkin_skip_building_tests' from command line to 'False'
[0.401s] DEBUG:colcon.colcon_core.verb:Building package 'ydlidar_ros2_driver' with the following arguments: {'ament_cmake_args': None, 'build_base': '/home/terry/robot_ws/src/build/ydlidar_ros2_driver', 'catkin_cmake_args': None, 'catkin_skip_building_tests': False, 'cmake_args': None, 'cmake_clean_cache': False, 'cmake_clean_first': False, 'cmake_force_configure': False, 'cmake_target': None, 'cmake_target_skip_unavailable': False, 'install_base': '/home/terry/robot_ws/src/install/ydlidar_ros2_driver', 'merge_install': False, 'path': '/home/terry/robot_ws/src/ydlidar_ros2_driver', 'symlink_install': True, 'test_result_base': None}
[0.401s] Level 5:colcon.colcon_core.verb:set package 'ydlidar_sdk' build argument 'cmake_args' from command line to 'None'
[0.401s] Level 5:colcon.colcon_core.verb:set package 'ydlidar_sdk' build argument 'cmake_target' from command line to 'None'
[0.401s] Level 5:colcon.colcon_core.verb:set package 'ydlidar_sdk' build argument 'cmake_target_skip_unavailable' from command line to 'False'
[0.401s] Level 5:colcon.colcon_core.verb:set package 'ydlidar_sdk' build argument 'cmake_clean_cache' from command line to 'False'
[0.401s] Level 5:colcon.colcon_core.verb:set package 'ydlidar_sdk' build argument 'cmake_clean_first' from command line to 'False'
[0.401s] Level 5:colcon.colcon_core.verb:set package 'ydlidar_sdk' build argument 'cmake_force_configure' from command line to 'False'
[0.401s] Level 5:colcon.colcon_core.verb:set package 'ydlidar_sdk' build argument 'ament_cmake_args' from command line to 'None'
[0.401s] Level 5:colcon.colcon_core.verb:set package 'ydlidar_sdk' build argument 'catkin_cmake_args' from command line to 'None'
[0.401s] Level 5:colcon.colcon_core.verb:set package 'ydlidar_sdk' build argument 'catkin_skip_building_tests' from command line to 'False'
[0.401s] DEBUG:colcon.colcon_core.verb:Building package 'ydlidar_sdk' with the following arguments: {'ament_cmake_args': None, 'build_base': '/home/terry/robot_ws/src/build/ydlidar_sdk', 'catkin_cmake_args': None, 'catkin_skip_building_tests': False, 'cmake_args': None, 'cmake_clean_cache': False, 'cmake_clean_first': False, 'cmake_force_configure': False, 'cmake_target': None, 'cmake_target_skip_unavailable': False, 'install_base': '/home/terry/robot_ws/src/install/ydlidar_sdk', 'merge_install': False, 'path': '/home/terry/robot_ws/src/ydlidar_sdk', 'symlink_install': True, 'test_result_base': None}
[0.401s] Level 5:colcon.colcon_core.verb:set package 'serial_motor_demo' build argument 'cmake_args' from command line to 'None'
[0.401s] Level 5:colcon.colcon_core.verb:set package 'serial_motor_demo' build argument 'cmake_target' from command line to 'None'
[0.402s] Level 5:colcon.colcon_core.verb:set package 'serial_motor_demo' build argument 'cmake_target_skip_unavailable' from command line to 'False'
[0.402s] Level 5:colcon.colcon_core.verb:set package 'serial_motor_demo' build argument 'cmake_clean_cache' from command line to 'False'
[0.402s] Level 5:colcon.colcon_core.verb:set package 'serial_motor_demo' build argument 'cmake_clean_first' from command line to 'False'
[0.402s] Level 5:colcon.colcon_core.verb:set package 'serial_motor_demo' build argument 'cmake_force_configure' from command line to 'False'
[0.402s] Level 5:colcon.colcon_core.verb:set package 'serial_motor_demo' build argument 'ament_cmake_args' from command line to 'None'
[0.402s] Level 5:colcon.colcon_core.verb:set package 'serial_motor_demo' build argument 'catkin_cmake_args' from command line to 'None'
[0.402s] Level 5:colcon.colcon_core.verb:set package 'serial_motor_demo' build argument 'catkin_skip_building_tests' from command line to 'False'
[0.402s] DEBUG:colcon.colcon_core.verb:Building package 'serial_motor_demo' with the following arguments: {'ament_cmake_args': None, 'build_base': '/home/terry/robot_ws/src/build/serial_motor_demo', 'catkin_cmake_args': None, 'catkin_skip_building_tests': False, 'cmake_args': None, 'cmake_clean_cache': False, 'cmake_clean_first': False, 'cmake_force_configure': False, 'cmake_target': None, 'cmake_target_skip_unavailable': False, 'install_base': '/home/terry/robot_ws/src/install/serial_motor_demo', 'merge_install': False, 'path': '/home/terry/robot_ws/src/serial_motor_demo/serial_motor_demo', 'symlink_install': True, 'test_result_base': None}
[0.402s] INFO:colcon.colcon_core.executor:Executing jobs using 'parallel' executor
[0.403s] DEBUG:colcon.colcon_parallel_executor.executor.parallel:run_until_complete
[0.403s] INFO:colcon.colcon_ros.task.ament_cmake.build:Building ROS package in '/home/terry/robot_ws/src/serial_motor_demo/serial_motor_demo_msgs' with build type 'ament_cmake'
[0.404s] INFO:colcon.colcon_cmake.task.cmake.build:Building CMake package in '/home/terry/robot_ws/src/serial_motor_demo/serial_motor_demo_msgs'
[0.406s] INFO:colcon.colcon_core.plugin_system:Skipping extension 'colcon_core.shell.bat': Not used on non-Windows systems
[0.406s] INFO:colcon.colcon_core.shell:Skip shell extension 'powershell' for command environment: Not usable outside of PowerShell
[0.406s] DEBUG:colcon.colcon_core.shell:Skip shell extension 'dsv' for command environment
[0.411s] INFO:colcon.colcon_ros.task.ament_cmake.build:Building ROS package in '/home/terry/robot_ws/src/my_bot' with build type 'ament_cmake'
[0.411s] INFO:colcon.colcon_cmake.task.cmake.build:Building CMake package in '/home/terry/robot_ws/src/my_bot'
[0.411s] INFO:colcon.colcon_core.shell:Skip shell extension 'powershell' for command environment: Not usable outside of PowerShell
[0.412s] DEBUG:colcon.colcon_core.shell:Skip shell extension 'dsv' for command environment
[0.417s] INFO:colcon.colcon_ros.task.ament_cmake.build:Building ROS package in '/home/terry/robot_ws/src/my_package' with build type 'ament_cmake'
[0.417s] INFO:colcon.colcon_cmake.task.cmake.build:Building CMake package in '/home/terry/robot_ws/src/my_package'
[0.418s] INFO:colcon.colcon_core.shell:Skip shell extension 'powershell' for command environment: Not usable outside of PowerShell
[0.418s] DEBUG:colcon.colcon_core.shell:Skip shell extension 'dsv' for command environment
[0.422s] INFO:colcon.colcon_ros.task.ament_cmake.build:Building ROS package in '/home/terry/robot_ws/src/ydlidar_ros2_driver' with build type 'ament_cmake'
[0.422s] INFO:colcon.colcon_cmake.task.cmake.build:Building CMake package in '/home/terry/robot_ws/src/ydlidar_ros2_driver'
[0.423s] INFO:colcon.colcon_core.shell:Skip shell extension 'powershell' for command environment: Not usable outside of PowerShell
[0.423s] DEBUG:colcon.colcon_core.shell:Skip shell extension 'dsv' for command environment
[0.435s] DEBUG:colcon.colcon_core.event_handler.log_command:Invoking command in '/home/terry/robot_ws/src/build/serial_motor_demo_msgs': CMAKE_PREFIX_PATH=${CMAKE_PREFIX_PATH}:/home/terry/robot_ws/install/serial_motor_demo:/opt/ros/jazzy DEBUGINFOD_URLS=https://debuginfod.ubuntu.com /usr/bin/cmake --build /home/terry/robot_ws/src/build/serial_motor_demo_msgs -- -j4 -l4
[0.438s] DEBUG:colcon.colcon_core.event_handler.log_command:Invoking command in '/home/terry/robot_ws/src/build/my_bot': CMAKE_PREFIX_PATH=${CMAKE_PREFIX_PATH}:/home/terry/robot_ws/install/serial_motor_demo:/opt/ros/jazzy DEBUGINFOD_URLS=https://debuginfod.ubuntu.com /usr/bin/cmake --build /home/terry/robot_ws/src/build/my_bot -- -j4 -l4
[0.443s] DEBUG:colcon.colcon_core.event_handler.log_command:Invoking command in '/home/terry/robot_ws/src/build/my_package': CMAKE_PREFIX_PATH=${CMAKE_PREFIX_PATH}:/home/terry/robot_ws/install/serial_motor_demo:/opt/ros/jazzy DEBUGINFOD_URLS=https://debuginfod.ubuntu.com /usr/bin/cmake --build /home/terry/robot_ws/src/build/my_package -- -j4 -l4
[0.456s] DEBUG:colcon.colcon_core.event_handler.log_command:Invoking command in '/home/terry/robot_ws/src/build/ydlidar_ros2_driver': CMAKE_PREFIX_PATH=${CMAKE_PREFIX_PATH}:/home/terry/robot_ws/install/serial_motor_demo:/opt/ros/jazzy DEBUGINFOD_URLS=https://debuginfod.ubuntu.com /usr/bin/cmake /home/terry/robot_ws/src/ydlidar_ros2_driver -DAMENT_CMAKE_SYMLINK_INSTALL=1 -DCMAKE_INSTALL_PREFIX=/home/terry/robot_ws/src/install/ydlidar_ros2_driver
[0.527s] DEBUG:colcon.colcon_core.event_handler.log_command:Invoked command in '/home/terry/robot_ws/src/build/my_bot' returned '0': CMAKE_PREFIX_PATH=${CMAKE_PREFIX_PATH}:/home/terry/robot_ws/install/serial_motor_demo:/opt/ros/jazzy DEBUGINFOD_URLS=https://debuginfod.ubuntu.com /usr/bin/cmake --build /home/terry/robot_ws/src/build/my_bot -- -j4 -l4
[0.555s] DEBUG:colcon.colcon_core.event_handler.log_command:Invoking command in '/home/terry/robot_ws/src/build/my_bot': CMAKE_PREFIX_PATH=${CMAKE_PREFIX_PATH}:/home/terry/robot_ws/install/serial_motor_demo:/opt/ros/jazzy DEBUGINFOD_URLS=https://debuginfod.ubuntu.com /usr/bin/cmake --install /home/terry/robot_ws/src/build/my_bot
[0.560s] DEBUG:colcon.colcon_core.event_handler.log_command:Invoked command in '/home/terry/robot_ws/src/build/my_package' returned '0': CMAKE_PREFIX_PATH=${CMAKE_PREFIX_PATH}:/home/terry/robot_ws/install/serial_motor_demo:/opt/ros/jazzy DEBUGINFOD_URLS=https://debuginfod.ubuntu.com /usr/bin/cmake --build /home/terry/robot_ws/src/build/my_package -- -j4 -l4
[0.564s] DEBUG:colcon.colcon_core.event_handler.log_command:Invoking command in '/home/terry/robot_ws/src/build/my_package': CMAKE_PREFIX_PATH=${CMAKE_PREFIX_PATH}:/home/terry/robot_ws/install/serial_motor_demo:/opt/ros/jazzy DEBUGINFOD_URLS=https://debuginfod.ubuntu.com /usr/bin/cmake --install /home/terry/robot_ws/src/build/my_package
[0.627s] Level 1:colcon.colcon_core.environment:create_environment_scripts_only(my_bot)
[0.631s] DEBUG:colcon.colcon_core.event_handler.log_command:Invoked command in '/home/terry/robot_ws/src/build/my_bot' returned '0': CMAKE_PREFIX_PATH=${CMAKE_PREFIX_PATH}:/home/terry/robot_ws/install/serial_motor_demo:/opt/ros/jazzy DEBUGINFOD_URLS=https://debuginfod.ubuntu.com /usr/bin/cmake --install /home/terry/robot_ws/src/build/my_bot
[0.633s] Level 1:colcon.colcon_core.environment:checking '/home/terry/robot_ws/src/install/my_bot' for CMake module files
[0.635s] Level 1:colcon.colcon_core.environment:checking '/home/terry/robot_ws/src/install/my_bot' for CMake config files
[0.636s] Level 1:colcon.colcon_core.shell:create_environment_hook('my_bot', 'cmake_prefix_path')
[0.636s] INFO:colcon.colcon_core.shell:Creating environment hook '/home/terry/robot_ws/src/install/my_bot/share/my_bot/hook/cmake_prefix_path.ps1'
[0.638s] INFO:colcon.colcon_core.shell:Creating environment descriptor '/home/terry/robot_ws/src/install/my_bot/share/my_bot/hook/cmake_prefix_path.dsv'
[0.645s] INFO:colcon.colcon_core.shell:Creating environment hook '/home/terry/robot_ws/src/install/my_bot/share/my_bot/hook/cmake_prefix_path.sh'
[0.648s] Level 1:colcon.colcon_core.environment:checking '/home/terry/robot_ws/src/install/my_bot/bin'
[0.648s] Level 1:colcon.colcon_core.environment:checking '/home/terry/robot_ws/src/install/my_bot/lib/pkgconfig/my_bot.pc'
[0.649s] Level 1:colcon.colcon_core.environment:checking '/home/terry/robot_ws/src/install/my_bot/lib/python3.12/site-packages'
[0.649s] Level 1:colcon.colcon_core.environment:checking '/home/terry/robot_ws/src/install/my_bot/bin'
[0.650s] INFO:colcon.colcon_core.shell:Creating package script '/home/terry/robot_ws/src/install/my_bot/share/my_bot/package.ps1'
[0.651s] INFO:colcon.colcon_core.shell:Creating package descriptor '/home/terry/robot_ws/src/install/my_bot/share/my_bot/package.dsv'
[0.652s] INFO:colcon.colcon_core.shell:Creating package script '/home/terry/robot_ws/src/install/my_bot/share/my_bot/package.sh'
[0.654s] INFO:colcon.colcon_core.shell:Creating package script '/home/terry/robot_ws/src/install/my_bot/share/my_bot/package.bash'
[0.656s] INFO:colcon.colcon_core.shell:Creating package script '/home/terry/robot_ws/src/install/my_bot/share/my_bot/package.zsh'
[0.657s] Level 1:colcon.colcon_core.environment:create_file_with_runtime_dependencies(/home/terry/robot_ws/src/install/my_bot/share/colcon-core/packages/my_bot)
[0.660s] Level 1:colcon.colcon_core.environment:create_environment_scripts_only(my_bot)
[0.660s] Level 1:colcon.colcon_core.environment:checking '/home/terry/robot_ws/src/install/my_bot' for CMake module files
[0.663s] Level 1:colcon.colcon_core.environment:checking '/home/terry/robot_ws/src/install/my_bot' for CMake config files
[0.665s] Level 1:colcon.colcon_core.shell:create_environment_hook('my_bot', 'cmake_prefix_path')
[0.666s] INFO:colcon.colcon_core.shell:Creating environment hook '/home/terry/robot_ws/src/install/my_bot/share/my_bot/hook/cmake_prefix_path.ps1'
[0.667s] INFO:colcon.colcon_core.shell:Creating environment descriptor '/home/terry/robot_ws/src/install/my_bot/share/my_bot/hook/cmake_prefix_path.dsv'
[0.668s] INFO:colcon.colcon_core.shell:Creating environment hook '/home/terry/robot_ws/src/install/my_bot/share/my_bot/hook/cmake_prefix_path.sh'
[0.670s] Level 1:colcon.colcon_core.environment:checking '/home/terry/robot_ws/src/install/my_bot/bin'
[0.670s] Level 1:colcon.colcon_core.environment:checking '/home/terry/robot_ws/src/install/my_bot/lib/pkgconfig/my_bot.pc'
[0.670s] Level 1:colcon.colcon_core.environment:checking '/home/terry/robot_ws/src/install/my_bot/lib/python3.12/site-packages'
[0.671s] Level 1:colcon.colcon_core.environment:checking '/home/terry/robot_ws/src/install/my_bot/bin'
[0.671s] INFO:colcon.colcon_core.shell:Creating package script '/home/terry/robot_ws/src/install/my_bot/share/my_bot/package.ps1'
[0.672s] INFO:colcon.colcon_core.shell:Creating package descriptor '/home/terry/robot_ws/src/install/my_bot/share/my_bot/package.dsv'
[0.676s] INFO:colcon.colcon_core.shell:Creating package script '/home/terry/robot_ws/src/install/my_bot/share/my_bot/package.sh'
[0.677s] INFO:colcon.colcon_core.shell:Creating package script '/home/terry/robot_ws/src/install/my_bot/share/my_bot/package.bash'
[0.678s] INFO:colcon.colcon_core.shell:Creating package script '/home/terry/robot_ws/src/install/my_bot/share/my_bot/package.zsh'
[0.678s] Level 1:colcon.colcon_core.environment:create_file_with_runtime_dependencies(/home/terry/robot_ws/src/install/my_bot/share/colcon-core/packages/my_bot)
[0.679s] INFO:colcon.colcon_cmake.task.cmake.build:Building CMake package in '/home/terry/robot_ws/src/ydlidar_sdk'
[0.680s] INFO:colcon.colcon_core.shell:Skip shell extension 'powershell' for command environment: Not usable outside of PowerShell
[0.680s] DEBUG:colcon.colcon_core.shell:Skip shell extension 'dsv' for command environment
[0.689s] Level 1:colcon.colcon_core.environment:create_environment_scripts_only(my_package)
[0.691s] DEBUG:colcon.colcon_core.event_handler.log_command:Invoked command in '/home/terry/robot_ws/src/build/my_package' returned '0': CMAKE_PREFIX_PATH=${CMAKE_PREFIX_PATH}:/home/terry/robot_ws/install/serial_motor_demo:/opt/ros/jazzy DEBUGINFOD_URLS=https://debuginfod.ubuntu.com /usr/bin/cmake --install /home/terry/robot_ws/src/build/my_package
[0.691s] Level 1:colcon.colcon_core.environment:checking '/home/terry/robot_ws/src/install/my_package' for CMake module files
[0.693s] Level 1:colcon.colcon_core.environment:checking '/home/terry/robot_ws/src/install/my_package' for CMake config files
[0.694s] Level 1:colcon.colcon_core.shell:create_environment_hook('my_package', 'cmake_prefix_path')
[0.695s] INFO:colcon.colcon_core.shell:Creating environment hook '/home/terry/robot_ws/src/install/my_package/share/my_package/hook/cmake_prefix_path.ps1'
[0.696s] INFO:colcon.colcon_core.shell:Creating environment descriptor '/home/terry/robot_ws/src/install/my_package/share/my_package/hook/cmake_prefix_path.dsv'
[0.698s] INFO:colcon.colcon_core.shell:Creating environment hook '/home/terry/robot_ws/src/install/my_package/share/my_package/hook/cmake_prefix_path.sh'
[0.700s] Level 1:colcon.colcon_core.environment:checking '/home/terry/robot_ws/src/install/my_package/bin'
[0.701s] Level 1:colcon.colcon_core.environment:checking '/home/terry/robot_ws/src/install/my_package/lib/pkgconfig/my_package.pc'
[0.702s] Level 1:colcon.colcon_core.environment:checking '/home/terry/robot_ws/src/install/my_package/lib/python3.12/site-packages'
[0.702s] Level 1:colcon.colcon_core.environment:checking '/home/terry/robot_ws/src/install/my_package/bin'
[0.704s] INFO:colcon.colcon_core.shell:Creating package script '/home/terry/robot_ws/src/install/my_package/share/my_package/package.ps1'
[0.705s] INFO:colcon.colcon_core.shell:Creating package descriptor '/home/terry/robot_ws/src/install/my_package/share/my_package/package.dsv'
[0.706s] INFO:colcon.colcon_core.shell:Creating package script '/home/terry/robot_ws/src/install/my_package/share/my_package/package.sh'
[0.711s] INFO:colcon.colcon_core.shell:Creating package script '/home/terry/robot_ws/src/install/my_package/share/my_package/package.bash'
[0.713s] INFO:colcon.colcon_core.shell:Creating package script '/home/terry/robot_ws/src/install/my_package/share/my_package/package.zsh'
[0.717s] Level 1:colcon.colcon_core.environment:create_file_with_runtime_dependencies(/home/terry/robot_ws/src/install/my_package/share/colcon-core/packages/my_package)
[0.718s] Level 1:colcon.colcon_core.environment:create_environment_scripts_only(my_package)
[0.719s] Level 1:colcon.colcon_core.environment:checking '/home/terry/robot_ws/src/install/my_package' for CMake module files
[0.720s] Level 1:colcon.colcon_core.environment:checking '/home/terry/robot_ws/src/install/my_package' for CMake config files
[0.721s] Level 1:colcon.colcon_core.shell:create_environment_hook('my_package', 'cmake_prefix_path')
[0.721s] INFO:colcon.colcon_core.shell:Creating environment hook '/home/terry/robot_ws/src/install/my_package/share/my_package/hook/cmake_prefix_path.ps1'
[0.727s] INFO:colcon.colcon_core.shell:Creating environment descriptor '/home/terry/robot_ws/src/install/my_package/share/my_package/hook/cmake_prefix_path.dsv'
[0.731s] INFO:colcon.colcon_core.shell:Creating environment hook '/home/terry/robot_ws/src/install/my_package/share/my_package/hook/cmake_prefix_path.sh'
[0.732s] Level 1:colcon.colcon_core.environment:checking '/home/terry/robot_ws/src/install/my_package/bin'
[0.735s] Level 1:colcon.colcon_core.environment:checking '/home/terry/robot_ws/src/install/my_package/lib/pkgconfig/my_package.pc'
[0.736s] Level 1:colcon.colcon_core.environment:checking '/home/terry/robot_ws/src/install/my_package/lib/python3.12/site-packages'
[0.736s] Level 1:colcon.colcon_core.environment:checking '/home/terry/robot_ws/src/install/my_package/bin'
[0.737s] INFO:colcon.colcon_core.shell:Creating package script '/home/terry/robot_ws/src/install/my_package/share/my_package/package.ps1'
[0.738s] INFO:colcon.colcon_core.shell:Creating package descriptor '/home/terry/robot_ws/src/install/my_package/share/my_package/package.dsv'
[0.741s] INFO:colcon.colcon_core.shell:Creating package script '/home/terry/robot_ws/src/install/my_package/share/my_package/package.sh'
[0.746s] INFO:colcon.colcon_core.shell:Creating package script '/home/terry/robot_ws/src/install/my_package/share/my_package/package.bash'
[0.749s] INFO:colcon.colcon_core.shell:Creating package script '/home/terry/robot_ws/src/install/my_package/share/my_package/package.zsh'
[0.751s] Level 1:colcon.colcon_core.environment:create_file_with_runtime_dependencies(/home/terry/robot_ws/src/install/my_package/share/colcon-core/packages/my_package)
[0.757s] DEBUG:colcon.colcon_core.event_handler.log_command:Invoking command in '/home/terry/robot_ws/src/build/ydlidar_sdk': DEBUGINFOD_URLS=https://debuginfod.ubuntu.com /usr/bin/cmake --build /home/terry/robot_ws/src/build/ydlidar_sdk -- -j4 -l4
[1.532s] DEBUG:colcon.colcon_core.event_handler.log_command:Invoked command in '/home/terry/robot_ws/src/build/serial_motor_demo_msgs' returned '0': CMAKE_PREFIX_PATH=${CMAKE_PREFIX_PATH}:/home/terry/robot_ws/install/serial_motor_demo:/opt/ros/jazzy DEBUGINFOD_URLS=https://debuginfod.ubuntu.com /usr/bin/cmake --build /home/terry/robot_ws/src/build/serial_motor_demo_msgs -- -j4 -l4
[1.533s] DEBUG:colcon.colcon_core.event_handler.log_command:Invoking command in '/home/terry/robot_ws/src/build/serial_motor_demo_msgs': CMAKE_PREFIX_PATH=${CMAKE_PREFIX_PATH}:/home/terry/robot_ws/install/serial_motor_demo:/opt/ros/jazzy DEBUGINFOD_URLS=https://debuginfod.ubuntu.com /usr/bin/cmake --install /home/terry/robot_ws/src/build/serial_motor_demo_msgs
[1.560s] DEBUG:colcon.colcon_core.event_handler.log_command:Invoked command in '/home/terry/robot_ws/src/build/ydlidar_sdk' returned '0': DEBUGINFOD_URLS=https://debuginfod.ubuntu.com /usr/bin/cmake --build /home/terry/robot_ws/src/build/ydlidar_sdk -- -j4 -l4
[1.561s] DEBUG:colcon.colcon_core.event_handler.log_command:Invoking command in '/home/terry/robot_ws/src/build/ydlidar_sdk': DEBUGINFOD_URLS=https://debuginfod.ubuntu.com /usr/bin/cmake --install /home/terry/robot_ws/src/build/ydlidar_sdk
[1.709s] Level 1:colcon.colcon_core.environment:create_environment_scripts_only(ydlidar_sdk)
[1.709s] Level 1:colcon.colcon_core.environment:checking '/home/terry/robot_ws/src/install/ydlidar_sdk' for CMake module files
[1.710s] Level 1:colcon.colcon_core.environment:checking '/home/terry/robot_ws/src/install/ydlidar_sdk' for CMake config files
[1.711s] Level 1:colcon.colcon_core.shell:create_environment_hook('ydlidar_sdk', 'cmake_prefix_path')
[1.711s] INFO:colcon.colcon_core.shell:Creating environment hook '/home/terry/robot_ws/src/install/ydlidar_sdk/share/ydlidar_sdk/hook/cmake_prefix_path.ps1'
[1.712s] DEBUG:colcon.colcon_core.event_handler.log_command:Invoked command in '/home/terry/robot_ws/src/build/ydlidar_sdk' returned '0': DEBUGINFOD_URLS=https://debuginfod.ubuntu.com /usr/bin/cmake --install /home/terry/robot_ws/src/build/ydlidar_sdk
[1.713s] INFO:colcon.colcon_core.shell:Creating environment descriptor '/home/terry/robot_ws/src/install/ydlidar_sdk/share/ydlidar_sdk/hook/cmake_prefix_path.dsv'
[1.713s] INFO:colcon.colcon_core.shell:Creating environment hook '/home/terry/robot_ws/src/install/ydlidar_sdk/share/ydlidar_sdk/hook/cmake_prefix_path.sh'
[1.714s] Level 1:colcon.colcon_core.environment:checking '/home/terry/robot_ws/src/install/ydlidar_sdk/lib'
[1.715s] Level 1:colcon.colcon_core.environment:checking '/home/terry/robot_ws/src/install/ydlidar_sdk/bin'
[1.715s] Level 1:colcon.colcon_core.shell:create_environment_hook('ydlidar_sdk', 'path')
[1.715s] INFO:colcon.colcon_core.shell:Creating environment hook '/home/terry/robot_ws/src/install/ydlidar_sdk/share/ydlidar_sdk/hook/path.ps1'
[1.716s] INFO:colcon.colcon_core.shell:Creating environment descriptor '/home/terry/robot_ws/src/install/ydlidar_sdk/share/ydlidar_sdk/hook/path.dsv'
[1.716s] INFO:colcon.colcon_core.shell:Creating environment hook '/home/terry/robot_ws/src/install/ydlidar_sdk/share/ydlidar_sdk/hook/path.sh'
[1.717s] Level 1:colcon.colcon_core.environment:checking '/home/terry/robot_ws/src/install/ydlidar_sdk/lib/pkgconfig/ydlidar_sdk.pc'
[1.717s] Level 1:colcon.colcon_core.environment:checking '/home/terry/robot_ws/src/install/ydlidar_sdk/lib/python3.12/site-packages'
[1.717s] Level 1:colcon.colcon_core.environment:checking '/home/terry/robot_ws/src/install/ydlidar_sdk/bin'
[1.718s] Level 1:colcon.colcon_core.shell:create_environment_hook('ydlidar_sdk', 'pythonscriptspath')
[1.718s] INFO:colcon.colcon_core.shell:Creating environment hook '/home/terry/robot_ws/src/install/ydlidar_sdk/share/ydlidar_sdk/hook/pythonscriptspath.ps1'
[1.719s] INFO:colcon.colcon_core.shell:Creating environment descriptor '/home/terry/robot_ws/src/install/ydlidar_sdk/share/ydlidar_sdk/hook/pythonscriptspath.dsv'
[1.719s] INFO:colcon.colcon_core.shell:Creating environment hook '/home/terry/robot_ws/src/install/ydlidar_sdk/share/ydlidar_sdk/hook/pythonscriptspath.sh'
[1.721s] INFO:colcon.colcon_core.shell:Creating package script '/home/terry/robot_ws/src/install/ydlidar_sdk/share/ydlidar_sdk/package.ps1'
[1.722s] INFO:colcon.colcon_core.shell:Creating package descriptor '/home/terry/robot_ws/src/install/ydlidar_sdk/share/ydlidar_sdk/package.dsv'
[1.723s] INFO:colcon.colcon_core.shell:Creating package script '/home/terry/robot_ws/src/install/ydlidar_sdk/share/ydlidar_sdk/package.sh'
[1.724s] INFO:colcon.colcon_core.shell:Creating package script '/home/terry/robot_ws/src/install/ydlidar_sdk/share/ydlidar_sdk/package.bash'
[1.724s] INFO:colcon.colcon_core.shell:Creating package script '/home/terry/robot_ws/src/install/ydlidar_sdk/share/ydlidar_sdk/package.zsh'
[1.725s] Level 1:colcon.colcon_core.environment:create_file_with_runtime_dependencies(/home/terry/robot_ws/src/install/ydlidar_sdk/share/colcon-core/packages/ydlidar_sdk)
[2.295s] DEBUG:colcon.colcon_core.event_handler.log_command:Invoked command in '/home/terry/robot_ws/src/build/ydlidar_ros2_driver' returned '0': CMAKE_PREFIX_PATH=${CMAKE_PREFIX_PATH}:/home/terry/robot_ws/install/serial_motor_demo:/opt/ros/jazzy DEBUGINFOD_URLS=https://debuginfod.ubuntu.com /usr/bin/cmake /home/terry/robot_ws/src/ydlidar_ros2_driver -DAMENT_CMAKE_SYMLINK_INSTALL=1 -DCMAKE_INSTALL_PREFIX=/home/terry/robot_ws/src/install/ydlidar_ros2_driver
[2.297s] DEBUG:colcon.colcon_core.event_handler.log_command:Invoking command in '/home/terry/robot_ws/src/build/ydlidar_ros2_driver': CMAKE_PREFIX_PATH=${CMAKE_PREFIX_PATH}:/home/terry/robot_ws/install/serial_motor_demo:/opt/ros/jazzy DEBUGINFOD_URLS=https://debuginfod.ubuntu.com /usr/bin/cmake --build /home/terry/robot_ws/src/build/ydlidar_ros2_driver -- -j4 -l4
[3.559s] Level 1:colcon.colcon_core.environment:create_environment_scripts_only(serial_motor_demo_msgs)
[3.560s] Level 1:colcon.colcon_core.environment:checking '/home/terry/robot_ws/src/install/serial_motor_demo_msgs' for CMake module files
[3.561s] Level 1:colcon.colcon_core.environment:checking '/home/terry/robot_ws/src/install/serial_motor_demo_msgs' for CMake config files
[3.563s] DEBUG:colcon.colcon_core.event_handler.log_command:Invoked command in '/home/terry/robot_ws/src/build/serial_motor_demo_msgs' returned '0': CMAKE_PREFIX_PATH=${CMAKE_PREFIX_PATH}:/home/terry/robot_ws/install/serial_motor_demo:/opt/ros/jazzy DEBUGINFOD_URLS=https://debuginfod.ubuntu.com /usr/bin/cmake --install /home/terry/robot_ws/src/build/serial_motor_demo_msgs
[3.563s] Level 1:colcon.colcon_core.shell:create_environment_hook('serial_motor_demo_msgs', 'cmake_prefix_path')
[3.563s] INFO:colcon.colcon_core.shell:Creating environment hook '/home/terry/robot_ws/src/install/serial_motor_demo_msgs/share/serial_motor_demo_msgs/hook/cmake_prefix_path.ps1'
[3.564s] INFO:colcon.colcon_core.shell:Creating environment descriptor '/home/terry/robot_ws/src/install/serial_motor_demo_msgs/share/serial_motor_demo_msgs/hook/cmake_prefix_path.dsv'
[3.565s] INFO:colcon.colcon_core.shell:Creating environment hook '/home/terry/robot_ws/src/install/serial_motor_demo_msgs/share/serial_motor_demo_msgs/hook/cmake_prefix_path.sh'
[3.566s] Level 1:colcon.colcon_core.environment:checking '/home/terry/robot_ws/src/install/serial_motor_demo_msgs/lib'
[3.566s] Level 1:colcon.colcon_core.shell:create_environment_hook('serial_motor_demo_msgs', 'ld_library_path_lib')
[3.566s] INFO:colcon.colcon_core.shell:Creating environment hook '/home/terry/robot_ws/src/install/serial_motor_demo_msgs/share/serial_motor_demo_msgs/hook/ld_library_path_lib.ps1'
[3.567s] INFO:colcon.colcon_core.shell:Creating environment descriptor '/home/terry/robot_ws/src/install/serial_motor_demo_msgs/share/serial_motor_demo_msgs/hook/ld_library_path_lib.dsv'
[3.568s] INFO:colcon.colcon_core.shell:Creating environment hook '/home/terry/robot_ws/src/install/serial_motor_demo_msgs/share/serial_motor_demo_msgs/hook/ld_library_path_lib.sh'
[3.569s] Level 1:colcon.colcon_core.environment:checking '/home/terry/robot_ws/src/install/serial_motor_demo_msgs/bin'
[3.569s] Level 1:colcon.colcon_core.environment:checking '/home/terry/robot_ws/src/install/serial_motor_demo_msgs/lib/pkgconfig/serial_motor_demo_msgs.pc'
[3.569s] Level 1:colcon.colcon_core.environment:checking '/home/terry/robot_ws/src/install/serial_motor_demo_msgs/lib/python3.12/site-packages'
[3.569s] Level 1:colcon.colcon_core.shell:create_environment_hook('serial_motor_demo_msgs', 'pythonpath')
[3.570s] INFO:colcon.colcon_core.shell:Creating environment hook '/home/terry/robot_ws/src/install/serial_motor_demo_msgs/share/serial_motor_demo_msgs/hook/pythonpath.ps1'
[3.570s] INFO:colcon.colcon_core.shell:Creating environment descriptor '/home/terry/robot_ws/src/install/serial_motor_demo_msgs/share/serial_motor_demo_msgs/hook/pythonpath.dsv'
[3.571s] INFO:colcon.colcon_core.shell:Creating environment hook '/home/terry/robot_ws/src/install/serial_motor_demo_msgs/share/serial_motor_demo_msgs/hook/pythonpath.sh'
[3.572s] Level 1:colcon.colcon_core.environment:checking '/home/terry/robot_ws/src/install/serial_motor_demo_msgs/bin'
[3.573s] INFO:colcon.colcon_core.shell:Creating package script '/home/terry/robot_ws/src/install/serial_motor_demo_msgs/share/serial_motor_demo_msgs/package.ps1'
[3.574s] INFO:colcon.colcon_core.shell:Creating package descriptor '/home/terry/robot_ws/src/install/serial_motor_demo_msgs/share/serial_motor_demo_msgs/package.dsv'
[3.576s] INFO:colcon.colcon_core.shell:Creating package script '/home/terry/robot_ws/src/install/serial_motor_demo_msgs/share/serial_motor_demo_msgs/package.sh'
[3.577s] INFO:colcon.colcon_core.shell:Creating package script '/home/terry/robot_ws/src/install/serial_motor_demo_msgs/share/serial_motor_demo_msgs/package.bash'
[3.578s] INFO:colcon.colcon_core.shell:Creating package script '/home/terry/robot_ws/src/install/serial_motor_demo_msgs/share/serial_motor_demo_msgs/package.zsh'
[3.579s] Level 1:colcon.colcon_core.environment:create_file_with_runtime_dependencies(/home/terry/robot_ws/src/install/serial_motor_demo_msgs/share/colcon-core/packages/serial_motor_demo_msgs)
[3.580s] Level 1:colcon.colcon_core.environment:create_environment_scripts_only(serial_motor_demo_msgs)
[3.580s] Level 1:colcon.colcon_core.environment:checking '/home/terry/robot_ws/src/install/serial_motor_demo_msgs' for CMake module files
[3.582s] Level 1:colcon.colcon_core.environment:checking '/home/terry/robot_ws/src/install/serial_motor_demo_msgs' for CMake config files
[3.583s] Level 1:colcon.colcon_core.shell:create_environment_hook('serial_motor_demo_msgs', 'cmake_prefix_path')
[3.583s] INFO:colcon.colcon_core.shell:Creating environment hook '/home/terry/robot_ws/src/install/serial_motor_demo_msgs/share/serial_motor_demo_msgs/hook/cmake_prefix_path.ps1'
[3.584s] INFO:colcon.colcon_core.shell:Creating environment descriptor '/home/terry/robot_ws/src/install/serial_motor_demo_msgs/share/serial_motor_demo_msgs/hook/cmake_prefix_path.dsv'
[3.593s] INFO:colcon.colcon_core.shell:Creating environment hook '/home/terry/robot_ws/src/install/serial_motor_demo_msgs/share/serial_motor_demo_msgs/hook/cmake_prefix_path.sh'
[3.594s] Level 1:colcon.colcon_core.environment:checking '/home/terry/robot_ws/src/install/serial_motor_demo_msgs/lib'
[3.594s] Level 1:colcon.colcon_core.shell:create_environment_hook('serial_motor_demo_msgs', 'ld_library_path_lib')
[3.595s] INFO:colcon.colcon_core.shell:Creating environment hook '/home/terry/robot_ws/src/install/serial_motor_demo_msgs/share/serial_motor_demo_msgs/hook/ld_library_path_lib.ps1'
[3.595s] INFO:colcon.colcon_core.shell:Creating environment descriptor '/home/terry/robot_ws/src/install/serial_motor_demo_msgs/share/serial_motor_demo_msgs/hook/ld_library_path_lib.dsv'
[3.597s] INFO:colcon.colcon_core.shell:Creating environment hook '/home/terry/robot_ws/src/install/serial_motor_demo_msgs/share/serial_motor_demo_msgs/hook/ld_library_path_lib.sh'
[3.600s] Level 1:colcon.colcon_core.environment:checking '/home/terry/robot_ws/src/install/serial_motor_demo_msgs/bin'
[3.600s] Level 1:colcon.colcon_core.environment:checking '/home/terry/robot_ws/src/install/serial_motor_demo_msgs/lib/pkgconfig/serial_motor_demo_msgs.pc'
[3.600s] Level 1:colcon.colcon_core.environment:checking '/home/terry/robot_ws/src/install/serial_motor_demo_msgs/lib/python3.12/site-packages'
[3.601s] Level 1:colcon.colcon_core.shell:create_environment_hook('serial_motor_demo_msgs', 'pythonpath')
[3.601s] INFO:colcon.colcon_core.shell:Creating environment hook '/home/terry/robot_ws/src/install/serial_motor_demo_msgs/share/serial_motor_demo_msgs/hook/pythonpath.ps1'
[3.602s] INFO:colcon.colcon_core.shell:Creating environment descriptor '/home/terry/robot_ws/src/install/serial_motor_demo_msgs/share/serial_motor_demo_msgs/hook/pythonpath.dsv'
[3.603s] INFO:colcon.colcon_core.shell:Creating environment hook '/home/terry/robot_ws/src/install/serial_motor_demo_msgs/share/serial_motor_demo_msgs/hook/pythonpath.sh'
[3.605s] Level 1:colcon.colcon_core.environment:checking '/home/terry/robot_ws/src/install/serial_motor_demo_msgs/bin'
[3.606s] INFO:colcon.colcon_core.shell:Creating package script '/home/terry/robot_ws/src/install/serial_motor_demo_msgs/share/serial_motor_demo_msgs/package.ps1'
[3.608s] INFO:colcon.colcon_core.shell:Creating package descriptor '/home/terry/robot_ws/src/install/serial_motor_demo_msgs/share/serial_motor_demo_msgs/package.dsv'
[3.609s] INFO:colcon.colcon_core.shell:Creating package script '/home/terry/robot_ws/src/install/serial_motor_demo_msgs/share/serial_motor_demo_msgs/package.sh'
[3.611s] INFO:colcon.colcon_core.shell:Creating package script '/home/terry/robot_ws/src/install/serial_motor_demo_msgs/share/serial_motor_demo_msgs/package.bash'
[3.612s] INFO:colcon.colcon_core.shell:Creating package script '/home/terry/robot_ws/src/install/serial_motor_demo_msgs/share/serial_motor_demo_msgs/package.zsh'
[3.614s] Level 1:colcon.colcon_core.environment:create_file_with_runtime_dependencies(/home/terry/robot_ws/src/install/serial_motor_demo_msgs/share/colcon-core/packages/serial_motor_demo_msgs)
[3.617s] INFO:colcon.colcon_ros.task.ament_python.build:Building ROS package in '/home/terry/robot_ws/src/serial_motor_demo/serial_motor_demo' with build type 'ament_python'
[3.617s] Level 1:colcon.colcon_core.shell:create_environment_hook('serial_motor_demo', 'ament_prefix_path')
[3.618s] INFO:colcon.colcon_core.shell:Creating environment hook '/home/terry/robot_ws/src/install/serial_motor_demo/share/serial_motor_demo/hook/ament_prefix_path.ps1'
[3.619s] INFO:colcon.colcon_core.shell:Creating environment descriptor '/home/terry/robot_ws/src/install/serial_motor_demo/share/serial_motor_demo/hook/ament_prefix_path.dsv'
[3.620s] INFO:colcon.colcon_core.shell:Creating environment hook '/home/terry/robot_ws/src/install/serial_motor_demo/share/serial_motor_demo/hook/ament_prefix_path.sh'
[3.621s] INFO:colcon.colcon_core.shell:Skip shell extension 'powershell' for command environment: Not usable outside of PowerShell
[3.621s] DEBUG:colcon.colcon_core.shell:Skip shell extension 'dsv' for command environment
[4.075s] INFO:colcon.colcon_core.task.python.build:Building Python package in '/home/terry/robot_ws/src/serial_motor_demo/serial_motor_demo'
[4.076s] INFO:colcon.colcon_core.shell:Skip shell extension 'powershell' for command environment: Not usable outside of PowerShell
[4.077s] DEBUG:colcon.colcon_core.shell:Skip shell extension 'dsv' for command environment
[5.180s] DEBUG:colcon.colcon_core.event_handler.log_command:Invoking command in '/home/terry/robot_ws/src/build/serial_motor_demo': AMENT_PREFIX_PATH=/home/terry/robot_ws/src/install/serial_motor_demo_msgs:${AMENT_PREFIX_PATH} CMAKE_PREFIX_PATH=/home/terry/robot_ws/src/install/serial_motor_demo_msgs:${CMAKE_PREFIX_PATH} DEBUGINFOD_URLS=https://debuginfod.ubuntu.com LD_LIBRARY_PATH=/home/terry/robot_ws/src/install/serial_motor_demo_msgs/lib:${LD_LIBRARY_PATH} PYTHONPATH=/home/terry/robot_ws/src/build/serial_motor_demo/prefix_override:/usr/lib/python3/dist-packages/colcon_core/task/python/colcon_distutils_commands:/home/terry/robot_ws/src/install/serial_motor_demo/lib/python3.12/site-packages:/home/terry/robot_ws/src/install/serial_motor_demo_msgs/lib/python3.12/site-packages:${PYTHONPATH} /usr/bin/python3 -W ignore:setup.py install is deprecated -W ignore:easy_install command is deprecated setup.py develop --editable --build-directory /home/terry/robot_ws/src/build/serial_motor_demo/build --no-deps symlink_data
[6.302s] Level 1:colcon.colcon_core.shell:create_environment_hook('serial_motor_demo', 'pythonpath_develop')
[6.302s] INFO:colcon.colcon_core.shell:Creating environment hook '/home/terry/robot_ws/src/build/serial_motor_demo/share/serial_motor_demo/hook/pythonpath_develop.ps1'
[6.303s] DEBUG:colcon.colcon_core.event_handler.log_command:Invoked command in '/home/terry/robot_ws/src/build/serial_motor_demo' returned '0': AMENT_PREFIX_PATH=/home/terry/robot_ws/src/install/serial_motor_demo_msgs:${AMENT_PREFIX_PATH} CMAKE_PREFIX_PATH=/home/terry/robot_ws/src/install/serial_motor_demo_msgs:${CMAKE_PREFIX_PATH} DEBUGINFOD_URLS=https://debuginfod.ubuntu.com LD_LIBRARY_PATH=/home/terry/robot_ws/src/install/serial_motor_demo_msgs/lib:${LD_LIBRARY_PATH} PYTHONPATH=/home/terry/robot_ws/src/build/serial_motor_demo/prefix_override:/usr/lib/python3/dist-packages/colcon_core/task/python/colcon_distutils_commands:/home/terry/robot_ws/src/install/serial_motor_demo/lib/python3.12/site-packages:/home/terry/robot_ws/src/install/serial_motor_demo_msgs/lib/python3.12/site-packages:${PYTHONPATH} /usr/bin/python3 -W ignore:setup.py install is deprecated -W ignore:easy_install command is deprecated setup.py develop --editable --build-directory /home/terry/robot_ws/src/build/serial_motor_demo/build --no-deps symlink_data
[6.305s] INFO:colcon.colcon_core.shell:Creating environment descriptor '/home/terry/robot_ws/src/build/serial_motor_demo/share/serial_motor_demo/hook/pythonpath_develop.dsv'
[6.306s] INFO:colcon.colcon_core.shell:Creating environment hook '/home/terry/robot_ws/src/build/serial_motor_demo/share/serial_motor_demo/hook/pythonpath_develop.sh'
[6.307s] Level 1:colcon.colcon_core.environment:checking '/home/terry/robot_ws/src/install/serial_motor_demo' for CMake module files
[6.308s] Level 1:colcon.colcon_core.environment:checking '/home/terry/robot_ws/src/install/serial_motor_demo' for CMake config files
[6.309s] Level 1:colcon.colcon_core.environment:checking '/home/terry/robot_ws/src/install/serial_motor_demo/lib'
[6.309s] Level 1:colcon.colcon_core.environment:checking '/home/terry/robot_ws/src/install/serial_motor_demo/bin'
[6.309s] Level 1:colcon.colcon_core.environment:checking '/home/terry/robot_ws/src/install/serial_motor_demo/lib/pkgconfig/serial_motor_demo.pc'
[6.309s] Level 1:colcon.colcon_core.environment:checking '/home/terry/robot_ws/src/install/serial_motor_demo/lib/python3.12/site-packages'
[6.310s] Level 1:colcon.colcon_core.shell:create_environment_hook('serial_motor_demo', 'pythonpath')
[6.310s] INFO:colcon.colcon_core.shell:Creating environment hook '/home/terry/robot_ws/src/install/serial_motor_demo/share/serial_motor_demo/hook/pythonpath.ps1'
[6.311s] INFO:colcon.colcon_core.shell:Creating environment descriptor '/home/terry/robot_ws/src/install/serial_motor_demo/share/serial_motor_demo/hook/pythonpath.dsv'
[6.311s] INFO:colcon.colcon_core.shell:Creating environment hook '/home/terry/robot_ws/src/install/serial_motor_demo/share/serial_motor_demo/hook/pythonpath.sh'
[6.312s] Level 1:colcon.colcon_core.environment:checking '/home/terry/robot_ws/src/install/serial_motor_demo/bin'
[6.312s] Level 1:colcon.colcon_core.environment:create_environment_scripts_only(serial_motor_demo)
[6.313s] INFO:colcon.colcon_core.shell:Creating package script '/home/terry/robot_ws/src/install/serial_motor_demo/share/serial_motor_demo/package.ps1'
[6.314s] INFO:colcon.colcon_core.shell:Creating package descriptor '/home/terry/robot_ws/src/install/serial_motor_demo/share/serial_motor_demo/package.dsv'
[6.315s] INFO:colcon.colcon_core.shell:Creating package script '/home/terry/robot_ws/src/install/serial_motor_demo/share/serial_motor_demo/package.sh'
[6.315s] INFO:colcon.colcon_core.shell:Creating package script '/home/terry/robot_ws/src/install/serial_motor_demo/share/serial_motor_demo/package.bash'
[6.316s] INFO:colcon.colcon_core.shell:Creating package script '/home/terry/robot_ws/src/install/serial_motor_demo/share/serial_motor_demo/package.zsh'
[6.317s] Level 1:colcon.colcon_core.environment:create_file_with_runtime_dependencies(/home/terry/robot_ws/src/install/serial_motor_demo/share/colcon-core/packages/serial_motor_demo)
[15.756s] DEBUG:colcon.colcon_core.event_handler.log_command:Invoked command in '/home/terry/robot_ws/src/build/ydlidar_ros2_driver' returned '2': CMAKE_PREFIX_PATH=${CMAKE_PREFIX_PATH}:/home/terry/robot_ws/install/serial_motor_demo:/opt/ros/jazzy DEBUGINFOD_URLS=https://debuginfod.ubuntu.com /usr/bin/cmake --build /home/terry/robot_ws/src/build/ydlidar_ros2_driver -- -j4 -l4
[15.756s] Level 1:colcon.colcon_core.environment:create_environment_scripts_only(ydlidar_ros2_driver)
[15.757s] Level 1:colcon.colcon_core.environment:checking '/home/terry/robot_ws/src/install/ydlidar_ros2_driver' for CMake module files
[15.757s] Level 1:colcon.colcon_core.environment:checking '/home/terry/robot_ws/src/install/ydlidar_ros2_driver' for CMake config files
[15.758s] Level 1:colcon.colcon_core.environment:checking '/home/terry/robot_ws/src/install/ydlidar_ros2_driver/bin'
[15.758s] Level 1:colcon.colcon_core.environment:checking '/home/terry/robot_ws/src/install/ydlidar_ros2_driver/lib/pkgconfig/ydlidar_ros2_driver.pc'
[15.758s] Level 1:colcon.colcon_core.environment:checking '/home/terry/robot_ws/src/install/ydlidar_ros2_driver/lib/python3.12/site-packages'
[15.759s] Level 1:colcon.colcon_core.environment:checking '/home/terry/robot_ws/src/install/ydlidar_ros2_driver/bin'
[15.759s] INFO:colcon.colcon_core.shell:Creating package script '/home/terry/robot_ws/src/install/ydlidar_ros2_driver/share/ydlidar_ros2_driver/package.ps1'
[15.760s] INFO:colcon.colcon_core.shell:Creating package descriptor '/home/terry/robot_ws/src/install/ydlidar_ros2_driver/share/ydlidar_ros2_driver/package.dsv'
[15.761s] INFO:colcon.colcon_core.shell:Creating package script '/home/terry/robot_ws/src/install/ydlidar_ros2_driver/share/ydlidar_ros2_driver/package.sh'
[15.761s] INFO:colcon.colcon_core.shell:Creating package script '/home/terry/robot_ws/src/install/ydlidar_ros2_driver/share/ydlidar_ros2_driver/package.bash'
[15.762s] INFO:colcon.colcon_core.shell:Creating package script '/home/terry/robot_ws/src/install/ydlidar_ros2_driver/share/ydlidar_ros2_driver/package.zsh'
[15.763s] Level 1:colcon.colcon_core.environment:create_file_with_runtime_dependencies(/home/terry/robot_ws/src/install/ydlidar_ros2_driver/share/colcon-core/packages/ydlidar_ros2_driver)
[15.774s] DEBUG:colcon.colcon_parallel_executor.executor.parallel:closing loop
[15.774s] DEBUG:colcon.colcon_parallel_executor.executor.parallel:loop closed
[15.774s] DEBUG:colcon.colcon_parallel_executor.executor.parallel:run_until_complete finished with '2'
[15.775s] DEBUG:colcon.colcon_core.event_reactor:joining thread
[15.784s] INFO:colcon.colcon_core.plugin_system:Skipping extension 'colcon_notification.desktop_notification.terminal_notifier': Not used on non-Darwin systems
[15.784s] INFO:colcon.colcon_core.plugin_system:Skipping extension 'colcon_notification.desktop_notification.win32': Not used on non-Windows systems
[15.784s] INFO:colcon.colcon_notification.desktop_notification:Sending desktop notification using 'notify2'
[15.805s] DEBUG:colcon.colcon_core.event_reactor:joined thread
[15.806s] INFO:colcon.colcon_core.shell:Creating prefix script '/home/terry/robot_ws/src/install/local_setup.ps1'
[15.807s] INFO:colcon.colcon_core.shell:Creating prefix util module '/home/terry/robot_ws/src/install/_local_setup_util_ps1.py'
[15.813s] INFO:colcon.colcon_core.shell:Creating prefix chain script '/home/terry/robot_ws/src/install/setup.ps1'
[15.815s] INFO:colcon.colcon_core.shell:Creating prefix script '/home/terry/robot_ws/src/install/local_setup.sh'
[15.816s] INFO:colcon.colcon_core.shell:Creating prefix util module '/home/terry/robot_ws/src/install/_local_setup_util_sh.py'
[15.817s] INFO:colcon.colcon_core.shell:Creating prefix chain script '/home/terry/robot_ws/src/install/setup.sh'
[15.819s] INFO:colcon.colcon_core.shell:Creating prefix script '/home/terry/robot_ws/src/install/local_setup.bash'
[15.821s] INFO:colcon.colcon_core.shell:Creating prefix chain script '/home/terry/robot_ws/src/install/setup.bash'
[15.822s] INFO:colcon.colcon_core.shell:Creating prefix script '/home/terry/robot_ws/src/install/local_setup.zsh'
[15.824s] INFO:colcon.colcon_core.shell:Creating prefix chain script '/home/terry/robot_ws/src/install/setup.zsh'
