[0.022s] Invoking command in '/home/terry/robot_ws/src/build/my_package': CMAKE_PREFIX_PATH=${CMAKE_PREFIX_PATH}:/home/terry/robot_ws/install/serial_motor_demo:/opt/ros/jazzy DEBUGINFOD_URLS=https://debuginfod.ubuntu.com /usr/bin/cmake /home/terry/robot_ws/src/my_package -DAMENT_CMAKE_SYMLINK_INSTALL=1 -DCMAKE_INSTALL_PREFIX=/home/terry/robot_ws/src/install/my_package
[0.198s] -- The C compiler identification is GNU 13.3.0
[0.352s] -- The CXX compiler identification is GNU 13.3.0
[0.387s] -- Detecting C compiler ABI info
[0.641s] -- Detecting C compiler ABI info - done
[0.658s] -- Check for working C compiler: /usr/bin/cc - skipped
[0.658s] -- Detecting C compile features
[0.659s] -- Detecting C compile features - done
[0.677s] -- Detecting CXX compiler ABI info
[0.929s] -- Detecting CXX compiler ABI info - done
[0.952s] -- Check for working CXX compiler: /usr/bin/c++ - skipped
[0.952s] -- Detecting CXX compile features
[0.955s] -- Detecting CXX compile features - done
[0.962s] -- Found ament_cmake: 2.5.4 (/opt/ros/jazzy/share/ament_cmake/cmake)
[1.320s] -- Found Python3: /usr/bin/python3 (found version "3.12.3") found components: Interpreter 
[1.521s] -- Override CMake install command with custom implementation using symlinks instead of copying resources
[1.572s] -- Found ament_lint_auto: 0.17.2 (/opt/ros/jazzy/share/ament_lint_auto/cmake)
[1.836s] -- Added test 'flake8' to check Python code syntax and style conventions
[1.836s] -- Configured 'flake8' exclude dirs and/or files: 
[1.838s] -- Added test 'lint_cmake' to check CMake code style
[1.839s] -- Added test 'pep257' to check Python code against some of the docstring style conventions in PEP 257
[1.844s] -- Added test 'xmllint' to check XML markup files
[1.847s] -- Configuring done (1.8s)
[1.854s] -- Generating done (0.0s)
[1.855s] -- Build files have been written to: /home/terry/robot_ws/src/build/my_package
[1.869s] Invoked command in '/home/terry/robot_ws/src/build/my_package' returned '0': CMAKE_PREFIX_PATH=${CMAKE_PREFIX_PATH}:/home/terry/robot_ws/install/serial_motor_demo:/opt/ros/jazzy DEBUGINFOD_URLS=https://debuginfod.ubuntu.com /usr/bin/cmake /home/terry/robot_ws/src/my_package -DAMENT_CMAKE_SYMLINK_INSTALL=1 -DCMAKE_INSTALL_PREFIX=/home/terry/robot_ws/src/install/my_package
[1.869s] Invoking command in '/home/terry/robot_ws/src/build/my_package': CMAKE_PREFIX_PATH=${CMAKE_PREFIX_PATH}:/home/terry/robot_ws/install/serial_motor_demo:/opt/ros/jazzy DEBUGINFOD_URLS=https://debuginfod.ubuntu.com /usr/bin/cmake --build /home/terry/robot_ws/src/build/my_package -- -j4 -l4
[1.954s] Invoked command in '/home/terry/robot_ws/src/build/my_package' returned '0': CMAKE_PREFIX_PATH=${CMAKE_PREFIX_PATH}:/home/terry/robot_ws/install/serial_motor_demo:/opt/ros/jazzy DEBUGINFOD_URLS=https://debuginfod.ubuntu.com /usr/bin/cmake --build /home/terry/robot_ws/src/build/my_package -- -j4 -l4
[1.975s] Invoking command in '/home/terry/robot_ws/src/build/my_package': CMAKE_PREFIX_PATH=${CMAKE_PREFIX_PATH}:/home/terry/robot_ws/install/serial_motor_demo:/opt/ros/jazzy DEBUGINFOD_URLS=https://debuginfod.ubuntu.com /usr/bin/cmake --install /home/terry/robot_ws/src/build/my_package
[1.994s] -- Install configuration: ""
[1.994s] -- Execute custom install script
[1.994s] -- Symlinking: /home/terry/robot_ws/src/install/my_package/share/ament_index/resource_index/package_run_dependencies/my_package
[2.015s] -- Symlinking: /home/terry/robot_ws/src/install/my_package/share/ament_index/resource_index/parent_prefix_path/my_package
[2.038s] -- Symlinking: /home/terry/robot_ws/src/install/my_package/share/my_package/environment/ament_prefix_path.sh
[2.060s] -- Symlinking: /home/terry/robot_ws/src/install/my_package/share/my_package/environment/ament_prefix_path.dsv
[2.081s] -- Symlinking: /home/terry/robot_ws/src/install/my_package/share/my_package/environment/path.sh
[2.103s] -- Symlinking: /home/terry/robot_ws/src/install/my_package/share/my_package/environment/path.dsv
[2.127s] -- Symlinking: /home/terry/robot_ws/src/install/my_package/share/my_package/local_setup.bash
[2.152s] -- Symlinking: /home/terry/robot_ws/src/install/my_package/share/my_package/local_setup.sh
[2.174s] -- Symlinking: /home/terry/robot_ws/src/install/my_package/share/my_package/local_setup.zsh
[2.197s] -- Symlinking: /home/terry/robot_ws/src/install/my_package/share/my_package/local_setup.dsv
[2.221s] -- Symlinking: /home/terry/robot_ws/src/install/my_package/share/my_package/package.dsv
[2.245s] -- Symlinking: /home/terry/robot_ws/src/install/my_package/share/ament_index/resource_index/packages/my_package
[2.268s] -- Symlinking: /home/terry/robot_ws/src/install/my_package/share/my_package/cmake/my_packageConfig.cmake
[2.291s] -- Symlinking: /home/terry/robot_ws/src/install/my_package/share/my_package/cmake/my_packageConfig-version.cmake
[2.313s] -- Symlinking: /home/terry/robot_ws/src/install/my_package/share/my_package/package.xml
[2.341s] Invoked command in '/home/terry/robot_ws/src/build/my_package' returned '0': CMAKE_PREFIX_PATH=${CMAKE_PREFIX_PATH}:/home/terry/robot_ws/install/serial_motor_demo:/opt/ros/jazzy DEBUGINFOD_URLS=https://debuginfod.ubuntu.com /usr/bin/cmake --install /home/terry/robot_ws/src/build/my_package
